[2023-04-08T15:25:32.634-0300] {processor.py:153} INFO - Started process (PID=13381) to work on /home/kauanu/PycharmProjects/AirFLowEnade/venv/lib/python3.10/site-packages/airflow/example_dags/example_xcomargs.py
[2023-04-08T15:25:32.636-0300] {processor.py:743} INFO - Processing file /home/kauanu/PycharmProjects/AirFLowEnade/venv/lib/python3.10/site-packages/airflow/example_dags/example_xcomargs.py for tasks to queue
[2023-04-08T15:25:32.641-0300] {logging_mixin.py:137} INFO - [2023-04-08T15:25:32.641-0300] {dagbag.py:532} INFO - Filling up the DagBag from /home/kauanu/PycharmProjects/AirFLowEnade/venv/lib/python3.10/site-packages/airflow/example_dags/example_xcomargs.py
[2023-04-08T15:25:32.702-0300] {processor.py:753} INFO - DAG(s) dict_keys(['example_xcom_args_with_operators', 'example_xcom_args']) retrieved from /home/kauanu/PycharmProjects/AirFLowEnade/venv/lib/python3.10/site-packages/airflow/example_dags/example_xcomargs.py
[2023-04-08T15:25:32.861-0300] {logging_mixin.py:137} INFO - [2023-04-08T15:25:32.860-0300] {manager.py:504} INFO - Created Permission View: can delete on DAG:example_xcom_args_with_operators
[2023-04-08T15:25:32.883-0300] {logging_mixin.py:137} INFO - [2023-04-08T15:25:32.882-0300] {manager.py:504} INFO - Created Permission View: can edit on DAG:example_xcom_args_with_operators
[2023-04-08T15:25:32.902-0300] {logging_mixin.py:137} INFO - [2023-04-08T15:25:32.901-0300] {manager.py:504} INFO - Created Permission View: can read on DAG:example_xcom_args_with_operators
[2023-04-08T15:25:32.958-0300] {logging_mixin.py:137} INFO - [2023-04-08T15:25:32.957-0300] {manager.py:504} INFO - Created Permission View: can delete on DAG:example_xcom_args
[2023-04-08T15:25:32.986-0300] {logging_mixin.py:137} INFO - [2023-04-08T15:25:32.982-0300] {manager.py:504} INFO - Created Permission View: can edit on DAG:example_xcom_args
[2023-04-08T15:25:33.012-0300] {logging_mixin.py:137} INFO - [2023-04-08T15:25:33.010-0300] {manager.py:504} INFO - Created Permission View: can read on DAG:example_xcom_args
[2023-04-08T15:25:33.013-0300] {logging_mixin.py:137} INFO - [2023-04-08T15:25:33.012-0300] {dag.py:2705} INFO - Sync 2 DAGs
[2023-04-08T15:25:33.027-0300] {logging_mixin.py:137} INFO - [2023-04-08T15:25:33.026-0300] {dag.py:2726} INFO - Creating ORM DAG for example_xcom_args_with_operators
[2023-04-08T15:25:33.027-0300] {logging_mixin.py:137} INFO - [2023-04-08T15:25:33.027-0300] {dag.py:2726} INFO - Creating ORM DAG for example_xcom_args
[2023-04-08T15:25:33.035-0300] {logging_mixin.py:137} INFO - [2023-04-08T15:25:33.034-0300] {dag.py:3452} INFO - Setting next_dagrun for example_xcom_args to None, run_after=None
[2023-04-08T15:25:33.035-0300] {logging_mixin.py:137} INFO - [2023-04-08T15:25:33.035-0300] {dag.py:3452} INFO - Setting next_dagrun for example_xcom_args_with_operators to None, run_after=None
[2023-04-08T15:25:33.071-0300] {processor.py:175} INFO - Processing /home/kauanu/PycharmProjects/AirFLowEnade/venv/lib/python3.10/site-packages/airflow/example_dags/example_xcomargs.py took 0.453 seconds
[2023-04-08T15:26:27.923-0300] {processor.py:153} INFO - Started process (PID=13667) to work on /home/kauanu/PycharmProjects/AirFLowEnade/venv/lib/python3.10/site-packages/airflow/example_dags/example_xcomargs.py
[2023-04-08T15:26:27.933-0300] {processor.py:743} INFO - Processing file /home/kauanu/PycharmProjects/AirFLowEnade/venv/lib/python3.10/site-packages/airflow/example_dags/example_xcomargs.py for tasks to queue
[2023-04-08T15:26:27.934-0300] {logging_mixin.py:137} INFO - [2023-04-08T15:26:27.934-0300] {dagbag.py:532} INFO - Filling up the DagBag from /home/kauanu/PycharmProjects/AirFLowEnade/venv/lib/python3.10/site-packages/airflow/example_dags/example_xcomargs.py
[2023-04-08T15:26:27.997-0300] {processor.py:753} INFO - DAG(s) dict_keys(['example_xcom_args', 'example_xcom_args_with_operators']) retrieved from /home/kauanu/PycharmProjects/AirFLowEnade/venv/lib/python3.10/site-packages/airflow/example_dags/example_xcomargs.py
[2023-04-08T15:26:28.034-0300] {logging_mixin.py:137} INFO - [2023-04-08T15:26:28.034-0300] {dag.py:2705} INFO - Sync 2 DAGs
[2023-04-08T15:26:28.063-0300] {logging_mixin.py:137} INFO - [2023-04-08T15:26:28.063-0300] {dag.py:3452} INFO - Setting next_dagrun for example_xcom_args to None, run_after=None
[2023-04-08T15:26:28.078-0300] {logging_mixin.py:137} INFO - [2023-04-08T15:26:28.078-0300] {dag.py:3452} INFO - Setting next_dagrun for example_xcom_args_with_operators to None, run_after=None
[2023-04-08T15:26:28.139-0300] {processor.py:175} INFO - Processing /home/kauanu/PycharmProjects/AirFLowEnade/venv/lib/python3.10/site-packages/airflow/example_dags/example_xcomargs.py took 0.219 seconds
[2023-04-08T15:27:22.066-0300] {processor.py:153} INFO - Started process (PID=13928) to work on /home/kauanu/PycharmProjects/AirFLowEnade/venv/lib/python3.10/site-packages/airflow/example_dags/example_xcomargs.py
[2023-04-08T15:27:22.082-0300] {processor.py:743} INFO - Processing file /home/kauanu/PycharmProjects/AirFLowEnade/venv/lib/python3.10/site-packages/airflow/example_dags/example_xcomargs.py for tasks to queue
[2023-04-08T15:27:22.084-0300] {logging_mixin.py:137} INFO - [2023-04-08T15:27:22.083-0300] {dagbag.py:532} INFO - Filling up the DagBag from /home/kauanu/PycharmProjects/AirFLowEnade/venv/lib/python3.10/site-packages/airflow/example_dags/example_xcomargs.py
[2023-04-08T15:27:22.108-0300] {processor.py:753} INFO - DAG(s) dict_keys(['example_xcom_args', 'example_xcom_args_with_operators']) retrieved from /home/kauanu/PycharmProjects/AirFLowEnade/venv/lib/python3.10/site-packages/airflow/example_dags/example_xcomargs.py
[2023-04-08T15:27:22.127-0300] {logging_mixin.py:137} INFO - [2023-04-08T15:27:22.126-0300] {dag.py:2705} INFO - Sync 2 DAGs
[2023-04-08T15:27:22.143-0300] {logging_mixin.py:137} INFO - [2023-04-08T15:27:22.143-0300] {dag.py:3452} INFO - Setting next_dagrun for example_xcom_args to None, run_after=None
[2023-04-08T15:27:22.146-0300] {logging_mixin.py:137} INFO - [2023-04-08T15:27:22.146-0300] {dag.py:3452} INFO - Setting next_dagrun for example_xcom_args_with_operators to None, run_after=None
[2023-04-08T15:27:22.642-0300] {processor.py:175} INFO - Processing /home/kauanu/PycharmProjects/AirFLowEnade/venv/lib/python3.10/site-packages/airflow/example_dags/example_xcomargs.py took 0.579 seconds
[2023-04-08T15:28:09.779-0300] {processor.py:153} INFO - Started process (PID=14140) to work on /home/kauanu/PycharmProjects/AirFLowEnade/venv/lib/python3.10/site-packages/airflow/example_dags/example_xcomargs.py
[2023-04-08T15:28:09.786-0300] {processor.py:743} INFO - Processing file /home/kauanu/PycharmProjects/AirFLowEnade/venv/lib/python3.10/site-packages/airflow/example_dags/example_xcomargs.py for tasks to queue
[2023-04-08T15:28:09.787-0300] {logging_mixin.py:137} INFO - [2023-04-08T15:28:09.787-0300] {dagbag.py:532} INFO - Filling up the DagBag from /home/kauanu/PycharmProjects/AirFLowEnade/venv/lib/python3.10/site-packages/airflow/example_dags/example_xcomargs.py
[2023-04-08T15:28:09.807-0300] {processor.py:753} INFO - DAG(s) dict_keys(['example_xcom_args', 'example_xcom_args_with_operators']) retrieved from /home/kauanu/PycharmProjects/AirFLowEnade/venv/lib/python3.10/site-packages/airflow/example_dags/example_xcomargs.py
[2023-04-08T15:28:09.824-0300] {logging_mixin.py:137} INFO - [2023-04-08T15:28:09.824-0300] {dag.py:2705} INFO - Sync 2 DAGs
[2023-04-08T15:28:09.838-0300] {logging_mixin.py:137} INFO - [2023-04-08T15:28:09.838-0300] {dag.py:3452} INFO - Setting next_dagrun for example_xcom_args to None, run_after=None
[2023-04-08T15:28:09.840-0300] {logging_mixin.py:137} INFO - [2023-04-08T15:28:09.840-0300] {dag.py:3452} INFO - Setting next_dagrun for example_xcom_args_with_operators to None, run_after=None
[2023-04-08T15:28:09.862-0300] {processor.py:175} INFO - Processing /home/kauanu/PycharmProjects/AirFLowEnade/venv/lib/python3.10/site-packages/airflow/example_dags/example_xcomargs.py took 0.085 seconds
[2023-04-08T15:28:52.456-0300] {processor.py:153} INFO - Started process (PID=14347) to work on /home/kauanu/PycharmProjects/AirFLowEnade/venv/lib/python3.10/site-packages/airflow/example_dags/example_xcomargs.py
[2023-04-08T15:28:52.624-0300] {processor.py:743} INFO - Processing file /home/kauanu/PycharmProjects/AirFLowEnade/venv/lib/python3.10/site-packages/airflow/example_dags/example_xcomargs.py for tasks to queue
[2023-04-08T15:28:52.625-0300] {logging_mixin.py:137} INFO - [2023-04-08T15:28:52.625-0300] {dagbag.py:532} INFO - Filling up the DagBag from /home/kauanu/PycharmProjects/AirFLowEnade/venv/lib/python3.10/site-packages/airflow/example_dags/example_xcomargs.py
[2023-04-08T15:28:52.648-0300] {processor.py:753} INFO - DAG(s) dict_keys(['example_xcom_args', 'example_xcom_args_with_operators']) retrieved from /home/kauanu/PycharmProjects/AirFLowEnade/venv/lib/python3.10/site-packages/airflow/example_dags/example_xcomargs.py
[2023-04-08T15:28:52.669-0300] {logging_mixin.py:137} INFO - [2023-04-08T15:28:52.669-0300] {dag.py:2705} INFO - Sync 2 DAGs
[2023-04-08T15:28:52.683-0300] {logging_mixin.py:137} INFO - [2023-04-08T15:28:52.683-0300] {dag.py:3452} INFO - Setting next_dagrun for example_xcom_args to None, run_after=None
[2023-04-08T15:28:52.685-0300] {logging_mixin.py:137} INFO - [2023-04-08T15:28:52.685-0300] {dag.py:3452} INFO - Setting next_dagrun for example_xcom_args_with_operators to None, run_after=None
[2023-04-08T15:28:53.358-0300] {processor.py:175} INFO - Processing /home/kauanu/PycharmProjects/AirFLowEnade/venv/lib/python3.10/site-packages/airflow/example_dags/example_xcomargs.py took 0.907 seconds
[2023-04-08T15:29:44.872-0300] {processor.py:153} INFO - Started process (PID=14668) to work on /home/kauanu/PycharmProjects/AirFLowEnade/venv/lib/python3.10/site-packages/airflow/example_dags/example_xcomargs.py
[2023-04-08T15:29:44.884-0300] {processor.py:743} INFO - Processing file /home/kauanu/PycharmProjects/AirFLowEnade/venv/lib/python3.10/site-packages/airflow/example_dags/example_xcomargs.py for tasks to queue
[2023-04-08T15:29:44.884-0300] {logging_mixin.py:137} INFO - [2023-04-08T15:29:44.884-0300] {dagbag.py:532} INFO - Filling up the DagBag from /home/kauanu/PycharmProjects/AirFLowEnade/venv/lib/python3.10/site-packages/airflow/example_dags/example_xcomargs.py
[2023-04-08T15:29:44.902-0300] {processor.py:753} INFO - DAG(s) dict_keys(['example_xcom_args_with_operators', 'example_xcom_args']) retrieved from /home/kauanu/PycharmProjects/AirFLowEnade/venv/lib/python3.10/site-packages/airflow/example_dags/example_xcomargs.py
[2023-04-08T15:29:44.918-0300] {logging_mixin.py:137} INFO - [2023-04-08T15:29:44.918-0300] {dag.py:2705} INFO - Sync 2 DAGs
[2023-04-08T15:29:44.932-0300] {logging_mixin.py:137} INFO - [2023-04-08T15:29:44.932-0300] {dag.py:3452} INFO - Setting next_dagrun for example_xcom_args to None, run_after=None
[2023-04-08T15:29:44.934-0300] {logging_mixin.py:137} INFO - [2023-04-08T15:29:44.933-0300] {dag.py:3452} INFO - Setting next_dagrun for example_xcom_args_with_operators to None, run_after=None
[2023-04-08T15:29:44.955-0300] {processor.py:175} INFO - Processing /home/kauanu/PycharmProjects/AirFLowEnade/venv/lib/python3.10/site-packages/airflow/example_dags/example_xcomargs.py took 0.086 seconds
[2023-04-08T15:30:28.226-0300] {processor.py:153} INFO - Started process (PID=14855) to work on /home/kauanu/PycharmProjects/AirFLowEnade/venv/lib/python3.10/site-packages/airflow/example_dags/example_xcomargs.py
[2023-04-08T15:30:28.241-0300] {processor.py:743} INFO - Processing file /home/kauanu/PycharmProjects/AirFLowEnade/venv/lib/python3.10/site-packages/airflow/example_dags/example_xcomargs.py for tasks to queue
[2023-04-08T15:30:28.242-0300] {logging_mixin.py:137} INFO - [2023-04-08T15:30:28.242-0300] {dagbag.py:532} INFO - Filling up the DagBag from /home/kauanu/PycharmProjects/AirFLowEnade/venv/lib/python3.10/site-packages/airflow/example_dags/example_xcomargs.py
[2023-04-08T15:30:28.314-0300] {processor.py:753} INFO - DAG(s) dict_keys(['example_xcom_args', 'example_xcom_args_with_operators']) retrieved from /home/kauanu/PycharmProjects/AirFLowEnade/venv/lib/python3.10/site-packages/airflow/example_dags/example_xcomargs.py
[2023-04-08T15:30:28.362-0300] {logging_mixin.py:137} INFO - [2023-04-08T15:30:28.361-0300] {dag.py:2705} INFO - Sync 2 DAGs
[2023-04-08T15:30:28.402-0300] {logging_mixin.py:137} INFO - [2023-04-08T15:30:28.401-0300] {dag.py:3452} INFO - Setting next_dagrun for example_xcom_args to None, run_after=None
[2023-04-08T15:30:28.405-0300] {logging_mixin.py:137} INFO - [2023-04-08T15:30:28.405-0300] {dag.py:3452} INFO - Setting next_dagrun for example_xcom_args_with_operators to None, run_after=None
[2023-04-08T15:30:28.499-0300] {processor.py:175} INFO - Processing /home/kauanu/PycharmProjects/AirFLowEnade/venv/lib/python3.10/site-packages/airflow/example_dags/example_xcomargs.py took 0.279 seconds
[2023-04-08T15:31:13.026-0300] {processor.py:153} INFO - Started process (PID=15054) to work on /home/kauanu/PycharmProjects/AirFLowEnade/venv/lib/python3.10/site-packages/airflow/example_dags/example_xcomargs.py
[2023-04-08T15:31:13.027-0300] {processor.py:743} INFO - Processing file /home/kauanu/PycharmProjects/AirFLowEnade/venv/lib/python3.10/site-packages/airflow/example_dags/example_xcomargs.py for tasks to queue
[2023-04-08T15:31:13.028-0300] {logging_mixin.py:137} INFO - [2023-04-08T15:31:13.028-0300] {dagbag.py:532} INFO - Filling up the DagBag from /home/kauanu/PycharmProjects/AirFLowEnade/venv/lib/python3.10/site-packages/airflow/example_dags/example_xcomargs.py
[2023-04-08T15:31:13.046-0300] {processor.py:753} INFO - DAG(s) dict_keys(['example_xcom_args_with_operators', 'example_xcom_args']) retrieved from /home/kauanu/PycharmProjects/AirFLowEnade/venv/lib/python3.10/site-packages/airflow/example_dags/example_xcomargs.py
[2023-04-08T15:31:13.064-0300] {logging_mixin.py:137} INFO - [2023-04-08T15:31:13.064-0300] {dag.py:2705} INFO - Sync 2 DAGs
[2023-04-08T15:31:13.078-0300] {logging_mixin.py:137} INFO - [2023-04-08T15:31:13.078-0300] {dag.py:3452} INFO - Setting next_dagrun for example_xcom_args to None, run_after=None
[2023-04-08T15:31:13.080-0300] {logging_mixin.py:137} INFO - [2023-04-08T15:31:13.080-0300] {dag.py:3452} INFO - Setting next_dagrun for example_xcom_args_with_operators to None, run_after=None
[2023-04-08T15:31:13.100-0300] {processor.py:175} INFO - Processing /home/kauanu/PycharmProjects/AirFLowEnade/venv/lib/python3.10/site-packages/airflow/example_dags/example_xcomargs.py took 0.077 seconds
[2023-04-08T15:31:51.759-0300] {processor.py:153} INFO - Started process (PID=15239) to work on /home/kauanu/PycharmProjects/AirFLowEnade/venv/lib/python3.10/site-packages/airflow/example_dags/example_xcomargs.py
[2023-04-08T15:31:51.773-0300] {processor.py:743} INFO - Processing file /home/kauanu/PycharmProjects/AirFLowEnade/venv/lib/python3.10/site-packages/airflow/example_dags/example_xcomargs.py for tasks to queue
[2023-04-08T15:31:51.774-0300] {logging_mixin.py:137} INFO - [2023-04-08T15:31:51.774-0300] {dagbag.py:532} INFO - Filling up the DagBag from /home/kauanu/PycharmProjects/AirFLowEnade/venv/lib/python3.10/site-packages/airflow/example_dags/example_xcomargs.py
[2023-04-08T15:31:51.793-0300] {processor.py:753} INFO - DAG(s) dict_keys(['example_xcom_args', 'example_xcom_args_with_operators']) retrieved from /home/kauanu/PycharmProjects/AirFLowEnade/venv/lib/python3.10/site-packages/airflow/example_dags/example_xcomargs.py
[2023-04-08T15:31:51.809-0300] {logging_mixin.py:137} INFO - [2023-04-08T15:31:51.809-0300] {dag.py:2705} INFO - Sync 2 DAGs
[2023-04-08T15:31:51.822-0300] {logging_mixin.py:137} INFO - [2023-04-08T15:31:51.822-0300] {dag.py:3452} INFO - Setting next_dagrun for example_xcom_args to None, run_after=None
[2023-04-08T15:31:51.824-0300] {logging_mixin.py:137} INFO - [2023-04-08T15:31:51.824-0300] {dag.py:3452} INFO - Setting next_dagrun for example_xcom_args_with_operators to None, run_after=None
[2023-04-08T15:31:51.845-0300] {processor.py:175} INFO - Processing /home/kauanu/PycharmProjects/AirFLowEnade/venv/lib/python3.10/site-packages/airflow/example_dags/example_xcomargs.py took 0.088 seconds
[2023-04-08T15:32:27.442-0300] {processor.py:153} INFO - Started process (PID=15420) to work on /home/kauanu/PycharmProjects/AirFLowEnade/venv/lib/python3.10/site-packages/airflow/example_dags/example_xcomargs.py
[2023-04-08T15:32:27.444-0300] {processor.py:743} INFO - Processing file /home/kauanu/PycharmProjects/AirFLowEnade/venv/lib/python3.10/site-packages/airflow/example_dags/example_xcomargs.py for tasks to queue
[2023-04-08T15:32:27.444-0300] {logging_mixin.py:137} INFO - [2023-04-08T15:32:27.444-0300] {dagbag.py:532} INFO - Filling up the DagBag from /home/kauanu/PycharmProjects/AirFLowEnade/venv/lib/python3.10/site-packages/airflow/example_dags/example_xcomargs.py
[2023-04-08T15:32:27.464-0300] {processor.py:753} INFO - DAG(s) dict_keys(['example_xcom_args_with_operators', 'example_xcom_args']) retrieved from /home/kauanu/PycharmProjects/AirFLowEnade/venv/lib/python3.10/site-packages/airflow/example_dags/example_xcomargs.py
[2023-04-08T15:32:27.487-0300] {logging_mixin.py:137} INFO - [2023-04-08T15:32:27.486-0300] {dag.py:2705} INFO - Sync 2 DAGs
[2023-04-08T15:32:27.501-0300] {logging_mixin.py:137} INFO - [2023-04-08T15:32:27.500-0300] {dag.py:3452} INFO - Setting next_dagrun for example_xcom_args to None, run_after=None
[2023-04-08T15:32:27.502-0300] {logging_mixin.py:137} INFO - [2023-04-08T15:32:27.502-0300] {dag.py:3452} INFO - Setting next_dagrun for example_xcom_args_with_operators to None, run_after=None
[2023-04-08T15:32:27.524-0300] {processor.py:175} INFO - Processing /home/kauanu/PycharmProjects/AirFLowEnade/venv/lib/python3.10/site-packages/airflow/example_dags/example_xcomargs.py took 0.085 seconds
[2023-04-08T15:33:07.177-0300] {processor.py:153} INFO - Started process (PID=15611) to work on /home/kauanu/PycharmProjects/AirFLowEnade/venv/lib/python3.10/site-packages/airflow/example_dags/example_xcomargs.py
[2023-04-08T15:33:07.178-0300] {processor.py:743} INFO - Processing file /home/kauanu/PycharmProjects/AirFLowEnade/venv/lib/python3.10/site-packages/airflow/example_dags/example_xcomargs.py for tasks to queue
[2023-04-08T15:33:07.179-0300] {logging_mixin.py:137} INFO - [2023-04-08T15:33:07.179-0300] {dagbag.py:532} INFO - Filling up the DagBag from /home/kauanu/PycharmProjects/AirFLowEnade/venv/lib/python3.10/site-packages/airflow/example_dags/example_xcomargs.py
[2023-04-08T15:33:07.196-0300] {processor.py:753} INFO - DAG(s) dict_keys(['example_xcom_args_with_operators', 'example_xcom_args']) retrieved from /home/kauanu/PycharmProjects/AirFLowEnade/venv/lib/python3.10/site-packages/airflow/example_dags/example_xcomargs.py
[2023-04-08T15:33:07.212-0300] {logging_mixin.py:137} INFO - [2023-04-08T15:33:07.212-0300] {dag.py:2705} INFO - Sync 2 DAGs
[2023-04-08T15:33:07.226-0300] {logging_mixin.py:137} INFO - [2023-04-08T15:33:07.226-0300] {dag.py:3452} INFO - Setting next_dagrun for example_xcom_args to None, run_after=None
[2023-04-08T15:33:07.228-0300] {logging_mixin.py:137} INFO - [2023-04-08T15:33:07.228-0300] {dag.py:3452} INFO - Setting next_dagrun for example_xcom_args_with_operators to None, run_after=None
[2023-04-08T15:33:07.249-0300] {processor.py:175} INFO - Processing /home/kauanu/PycharmProjects/AirFLowEnade/venv/lib/python3.10/site-packages/airflow/example_dags/example_xcomargs.py took 0.075 seconds
[2023-04-08T15:33:46.816-0300] {processor.py:153} INFO - Started process (PID=15784) to work on /home/kauanu/PycharmProjects/AirFLowEnade/venv/lib/python3.10/site-packages/airflow/example_dags/example_xcomargs.py
[2023-04-08T15:33:46.849-0300] {processor.py:743} INFO - Processing file /home/kauanu/PycharmProjects/AirFLowEnade/venv/lib/python3.10/site-packages/airflow/example_dags/example_xcomargs.py for tasks to queue
[2023-04-08T15:33:46.850-0300] {logging_mixin.py:137} INFO - [2023-04-08T15:33:46.850-0300] {dagbag.py:532} INFO - Filling up the DagBag from /home/kauanu/PycharmProjects/AirFLowEnade/venv/lib/python3.10/site-packages/airflow/example_dags/example_xcomargs.py
[2023-04-08T15:33:46.875-0300] {processor.py:753} INFO - DAG(s) dict_keys(['example_xcom_args', 'example_xcom_args_with_operators']) retrieved from /home/kauanu/PycharmProjects/AirFLowEnade/venv/lib/python3.10/site-packages/airflow/example_dags/example_xcomargs.py
[2023-04-08T15:33:46.918-0300] {logging_mixin.py:137} INFO - [2023-04-08T15:33:46.917-0300] {dag.py:2705} INFO - Sync 2 DAGs
[2023-04-08T15:33:46.935-0300] {logging_mixin.py:137} INFO - [2023-04-08T15:33:46.935-0300] {dag.py:3452} INFO - Setting next_dagrun for example_xcom_args to None, run_after=None
[2023-04-08T15:33:46.937-0300] {logging_mixin.py:137} INFO - [2023-04-08T15:33:46.936-0300] {dag.py:3452} INFO - Setting next_dagrun for example_xcom_args_with_operators to None, run_after=None
[2023-04-08T15:33:46.959-0300] {processor.py:175} INFO - Processing /home/kauanu/PycharmProjects/AirFLowEnade/venv/lib/python3.10/site-packages/airflow/example_dags/example_xcomargs.py took 0.157 seconds
[2023-04-08T15:34:23.147-0300] {processor.py:153} INFO - Started process (PID=15965) to work on /home/kauanu/PycharmProjects/AirFLowEnade/venv/lib/python3.10/site-packages/airflow/example_dags/example_xcomargs.py
[2023-04-08T15:34:23.149-0300] {processor.py:743} INFO - Processing file /home/kauanu/PycharmProjects/AirFLowEnade/venv/lib/python3.10/site-packages/airflow/example_dags/example_xcomargs.py for tasks to queue
[2023-04-08T15:34:23.150-0300] {logging_mixin.py:137} INFO - [2023-04-08T15:34:23.150-0300] {dagbag.py:532} INFO - Filling up the DagBag from /home/kauanu/PycharmProjects/AirFLowEnade/venv/lib/python3.10/site-packages/airflow/example_dags/example_xcomargs.py
[2023-04-08T15:34:23.167-0300] {processor.py:753} INFO - DAG(s) dict_keys(['example_xcom_args', 'example_xcom_args_with_operators']) retrieved from /home/kauanu/PycharmProjects/AirFLowEnade/venv/lib/python3.10/site-packages/airflow/example_dags/example_xcomargs.py
[2023-04-08T15:34:23.183-0300] {logging_mixin.py:137} INFO - [2023-04-08T15:34:23.183-0300] {dag.py:2705} INFO - Sync 2 DAGs
[2023-04-08T15:34:23.196-0300] {logging_mixin.py:137} INFO - [2023-04-08T15:34:23.196-0300] {dag.py:3452} INFO - Setting next_dagrun for example_xcom_args to None, run_after=None
[2023-04-08T15:34:23.198-0300] {logging_mixin.py:137} INFO - [2023-04-08T15:34:23.198-0300] {dag.py:3452} INFO - Setting next_dagrun for example_xcom_args_with_operators to None, run_after=None
[2023-04-08T15:34:23.217-0300] {processor.py:175} INFO - Processing /home/kauanu/PycharmProjects/AirFLowEnade/venv/lib/python3.10/site-packages/airflow/example_dags/example_xcomargs.py took 0.072 seconds
[2023-04-08T15:34:59.892-0300] {processor.py:153} INFO - Started process (PID=16153) to work on /home/kauanu/PycharmProjects/AirFLowEnade/venv/lib/python3.10/site-packages/airflow/example_dags/example_xcomargs.py
[2023-04-08T15:34:59.893-0300] {processor.py:743} INFO - Processing file /home/kauanu/PycharmProjects/AirFLowEnade/venv/lib/python3.10/site-packages/airflow/example_dags/example_xcomargs.py for tasks to queue
[2023-04-08T15:34:59.893-0300] {logging_mixin.py:137} INFO - [2023-04-08T15:34:59.893-0300] {dagbag.py:532} INFO - Filling up the DagBag from /home/kauanu/PycharmProjects/AirFLowEnade/venv/lib/python3.10/site-packages/airflow/example_dags/example_xcomargs.py
[2023-04-08T15:34:59.913-0300] {processor.py:753} INFO - DAG(s) dict_keys(['example_xcom_args', 'example_xcom_args_with_operators']) retrieved from /home/kauanu/PycharmProjects/AirFLowEnade/venv/lib/python3.10/site-packages/airflow/example_dags/example_xcomargs.py
[2023-04-08T15:34:59.935-0300] {logging_mixin.py:137} INFO - [2023-04-08T15:34:59.934-0300] {dag.py:2705} INFO - Sync 2 DAGs
[2023-04-08T15:34:59.947-0300] {logging_mixin.py:137} INFO - [2023-04-08T15:34:59.947-0300] {dag.py:3452} INFO - Setting next_dagrun for example_xcom_args to None, run_after=None
[2023-04-08T15:34:59.954-0300] {logging_mixin.py:137} INFO - [2023-04-08T15:34:59.954-0300] {dag.py:3452} INFO - Setting next_dagrun for example_xcom_args_with_operators to None, run_after=None
[2023-04-08T15:34:59.992-0300] {processor.py:175} INFO - Processing /home/kauanu/PycharmProjects/AirFLowEnade/venv/lib/python3.10/site-packages/airflow/example_dags/example_xcomargs.py took 0.103 seconds
[2023-04-08T15:35:46.149-0300] {processor.py:153} INFO - Started process (PID=16344) to work on /home/kauanu/PycharmProjects/AirFLowEnade/venv/lib/python3.10/site-packages/airflow/example_dags/example_xcomargs.py
[2023-04-08T15:35:46.151-0300] {processor.py:743} INFO - Processing file /home/kauanu/PycharmProjects/AirFLowEnade/venv/lib/python3.10/site-packages/airflow/example_dags/example_xcomargs.py for tasks to queue
[2023-04-08T15:35:46.151-0300] {logging_mixin.py:137} INFO - [2023-04-08T15:35:46.151-0300] {dagbag.py:532} INFO - Filling up the DagBag from /home/kauanu/PycharmProjects/AirFLowEnade/venv/lib/python3.10/site-packages/airflow/example_dags/example_xcomargs.py
[2023-04-08T15:35:46.182-0300] {processor.py:753} INFO - DAG(s) dict_keys(['example_xcom_args_with_operators', 'example_xcom_args']) retrieved from /home/kauanu/PycharmProjects/AirFLowEnade/venv/lib/python3.10/site-packages/airflow/example_dags/example_xcomargs.py
[2023-04-08T15:35:46.212-0300] {logging_mixin.py:137} INFO - [2023-04-08T15:35:46.212-0300] {dag.py:2705} INFO - Sync 2 DAGs
[2023-04-08T15:35:46.237-0300] {logging_mixin.py:137} INFO - [2023-04-08T15:35:46.237-0300] {dag.py:3452} INFO - Setting next_dagrun for example_xcom_args to None, run_after=None
[2023-04-08T15:35:46.239-0300] {logging_mixin.py:137} INFO - [2023-04-08T15:35:46.239-0300] {dag.py:3452} INFO - Setting next_dagrun for example_xcom_args_with_operators to None, run_after=None
[2023-04-08T15:35:46.267-0300] {processor.py:175} INFO - Processing /home/kauanu/PycharmProjects/AirFLowEnade/venv/lib/python3.10/site-packages/airflow/example_dags/example_xcomargs.py took 0.123 seconds
[2023-04-08T15:36:31.744-0300] {processor.py:153} INFO - Started process (PID=16571) to work on /home/kauanu/PycharmProjects/AirFLowEnade/venv/lib/python3.10/site-packages/airflow/example_dags/example_xcomargs.py
[2023-04-08T15:36:31.765-0300] {processor.py:743} INFO - Processing file /home/kauanu/PycharmProjects/AirFLowEnade/venv/lib/python3.10/site-packages/airflow/example_dags/example_xcomargs.py for tasks to queue
[2023-04-08T15:36:31.766-0300] {logging_mixin.py:137} INFO - [2023-04-08T15:36:31.766-0300] {dagbag.py:532} INFO - Filling up the DagBag from /home/kauanu/PycharmProjects/AirFLowEnade/venv/lib/python3.10/site-packages/airflow/example_dags/example_xcomargs.py
[2023-04-08T15:36:31.795-0300] {processor.py:753} INFO - DAG(s) dict_keys(['example_xcom_args', 'example_xcom_args_with_operators']) retrieved from /home/kauanu/PycharmProjects/AirFLowEnade/venv/lib/python3.10/site-packages/airflow/example_dags/example_xcomargs.py
[2023-04-08T15:36:32.084-0300] {logging_mixin.py:137} INFO - [2023-04-08T15:36:32.084-0300] {dag.py:2705} INFO - Sync 2 DAGs
[2023-04-08T15:36:32.116-0300] {logging_mixin.py:137} INFO - [2023-04-08T15:36:32.116-0300] {dag.py:3452} INFO - Setting next_dagrun for example_xcom_args to None, run_after=None
[2023-04-08T15:36:32.120-0300] {logging_mixin.py:137} INFO - [2023-04-08T15:36:32.119-0300] {dag.py:3452} INFO - Setting next_dagrun for example_xcom_args_with_operators to None, run_after=None
[2023-04-08T15:36:32.155-0300] {processor.py:175} INFO - Processing /home/kauanu/PycharmProjects/AirFLowEnade/venv/lib/python3.10/site-packages/airflow/example_dags/example_xcomargs.py took 0.414 seconds
