[2023-04-08T15:26:04.473-0300] {processor.py:153} INFO - Started process (PID=13532) to work on /home/kauanu/PycharmProjects/AirFLowEnade/venv/lib/python3.10/site-packages/airflow/example_dags/example_python_operator.py
[2023-04-08T15:26:04.476-0300] {processor.py:743} INFO - Processing file /home/kauanu/PycharmProjects/AirFLowEnade/venv/lib/python3.10/site-packages/airflow/example_dags/example_python_operator.py for tasks to queue
[2023-04-08T15:26:04.477-0300] {logging_mixin.py:137} INFO - [2023-04-08T15:26:04.477-0300] {dagbag.py:532} INFO - Filling up the DagBag from /home/kauanu/PycharmProjects/AirFLowEnade/venv/lib/python3.10/site-packages/airflow/example_dags/example_python_operator.py
[2023-04-08T15:26:04.501-0300] {logging_mixin.py:137} INFO - [2023-04-08T15:26:04.501-0300] {taskmixin.py:211} WARNING - Dependency <Task(_PythonDecoratedOperator): print_the_context>, log_sql_query already registered for DAG: example_python_operator
[2023-04-08T15:26:04.502-0300] {logging_mixin.py:137} INFO - [2023-04-08T15:26:04.502-0300] {taskmixin.py:211} WARNING - Dependency <Task(_PythonDecoratedOperator): log_sql_query>, print_the_context already registered for DAG: example_python_operator
[2023-04-08T15:26:04.503-0300] {logging_mixin.py:137} INFO - [2023-04-08T15:26:04.502-0300] {taskmixin.py:211} WARNING - Dependency <Task(_PythonDecoratedOperator): print_the_context>, log_sql_query already registered for DAG: example_python_operator
[2023-04-08T15:26:04.503-0300] {logging_mixin.py:137} INFO - [2023-04-08T15:26:04.503-0300] {taskmixin.py:211} WARNING - Dependency <Task(_PythonDecoratedOperator): log_sql_query>, print_the_context already registered for DAG: example_python_operator
[2023-04-08T15:26:04.504-0300] {logging_mixin.py:137} INFO - [2023-04-08T15:26:04.503-0300] {taskmixin.py:211} WARNING - Dependency <Task(_PythonDecoratedOperator): print_the_context>, log_sql_query already registered for DAG: example_python_operator
[2023-04-08T15:26:04.504-0300] {logging_mixin.py:137} INFO - [2023-04-08T15:26:04.504-0300] {taskmixin.py:211} WARNING - Dependency <Task(_PythonDecoratedOperator): log_sql_query>, print_the_context already registered for DAG: example_python_operator
[2023-04-08T15:26:04.505-0300] {logging_mixin.py:137} INFO - [2023-04-08T15:26:04.504-0300] {taskmixin.py:211} WARNING - Dependency <Task(_PythonDecoratedOperator): print_the_context>, log_sql_query already registered for DAG: example_python_operator
[2023-04-08T15:26:04.505-0300] {logging_mixin.py:137} INFO - [2023-04-08T15:26:04.505-0300] {taskmixin.py:211} WARNING - Dependency <Task(_PythonDecoratedOperator): log_sql_query>, print_the_context already registered for DAG: example_python_operator
[2023-04-08T15:26:04.505-0300] {logging_mixin.py:137} INFO - [2023-04-08T15:26:04.505-0300] {example_python_operator.py:90} WARNING - The virtalenv_python example task requires virtualenv, please install it.
[2023-04-08T15:26:04.510-0300] {processor.py:753} INFO - DAG(s) dict_keys(['example_python_operator']) retrieved from /home/kauanu/PycharmProjects/AirFLowEnade/venv/lib/python3.10/site-packages/airflow/example_dags/example_python_operator.py
[2023-04-08T15:26:04.835-0300] {logging_mixin.py:137} INFO - [2023-04-08T15:26:04.834-0300] {manager.py:504} INFO - Created Permission View: can delete on DAG:example_python_operator
[2023-04-08T15:26:04.886-0300] {logging_mixin.py:137} INFO - [2023-04-08T15:26:04.886-0300] {manager.py:504} INFO - Created Permission View: can edit on DAG:example_python_operator
[2023-04-08T15:26:04.946-0300] {logging_mixin.py:137} INFO - [2023-04-08T15:26:04.946-0300] {manager.py:504} INFO - Created Permission View: can read on DAG:example_python_operator
[2023-04-08T15:26:04.946-0300] {logging_mixin.py:137} INFO - [2023-04-08T15:26:04.946-0300] {dag.py:2705} INFO - Sync 1 DAGs
[2023-04-08T15:26:04.956-0300] {logging_mixin.py:137} INFO - [2023-04-08T15:26:04.955-0300] {dag.py:2726} INFO - Creating ORM DAG for example_python_operator
[2023-04-08T15:26:04.967-0300] {logging_mixin.py:137} INFO - [2023-04-08T15:26:04.967-0300] {dag.py:3452} INFO - Setting next_dagrun for example_python_operator to None, run_after=None
[2023-04-08T15:26:04.998-0300] {processor.py:175} INFO - Processing /home/kauanu/PycharmProjects/AirFLowEnade/venv/lib/python3.10/site-packages/airflow/example_dags/example_python_operator.py took 0.532 seconds
[2023-04-08T15:26:54.806-0300] {processor.py:153} INFO - Started process (PID=13793) to work on /home/kauanu/PycharmProjects/AirFLowEnade/venv/lib/python3.10/site-packages/airflow/example_dags/example_python_operator.py
[2023-04-08T15:26:54.808-0300] {processor.py:743} INFO - Processing file /home/kauanu/PycharmProjects/AirFLowEnade/venv/lib/python3.10/site-packages/airflow/example_dags/example_python_operator.py for tasks to queue
[2023-04-08T15:26:54.808-0300] {logging_mixin.py:137} INFO - [2023-04-08T15:26:54.808-0300] {dagbag.py:532} INFO - Filling up the DagBag from /home/kauanu/PycharmProjects/AirFLowEnade/venv/lib/python3.10/site-packages/airflow/example_dags/example_python_operator.py
[2023-04-08T15:26:54.835-0300] {logging_mixin.py:137} INFO - [2023-04-08T15:26:54.835-0300] {taskmixin.py:211} WARNING - Dependency <Task(_PythonDecoratedOperator): print_the_context>, log_sql_query already registered for DAG: example_python_operator
[2023-04-08T15:26:54.835-0300] {logging_mixin.py:137} INFO - [2023-04-08T15:26:54.835-0300] {taskmixin.py:211} WARNING - Dependency <Task(_PythonDecoratedOperator): log_sql_query>, print_the_context already registered for DAG: example_python_operator
[2023-04-08T15:26:54.836-0300] {logging_mixin.py:137} INFO - [2023-04-08T15:26:54.836-0300] {taskmixin.py:211} WARNING - Dependency <Task(_PythonDecoratedOperator): print_the_context>, log_sql_query already registered for DAG: example_python_operator
[2023-04-08T15:26:54.837-0300] {logging_mixin.py:137} INFO - [2023-04-08T15:26:54.837-0300] {taskmixin.py:211} WARNING - Dependency <Task(_PythonDecoratedOperator): log_sql_query>, print_the_context already registered for DAG: example_python_operator
[2023-04-08T15:26:54.837-0300] {logging_mixin.py:137} INFO - [2023-04-08T15:26:54.837-0300] {taskmixin.py:211} WARNING - Dependency <Task(_PythonDecoratedOperator): print_the_context>, log_sql_query already registered for DAG: example_python_operator
[2023-04-08T15:26:54.837-0300] {logging_mixin.py:137} INFO - [2023-04-08T15:26:54.837-0300] {taskmixin.py:211} WARNING - Dependency <Task(_PythonDecoratedOperator): log_sql_query>, print_the_context already registered for DAG: example_python_operator
[2023-04-08T15:26:54.838-0300] {logging_mixin.py:137} INFO - [2023-04-08T15:26:54.838-0300] {taskmixin.py:211} WARNING - Dependency <Task(_PythonDecoratedOperator): print_the_context>, log_sql_query already registered for DAG: example_python_operator
[2023-04-08T15:26:54.838-0300] {logging_mixin.py:137} INFO - [2023-04-08T15:26:54.838-0300] {taskmixin.py:211} WARNING - Dependency <Task(_PythonDecoratedOperator): log_sql_query>, print_the_context already registered for DAG: example_python_operator
[2023-04-08T15:26:54.838-0300] {logging_mixin.py:137} INFO - [2023-04-08T15:26:54.838-0300] {example_python_operator.py:90} WARNING - The virtalenv_python example task requires virtualenv, please install it.
[2023-04-08T15:26:54.843-0300] {processor.py:753} INFO - DAG(s) dict_keys(['example_python_operator']) retrieved from /home/kauanu/PycharmProjects/AirFLowEnade/venv/lib/python3.10/site-packages/airflow/example_dags/example_python_operator.py
[2023-04-08T15:26:54.865-0300] {logging_mixin.py:137} INFO - [2023-04-08T15:26:54.865-0300] {dag.py:2705} INFO - Sync 1 DAGs
[2023-04-08T15:26:54.881-0300] {logging_mixin.py:137} INFO - [2023-04-08T15:26:54.881-0300] {dag.py:3452} INFO - Setting next_dagrun for example_python_operator to None, run_after=None
[2023-04-08T15:26:54.933-0300] {processor.py:175} INFO - Processing /home/kauanu/PycharmProjects/AirFLowEnade/venv/lib/python3.10/site-packages/airflow/example_dags/example_python_operator.py took 0.130 seconds
[2023-04-08T15:28:03.181-0300] {processor.py:153} INFO - Started process (PID=14115) to work on /home/kauanu/PycharmProjects/AirFLowEnade/venv/lib/python3.10/site-packages/airflow/example_dags/example_python_operator.py
[2023-04-08T15:28:03.186-0300] {processor.py:743} INFO - Processing file /home/kauanu/PycharmProjects/AirFLowEnade/venv/lib/python3.10/site-packages/airflow/example_dags/example_python_operator.py for tasks to queue
[2023-04-08T15:28:03.197-0300] {logging_mixin.py:137} INFO - [2023-04-08T15:28:03.197-0300] {dagbag.py:532} INFO - Filling up the DagBag from /home/kauanu/PycharmProjects/AirFLowEnade/venv/lib/python3.10/site-packages/airflow/example_dags/example_python_operator.py
[2023-04-08T15:28:03.276-0300] {logging_mixin.py:137} INFO - [2023-04-08T15:28:03.275-0300] {taskmixin.py:211} WARNING - Dependency <Task(_PythonDecoratedOperator): print_the_context>, log_sql_query already registered for DAG: example_python_operator
[2023-04-08T15:28:03.277-0300] {logging_mixin.py:137} INFO - [2023-04-08T15:28:03.277-0300] {taskmixin.py:211} WARNING - Dependency <Task(_PythonDecoratedOperator): log_sql_query>, print_the_context already registered for DAG: example_python_operator
[2023-04-08T15:28:03.279-0300] {logging_mixin.py:137} INFO - [2023-04-08T15:28:03.278-0300] {taskmixin.py:211} WARNING - Dependency <Task(_PythonDecoratedOperator): print_the_context>, log_sql_query already registered for DAG: example_python_operator
[2023-04-08T15:28:03.279-0300] {logging_mixin.py:137} INFO - [2023-04-08T15:28:03.279-0300] {taskmixin.py:211} WARNING - Dependency <Task(_PythonDecoratedOperator): log_sql_query>, print_the_context already registered for DAG: example_python_operator
[2023-04-08T15:28:03.279-0300] {logging_mixin.py:137} INFO - [2023-04-08T15:28:03.279-0300] {taskmixin.py:211} WARNING - Dependency <Task(_PythonDecoratedOperator): print_the_context>, log_sql_query already registered for DAG: example_python_operator
[2023-04-08T15:28:03.280-0300] {logging_mixin.py:137} INFO - [2023-04-08T15:28:03.279-0300] {taskmixin.py:211} WARNING - Dependency <Task(_PythonDecoratedOperator): log_sql_query>, print_the_context already registered for DAG: example_python_operator
[2023-04-08T15:28:03.280-0300] {logging_mixin.py:137} INFO - [2023-04-08T15:28:03.280-0300] {taskmixin.py:211} WARNING - Dependency <Task(_PythonDecoratedOperator): print_the_context>, log_sql_query already registered for DAG: example_python_operator
[2023-04-08T15:28:03.280-0300] {logging_mixin.py:137} INFO - [2023-04-08T15:28:03.280-0300] {taskmixin.py:211} WARNING - Dependency <Task(_PythonDecoratedOperator): log_sql_query>, print_the_context already registered for DAG: example_python_operator
[2023-04-08T15:28:03.281-0300] {logging_mixin.py:137} INFO - [2023-04-08T15:28:03.281-0300] {example_python_operator.py:90} WARNING - The virtalenv_python example task requires virtualenv, please install it.
[2023-04-08T15:28:03.300-0300] {processor.py:753} INFO - DAG(s) dict_keys(['example_python_operator']) retrieved from /home/kauanu/PycharmProjects/AirFLowEnade/venv/lib/python3.10/site-packages/airflow/example_dags/example_python_operator.py
[2023-04-08T15:28:03.374-0300] {logging_mixin.py:137} INFO - [2023-04-08T15:28:03.374-0300] {dag.py:2705} INFO - Sync 1 DAGs
[2023-04-08T15:28:03.400-0300] {logging_mixin.py:137} INFO - [2023-04-08T15:28:03.400-0300] {dag.py:3452} INFO - Setting next_dagrun for example_python_operator to None, run_after=None
[2023-04-08T15:28:03.480-0300] {processor.py:175} INFO - Processing /home/kauanu/PycharmProjects/AirFLowEnade/venv/lib/python3.10/site-packages/airflow/example_dags/example_python_operator.py took 0.307 seconds
[2023-04-08T15:29:12.838-0300] {processor.py:153} INFO - Started process (PID=14509) to work on /home/kauanu/PycharmProjects/AirFLowEnade/venv/lib/python3.10/site-packages/airflow/example_dags/example_python_operator.py
[2023-04-08T15:29:12.861-0300] {processor.py:743} INFO - Processing file /home/kauanu/PycharmProjects/AirFLowEnade/venv/lib/python3.10/site-packages/airflow/example_dags/example_python_operator.py for tasks to queue
[2023-04-08T15:29:12.862-0300] {logging_mixin.py:137} INFO - [2023-04-08T15:29:12.862-0300] {dagbag.py:532} INFO - Filling up the DagBag from /home/kauanu/PycharmProjects/AirFLowEnade/venv/lib/python3.10/site-packages/airflow/example_dags/example_python_operator.py
[2023-04-08T15:29:12.912-0300] {logging_mixin.py:137} INFO - [2023-04-08T15:29:12.912-0300] {taskmixin.py:211} WARNING - Dependency <Task(_PythonDecoratedOperator): print_the_context>, log_sql_query already registered for DAG: example_python_operator
[2023-04-08T15:29:12.912-0300] {logging_mixin.py:137} INFO - [2023-04-08T15:29:12.912-0300] {taskmixin.py:211} WARNING - Dependency <Task(_PythonDecoratedOperator): log_sql_query>, print_the_context already registered for DAG: example_python_operator
[2023-04-08T15:29:12.912-0300] {logging_mixin.py:137} INFO - [2023-04-08T15:29:12.912-0300] {taskmixin.py:211} WARNING - Dependency <Task(_PythonDecoratedOperator): print_the_context>, log_sql_query already registered for DAG: example_python_operator
[2023-04-08T15:29:12.913-0300] {logging_mixin.py:137} INFO - [2023-04-08T15:29:12.912-0300] {taskmixin.py:211} WARNING - Dependency <Task(_PythonDecoratedOperator): log_sql_query>, print_the_context already registered for DAG: example_python_operator
[2023-04-08T15:29:12.913-0300] {logging_mixin.py:137} INFO - [2023-04-08T15:29:12.913-0300] {taskmixin.py:211} WARNING - Dependency <Task(_PythonDecoratedOperator): print_the_context>, log_sql_query already registered for DAG: example_python_operator
[2023-04-08T15:29:12.913-0300] {logging_mixin.py:137} INFO - [2023-04-08T15:29:12.913-0300] {taskmixin.py:211} WARNING - Dependency <Task(_PythonDecoratedOperator): log_sql_query>, print_the_context already registered for DAG: example_python_operator
[2023-04-08T15:29:12.914-0300] {logging_mixin.py:137} INFO - [2023-04-08T15:29:12.914-0300] {taskmixin.py:211} WARNING - Dependency <Task(_PythonDecoratedOperator): print_the_context>, log_sql_query already registered for DAG: example_python_operator
[2023-04-08T15:29:12.914-0300] {logging_mixin.py:137} INFO - [2023-04-08T15:29:12.914-0300] {taskmixin.py:211} WARNING - Dependency <Task(_PythonDecoratedOperator): log_sql_query>, print_the_context already registered for DAG: example_python_operator
[2023-04-08T15:29:12.914-0300] {logging_mixin.py:137} INFO - [2023-04-08T15:29:12.914-0300] {example_python_operator.py:90} WARNING - The virtalenv_python example task requires virtualenv, please install it.
[2023-04-08T15:29:12.917-0300] {processor.py:753} INFO - DAG(s) dict_keys(['example_python_operator']) retrieved from /home/kauanu/PycharmProjects/AirFLowEnade/venv/lib/python3.10/site-packages/airflow/example_dags/example_python_operator.py
[2023-04-08T15:29:12.934-0300] {logging_mixin.py:137} INFO - [2023-04-08T15:29:12.933-0300] {dag.py:2705} INFO - Sync 1 DAGs
[2023-04-08T15:29:12.947-0300] {logging_mixin.py:137} INFO - [2023-04-08T15:29:12.947-0300] {dag.py:3452} INFO - Setting next_dagrun for example_python_operator to None, run_after=None
[2023-04-08T15:29:13.054-0300] {processor.py:175} INFO - Processing /home/kauanu/PycharmProjects/AirFLowEnade/venv/lib/python3.10/site-packages/airflow/example_dags/example_python_operator.py took 0.219 seconds
[2023-04-08T15:30:06.433-0300] {processor.py:153} INFO - Started process (PID=14762) to work on /home/kauanu/PycharmProjects/AirFLowEnade/venv/lib/python3.10/site-packages/airflow/example_dags/example_python_operator.py
[2023-04-08T15:30:06.448-0300] {processor.py:743} INFO - Processing file /home/kauanu/PycharmProjects/AirFLowEnade/venv/lib/python3.10/site-packages/airflow/example_dags/example_python_operator.py for tasks to queue
[2023-04-08T15:30:06.449-0300] {logging_mixin.py:137} INFO - [2023-04-08T15:30:06.449-0300] {dagbag.py:532} INFO - Filling up the DagBag from /home/kauanu/PycharmProjects/AirFLowEnade/venv/lib/python3.10/site-packages/airflow/example_dags/example_python_operator.py
[2023-04-08T15:30:06.472-0300] {logging_mixin.py:137} INFO - [2023-04-08T15:30:06.472-0300] {taskmixin.py:211} WARNING - Dependency <Task(_PythonDecoratedOperator): print_the_context>, log_sql_query already registered for DAG: example_python_operator
[2023-04-08T15:30:06.473-0300] {logging_mixin.py:137} INFO - [2023-04-08T15:30:06.473-0300] {taskmixin.py:211} WARNING - Dependency <Task(_PythonDecoratedOperator): log_sql_query>, print_the_context already registered for DAG: example_python_operator
[2023-04-08T15:30:06.474-0300] {logging_mixin.py:137} INFO - [2023-04-08T15:30:06.474-0300] {taskmixin.py:211} WARNING - Dependency <Task(_PythonDecoratedOperator): print_the_context>, log_sql_query already registered for DAG: example_python_operator
[2023-04-08T15:30:06.474-0300] {logging_mixin.py:137} INFO - [2023-04-08T15:30:06.474-0300] {taskmixin.py:211} WARNING - Dependency <Task(_PythonDecoratedOperator): log_sql_query>, print_the_context already registered for DAG: example_python_operator
[2023-04-08T15:30:06.475-0300] {logging_mixin.py:137} INFO - [2023-04-08T15:30:06.474-0300] {taskmixin.py:211} WARNING - Dependency <Task(_PythonDecoratedOperator): print_the_context>, log_sql_query already registered for DAG: example_python_operator
[2023-04-08T15:30:06.475-0300] {logging_mixin.py:137} INFO - [2023-04-08T15:30:06.475-0300] {taskmixin.py:211} WARNING - Dependency <Task(_PythonDecoratedOperator): log_sql_query>, print_the_context already registered for DAG: example_python_operator
[2023-04-08T15:30:06.475-0300] {logging_mixin.py:137} INFO - [2023-04-08T15:30:06.475-0300] {taskmixin.py:211} WARNING - Dependency <Task(_PythonDecoratedOperator): print_the_context>, log_sql_query already registered for DAG: example_python_operator
[2023-04-08T15:30:06.475-0300] {logging_mixin.py:137} INFO - [2023-04-08T15:30:06.475-0300] {taskmixin.py:211} WARNING - Dependency <Task(_PythonDecoratedOperator): log_sql_query>, print_the_context already registered for DAG: example_python_operator
[2023-04-08T15:30:06.475-0300] {logging_mixin.py:137} INFO - [2023-04-08T15:30:06.475-0300] {example_python_operator.py:90} WARNING - The virtalenv_python example task requires virtualenv, please install it.
[2023-04-08T15:30:06.483-0300] {processor.py:753} INFO - DAG(s) dict_keys(['example_python_operator']) retrieved from /home/kauanu/PycharmProjects/AirFLowEnade/venv/lib/python3.10/site-packages/airflow/example_dags/example_python_operator.py
[2023-04-08T15:30:06.506-0300] {logging_mixin.py:137} INFO - [2023-04-08T15:30:06.506-0300] {dag.py:2705} INFO - Sync 1 DAGs
[2023-04-08T15:30:06.532-0300] {logging_mixin.py:137} INFO - [2023-04-08T15:30:06.532-0300] {dag.py:3452} INFO - Setting next_dagrun for example_python_operator to None, run_after=None
[2023-04-08T15:30:06.573-0300] {processor.py:175} INFO - Processing /home/kauanu/PycharmProjects/AirFLowEnade/venv/lib/python3.10/site-packages/airflow/example_dags/example_python_operator.py took 0.149 seconds
[2023-04-08T15:30:51.293-0300] {processor.py:153} INFO - Started process (PID=14954) to work on /home/kauanu/PycharmProjects/AirFLowEnade/venv/lib/python3.10/site-packages/airflow/example_dags/example_python_operator.py
[2023-04-08T15:30:51.294-0300] {processor.py:743} INFO - Processing file /home/kauanu/PycharmProjects/AirFLowEnade/venv/lib/python3.10/site-packages/airflow/example_dags/example_python_operator.py for tasks to queue
[2023-04-08T15:30:51.294-0300] {logging_mixin.py:137} INFO - [2023-04-08T15:30:51.294-0300] {dagbag.py:532} INFO - Filling up the DagBag from /home/kauanu/PycharmProjects/AirFLowEnade/venv/lib/python3.10/site-packages/airflow/example_dags/example_python_operator.py
[2023-04-08T15:30:51.308-0300] {logging_mixin.py:137} INFO - [2023-04-08T15:30:51.308-0300] {taskmixin.py:211} WARNING - Dependency <Task(_PythonDecoratedOperator): print_the_context>, log_sql_query already registered for DAG: example_python_operator
[2023-04-08T15:30:51.308-0300] {logging_mixin.py:137} INFO - [2023-04-08T15:30:51.308-0300] {taskmixin.py:211} WARNING - Dependency <Task(_PythonDecoratedOperator): log_sql_query>, print_the_context already registered for DAG: example_python_operator
[2023-04-08T15:30:51.308-0300] {logging_mixin.py:137} INFO - [2023-04-08T15:30:51.308-0300] {taskmixin.py:211} WARNING - Dependency <Task(_PythonDecoratedOperator): print_the_context>, log_sql_query already registered for DAG: example_python_operator
[2023-04-08T15:30:51.308-0300] {logging_mixin.py:137} INFO - [2023-04-08T15:30:51.308-0300] {taskmixin.py:211} WARNING - Dependency <Task(_PythonDecoratedOperator): log_sql_query>, print_the_context already registered for DAG: example_python_operator
[2023-04-08T15:30:51.309-0300] {logging_mixin.py:137} INFO - [2023-04-08T15:30:51.309-0300] {taskmixin.py:211} WARNING - Dependency <Task(_PythonDecoratedOperator): print_the_context>, log_sql_query already registered for DAG: example_python_operator
[2023-04-08T15:30:51.309-0300] {logging_mixin.py:137} INFO - [2023-04-08T15:30:51.309-0300] {taskmixin.py:211} WARNING - Dependency <Task(_PythonDecoratedOperator): log_sql_query>, print_the_context already registered for DAG: example_python_operator
[2023-04-08T15:30:51.309-0300] {logging_mixin.py:137} INFO - [2023-04-08T15:30:51.309-0300] {taskmixin.py:211} WARNING - Dependency <Task(_PythonDecoratedOperator): print_the_context>, log_sql_query already registered for DAG: example_python_operator
[2023-04-08T15:30:51.309-0300] {logging_mixin.py:137} INFO - [2023-04-08T15:30:51.309-0300] {taskmixin.py:211} WARNING - Dependency <Task(_PythonDecoratedOperator): log_sql_query>, print_the_context already registered for DAG: example_python_operator
[2023-04-08T15:30:51.310-0300] {logging_mixin.py:137} INFO - [2023-04-08T15:30:51.310-0300] {example_python_operator.py:90} WARNING - The virtalenv_python example task requires virtualenv, please install it.
[2023-04-08T15:30:51.314-0300] {processor.py:753} INFO - DAG(s) dict_keys(['example_python_operator']) retrieved from /home/kauanu/PycharmProjects/AirFLowEnade/venv/lib/python3.10/site-packages/airflow/example_dags/example_python_operator.py
[2023-04-08T15:30:51.331-0300] {logging_mixin.py:137} INFO - [2023-04-08T15:30:51.331-0300] {dag.py:2705} INFO - Sync 1 DAGs
[2023-04-08T15:30:51.346-0300] {logging_mixin.py:137} INFO - [2023-04-08T15:30:51.346-0300] {dag.py:3452} INFO - Setting next_dagrun for example_python_operator to None, run_after=None
[2023-04-08T15:30:51.371-0300] {processor.py:175} INFO - Processing /home/kauanu/PycharmProjects/AirFLowEnade/venv/lib/python3.10/site-packages/airflow/example_dags/example_python_operator.py took 0.080 seconds
[2023-04-08T15:31:34.196-0300] {processor.py:153} INFO - Started process (PID=15149) to work on /home/kauanu/PycharmProjects/AirFLowEnade/venv/lib/python3.10/site-packages/airflow/example_dags/example_python_operator.py
[2023-04-08T15:31:34.197-0300] {processor.py:743} INFO - Processing file /home/kauanu/PycharmProjects/AirFLowEnade/venv/lib/python3.10/site-packages/airflow/example_dags/example_python_operator.py for tasks to queue
[2023-04-08T15:31:34.197-0300] {logging_mixin.py:137} INFO - [2023-04-08T15:31:34.197-0300] {dagbag.py:532} INFO - Filling up the DagBag from /home/kauanu/PycharmProjects/AirFLowEnade/venv/lib/python3.10/site-packages/airflow/example_dags/example_python_operator.py
[2023-04-08T15:31:34.211-0300] {logging_mixin.py:137} INFO - [2023-04-08T15:31:34.210-0300] {taskmixin.py:211} WARNING - Dependency <Task(_PythonDecoratedOperator): print_the_context>, log_sql_query already registered for DAG: example_python_operator
[2023-04-08T15:31:34.211-0300] {logging_mixin.py:137} INFO - [2023-04-08T15:31:34.211-0300] {taskmixin.py:211} WARNING - Dependency <Task(_PythonDecoratedOperator): log_sql_query>, print_the_context already registered for DAG: example_python_operator
[2023-04-08T15:31:34.211-0300] {logging_mixin.py:137} INFO - [2023-04-08T15:31:34.211-0300] {taskmixin.py:211} WARNING - Dependency <Task(_PythonDecoratedOperator): print_the_context>, log_sql_query already registered for DAG: example_python_operator
[2023-04-08T15:31:34.211-0300] {logging_mixin.py:137} INFO - [2023-04-08T15:31:34.211-0300] {taskmixin.py:211} WARNING - Dependency <Task(_PythonDecoratedOperator): log_sql_query>, print_the_context already registered for DAG: example_python_operator
[2023-04-08T15:31:34.212-0300] {logging_mixin.py:137} INFO - [2023-04-08T15:31:34.211-0300] {taskmixin.py:211} WARNING - Dependency <Task(_PythonDecoratedOperator): print_the_context>, log_sql_query already registered for DAG: example_python_operator
[2023-04-08T15:31:34.212-0300] {logging_mixin.py:137} INFO - [2023-04-08T15:31:34.212-0300] {taskmixin.py:211} WARNING - Dependency <Task(_PythonDecoratedOperator): log_sql_query>, print_the_context already registered for DAG: example_python_operator
[2023-04-08T15:31:34.212-0300] {logging_mixin.py:137} INFO - [2023-04-08T15:31:34.212-0300] {taskmixin.py:211} WARNING - Dependency <Task(_PythonDecoratedOperator): print_the_context>, log_sql_query already registered for DAG: example_python_operator
[2023-04-08T15:31:34.212-0300] {logging_mixin.py:137} INFO - [2023-04-08T15:31:34.212-0300] {taskmixin.py:211} WARNING - Dependency <Task(_PythonDecoratedOperator): log_sql_query>, print_the_context already registered for DAG: example_python_operator
[2023-04-08T15:31:34.212-0300] {logging_mixin.py:137} INFO - [2023-04-08T15:31:34.212-0300] {example_python_operator.py:90} WARNING - The virtalenv_python example task requires virtualenv, please install it.
[2023-04-08T15:31:34.216-0300] {processor.py:753} INFO - DAG(s) dict_keys(['example_python_operator']) retrieved from /home/kauanu/PycharmProjects/AirFLowEnade/venv/lib/python3.10/site-packages/airflow/example_dags/example_python_operator.py
[2023-04-08T15:31:34.231-0300] {logging_mixin.py:137} INFO - [2023-04-08T15:31:34.231-0300] {dag.py:2705} INFO - Sync 1 DAGs
[2023-04-08T15:31:34.245-0300] {logging_mixin.py:137} INFO - [2023-04-08T15:31:34.245-0300] {dag.py:3452} INFO - Setting next_dagrun for example_python_operator to None, run_after=None
[2023-04-08T15:31:34.266-0300] {processor.py:175} INFO - Processing /home/kauanu/PycharmProjects/AirFLowEnade/venv/lib/python3.10/site-packages/airflow/example_dags/example_python_operator.py took 0.073 seconds
[2023-04-08T15:32:21.818-0300] {processor.py:153} INFO - Started process (PID=15377) to work on /home/kauanu/PycharmProjects/AirFLowEnade/venv/lib/python3.10/site-packages/airflow/example_dags/example_python_operator.py
[2023-04-08T15:32:21.820-0300] {processor.py:743} INFO - Processing file /home/kauanu/PycharmProjects/AirFLowEnade/venv/lib/python3.10/site-packages/airflow/example_dags/example_python_operator.py for tasks to queue
[2023-04-08T15:32:21.821-0300] {logging_mixin.py:137} INFO - [2023-04-08T15:32:21.821-0300] {dagbag.py:532} INFO - Filling up the DagBag from /home/kauanu/PycharmProjects/AirFLowEnade/venv/lib/python3.10/site-packages/airflow/example_dags/example_python_operator.py
[2023-04-08T15:32:21.841-0300] {logging_mixin.py:137} INFO - [2023-04-08T15:32:21.841-0300] {taskmixin.py:211} WARNING - Dependency <Task(_PythonDecoratedOperator): print_the_context>, log_sql_query already registered for DAG: example_python_operator
[2023-04-08T15:32:21.841-0300] {logging_mixin.py:137} INFO - [2023-04-08T15:32:21.841-0300] {taskmixin.py:211} WARNING - Dependency <Task(_PythonDecoratedOperator): log_sql_query>, print_the_context already registered for DAG: example_python_operator
[2023-04-08T15:32:21.841-0300] {logging_mixin.py:137} INFO - [2023-04-08T15:32:21.841-0300] {taskmixin.py:211} WARNING - Dependency <Task(_PythonDecoratedOperator): print_the_context>, log_sql_query already registered for DAG: example_python_operator
[2023-04-08T15:32:21.842-0300] {logging_mixin.py:137} INFO - [2023-04-08T15:32:21.842-0300] {taskmixin.py:211} WARNING - Dependency <Task(_PythonDecoratedOperator): log_sql_query>, print_the_context already registered for DAG: example_python_operator
[2023-04-08T15:32:21.842-0300] {logging_mixin.py:137} INFO - [2023-04-08T15:32:21.842-0300] {taskmixin.py:211} WARNING - Dependency <Task(_PythonDecoratedOperator): print_the_context>, log_sql_query already registered for DAG: example_python_operator
[2023-04-08T15:32:21.842-0300] {logging_mixin.py:137} INFO - [2023-04-08T15:32:21.842-0300] {taskmixin.py:211} WARNING - Dependency <Task(_PythonDecoratedOperator): log_sql_query>, print_the_context already registered for DAG: example_python_operator
[2023-04-08T15:32:21.843-0300] {logging_mixin.py:137} INFO - [2023-04-08T15:32:21.843-0300] {taskmixin.py:211} WARNING - Dependency <Task(_PythonDecoratedOperator): print_the_context>, log_sql_query already registered for DAG: example_python_operator
[2023-04-08T15:32:21.843-0300] {logging_mixin.py:137} INFO - [2023-04-08T15:32:21.843-0300] {taskmixin.py:211} WARNING - Dependency <Task(_PythonDecoratedOperator): log_sql_query>, print_the_context already registered for DAG: example_python_operator
[2023-04-08T15:32:21.843-0300] {logging_mixin.py:137} INFO - [2023-04-08T15:32:21.843-0300] {example_python_operator.py:90} WARNING - The virtalenv_python example task requires virtualenv, please install it.
[2023-04-08T15:32:21.848-0300] {processor.py:753} INFO - DAG(s) dict_keys(['example_python_operator']) retrieved from /home/kauanu/PycharmProjects/AirFLowEnade/venv/lib/python3.10/site-packages/airflow/example_dags/example_python_operator.py
[2023-04-08T15:32:21.870-0300] {logging_mixin.py:137} INFO - [2023-04-08T15:32:21.870-0300] {dag.py:2705} INFO - Sync 1 DAGs
[2023-04-08T15:32:21.889-0300] {logging_mixin.py:137} INFO - [2023-04-08T15:32:21.888-0300] {dag.py:3452} INFO - Setting next_dagrun for example_python_operator to None, run_after=None
[2023-04-08T15:32:21.915-0300] {processor.py:175} INFO - Processing /home/kauanu/PycharmProjects/AirFLowEnade/venv/lib/python3.10/site-packages/airflow/example_dags/example_python_operator.py took 0.101 seconds
[2023-04-08T15:33:15.283-0300] {processor.py:153} INFO - Started process (PID=15635) to work on /home/kauanu/PycharmProjects/AirFLowEnade/venv/lib/python3.10/site-packages/airflow/example_dags/example_python_operator.py
[2023-04-08T15:33:15.284-0300] {processor.py:743} INFO - Processing file /home/kauanu/PycharmProjects/AirFLowEnade/venv/lib/python3.10/site-packages/airflow/example_dags/example_python_operator.py for tasks to queue
[2023-04-08T15:33:15.284-0300] {logging_mixin.py:137} INFO - [2023-04-08T15:33:15.284-0300] {dagbag.py:532} INFO - Filling up the DagBag from /home/kauanu/PycharmProjects/AirFLowEnade/venv/lib/python3.10/site-packages/airflow/example_dags/example_python_operator.py
[2023-04-08T15:33:15.298-0300] {logging_mixin.py:137} INFO - [2023-04-08T15:33:15.297-0300] {taskmixin.py:211} WARNING - Dependency <Task(_PythonDecoratedOperator): print_the_context>, log_sql_query already registered for DAG: example_python_operator
[2023-04-08T15:33:15.298-0300] {logging_mixin.py:137} INFO - [2023-04-08T15:33:15.298-0300] {taskmixin.py:211} WARNING - Dependency <Task(_PythonDecoratedOperator): log_sql_query>, print_the_context already registered for DAG: example_python_operator
[2023-04-08T15:33:15.298-0300] {logging_mixin.py:137} INFO - [2023-04-08T15:33:15.298-0300] {taskmixin.py:211} WARNING - Dependency <Task(_PythonDecoratedOperator): print_the_context>, log_sql_query already registered for DAG: example_python_operator
[2023-04-08T15:33:15.298-0300] {logging_mixin.py:137} INFO - [2023-04-08T15:33:15.298-0300] {taskmixin.py:211} WARNING - Dependency <Task(_PythonDecoratedOperator): log_sql_query>, print_the_context already registered for DAG: example_python_operator
[2023-04-08T15:33:15.299-0300] {logging_mixin.py:137} INFO - [2023-04-08T15:33:15.299-0300] {taskmixin.py:211} WARNING - Dependency <Task(_PythonDecoratedOperator): print_the_context>, log_sql_query already registered for DAG: example_python_operator
[2023-04-08T15:33:15.299-0300] {logging_mixin.py:137} INFO - [2023-04-08T15:33:15.299-0300] {taskmixin.py:211} WARNING - Dependency <Task(_PythonDecoratedOperator): log_sql_query>, print_the_context already registered for DAG: example_python_operator
[2023-04-08T15:33:15.299-0300] {logging_mixin.py:137} INFO - [2023-04-08T15:33:15.299-0300] {taskmixin.py:211} WARNING - Dependency <Task(_PythonDecoratedOperator): print_the_context>, log_sql_query already registered for DAG: example_python_operator
[2023-04-08T15:33:15.299-0300] {logging_mixin.py:137} INFO - [2023-04-08T15:33:15.299-0300] {taskmixin.py:211} WARNING - Dependency <Task(_PythonDecoratedOperator): log_sql_query>, print_the_context already registered for DAG: example_python_operator
[2023-04-08T15:33:15.299-0300] {logging_mixin.py:137} INFO - [2023-04-08T15:33:15.299-0300] {example_python_operator.py:90} WARNING - The virtalenv_python example task requires virtualenv, please install it.
[2023-04-08T15:33:15.302-0300] {processor.py:753} INFO - DAG(s) dict_keys(['example_python_operator']) retrieved from /home/kauanu/PycharmProjects/AirFLowEnade/venv/lib/python3.10/site-packages/airflow/example_dags/example_python_operator.py
[2023-04-08T15:33:15.317-0300] {logging_mixin.py:137} INFO - [2023-04-08T15:33:15.317-0300] {dag.py:2705} INFO - Sync 1 DAGs
[2023-04-08T15:33:15.331-0300] {logging_mixin.py:137} INFO - [2023-04-08T15:33:15.331-0300] {dag.py:3452} INFO - Setting next_dagrun for example_python_operator to None, run_after=None
[2023-04-08T15:33:15.353-0300] {processor.py:175} INFO - Processing /home/kauanu/PycharmProjects/AirFLowEnade/venv/lib/python3.10/site-packages/airflow/example_dags/example_python_operator.py took 0.072 seconds
[2023-04-08T15:34:06.996-0300] {processor.py:153} INFO - Started process (PID=15870) to work on /home/kauanu/PycharmProjects/AirFLowEnade/venv/lib/python3.10/site-packages/airflow/example_dags/example_python_operator.py
[2023-04-08T15:34:07.004-0300] {processor.py:743} INFO - Processing file /home/kauanu/PycharmProjects/AirFLowEnade/venv/lib/python3.10/site-packages/airflow/example_dags/example_python_operator.py for tasks to queue
[2023-04-08T15:34:07.005-0300] {logging_mixin.py:137} INFO - [2023-04-08T15:34:07.005-0300] {dagbag.py:532} INFO - Filling up the DagBag from /home/kauanu/PycharmProjects/AirFLowEnade/venv/lib/python3.10/site-packages/airflow/example_dags/example_python_operator.py
[2023-04-08T15:34:07.020-0300] {logging_mixin.py:137} INFO - [2023-04-08T15:34:07.020-0300] {taskmixin.py:211} WARNING - Dependency <Task(_PythonDecoratedOperator): print_the_context>, log_sql_query already registered for DAG: example_python_operator
[2023-04-08T15:34:07.020-0300] {logging_mixin.py:137} INFO - [2023-04-08T15:34:07.020-0300] {taskmixin.py:211} WARNING - Dependency <Task(_PythonDecoratedOperator): log_sql_query>, print_the_context already registered for DAG: example_python_operator
[2023-04-08T15:34:07.021-0300] {logging_mixin.py:137} INFO - [2023-04-08T15:34:07.021-0300] {taskmixin.py:211} WARNING - Dependency <Task(_PythonDecoratedOperator): print_the_context>, log_sql_query already registered for DAG: example_python_operator
[2023-04-08T15:34:07.021-0300] {logging_mixin.py:137} INFO - [2023-04-08T15:34:07.021-0300] {taskmixin.py:211} WARNING - Dependency <Task(_PythonDecoratedOperator): log_sql_query>, print_the_context already registered for DAG: example_python_operator
[2023-04-08T15:34:07.021-0300] {logging_mixin.py:137} INFO - [2023-04-08T15:34:07.021-0300] {taskmixin.py:211} WARNING - Dependency <Task(_PythonDecoratedOperator): print_the_context>, log_sql_query already registered for DAG: example_python_operator
[2023-04-08T15:34:07.021-0300] {logging_mixin.py:137} INFO - [2023-04-08T15:34:07.021-0300] {taskmixin.py:211} WARNING - Dependency <Task(_PythonDecoratedOperator): log_sql_query>, print_the_context already registered for DAG: example_python_operator
[2023-04-08T15:34:07.022-0300] {logging_mixin.py:137} INFO - [2023-04-08T15:34:07.022-0300] {taskmixin.py:211} WARNING - Dependency <Task(_PythonDecoratedOperator): print_the_context>, log_sql_query already registered for DAG: example_python_operator
[2023-04-08T15:34:07.022-0300] {logging_mixin.py:137} INFO - [2023-04-08T15:34:07.022-0300] {taskmixin.py:211} WARNING - Dependency <Task(_PythonDecoratedOperator): log_sql_query>, print_the_context already registered for DAG: example_python_operator
[2023-04-08T15:34:07.022-0300] {logging_mixin.py:137} INFO - [2023-04-08T15:34:07.022-0300] {example_python_operator.py:90} WARNING - The virtalenv_python example task requires virtualenv, please install it.
[2023-04-08T15:34:07.027-0300] {processor.py:753} INFO - DAG(s) dict_keys(['example_python_operator']) retrieved from /home/kauanu/PycharmProjects/AirFLowEnade/venv/lib/python3.10/site-packages/airflow/example_dags/example_python_operator.py
[2023-04-08T15:34:07.051-0300] {logging_mixin.py:137} INFO - [2023-04-08T15:34:07.051-0300] {dag.py:2705} INFO - Sync 1 DAGs
[2023-04-08T15:34:07.069-0300] {logging_mixin.py:137} INFO - [2023-04-08T15:34:07.069-0300] {dag.py:3452} INFO - Setting next_dagrun for example_python_operator to None, run_after=None
[2023-04-08T15:34:07.104-0300] {processor.py:175} INFO - Processing /home/kauanu/PycharmProjects/AirFLowEnade/venv/lib/python3.10/site-packages/airflow/example_dags/example_python_operator.py took 0.110 seconds
[2023-04-08T15:34:54.223-0300] {processor.py:153} INFO - Started process (PID=16111) to work on /home/kauanu/PycharmProjects/AirFLowEnade/venv/lib/python3.10/site-packages/airflow/example_dags/example_python_operator.py
[2023-04-08T15:34:54.227-0300] {processor.py:743} INFO - Processing file /home/kauanu/PycharmProjects/AirFLowEnade/venv/lib/python3.10/site-packages/airflow/example_dags/example_python_operator.py for tasks to queue
[2023-04-08T15:34:54.228-0300] {logging_mixin.py:137} INFO - [2023-04-08T15:34:54.228-0300] {dagbag.py:532} INFO - Filling up the DagBag from /home/kauanu/PycharmProjects/AirFLowEnade/venv/lib/python3.10/site-packages/airflow/example_dags/example_python_operator.py
[2023-04-08T15:34:54.243-0300] {logging_mixin.py:137} INFO - [2023-04-08T15:34:54.243-0300] {taskmixin.py:211} WARNING - Dependency <Task(_PythonDecoratedOperator): print_the_context>, log_sql_query already registered for DAG: example_python_operator
[2023-04-08T15:34:54.243-0300] {logging_mixin.py:137} INFO - [2023-04-08T15:34:54.243-0300] {taskmixin.py:211} WARNING - Dependency <Task(_PythonDecoratedOperator): log_sql_query>, print_the_context already registered for DAG: example_python_operator
[2023-04-08T15:34:54.244-0300] {logging_mixin.py:137} INFO - [2023-04-08T15:34:54.244-0300] {taskmixin.py:211} WARNING - Dependency <Task(_PythonDecoratedOperator): print_the_context>, log_sql_query already registered for DAG: example_python_operator
[2023-04-08T15:34:54.244-0300] {logging_mixin.py:137} INFO - [2023-04-08T15:34:54.244-0300] {taskmixin.py:211} WARNING - Dependency <Task(_PythonDecoratedOperator): log_sql_query>, print_the_context already registered for DAG: example_python_operator
[2023-04-08T15:34:54.244-0300] {logging_mixin.py:137} INFO - [2023-04-08T15:34:54.244-0300] {taskmixin.py:211} WARNING - Dependency <Task(_PythonDecoratedOperator): print_the_context>, log_sql_query already registered for DAG: example_python_operator
[2023-04-08T15:34:54.244-0300] {logging_mixin.py:137} INFO - [2023-04-08T15:34:54.244-0300] {taskmixin.py:211} WARNING - Dependency <Task(_PythonDecoratedOperator): log_sql_query>, print_the_context already registered for DAG: example_python_operator
[2023-04-08T15:34:54.245-0300] {logging_mixin.py:137} INFO - [2023-04-08T15:34:54.245-0300] {taskmixin.py:211} WARNING - Dependency <Task(_PythonDecoratedOperator): print_the_context>, log_sql_query already registered for DAG: example_python_operator
[2023-04-08T15:34:54.245-0300] {logging_mixin.py:137} INFO - [2023-04-08T15:34:54.245-0300] {taskmixin.py:211} WARNING - Dependency <Task(_PythonDecoratedOperator): log_sql_query>, print_the_context already registered for DAG: example_python_operator
[2023-04-08T15:34:54.245-0300] {logging_mixin.py:137} INFO - [2023-04-08T15:34:54.245-0300] {example_python_operator.py:90} WARNING - The virtalenv_python example task requires virtualenv, please install it.
[2023-04-08T15:34:54.248-0300] {processor.py:753} INFO - DAG(s) dict_keys(['example_python_operator']) retrieved from /home/kauanu/PycharmProjects/AirFLowEnade/venv/lib/python3.10/site-packages/airflow/example_dags/example_python_operator.py
[2023-04-08T15:34:54.276-0300] {logging_mixin.py:137} INFO - [2023-04-08T15:34:54.276-0300] {dag.py:2705} INFO - Sync 1 DAGs
[2023-04-08T15:34:54.293-0300] {logging_mixin.py:137} INFO - [2023-04-08T15:34:54.293-0300] {dag.py:3452} INFO - Setting next_dagrun for example_python_operator to None, run_after=None
[2023-04-08T15:34:54.321-0300] {processor.py:175} INFO - Processing /home/kauanu/PycharmProjects/AirFLowEnade/venv/lib/python3.10/site-packages/airflow/example_dags/example_python_operator.py took 0.101 seconds
[2023-04-08T15:35:38.658-0300] {processor.py:153} INFO - Started process (PID=16301) to work on /home/kauanu/PycharmProjects/AirFLowEnade/venv/lib/python3.10/site-packages/airflow/example_dags/example_python_operator.py
[2023-04-08T15:35:38.659-0300] {processor.py:743} INFO - Processing file /home/kauanu/PycharmProjects/AirFLowEnade/venv/lib/python3.10/site-packages/airflow/example_dags/example_python_operator.py for tasks to queue
[2023-04-08T15:35:38.660-0300] {logging_mixin.py:137} INFO - [2023-04-08T15:35:38.660-0300] {dagbag.py:532} INFO - Filling up the DagBag from /home/kauanu/PycharmProjects/AirFLowEnade/venv/lib/python3.10/site-packages/airflow/example_dags/example_python_operator.py
[2023-04-08T15:35:38.673-0300] {logging_mixin.py:137} INFO - [2023-04-08T15:35:38.673-0300] {taskmixin.py:211} WARNING - Dependency <Task(_PythonDecoratedOperator): print_the_context>, log_sql_query already registered for DAG: example_python_operator
[2023-04-08T15:35:38.674-0300] {logging_mixin.py:137} INFO - [2023-04-08T15:35:38.674-0300] {taskmixin.py:211} WARNING - Dependency <Task(_PythonDecoratedOperator): log_sql_query>, print_the_context already registered for DAG: example_python_operator
[2023-04-08T15:35:38.674-0300] {logging_mixin.py:137} INFO - [2023-04-08T15:35:38.674-0300] {taskmixin.py:211} WARNING - Dependency <Task(_PythonDecoratedOperator): print_the_context>, log_sql_query already registered for DAG: example_python_operator
[2023-04-08T15:35:38.674-0300] {logging_mixin.py:137} INFO - [2023-04-08T15:35:38.674-0300] {taskmixin.py:211} WARNING - Dependency <Task(_PythonDecoratedOperator): log_sql_query>, print_the_context already registered for DAG: example_python_operator
[2023-04-08T15:35:38.674-0300] {logging_mixin.py:137} INFO - [2023-04-08T15:35:38.674-0300] {taskmixin.py:211} WARNING - Dependency <Task(_PythonDecoratedOperator): print_the_context>, log_sql_query already registered for DAG: example_python_operator
[2023-04-08T15:35:38.674-0300] {logging_mixin.py:137} INFO - [2023-04-08T15:35:38.674-0300] {taskmixin.py:211} WARNING - Dependency <Task(_PythonDecoratedOperator): log_sql_query>, print_the_context already registered for DAG: example_python_operator
[2023-04-08T15:35:38.675-0300] {logging_mixin.py:137} INFO - [2023-04-08T15:35:38.675-0300] {taskmixin.py:211} WARNING - Dependency <Task(_PythonDecoratedOperator): print_the_context>, log_sql_query already registered for DAG: example_python_operator
[2023-04-08T15:35:38.675-0300] {logging_mixin.py:137} INFO - [2023-04-08T15:35:38.675-0300] {taskmixin.py:211} WARNING - Dependency <Task(_PythonDecoratedOperator): log_sql_query>, print_the_context already registered for DAG: example_python_operator
[2023-04-08T15:35:38.675-0300] {logging_mixin.py:137} INFO - [2023-04-08T15:35:38.675-0300] {example_python_operator.py:90} WARNING - The virtalenv_python example task requires virtualenv, please install it.
[2023-04-08T15:35:38.678-0300] {processor.py:753} INFO - DAG(s) dict_keys(['example_python_operator']) retrieved from /home/kauanu/PycharmProjects/AirFLowEnade/venv/lib/python3.10/site-packages/airflow/example_dags/example_python_operator.py
[2023-04-08T15:35:38.702-0300] {logging_mixin.py:137} INFO - [2023-04-08T15:35:38.701-0300] {dag.py:2705} INFO - Sync 1 DAGs
[2023-04-08T15:35:38.717-0300] {logging_mixin.py:137} INFO - [2023-04-08T15:35:38.717-0300] {dag.py:3452} INFO - Setting next_dagrun for example_python_operator to None, run_after=None
[2023-04-08T15:35:38.740-0300] {processor.py:175} INFO - Processing /home/kauanu/PycharmProjects/AirFLowEnade/venv/lib/python3.10/site-packages/airflow/example_dags/example_python_operator.py took 0.085 seconds
[2023-04-08T15:36:22.739-0300] {processor.py:153} INFO - Started process (PID=16529) to work on /home/kauanu/PycharmProjects/AirFLowEnade/venv/lib/python3.10/site-packages/airflow/example_dags/example_python_operator.py
[2023-04-08T15:36:22.747-0300] {processor.py:743} INFO - Processing file /home/kauanu/PycharmProjects/AirFLowEnade/venv/lib/python3.10/site-packages/airflow/example_dags/example_python_operator.py for tasks to queue
[2023-04-08T15:36:22.749-0300] {logging_mixin.py:137} INFO - [2023-04-08T15:36:22.749-0300] {dagbag.py:532} INFO - Filling up the DagBag from /home/kauanu/PycharmProjects/AirFLowEnade/venv/lib/python3.10/site-packages/airflow/example_dags/example_python_operator.py
[2023-04-08T15:36:22.769-0300] {logging_mixin.py:137} INFO - [2023-04-08T15:36:22.768-0300] {taskmixin.py:211} WARNING - Dependency <Task(_PythonDecoratedOperator): print_the_context>, log_sql_query already registered for DAG: example_python_operator
[2023-04-08T15:36:22.769-0300] {logging_mixin.py:137} INFO - [2023-04-08T15:36:22.769-0300] {taskmixin.py:211} WARNING - Dependency <Task(_PythonDecoratedOperator): log_sql_query>, print_the_context already registered for DAG: example_python_operator
[2023-04-08T15:36:22.769-0300] {logging_mixin.py:137} INFO - [2023-04-08T15:36:22.769-0300] {taskmixin.py:211} WARNING - Dependency <Task(_PythonDecoratedOperator): print_the_context>, log_sql_query already registered for DAG: example_python_operator
[2023-04-08T15:36:22.769-0300] {logging_mixin.py:137} INFO - [2023-04-08T15:36:22.769-0300] {taskmixin.py:211} WARNING - Dependency <Task(_PythonDecoratedOperator): log_sql_query>, print_the_context already registered for DAG: example_python_operator
[2023-04-08T15:36:22.770-0300] {logging_mixin.py:137} INFO - [2023-04-08T15:36:22.769-0300] {taskmixin.py:211} WARNING - Dependency <Task(_PythonDecoratedOperator): print_the_context>, log_sql_query already registered for DAG: example_python_operator
[2023-04-08T15:36:22.770-0300] {logging_mixin.py:137} INFO - [2023-04-08T15:36:22.770-0300] {taskmixin.py:211} WARNING - Dependency <Task(_PythonDecoratedOperator): log_sql_query>, print_the_context already registered for DAG: example_python_operator
[2023-04-08T15:36:22.770-0300] {logging_mixin.py:137} INFO - [2023-04-08T15:36:22.770-0300] {taskmixin.py:211} WARNING - Dependency <Task(_PythonDecoratedOperator): print_the_context>, log_sql_query already registered for DAG: example_python_operator
[2023-04-08T15:36:22.770-0300] {logging_mixin.py:137} INFO - [2023-04-08T15:36:22.770-0300] {taskmixin.py:211} WARNING - Dependency <Task(_PythonDecoratedOperator): log_sql_query>, print_the_context already registered for DAG: example_python_operator
[2023-04-08T15:36:22.770-0300] {logging_mixin.py:137} INFO - [2023-04-08T15:36:22.770-0300] {example_python_operator.py:90} WARNING - The virtalenv_python example task requires virtualenv, please install it.
[2023-04-08T15:36:22.774-0300] {processor.py:753} INFO - DAG(s) dict_keys(['example_python_operator']) retrieved from /home/kauanu/PycharmProjects/AirFLowEnade/venv/lib/python3.10/site-packages/airflow/example_dags/example_python_operator.py
[2023-04-08T15:36:22.798-0300] {logging_mixin.py:137} INFO - [2023-04-08T15:36:22.797-0300] {dag.py:2705} INFO - Sync 1 DAGs
[2023-04-08T15:36:22.813-0300] {logging_mixin.py:137} INFO - [2023-04-08T15:36:22.813-0300] {dag.py:3452} INFO - Setting next_dagrun for example_python_operator to None, run_after=None
[2023-04-08T15:36:22.880-0300] {processor.py:175} INFO - Processing /home/kauanu/PycharmProjects/AirFLowEnade/venv/lib/python3.10/site-packages/airflow/example_dags/example_python_operator.py took 0.145 seconds
