[2023-04-08T15:25:25.455-0300] {processor.py:153} INFO - Started process (PID=13357) to work on /home/kauanu/PycharmProjects/AirFLowEnade/venv/lib/python3.10/site-packages/airflow/example_dags/example_latest_only_with_trigger.py
[2023-04-08T15:25:25.464-0300] {processor.py:743} INFO - Processing file /home/kauanu/PycharmProjects/AirFLowEnade/venv/lib/python3.10/site-packages/airflow/example_dags/example_latest_only_with_trigger.py for tasks to queue
[2023-04-08T15:25:25.465-0300] {logging_mixin.py:137} INFO - [2023-04-08T15:25:25.465-0300] {dagbag.py:532} INFO - Filling up the DagBag from /home/kauanu/PycharmProjects/AirFLowEnade/venv/lib/python3.10/site-packages/airflow/example_dags/example_latest_only_with_trigger.py
[2023-04-08T15:25:25.521-0300] {processor.py:753} INFO - DAG(s) dict_keys(['latest_only_with_trigger']) retrieved from /home/kauanu/PycharmProjects/AirFLowEnade/venv/lib/python3.10/site-packages/airflow/example_dags/example_latest_only_with_trigger.py
[2023-04-08T15:25:25.701-0300] {logging_mixin.py:137} INFO - [2023-04-08T15:25:25.700-0300] {manager.py:504} INFO - Created Permission View: can delete on DAG:latest_only_with_trigger
[2023-04-08T15:25:25.757-0300] {logging_mixin.py:137} INFO - [2023-04-08T15:25:25.756-0300] {manager.py:504} INFO - Created Permission View: can edit on DAG:latest_only_with_trigger
[2023-04-08T15:25:25.819-0300] {logging_mixin.py:137} INFO - [2023-04-08T15:25:25.817-0300] {manager.py:504} INFO - Created Permission View: can read on DAG:latest_only_with_trigger
[2023-04-08T15:25:25.820-0300] {logging_mixin.py:137} INFO - [2023-04-08T15:25:25.819-0300] {dag.py:2705} INFO - Sync 1 DAGs
[2023-04-08T15:25:25.877-0300] {logging_mixin.py:137} INFO - [2023-04-08T15:25:25.869-0300] {dag.py:2726} INFO - Creating ORM DAG for latest_only_with_trigger
[2023-04-08T15:25:25.890-0300] {logging_mixin.py:137} INFO - [2023-04-08T15:25:25.890-0300] {dag.py:3452} INFO - Setting next_dagrun for latest_only_with_trigger to 2023-04-08T14:25:25.889737+00:00, run_after=2023-04-08T18:25:25.889737+00:00
[2023-04-08T15:25:25.930-0300] {processor.py:175} INFO - Processing /home/kauanu/PycharmProjects/AirFLowEnade/venv/lib/python3.10/site-packages/airflow/example_dags/example_latest_only_with_trigger.py took 0.483 seconds
[2023-04-08T15:26:22.043-0300] {processor.py:153} INFO - Started process (PID=13636) to work on /home/kauanu/PycharmProjects/AirFLowEnade/venv/lib/python3.10/site-packages/airflow/example_dags/example_latest_only_with_trigger.py
[2023-04-08T15:26:22.044-0300] {processor.py:743} INFO - Processing file /home/kauanu/PycharmProjects/AirFLowEnade/venv/lib/python3.10/site-packages/airflow/example_dags/example_latest_only_with_trigger.py for tasks to queue
[2023-04-08T15:26:22.045-0300] {logging_mixin.py:137} INFO - [2023-04-08T15:26:22.045-0300] {dagbag.py:532} INFO - Filling up the DagBag from /home/kauanu/PycharmProjects/AirFLowEnade/venv/lib/python3.10/site-packages/airflow/example_dags/example_latest_only_with_trigger.py
[2023-04-08T15:26:22.059-0300] {processor.py:753} INFO - DAG(s) dict_keys(['latest_only_with_trigger']) retrieved from /home/kauanu/PycharmProjects/AirFLowEnade/venv/lib/python3.10/site-packages/airflow/example_dags/example_latest_only_with_trigger.py
[2023-04-08T15:26:22.075-0300] {logging_mixin.py:137} INFO - [2023-04-08T15:26:22.075-0300] {dag.py:2705} INFO - Sync 1 DAGs
[2023-04-08T15:26:22.089-0300] {logging_mixin.py:137} INFO - [2023-04-08T15:26:22.088-0300] {dag.py:3452} INFO - Setting next_dagrun for latest_only_with_trigger to 2023-04-08T14:26:22.088749+00:00, run_after=2023-04-08T18:26:22.088749+00:00
[2023-04-08T15:26:22.111-0300] {processor.py:175} INFO - Processing /home/kauanu/PycharmProjects/AirFLowEnade/venv/lib/python3.10/site-packages/airflow/example_dags/example_latest_only_with_trigger.py took 0.075 seconds
[2023-04-08T15:27:04.140-0300] {processor.py:153} INFO - Started process (PID=13840) to work on /home/kauanu/PycharmProjects/AirFLowEnade/venv/lib/python3.10/site-packages/airflow/example_dags/example_latest_only_with_trigger.py
[2023-04-08T15:27:04.161-0300] {processor.py:743} INFO - Processing file /home/kauanu/PycharmProjects/AirFLowEnade/venv/lib/python3.10/site-packages/airflow/example_dags/example_latest_only_with_trigger.py for tasks to queue
[2023-04-08T15:27:04.168-0300] {logging_mixin.py:137} INFO - [2023-04-08T15:27:04.167-0300] {dagbag.py:532} INFO - Filling up the DagBag from /home/kauanu/PycharmProjects/AirFLowEnade/venv/lib/python3.10/site-packages/airflow/example_dags/example_latest_only_with_trigger.py
[2023-04-08T15:27:04.212-0300] {processor.py:753} INFO - DAG(s) dict_keys(['latest_only_with_trigger']) retrieved from /home/kauanu/PycharmProjects/AirFLowEnade/venv/lib/python3.10/site-packages/airflow/example_dags/example_latest_only_with_trigger.py
[2023-04-08T15:27:04.256-0300] {logging_mixin.py:137} INFO - [2023-04-08T15:27:04.256-0300] {dag.py:2705} INFO - Sync 1 DAGs
[2023-04-08T15:27:04.295-0300] {logging_mixin.py:137} INFO - [2023-04-08T15:27:04.294-0300] {dag.py:3452} INFO - Setting next_dagrun for latest_only_with_trigger to 2023-04-08T14:27:04.294274+00:00, run_after=2023-04-08T18:27:04.294274+00:00
[2023-04-08T15:27:04.409-0300] {processor.py:175} INFO - Processing /home/kauanu/PycharmProjects/AirFLowEnade/venv/lib/python3.10/site-packages/airflow/example_dags/example_latest_only_with_trigger.py took 0.282 seconds
[2023-04-08T15:27:52.371-0300] {processor.py:153} INFO - Started process (PID=14055) to work on /home/kauanu/PycharmProjects/AirFLowEnade/venv/lib/python3.10/site-packages/airflow/example_dags/example_latest_only_with_trigger.py
[2023-04-08T15:27:52.384-0300] {processor.py:743} INFO - Processing file /home/kauanu/PycharmProjects/AirFLowEnade/venv/lib/python3.10/site-packages/airflow/example_dags/example_latest_only_with_trigger.py for tasks to queue
[2023-04-08T15:27:52.385-0300] {logging_mixin.py:137} INFO - [2023-04-08T15:27:52.384-0300] {dagbag.py:532} INFO - Filling up the DagBag from /home/kauanu/PycharmProjects/AirFLowEnade/venv/lib/python3.10/site-packages/airflow/example_dags/example_latest_only_with_trigger.py
[2023-04-08T15:27:52.421-0300] {processor.py:753} INFO - DAG(s) dict_keys(['latest_only_with_trigger']) retrieved from /home/kauanu/PycharmProjects/AirFLowEnade/venv/lib/python3.10/site-packages/airflow/example_dags/example_latest_only_with_trigger.py
[2023-04-08T15:27:52.476-0300] {logging_mixin.py:137} INFO - [2023-04-08T15:27:52.476-0300] {dag.py:2705} INFO - Sync 1 DAGs
[2023-04-08T15:27:52.555-0300] {logging_mixin.py:137} INFO - [2023-04-08T15:27:52.554-0300] {dag.py:3452} INFO - Setting next_dagrun for latest_only_with_trigger to 2023-04-08T14:27:52.553887+00:00, run_after=2023-04-08T18:27:52.553887+00:00
[2023-04-08T15:27:52.695-0300] {processor.py:175} INFO - Processing /home/kauanu/PycharmProjects/AirFLowEnade/venv/lib/python3.10/site-packages/airflow/example_dags/example_latest_only_with_trigger.py took 0.328 seconds
[2023-04-08T15:28:36.258-0300] {processor.py:153} INFO - Started process (PID=14257) to work on /home/kauanu/PycharmProjects/AirFLowEnade/venv/lib/python3.10/site-packages/airflow/example_dags/example_latest_only_with_trigger.py
[2023-04-08T15:28:36.271-0300] {processor.py:743} INFO - Processing file /home/kauanu/PycharmProjects/AirFLowEnade/venv/lib/python3.10/site-packages/airflow/example_dags/example_latest_only_with_trigger.py for tasks to queue
[2023-04-08T15:28:36.272-0300] {logging_mixin.py:137} INFO - [2023-04-08T15:28:36.272-0300] {dagbag.py:532} INFO - Filling up the DagBag from /home/kauanu/PycharmProjects/AirFLowEnade/venv/lib/python3.10/site-packages/airflow/example_dags/example_latest_only_with_trigger.py
[2023-04-08T15:28:36.285-0300] {processor.py:753} INFO - DAG(s) dict_keys(['latest_only_with_trigger']) retrieved from /home/kauanu/PycharmProjects/AirFLowEnade/venv/lib/python3.10/site-packages/airflow/example_dags/example_latest_only_with_trigger.py
[2023-04-08T15:28:36.304-0300] {logging_mixin.py:137} INFO - [2023-04-08T15:28:36.304-0300] {dag.py:2705} INFO - Sync 1 DAGs
[2023-04-08T15:28:36.321-0300] {logging_mixin.py:137} INFO - [2023-04-08T15:28:36.321-0300] {dag.py:3452} INFO - Setting next_dagrun for latest_only_with_trigger to 2023-04-08T14:28:36.321016+00:00, run_after=2023-04-08T18:28:36.321016+00:00
[2023-04-08T15:28:36.380-0300] {processor.py:175} INFO - Processing /home/kauanu/PycharmProjects/AirFLowEnade/venv/lib/python3.10/site-packages/airflow/example_dags/example_latest_only_with_trigger.py took 0.127 seconds
[2023-04-08T15:29:24.417-0300] {processor.py:153} INFO - Started process (PID=14555) to work on /home/kauanu/PycharmProjects/AirFLowEnade/venv/lib/python3.10/site-packages/airflow/example_dags/example_latest_only_with_trigger.py
[2023-04-08T15:29:24.434-0300] {processor.py:743} INFO - Processing file /home/kauanu/PycharmProjects/AirFLowEnade/venv/lib/python3.10/site-packages/airflow/example_dags/example_latest_only_with_trigger.py for tasks to queue
[2023-04-08T15:29:24.437-0300] {logging_mixin.py:137} INFO - [2023-04-08T15:29:24.437-0300] {dagbag.py:532} INFO - Filling up the DagBag from /home/kauanu/PycharmProjects/AirFLowEnade/venv/lib/python3.10/site-packages/airflow/example_dags/example_latest_only_with_trigger.py
[2023-04-08T15:29:24.459-0300] {processor.py:753} INFO - DAG(s) dict_keys(['latest_only_with_trigger']) retrieved from /home/kauanu/PycharmProjects/AirFLowEnade/venv/lib/python3.10/site-packages/airflow/example_dags/example_latest_only_with_trigger.py
[2023-04-08T15:29:24.483-0300] {logging_mixin.py:137} INFO - [2023-04-08T15:29:24.483-0300] {dag.py:2705} INFO - Sync 1 DAGs
[2023-04-08T15:29:24.523-0300] {logging_mixin.py:137} INFO - [2023-04-08T15:29:24.522-0300] {dag.py:3452} INFO - Setting next_dagrun for latest_only_with_trigger to 2023-04-08T14:29:24.522677+00:00, run_after=2023-04-08T18:29:24.522677+00:00
[2023-04-08T15:29:24.561-0300] {processor.py:175} INFO - Processing /home/kauanu/PycharmProjects/AirFLowEnade/venv/lib/python3.10/site-packages/airflow/example_dags/example_latest_only_with_trigger.py took 0.147 seconds
[2023-04-08T15:30:04.505-0300] {processor.py:153} INFO - Started process (PID=14745) to work on /home/kauanu/PycharmProjects/AirFLowEnade/venv/lib/python3.10/site-packages/airflow/example_dags/example_latest_only_with_trigger.py
[2023-04-08T15:30:04.506-0300] {processor.py:743} INFO - Processing file /home/kauanu/PycharmProjects/AirFLowEnade/venv/lib/python3.10/site-packages/airflow/example_dags/example_latest_only_with_trigger.py for tasks to queue
[2023-04-08T15:30:04.507-0300] {logging_mixin.py:137} INFO - [2023-04-08T15:30:04.507-0300] {dagbag.py:532} INFO - Filling up the DagBag from /home/kauanu/PycharmProjects/AirFLowEnade/venv/lib/python3.10/site-packages/airflow/example_dags/example_latest_only_with_trigger.py
[2023-04-08T15:30:04.518-0300] {processor.py:753} INFO - DAG(s) dict_keys(['latest_only_with_trigger']) retrieved from /home/kauanu/PycharmProjects/AirFLowEnade/venv/lib/python3.10/site-packages/airflow/example_dags/example_latest_only_with_trigger.py
[2023-04-08T15:30:04.534-0300] {logging_mixin.py:137} INFO - [2023-04-08T15:30:04.534-0300] {dag.py:2705} INFO - Sync 1 DAGs
[2023-04-08T15:30:04.548-0300] {logging_mixin.py:137} INFO - [2023-04-08T15:30:04.548-0300] {dag.py:3452} INFO - Setting next_dagrun for latest_only_with_trigger to 2023-04-08T14:30:04.548515+00:00, run_after=2023-04-08T18:30:04.548515+00:00
[2023-04-08T15:30:04.570-0300] {processor.py:175} INFO - Processing /home/kauanu/PycharmProjects/AirFLowEnade/venv/lib/python3.10/site-packages/airflow/example_dags/example_latest_only_with_trigger.py took 0.068 seconds
[2023-04-08T15:30:46.585-0300] {processor.py:153} INFO - Started process (PID=14950) to work on /home/kauanu/PycharmProjects/AirFLowEnade/venv/lib/python3.10/site-packages/airflow/example_dags/example_latest_only_with_trigger.py
[2023-04-08T15:30:46.586-0300] {processor.py:743} INFO - Processing file /home/kauanu/PycharmProjects/AirFLowEnade/venv/lib/python3.10/site-packages/airflow/example_dags/example_latest_only_with_trigger.py for tasks to queue
[2023-04-08T15:30:46.587-0300] {logging_mixin.py:137} INFO - [2023-04-08T15:30:46.587-0300] {dagbag.py:532} INFO - Filling up the DagBag from /home/kauanu/PycharmProjects/AirFLowEnade/venv/lib/python3.10/site-packages/airflow/example_dags/example_latest_only_with_trigger.py
[2023-04-08T15:30:46.598-0300] {processor.py:753} INFO - DAG(s) dict_keys(['latest_only_with_trigger']) retrieved from /home/kauanu/PycharmProjects/AirFLowEnade/venv/lib/python3.10/site-packages/airflow/example_dags/example_latest_only_with_trigger.py
[2023-04-08T15:30:46.613-0300] {logging_mixin.py:137} INFO - [2023-04-08T15:30:46.613-0300] {dag.py:2705} INFO - Sync 1 DAGs
[2023-04-08T15:30:46.628-0300] {logging_mixin.py:137} INFO - [2023-04-08T15:30:46.627-0300] {dag.py:3452} INFO - Setting next_dagrun for latest_only_with_trigger to 2023-04-08T14:30:46.627757+00:00, run_after=2023-04-08T18:30:46.627757+00:00
[2023-04-08T15:30:46.650-0300] {processor.py:175} INFO - Processing /home/kauanu/PycharmProjects/AirFLowEnade/venv/lib/python3.10/site-packages/airflow/example_dags/example_latest_only_with_trigger.py took 0.067 seconds
[2023-04-08T15:31:31.114-0300] {processor.py:153} INFO - Started process (PID=15145) to work on /home/kauanu/PycharmProjects/AirFLowEnade/venv/lib/python3.10/site-packages/airflow/example_dags/example_latest_only_with_trigger.py
[2023-04-08T15:31:31.115-0300] {processor.py:743} INFO - Processing file /home/kauanu/PycharmProjects/AirFLowEnade/venv/lib/python3.10/site-packages/airflow/example_dags/example_latest_only_with_trigger.py for tasks to queue
[2023-04-08T15:31:31.115-0300] {logging_mixin.py:137} INFO - [2023-04-08T15:31:31.115-0300] {dagbag.py:532} INFO - Filling up the DagBag from /home/kauanu/PycharmProjects/AirFLowEnade/venv/lib/python3.10/site-packages/airflow/example_dags/example_latest_only_with_trigger.py
[2023-04-08T15:31:31.126-0300] {processor.py:753} INFO - DAG(s) dict_keys(['latest_only_with_trigger']) retrieved from /home/kauanu/PycharmProjects/AirFLowEnade/venv/lib/python3.10/site-packages/airflow/example_dags/example_latest_only_with_trigger.py
[2023-04-08T15:31:31.141-0300] {logging_mixin.py:137} INFO - [2023-04-08T15:31:31.141-0300] {dag.py:2705} INFO - Sync 1 DAGs
[2023-04-08T15:31:31.154-0300] {logging_mixin.py:137} INFO - [2023-04-08T15:31:31.154-0300] {dag.py:3452} INFO - Setting next_dagrun for latest_only_with_trigger to 2023-04-08T14:31:31.154259+00:00, run_after=2023-04-08T18:31:31.154259+00:00
[2023-04-08T15:31:31.217-0300] {processor.py:175} INFO - Processing /home/kauanu/PycharmProjects/AirFLowEnade/venv/lib/python3.10/site-packages/airflow/example_dags/example_latest_only_with_trigger.py took 0.106 seconds
[2023-04-08T15:32:12.036-0300] {processor.py:153} INFO - Started process (PID=15330) to work on /home/kauanu/PycharmProjects/AirFLowEnade/venv/lib/python3.10/site-packages/airflow/example_dags/example_latest_only_with_trigger.py
[2023-04-08T15:32:12.037-0300] {processor.py:743} INFO - Processing file /home/kauanu/PycharmProjects/AirFLowEnade/venv/lib/python3.10/site-packages/airflow/example_dags/example_latest_only_with_trigger.py for tasks to queue
[2023-04-08T15:32:12.038-0300] {logging_mixin.py:137} INFO - [2023-04-08T15:32:12.038-0300] {dagbag.py:532} INFO - Filling up the DagBag from /home/kauanu/PycharmProjects/AirFLowEnade/venv/lib/python3.10/site-packages/airflow/example_dags/example_latest_only_with_trigger.py
[2023-04-08T15:32:12.049-0300] {processor.py:753} INFO - DAG(s) dict_keys(['latest_only_with_trigger']) retrieved from /home/kauanu/PycharmProjects/AirFLowEnade/venv/lib/python3.10/site-packages/airflow/example_dags/example_latest_only_with_trigger.py
[2023-04-08T15:32:12.068-0300] {logging_mixin.py:137} INFO - [2023-04-08T15:32:12.068-0300] {dag.py:2705} INFO - Sync 1 DAGs
[2023-04-08T15:32:12.084-0300] {logging_mixin.py:137} INFO - [2023-04-08T15:32:12.084-0300] {dag.py:3452} INFO - Setting next_dagrun for latest_only_with_trigger to 2023-04-08T14:32:12.083825+00:00, run_after=2023-04-08T18:32:12.083825+00:00
[2023-04-08T15:32:12.133-0300] {processor.py:175} INFO - Processing /home/kauanu/PycharmProjects/AirFLowEnade/venv/lib/python3.10/site-packages/airflow/example_dags/example_latest_only_with_trigger.py took 0.099 seconds
[2023-04-08T15:32:50.430-0300] {processor.py:153} INFO - Started process (PID=15523) to work on /home/kauanu/PycharmProjects/AirFLowEnade/venv/lib/python3.10/site-packages/airflow/example_dags/example_latest_only_with_trigger.py
[2023-04-08T15:32:50.431-0300] {processor.py:743} INFO - Processing file /home/kauanu/PycharmProjects/AirFLowEnade/venv/lib/python3.10/site-packages/airflow/example_dags/example_latest_only_with_trigger.py for tasks to queue
[2023-04-08T15:32:50.432-0300] {logging_mixin.py:137} INFO - [2023-04-08T15:32:50.431-0300] {dagbag.py:532} INFO - Filling up the DagBag from /home/kauanu/PycharmProjects/AirFLowEnade/venv/lib/python3.10/site-packages/airflow/example_dags/example_latest_only_with_trigger.py
[2023-04-08T15:32:50.448-0300] {processor.py:753} INFO - DAG(s) dict_keys(['latest_only_with_trigger']) retrieved from /home/kauanu/PycharmProjects/AirFLowEnade/venv/lib/python3.10/site-packages/airflow/example_dags/example_latest_only_with_trigger.py
[2023-04-08T15:32:50.466-0300] {logging_mixin.py:137} INFO - [2023-04-08T15:32:50.466-0300] {dag.py:2705} INFO - Sync 1 DAGs
[2023-04-08T15:32:50.489-0300] {logging_mixin.py:137} INFO - [2023-04-08T15:32:50.488-0300] {dag.py:3452} INFO - Setting next_dagrun for latest_only_with_trigger to 2023-04-08T14:32:50.488545+00:00, run_after=2023-04-08T18:32:50.488545+00:00
[2023-04-08T15:32:50.527-0300] {processor.py:175} INFO - Processing /home/kauanu/PycharmProjects/AirFLowEnade/venv/lib/python3.10/site-packages/airflow/example_dags/example_latest_only_with_trigger.py took 0.100 seconds
[2023-04-08T15:33:30.585-0300] {processor.py:153} INFO - Started process (PID=15720) to work on /home/kauanu/PycharmProjects/AirFLowEnade/venv/lib/python3.10/site-packages/airflow/example_dags/example_latest_only_with_trigger.py
[2023-04-08T15:33:30.586-0300] {processor.py:743} INFO - Processing file /home/kauanu/PycharmProjects/AirFLowEnade/venv/lib/python3.10/site-packages/airflow/example_dags/example_latest_only_with_trigger.py for tasks to queue
[2023-04-08T15:33:30.587-0300] {logging_mixin.py:137} INFO - [2023-04-08T15:33:30.587-0300] {dagbag.py:532} INFO - Filling up the DagBag from /home/kauanu/PycharmProjects/AirFLowEnade/venv/lib/python3.10/site-packages/airflow/example_dags/example_latest_only_with_trigger.py
[2023-04-08T15:33:30.597-0300] {processor.py:753} INFO - DAG(s) dict_keys(['latest_only_with_trigger']) retrieved from /home/kauanu/PycharmProjects/AirFLowEnade/venv/lib/python3.10/site-packages/airflow/example_dags/example_latest_only_with_trigger.py
[2023-04-08T15:33:30.612-0300] {logging_mixin.py:137} INFO - [2023-04-08T15:33:30.612-0300] {dag.py:2705} INFO - Sync 1 DAGs
[2023-04-08T15:33:30.626-0300] {logging_mixin.py:137} INFO - [2023-04-08T15:33:30.626-0300] {dag.py:3452} INFO - Setting next_dagrun for latest_only_with_trigger to 2023-04-08T14:33:30.626314+00:00, run_after=2023-04-08T18:33:30.626314+00:00
[2023-04-08T15:33:31.117-0300] {processor.py:175} INFO - Processing /home/kauanu/PycharmProjects/AirFLowEnade/venv/lib/python3.10/site-packages/airflow/example_dags/example_latest_only_with_trigger.py took 0.534 seconds
[2023-04-08T15:34:09.073-0300] {processor.py:153} INFO - Started process (PID=15910) to work on /home/kauanu/PycharmProjects/AirFLowEnade/venv/lib/python3.10/site-packages/airflow/example_dags/example_latest_only_with_trigger.py
[2023-04-08T15:34:09.075-0300] {processor.py:743} INFO - Processing file /home/kauanu/PycharmProjects/AirFLowEnade/venv/lib/python3.10/site-packages/airflow/example_dags/example_latest_only_with_trigger.py for tasks to queue
[2023-04-08T15:34:09.075-0300] {logging_mixin.py:137} INFO - [2023-04-08T15:34:09.075-0300] {dagbag.py:532} INFO - Filling up the DagBag from /home/kauanu/PycharmProjects/AirFLowEnade/venv/lib/python3.10/site-packages/airflow/example_dags/example_latest_only_with_trigger.py
[2023-04-08T15:34:09.086-0300] {processor.py:753} INFO - DAG(s) dict_keys(['latest_only_with_trigger']) retrieved from /home/kauanu/PycharmProjects/AirFLowEnade/venv/lib/python3.10/site-packages/airflow/example_dags/example_latest_only_with_trigger.py
[2023-04-08T15:34:09.102-0300] {logging_mixin.py:137} INFO - [2023-04-08T15:34:09.101-0300] {dag.py:2705} INFO - Sync 1 DAGs
[2023-04-08T15:34:09.126-0300] {logging_mixin.py:137} INFO - [2023-04-08T15:34:09.126-0300] {dag.py:3452} INFO - Setting next_dagrun for latest_only_with_trigger to 2023-04-08T14:34:09.126293+00:00, run_after=2023-04-08T18:34:09.126293+00:00
[2023-04-08T15:34:09.151-0300] {processor.py:175} INFO - Processing /home/kauanu/PycharmProjects/AirFLowEnade/venv/lib/python3.10/site-packages/airflow/example_dags/example_latest_only_with_trigger.py took 0.080 seconds
[2023-04-08T15:34:45.078-0300] {processor.py:153} INFO - Started process (PID=16062) to work on /home/kauanu/PycharmProjects/AirFLowEnade/venv/lib/python3.10/site-packages/airflow/example_dags/example_latest_only_with_trigger.py
[2023-04-08T15:34:45.080-0300] {processor.py:743} INFO - Processing file /home/kauanu/PycharmProjects/AirFLowEnade/venv/lib/python3.10/site-packages/airflow/example_dags/example_latest_only_with_trigger.py for tasks to queue
[2023-04-08T15:34:45.081-0300] {logging_mixin.py:137} INFO - [2023-04-08T15:34:45.081-0300] {dagbag.py:532} INFO - Filling up the DagBag from /home/kauanu/PycharmProjects/AirFLowEnade/venv/lib/python3.10/site-packages/airflow/example_dags/example_latest_only_with_trigger.py
[2023-04-08T15:34:45.107-0300] {processor.py:753} INFO - DAG(s) dict_keys(['latest_only_with_trigger']) retrieved from /home/kauanu/PycharmProjects/AirFLowEnade/venv/lib/python3.10/site-packages/airflow/example_dags/example_latest_only_with_trigger.py
[2023-04-08T15:34:45.155-0300] {logging_mixin.py:137} INFO - [2023-04-08T15:34:45.155-0300] {dag.py:2705} INFO - Sync 1 DAGs
[2023-04-08T15:34:45.191-0300] {logging_mixin.py:137} INFO - [2023-04-08T15:34:45.191-0300] {dag.py:3452} INFO - Setting next_dagrun for latest_only_with_trigger to 2023-04-08T14:34:45.190897+00:00, run_after=2023-04-08T18:34:45.190897+00:00
[2023-04-08T15:34:45.217-0300] {processor.py:175} INFO - Processing /home/kauanu/PycharmProjects/AirFLowEnade/venv/lib/python3.10/site-packages/airflow/example_dags/example_latest_only_with_trigger.py took 0.143 seconds
[2023-04-08T15:35:29.255-0300] {processor.py:153} INFO - Started process (PID=16272) to work on /home/kauanu/PycharmProjects/AirFLowEnade/venv/lib/python3.10/site-packages/airflow/example_dags/example_latest_only_with_trigger.py
[2023-04-08T15:35:29.304-0300] {processor.py:743} INFO - Processing file /home/kauanu/PycharmProjects/AirFLowEnade/venv/lib/python3.10/site-packages/airflow/example_dags/example_latest_only_with_trigger.py for tasks to queue
[2023-04-08T15:35:29.305-0300] {logging_mixin.py:137} INFO - [2023-04-08T15:35:29.305-0300] {dagbag.py:532} INFO - Filling up the DagBag from /home/kauanu/PycharmProjects/AirFLowEnade/venv/lib/python3.10/site-packages/airflow/example_dags/example_latest_only_with_trigger.py
[2023-04-08T15:35:29.323-0300] {processor.py:753} INFO - DAG(s) dict_keys(['latest_only_with_trigger']) retrieved from /home/kauanu/PycharmProjects/AirFLowEnade/venv/lib/python3.10/site-packages/airflow/example_dags/example_latest_only_with_trigger.py
[2023-04-08T15:35:29.362-0300] {logging_mixin.py:137} INFO - [2023-04-08T15:35:29.362-0300] {dag.py:2705} INFO - Sync 1 DAGs
[2023-04-08T15:35:29.415-0300] {logging_mixin.py:137} INFO - [2023-04-08T15:35:29.414-0300] {dag.py:3452} INFO - Setting next_dagrun for latest_only_with_trigger to 2023-04-08T14:35:29.414568+00:00, run_after=2023-04-08T18:35:29.414568+00:00
[2023-04-08T15:35:29.482-0300] {processor.py:175} INFO - Processing /home/kauanu/PycharmProjects/AirFLowEnade/venv/lib/python3.10/site-packages/airflow/example_dags/example_latest_only_with_trigger.py took 0.230 seconds
[2023-04-08T15:36:11.354-0300] {processor.py:153} INFO - Started process (PID=16482) to work on /home/kauanu/PycharmProjects/AirFLowEnade/venv/lib/python3.10/site-packages/airflow/example_dags/example_latest_only_with_trigger.py
[2023-04-08T15:36:11.357-0300] {processor.py:743} INFO - Processing file /home/kauanu/PycharmProjects/AirFLowEnade/venv/lib/python3.10/site-packages/airflow/example_dags/example_latest_only_with_trigger.py for tasks to queue
[2023-04-08T15:36:11.357-0300] {logging_mixin.py:137} INFO - [2023-04-08T15:36:11.357-0300] {dagbag.py:532} INFO - Filling up the DagBag from /home/kauanu/PycharmProjects/AirFLowEnade/venv/lib/python3.10/site-packages/airflow/example_dags/example_latest_only_with_trigger.py
[2023-04-08T15:36:11.368-0300] {processor.py:753} INFO - DAG(s) dict_keys(['latest_only_with_trigger']) retrieved from /home/kauanu/PycharmProjects/AirFLowEnade/venv/lib/python3.10/site-packages/airflow/example_dags/example_latest_only_with_trigger.py
[2023-04-08T15:36:11.382-0300] {logging_mixin.py:137} INFO - [2023-04-08T15:36:11.382-0300] {dag.py:2705} INFO - Sync 1 DAGs
[2023-04-08T15:36:11.395-0300] {logging_mixin.py:137} INFO - [2023-04-08T15:36:11.395-0300] {dag.py:3452} INFO - Setting next_dagrun for latest_only_with_trigger to 2023-04-08T14:36:11.395684+00:00, run_after=2023-04-08T18:36:11.395684+00:00
[2023-04-08T15:36:11.418-0300] {processor.py:175} INFO - Processing /home/kauanu/PycharmProjects/AirFLowEnade/venv/lib/python3.10/site-packages/airflow/example_dags/example_latest_only_with_trigger.py took 0.066 seconds
[2023-04-08T15:36:56.442-0300] {processor.py:153} INFO - Started process (PID=16670) to work on /home/kauanu/PycharmProjects/AirFLowEnade/venv/lib/python3.10/site-packages/airflow/example_dags/example_latest_only_with_trigger.py
[2023-04-08T15:36:56.465-0300] {processor.py:743} INFO - Processing file /home/kauanu/PycharmProjects/AirFLowEnade/venv/lib/python3.10/site-packages/airflow/example_dags/example_latest_only_with_trigger.py for tasks to queue
[2023-04-08T15:36:56.466-0300] {logging_mixin.py:137} INFO - [2023-04-08T15:36:56.466-0300] {dagbag.py:532} INFO - Filling up the DagBag from /home/kauanu/PycharmProjects/AirFLowEnade/venv/lib/python3.10/site-packages/airflow/example_dags/example_latest_only_with_trigger.py
[2023-04-08T15:36:56.477-0300] {processor.py:753} INFO - DAG(s) dict_keys(['latest_only_with_trigger']) retrieved from /home/kauanu/PycharmProjects/AirFLowEnade/venv/lib/python3.10/site-packages/airflow/example_dags/example_latest_only_with_trigger.py
[2023-04-08T15:36:56.493-0300] {logging_mixin.py:137} INFO - [2023-04-08T15:36:56.492-0300] {dag.py:2705} INFO - Sync 1 DAGs
[2023-04-08T15:36:56.506-0300] {logging_mixin.py:137} INFO - [2023-04-08T15:36:56.506-0300] {dag.py:3452} INFO - Setting next_dagrun for latest_only_with_trigger to 2023-04-08T14:36:56.506288+00:00, run_after=2023-04-08T18:36:56.506288+00:00
[2023-04-08T15:36:56.729-0300] {processor.py:175} INFO - Processing /home/kauanu/PycharmProjects/AirFLowEnade/venv/lib/python3.10/site-packages/airflow/example_dags/example_latest_only_with_trigger.py took 0.290 seconds
