[2023-04-08T15:25:27.566-0300] {processor.py:153} INFO - Started process (PID=13359) to work on /home/kauanu/PycharmProjects/AirFLowEnade/venv/lib/python3.10/site-packages/airflow/example_dags/example_short_circuit_decorator.py
[2023-04-08T15:25:27.570-0300] {processor.py:743} INFO - Processing file /home/kauanu/PycharmProjects/AirFLowEnade/venv/lib/python3.10/site-packages/airflow/example_dags/example_short_circuit_decorator.py for tasks to queue
[2023-04-08T15:25:27.571-0300] {logging_mixin.py:137} INFO - [2023-04-08T15:25:27.571-0300] {dagbag.py:532} INFO - Filling up the DagBag from /home/kauanu/PycharmProjects/AirFLowEnade/venv/lib/python3.10/site-packages/airflow/example_dags/example_short_circuit_decorator.py
[2023-04-08T15:25:27.605-0300] {processor.py:753} INFO - DAG(s) dict_keys(['example_short_circuit_decorator']) retrieved from /home/kauanu/PycharmProjects/AirFLowEnade/venv/lib/python3.10/site-packages/airflow/example_dags/example_short_circuit_decorator.py
[2023-04-08T15:25:27.741-0300] {logging_mixin.py:137} INFO - [2023-04-08T15:25:27.740-0300] {manager.py:504} INFO - Created Permission View: can delete on DAG:example_short_circuit_decorator
[2023-04-08T15:25:27.770-0300] {logging_mixin.py:137} INFO - [2023-04-08T15:25:27.769-0300] {manager.py:504} INFO - Created Permission View: can edit on DAG:example_short_circuit_decorator
[2023-04-08T15:25:27.790-0300] {logging_mixin.py:137} INFO - [2023-04-08T15:25:27.789-0300] {manager.py:504} INFO - Created Permission View: can read on DAG:example_short_circuit_decorator
[2023-04-08T15:25:27.790-0300] {logging_mixin.py:137} INFO - [2023-04-08T15:25:27.790-0300] {dag.py:2705} INFO - Sync 1 DAGs
[2023-04-08T15:25:27.802-0300] {logging_mixin.py:137} INFO - [2023-04-08T15:25:27.802-0300] {dag.py:2726} INFO - Creating ORM DAG for example_short_circuit_decorator
[2023-04-08T15:25:27.819-0300] {logging_mixin.py:137} INFO - [2023-04-08T15:25:27.818-0300] {dag.py:3452} INFO - Setting next_dagrun for example_short_circuit_decorator to 2023-04-07T18:25:27.818686+00:00, run_after=2023-04-08T18:25:27.818686+00:00
[2023-04-08T15:25:27.862-0300] {processor.py:175} INFO - Processing /home/kauanu/PycharmProjects/AirFLowEnade/venv/lib/python3.10/site-packages/airflow/example_dags/example_short_circuit_decorator.py took 0.298 seconds
[2023-04-08T15:26:23.818-0300] {processor.py:153} INFO - Started process (PID=13644) to work on /home/kauanu/PycharmProjects/AirFLowEnade/venv/lib/python3.10/site-packages/airflow/example_dags/example_short_circuit_decorator.py
[2023-04-08T15:26:23.832-0300] {processor.py:743} INFO - Processing file /home/kauanu/PycharmProjects/AirFLowEnade/venv/lib/python3.10/site-packages/airflow/example_dags/example_short_circuit_decorator.py for tasks to queue
[2023-04-08T15:26:23.833-0300] {logging_mixin.py:137} INFO - [2023-04-08T15:26:23.833-0300] {dagbag.py:532} INFO - Filling up the DagBag from /home/kauanu/PycharmProjects/AirFLowEnade/venv/lib/python3.10/site-packages/airflow/example_dags/example_short_circuit_decorator.py
[2023-04-08T15:26:23.860-0300] {processor.py:753} INFO - DAG(s) dict_keys(['example_short_circuit_decorator']) retrieved from /home/kauanu/PycharmProjects/AirFLowEnade/venv/lib/python3.10/site-packages/airflow/example_dags/example_short_circuit_decorator.py
[2023-04-08T15:26:23.887-0300] {logging_mixin.py:137} INFO - [2023-04-08T15:26:23.887-0300] {dag.py:2705} INFO - Sync 1 DAGs
[2023-04-08T15:26:23.911-0300] {logging_mixin.py:137} INFO - [2023-04-08T15:26:23.911-0300] {dag.py:3452} INFO - Setting next_dagrun for example_short_circuit_decorator to 2023-04-07T18:26:23.910969+00:00, run_after=2023-04-08T18:26:23.910969+00:00
[2023-04-08T15:26:23.991-0300] {processor.py:175} INFO - Processing /home/kauanu/PycharmProjects/AirFLowEnade/venv/lib/python3.10/site-packages/airflow/example_dags/example_short_circuit_decorator.py took 0.178 seconds
[2023-04-08T15:27:09.552-0300] {processor.py:153} INFO - Started process (PID=13861) to work on /home/kauanu/PycharmProjects/AirFLowEnade/venv/lib/python3.10/site-packages/airflow/example_dags/example_short_circuit_decorator.py
[2023-04-08T15:27:09.573-0300] {processor.py:743} INFO - Processing file /home/kauanu/PycharmProjects/AirFLowEnade/venv/lib/python3.10/site-packages/airflow/example_dags/example_short_circuit_decorator.py for tasks to queue
[2023-04-08T15:27:09.573-0300] {logging_mixin.py:137} INFO - [2023-04-08T15:27:09.573-0300] {dagbag.py:532} INFO - Filling up the DagBag from /home/kauanu/PycharmProjects/AirFLowEnade/venv/lib/python3.10/site-packages/airflow/example_dags/example_short_circuit_decorator.py
[2023-04-08T15:27:09.622-0300] {processor.py:753} INFO - DAG(s) dict_keys(['example_short_circuit_decorator']) retrieved from /home/kauanu/PycharmProjects/AirFLowEnade/venv/lib/python3.10/site-packages/airflow/example_dags/example_short_circuit_decorator.py
[2023-04-08T15:27:09.682-0300] {logging_mixin.py:137} INFO - [2023-04-08T15:27:09.681-0300] {dag.py:2705} INFO - Sync 1 DAGs
[2023-04-08T15:27:09.742-0300] {logging_mixin.py:137} INFO - [2023-04-08T15:27:09.741-0300] {dag.py:3452} INFO - Setting next_dagrun for example_short_circuit_decorator to 2023-04-07T18:27:09.741590+00:00, run_after=2023-04-08T18:27:09.741590+00:00
[2023-04-08T15:27:09.817-0300] {processor.py:175} INFO - Processing /home/kauanu/PycharmProjects/AirFLowEnade/venv/lib/python3.10/site-packages/airflow/example_dags/example_short_circuit_decorator.py took 0.280 seconds
[2023-04-08T15:27:55.385-0300] {processor.py:153} INFO - Started process (PID=14072) to work on /home/kauanu/PycharmProjects/AirFLowEnade/venv/lib/python3.10/site-packages/airflow/example_dags/example_short_circuit_decorator.py
[2023-04-08T15:27:55.388-0300] {processor.py:743} INFO - Processing file /home/kauanu/PycharmProjects/AirFLowEnade/venv/lib/python3.10/site-packages/airflow/example_dags/example_short_circuit_decorator.py for tasks to queue
[2023-04-08T15:27:55.392-0300] {logging_mixin.py:137} INFO - [2023-04-08T15:27:55.390-0300] {dagbag.py:532} INFO - Filling up the DagBag from /home/kauanu/PycharmProjects/AirFLowEnade/venv/lib/python3.10/site-packages/airflow/example_dags/example_short_circuit_decorator.py
[2023-04-08T15:27:55.430-0300] {processor.py:753} INFO - DAG(s) dict_keys(['example_short_circuit_decorator']) retrieved from /home/kauanu/PycharmProjects/AirFLowEnade/venv/lib/python3.10/site-packages/airflow/example_dags/example_short_circuit_decorator.py
[2023-04-08T15:27:55.515-0300] {logging_mixin.py:137} INFO - [2023-04-08T15:27:55.515-0300] {dag.py:2705} INFO - Sync 1 DAGs
[2023-04-08T15:27:55.559-0300] {logging_mixin.py:137} INFO - [2023-04-08T15:27:55.559-0300] {dag.py:3452} INFO - Setting next_dagrun for example_short_circuit_decorator to 2023-04-07T18:27:55.558791+00:00, run_after=2023-04-08T18:27:55.558791+00:00
[2023-04-08T15:27:55.605-0300] {processor.py:175} INFO - Processing /home/kauanu/PycharmProjects/AirFLowEnade/venv/lib/python3.10/site-packages/airflow/example_dags/example_short_circuit_decorator.py took 0.223 seconds
[2023-04-08T15:28:38.779-0300] {processor.py:153} INFO - Started process (PID=14260) to work on /home/kauanu/PycharmProjects/AirFLowEnade/venv/lib/python3.10/site-packages/airflow/example_dags/example_short_circuit_decorator.py
[2023-04-08T15:28:38.781-0300] {processor.py:743} INFO - Processing file /home/kauanu/PycharmProjects/AirFLowEnade/venv/lib/python3.10/site-packages/airflow/example_dags/example_short_circuit_decorator.py for tasks to queue
[2023-04-08T15:28:38.782-0300] {logging_mixin.py:137} INFO - [2023-04-08T15:28:38.781-0300] {dagbag.py:532} INFO - Filling up the DagBag from /home/kauanu/PycharmProjects/AirFLowEnade/venv/lib/python3.10/site-packages/airflow/example_dags/example_short_circuit_decorator.py
[2023-04-08T15:28:38.806-0300] {processor.py:753} INFO - DAG(s) dict_keys(['example_short_circuit_decorator']) retrieved from /home/kauanu/PycharmProjects/AirFLowEnade/venv/lib/python3.10/site-packages/airflow/example_dags/example_short_circuit_decorator.py
[2023-04-08T15:28:38.823-0300] {logging_mixin.py:137} INFO - [2023-04-08T15:28:38.823-0300] {dag.py:2705} INFO - Sync 1 DAGs
[2023-04-08T15:28:38.838-0300] {logging_mixin.py:137} INFO - [2023-04-08T15:28:38.838-0300] {dag.py:3452} INFO - Setting next_dagrun for example_short_circuit_decorator to 2023-04-07T18:28:38.838560+00:00, run_after=2023-04-08T18:28:38.838560+00:00
[2023-04-08T15:28:38.865-0300] {processor.py:175} INFO - Processing /home/kauanu/PycharmProjects/AirFLowEnade/venv/lib/python3.10/site-packages/airflow/example_dags/example_short_circuit_decorator.py took 0.088 seconds
[2023-04-08T15:29:26.824-0300] {processor.py:153} INFO - Started process (PID=14577) to work on /home/kauanu/PycharmProjects/AirFLowEnade/venv/lib/python3.10/site-packages/airflow/example_dags/example_short_circuit_decorator.py
[2023-04-08T15:29:26.832-0300] {processor.py:743} INFO - Processing file /home/kauanu/PycharmProjects/AirFLowEnade/venv/lib/python3.10/site-packages/airflow/example_dags/example_short_circuit_decorator.py for tasks to queue
[2023-04-08T15:29:26.832-0300] {logging_mixin.py:137} INFO - [2023-04-08T15:29:26.832-0300] {dagbag.py:532} INFO - Filling up the DagBag from /home/kauanu/PycharmProjects/AirFLowEnade/venv/lib/python3.10/site-packages/airflow/example_dags/example_short_circuit_decorator.py
[2023-04-08T15:29:26.853-0300] {processor.py:753} INFO - DAG(s) dict_keys(['example_short_circuit_decorator']) retrieved from /home/kauanu/PycharmProjects/AirFLowEnade/venv/lib/python3.10/site-packages/airflow/example_dags/example_short_circuit_decorator.py
[2023-04-08T15:29:26.869-0300] {logging_mixin.py:137} INFO - [2023-04-08T15:29:26.868-0300] {dag.py:2705} INFO - Sync 1 DAGs
[2023-04-08T15:29:26.883-0300] {logging_mixin.py:137} INFO - [2023-04-08T15:29:26.883-0300] {dag.py:3452} INFO - Setting next_dagrun for example_short_circuit_decorator to 2023-04-07T18:29:26.883046+00:00, run_after=2023-04-08T18:29:26.883046+00:00
[2023-04-08T15:29:26.904-0300] {processor.py:175} INFO - Processing /home/kauanu/PycharmProjects/AirFLowEnade/venv/lib/python3.10/site-packages/airflow/example_dags/example_short_circuit_decorator.py took 0.084 seconds
[2023-04-08T15:30:09.773-0300] {processor.py:153} INFO - Started process (PID=14765) to work on /home/kauanu/PycharmProjects/AirFLowEnade/venv/lib/python3.10/site-packages/airflow/example_dags/example_short_circuit_decorator.py
[2023-04-08T15:30:09.774-0300] {processor.py:743} INFO - Processing file /home/kauanu/PycharmProjects/AirFLowEnade/venv/lib/python3.10/site-packages/airflow/example_dags/example_short_circuit_decorator.py for tasks to queue
[2023-04-08T15:30:09.775-0300] {logging_mixin.py:137} INFO - [2023-04-08T15:30:09.775-0300] {dagbag.py:532} INFO - Filling up the DagBag from /home/kauanu/PycharmProjects/AirFLowEnade/venv/lib/python3.10/site-packages/airflow/example_dags/example_short_circuit_decorator.py
[2023-04-08T15:30:09.794-0300] {processor.py:753} INFO - DAG(s) dict_keys(['example_short_circuit_decorator']) retrieved from /home/kauanu/PycharmProjects/AirFLowEnade/venv/lib/python3.10/site-packages/airflow/example_dags/example_short_circuit_decorator.py
[2023-04-08T15:30:09.811-0300] {logging_mixin.py:137} INFO - [2023-04-08T15:30:09.811-0300] {dag.py:2705} INFO - Sync 1 DAGs
[2023-04-08T15:30:09.824-0300] {logging_mixin.py:137} INFO - [2023-04-08T15:30:09.824-0300] {dag.py:3452} INFO - Setting next_dagrun for example_short_circuit_decorator to 2023-04-07T18:30:09.824346+00:00, run_after=2023-04-08T18:30:09.824346+00:00
[2023-04-08T15:30:09.847-0300] {processor.py:175} INFO - Processing /home/kauanu/PycharmProjects/AirFLowEnade/venv/lib/python3.10/site-packages/airflow/example_dags/example_short_circuit_decorator.py took 0.077 seconds
[2023-04-08T15:30:54.922-0300] {processor.py:153} INFO - Started process (PID=14976) to work on /home/kauanu/PycharmProjects/AirFLowEnade/venv/lib/python3.10/site-packages/airflow/example_dags/example_short_circuit_decorator.py
[2023-04-08T15:30:54.930-0300] {processor.py:743} INFO - Processing file /home/kauanu/PycharmProjects/AirFLowEnade/venv/lib/python3.10/site-packages/airflow/example_dags/example_short_circuit_decorator.py for tasks to queue
[2023-04-08T15:30:54.930-0300] {logging_mixin.py:137} INFO - [2023-04-08T15:30:54.930-0300] {dagbag.py:532} INFO - Filling up the DagBag from /home/kauanu/PycharmProjects/AirFLowEnade/venv/lib/python3.10/site-packages/airflow/example_dags/example_short_circuit_decorator.py
[2023-04-08T15:30:54.949-0300] {processor.py:753} INFO - DAG(s) dict_keys(['example_short_circuit_decorator']) retrieved from /home/kauanu/PycharmProjects/AirFLowEnade/venv/lib/python3.10/site-packages/airflow/example_dags/example_short_circuit_decorator.py
[2023-04-08T15:30:54.965-0300] {logging_mixin.py:137} INFO - [2023-04-08T15:30:54.965-0300] {dag.py:2705} INFO - Sync 1 DAGs
[2023-04-08T15:30:54.979-0300] {logging_mixin.py:137} INFO - [2023-04-08T15:30:54.979-0300] {dag.py:3452} INFO - Setting next_dagrun for example_short_circuit_decorator to 2023-04-07T18:30:54.978948+00:00, run_after=2023-04-08T18:30:54.978948+00:00
[2023-04-08T15:30:55.009-0300] {processor.py:175} INFO - Processing /home/kauanu/PycharmProjects/AirFLowEnade/venv/lib/python3.10/site-packages/airflow/example_dags/example_short_circuit_decorator.py took 0.090 seconds
[2023-04-08T15:31:36.695-0300] {processor.py:153} INFO - Started process (PID=15186) to work on /home/kauanu/PycharmProjects/AirFLowEnade/venv/lib/python3.10/site-packages/airflow/example_dags/example_short_circuit_decorator.py
[2023-04-08T15:31:36.697-0300] {processor.py:743} INFO - Processing file /home/kauanu/PycharmProjects/AirFLowEnade/venv/lib/python3.10/site-packages/airflow/example_dags/example_short_circuit_decorator.py for tasks to queue
[2023-04-08T15:31:36.697-0300] {logging_mixin.py:137} INFO - [2023-04-08T15:31:36.697-0300] {dagbag.py:532} INFO - Filling up the DagBag from /home/kauanu/PycharmProjects/AirFLowEnade/venv/lib/python3.10/site-packages/airflow/example_dags/example_short_circuit_decorator.py
[2023-04-08T15:31:36.718-0300] {processor.py:753} INFO - DAG(s) dict_keys(['example_short_circuit_decorator']) retrieved from /home/kauanu/PycharmProjects/AirFLowEnade/venv/lib/python3.10/site-packages/airflow/example_dags/example_short_circuit_decorator.py
[2023-04-08T15:31:36.736-0300] {logging_mixin.py:137} INFO - [2023-04-08T15:31:36.736-0300] {dag.py:2705} INFO - Sync 1 DAGs
[2023-04-08T15:31:36.749-0300] {logging_mixin.py:137} INFO - [2023-04-08T15:31:36.749-0300] {dag.py:3452} INFO - Setting next_dagrun for example_short_circuit_decorator to 2023-04-07T18:31:36.749081+00:00, run_after=2023-04-08T18:31:36.749081+00:00
[2023-04-08T15:31:36.772-0300] {processor.py:175} INFO - Processing /home/kauanu/PycharmProjects/AirFLowEnade/venv/lib/python3.10/site-packages/airflow/example_dags/example_short_circuit_decorator.py took 0.080 seconds
[2023-04-08T15:32:14.175-0300] {processor.py:153} INFO - Started process (PID=15332) to work on /home/kauanu/PycharmProjects/AirFLowEnade/venv/lib/python3.10/site-packages/airflow/example_dags/example_short_circuit_decorator.py
[2023-04-08T15:32:14.176-0300] {processor.py:743} INFO - Processing file /home/kauanu/PycharmProjects/AirFLowEnade/venv/lib/python3.10/site-packages/airflow/example_dags/example_short_circuit_decorator.py for tasks to queue
[2023-04-08T15:32:14.176-0300] {logging_mixin.py:137} INFO - [2023-04-08T15:32:14.176-0300] {dagbag.py:532} INFO - Filling up the DagBag from /home/kauanu/PycharmProjects/AirFLowEnade/venv/lib/python3.10/site-packages/airflow/example_dags/example_short_circuit_decorator.py
[2023-04-08T15:32:14.195-0300] {processor.py:753} INFO - DAG(s) dict_keys(['example_short_circuit_decorator']) retrieved from /home/kauanu/PycharmProjects/AirFLowEnade/venv/lib/python3.10/site-packages/airflow/example_dags/example_short_circuit_decorator.py
[2023-04-08T15:32:14.211-0300] {logging_mixin.py:137} INFO - [2023-04-08T15:32:14.210-0300] {dag.py:2705} INFO - Sync 1 DAGs
[2023-04-08T15:32:14.224-0300] {logging_mixin.py:137} INFO - [2023-04-08T15:32:14.224-0300] {dag.py:3452} INFO - Setting next_dagrun for example_short_circuit_decorator to 2023-04-07T18:32:14.223898+00:00, run_after=2023-04-08T18:32:14.223898+00:00
[2023-04-08T15:32:14.248-0300] {processor.py:175} INFO - Processing /home/kauanu/PycharmProjects/AirFLowEnade/venv/lib/python3.10/site-packages/airflow/example_dags/example_short_circuit_decorator.py took 0.075 seconds
[2023-04-08T15:32:53.926-0300] {processor.py:153} INFO - Started process (PID=15544) to work on /home/kauanu/PycharmProjects/AirFLowEnade/venv/lib/python3.10/site-packages/airflow/example_dags/example_short_circuit_decorator.py
[2023-04-08T15:32:53.936-0300] {processor.py:743} INFO - Processing file /home/kauanu/PycharmProjects/AirFLowEnade/venv/lib/python3.10/site-packages/airflow/example_dags/example_short_circuit_decorator.py for tasks to queue
[2023-04-08T15:32:53.937-0300] {logging_mixin.py:137} INFO - [2023-04-08T15:32:53.937-0300] {dagbag.py:532} INFO - Filling up the DagBag from /home/kauanu/PycharmProjects/AirFLowEnade/venv/lib/python3.10/site-packages/airflow/example_dags/example_short_circuit_decorator.py
[2023-04-08T15:32:53.955-0300] {processor.py:753} INFO - DAG(s) dict_keys(['example_short_circuit_decorator']) retrieved from /home/kauanu/PycharmProjects/AirFLowEnade/venv/lib/python3.10/site-packages/airflow/example_dags/example_short_circuit_decorator.py
[2023-04-08T15:32:53.970-0300] {logging_mixin.py:137} INFO - [2023-04-08T15:32:53.970-0300] {dag.py:2705} INFO - Sync 1 DAGs
[2023-04-08T15:32:53.985-0300] {logging_mixin.py:137} INFO - [2023-04-08T15:32:53.985-0300] {dag.py:3452} INFO - Setting next_dagrun for example_short_circuit_decorator to 2023-04-07T18:32:53.985032+00:00, run_after=2023-04-08T18:32:53.985032+00:00
[2023-04-08T15:32:54.073-0300] {processor.py:175} INFO - Processing /home/kauanu/PycharmProjects/AirFLowEnade/venv/lib/python3.10/site-packages/airflow/example_dags/example_short_circuit_decorator.py took 0.150 seconds
[2023-04-08T15:33:33.104-0300] {processor.py:153} INFO - Started process (PID=15722) to work on /home/kauanu/PycharmProjects/AirFLowEnade/venv/lib/python3.10/site-packages/airflow/example_dags/example_short_circuit_decorator.py
[2023-04-08T15:33:33.126-0300] {processor.py:743} INFO - Processing file /home/kauanu/PycharmProjects/AirFLowEnade/venv/lib/python3.10/site-packages/airflow/example_dags/example_short_circuit_decorator.py for tasks to queue
[2023-04-08T15:33:33.127-0300] {logging_mixin.py:137} INFO - [2023-04-08T15:33:33.127-0300] {dagbag.py:532} INFO - Filling up the DagBag from /home/kauanu/PycharmProjects/AirFLowEnade/venv/lib/python3.10/site-packages/airflow/example_dags/example_short_circuit_decorator.py
[2023-04-08T15:33:33.147-0300] {processor.py:753} INFO - DAG(s) dict_keys(['example_short_circuit_decorator']) retrieved from /home/kauanu/PycharmProjects/AirFLowEnade/venv/lib/python3.10/site-packages/airflow/example_dags/example_short_circuit_decorator.py
[2023-04-08T15:33:33.162-0300] {logging_mixin.py:137} INFO - [2023-04-08T15:33:33.162-0300] {dag.py:2705} INFO - Sync 1 DAGs
[2023-04-08T15:33:33.180-0300] {logging_mixin.py:137} INFO - [2023-04-08T15:33:33.179-0300] {dag.py:3452} INFO - Setting next_dagrun for example_short_circuit_decorator to 2023-04-07T18:33:33.179767+00:00, run_after=2023-04-08T18:33:33.179767+00:00
[2023-04-08T15:33:33.279-0300] {processor.py:175} INFO - Processing /home/kauanu/PycharmProjects/AirFLowEnade/venv/lib/python3.10/site-packages/airflow/example_dags/example_short_circuit_decorator.py took 0.186 seconds
[2023-04-08T15:34:11.356-0300] {processor.py:153} INFO - Started process (PID=15912) to work on /home/kauanu/PycharmProjects/AirFLowEnade/venv/lib/python3.10/site-packages/airflow/example_dags/example_short_circuit_decorator.py
[2023-04-08T15:34:11.357-0300] {processor.py:743} INFO - Processing file /home/kauanu/PycharmProjects/AirFLowEnade/venv/lib/python3.10/site-packages/airflow/example_dags/example_short_circuit_decorator.py for tasks to queue
[2023-04-08T15:34:11.357-0300] {logging_mixin.py:137} INFO - [2023-04-08T15:34:11.357-0300] {dagbag.py:532} INFO - Filling up the DagBag from /home/kauanu/PycharmProjects/AirFLowEnade/venv/lib/python3.10/site-packages/airflow/example_dags/example_short_circuit_decorator.py
[2023-04-08T15:34:11.376-0300] {processor.py:753} INFO - DAG(s) dict_keys(['example_short_circuit_decorator']) retrieved from /home/kauanu/PycharmProjects/AirFLowEnade/venv/lib/python3.10/site-packages/airflow/example_dags/example_short_circuit_decorator.py
[2023-04-08T15:34:11.390-0300] {logging_mixin.py:137} INFO - [2023-04-08T15:34:11.390-0300] {dag.py:2705} INFO - Sync 1 DAGs
[2023-04-08T15:34:11.404-0300] {logging_mixin.py:137} INFO - [2023-04-08T15:34:11.404-0300] {dag.py:3452} INFO - Setting next_dagrun for example_short_circuit_decorator to 2023-04-07T18:34:11.404165+00:00, run_after=2023-04-08T18:34:11.404165+00:00
[2023-04-08T15:34:11.425-0300] {processor.py:175} INFO - Processing /home/kauanu/PycharmProjects/AirFLowEnade/venv/lib/python3.10/site-packages/airflow/example_dags/example_short_circuit_decorator.py took 0.072 seconds
[2023-04-08T15:34:47.461-0300] {processor.py:153} INFO - Started process (PID=16065) to work on /home/kauanu/PycharmProjects/AirFLowEnade/venv/lib/python3.10/site-packages/airflow/example_dags/example_short_circuit_decorator.py
[2023-04-08T15:34:47.465-0300] {processor.py:743} INFO - Processing file /home/kauanu/PycharmProjects/AirFLowEnade/venv/lib/python3.10/site-packages/airflow/example_dags/example_short_circuit_decorator.py for tasks to queue
[2023-04-08T15:34:47.466-0300] {logging_mixin.py:137} INFO - [2023-04-08T15:34:47.465-0300] {dagbag.py:532} INFO - Filling up the DagBag from /home/kauanu/PycharmProjects/AirFLowEnade/venv/lib/python3.10/site-packages/airflow/example_dags/example_short_circuit_decorator.py
[2023-04-08T15:34:47.499-0300] {processor.py:753} INFO - DAG(s) dict_keys(['example_short_circuit_decorator']) retrieved from /home/kauanu/PycharmProjects/AirFLowEnade/venv/lib/python3.10/site-packages/airflow/example_dags/example_short_circuit_decorator.py
[2023-04-08T15:34:47.525-0300] {logging_mixin.py:137} INFO - [2023-04-08T15:34:47.525-0300] {dag.py:2705} INFO - Sync 1 DAGs
[2023-04-08T15:34:47.561-0300] {logging_mixin.py:137} INFO - [2023-04-08T15:34:47.560-0300] {dag.py:3452} INFO - Setting next_dagrun for example_short_circuit_decorator to 2023-04-07T18:34:47.560301+00:00, run_after=2023-04-08T18:34:47.560301+00:00
[2023-04-08T15:34:47.597-0300] {processor.py:175} INFO - Processing /home/kauanu/PycharmProjects/AirFLowEnade/venv/lib/python3.10/site-packages/airflow/example_dags/example_short_circuit_decorator.py took 0.141 seconds
[2023-04-08T15:35:30.846-0300] {processor.py:153} INFO - Started process (PID=16291) to work on /home/kauanu/PycharmProjects/AirFLowEnade/venv/lib/python3.10/site-packages/airflow/example_dags/example_short_circuit_decorator.py
[2023-04-08T15:35:30.860-0300] {processor.py:743} INFO - Processing file /home/kauanu/PycharmProjects/AirFLowEnade/venv/lib/python3.10/site-packages/airflow/example_dags/example_short_circuit_decorator.py for tasks to queue
[2023-04-08T15:35:30.862-0300] {logging_mixin.py:137} INFO - [2023-04-08T15:35:30.862-0300] {dagbag.py:532} INFO - Filling up the DagBag from /home/kauanu/PycharmProjects/AirFLowEnade/venv/lib/python3.10/site-packages/airflow/example_dags/example_short_circuit_decorator.py
[2023-04-08T15:35:30.893-0300] {processor.py:753} INFO - DAG(s) dict_keys(['example_short_circuit_decorator']) retrieved from /home/kauanu/PycharmProjects/AirFLowEnade/venv/lib/python3.10/site-packages/airflow/example_dags/example_short_circuit_decorator.py
[2023-04-08T15:35:30.923-0300] {logging_mixin.py:137} INFO - [2023-04-08T15:35:30.923-0300] {dag.py:2705} INFO - Sync 1 DAGs
[2023-04-08T15:35:30.943-0300] {logging_mixin.py:137} INFO - [2023-04-08T15:35:30.943-0300] {dag.py:3452} INFO - Setting next_dagrun for example_short_circuit_decorator to 2023-04-07T18:35:30.943371+00:00, run_after=2023-04-08T18:35:30.943371+00:00
[2023-04-08T15:35:30.984-0300] {processor.py:175} INFO - Processing /home/kauanu/PycharmProjects/AirFLowEnade/venv/lib/python3.10/site-packages/airflow/example_dags/example_short_circuit_decorator.py took 0.142 seconds
[2023-04-08T15:36:13.760-0300] {processor.py:153} INFO - Started process (PID=16484) to work on /home/kauanu/PycharmProjects/AirFLowEnade/venv/lib/python3.10/site-packages/airflow/example_dags/example_short_circuit_decorator.py
[2023-04-08T15:36:13.762-0300] {processor.py:743} INFO - Processing file /home/kauanu/PycharmProjects/AirFLowEnade/venv/lib/python3.10/site-packages/airflow/example_dags/example_short_circuit_decorator.py for tasks to queue
[2023-04-08T15:36:13.762-0300] {logging_mixin.py:137} INFO - [2023-04-08T15:36:13.762-0300] {dagbag.py:532} INFO - Filling up the DagBag from /home/kauanu/PycharmProjects/AirFLowEnade/venv/lib/python3.10/site-packages/airflow/example_dags/example_short_circuit_decorator.py
[2023-04-08T15:36:13.780-0300] {processor.py:753} INFO - DAG(s) dict_keys(['example_short_circuit_decorator']) retrieved from /home/kauanu/PycharmProjects/AirFLowEnade/venv/lib/python3.10/site-packages/airflow/example_dags/example_short_circuit_decorator.py
[2023-04-08T15:36:13.795-0300] {logging_mixin.py:137} INFO - [2023-04-08T15:36:13.795-0300] {dag.py:2705} INFO - Sync 1 DAGs
[2023-04-08T15:36:13.808-0300] {logging_mixin.py:137} INFO - [2023-04-08T15:36:13.807-0300] {dag.py:3452} INFO - Setting next_dagrun for example_short_circuit_decorator to 2023-04-07T18:36:13.807709+00:00, run_after=2023-04-08T18:36:13.807709+00:00
[2023-04-08T15:36:13.836-0300] {processor.py:175} INFO - Processing /home/kauanu/PycharmProjects/AirFLowEnade/venv/lib/python3.10/site-packages/airflow/example_dags/example_short_circuit_decorator.py took 0.079 seconds
[2023-04-08T15:36:58.064-0300] {processor.py:153} INFO - Started process (PID=16675) to work on /home/kauanu/PycharmProjects/AirFLowEnade/venv/lib/python3.10/site-packages/airflow/example_dags/example_short_circuit_decorator.py
[2023-04-08T15:36:58.107-0300] {processor.py:743} INFO - Processing file /home/kauanu/PycharmProjects/AirFLowEnade/venv/lib/python3.10/site-packages/airflow/example_dags/example_short_circuit_decorator.py for tasks to queue
[2023-04-08T15:36:58.108-0300] {logging_mixin.py:137} INFO - [2023-04-08T15:36:58.108-0300] {dagbag.py:532} INFO - Filling up the DagBag from /home/kauanu/PycharmProjects/AirFLowEnade/venv/lib/python3.10/site-packages/airflow/example_dags/example_short_circuit_decorator.py
[2023-04-08T15:36:58.143-0300] {processor.py:753} INFO - DAG(s) dict_keys(['example_short_circuit_decorator']) retrieved from /home/kauanu/PycharmProjects/AirFLowEnade/venv/lib/python3.10/site-packages/airflow/example_dags/example_short_circuit_decorator.py
[2023-04-08T15:36:58.164-0300] {logging_mixin.py:137} INFO - [2023-04-08T15:36:58.164-0300] {dag.py:2705} INFO - Sync 1 DAGs
[2023-04-08T15:36:58.178-0300] {logging_mixin.py:137} INFO - [2023-04-08T15:36:58.178-0300] {dag.py:3452} INFO - Setting next_dagrun for example_short_circuit_decorator to 2023-04-07T18:36:58.177943+00:00, run_after=2023-04-08T18:36:58.177943+00:00
[2023-04-08T15:36:58.295-0300] {processor.py:175} INFO - Processing /home/kauanu/PycharmProjects/AirFLowEnade/venv/lib/python3.10/site-packages/airflow/example_dags/example_short_circuit_decorator.py took 0.234 seconds
