[2023-04-08T15:25:25.022-0300] {processor.py:153} INFO - Started process (PID=13356) to work on /home/kauanu/PycharmProjects/AirFLowEnade/venv/lib/python3.10/site-packages/airflow/example_dags/example_kubernetes_executor.py
[2023-04-08T15:25:25.023-0300] {processor.py:743} INFO - Processing file /home/kauanu/PycharmProjects/AirFLowEnade/venv/lib/python3.10/site-packages/airflow/example_dags/example_kubernetes_executor.py for tasks to queue
[2023-04-08T15:25:25.024-0300] {logging_mixin.py:137} INFO - [2023-04-08T15:25:25.024-0300] {dagbag.py:532} INFO - Filling up the DagBag from /home/kauanu/PycharmProjects/AirFLowEnade/venv/lib/python3.10/site-packages/airflow/example_dags/example_kubernetes_executor.py
[2023-04-08T15:25:25.051-0300] {logging_mixin.py:137} INFO - [2023-04-08T15:25:25.050-0300] {example_kubernetes_executor.py:41} WARNING - The example_kubernetes_executor example DAG requires the kubernetes provider. Please install it with: pip install apache-airflow[cncf.kubernetes]
[2023-04-08T15:25:25.051-0300] {processor.py:755} WARNING - No viable dags retrieved from /home/kauanu/PycharmProjects/AirFLowEnade/venv/lib/python3.10/site-packages/airflow/example_dags/example_kubernetes_executor.py
[2023-04-08T15:25:25.069-0300] {processor.py:175} INFO - Processing /home/kauanu/PycharmProjects/AirFLowEnade/venv/lib/python3.10/site-packages/airflow/example_dags/example_kubernetes_executor.py took 0.054 seconds
[2023-04-08T15:26:21.130-0300] {processor.py:153} INFO - Started process (PID=13634) to work on /home/kauanu/PycharmProjects/AirFLowEnade/venv/lib/python3.10/site-packages/airflow/example_dags/example_kubernetes_executor.py
[2023-04-08T15:26:21.143-0300] {processor.py:743} INFO - Processing file /home/kauanu/PycharmProjects/AirFLowEnade/venv/lib/python3.10/site-packages/airflow/example_dags/example_kubernetes_executor.py for tasks to queue
[2023-04-08T15:26:21.146-0300] {logging_mixin.py:137} INFO - [2023-04-08T15:26:21.145-0300] {dagbag.py:532} INFO - Filling up the DagBag from /home/kauanu/PycharmProjects/AirFLowEnade/venv/lib/python3.10/site-packages/airflow/example_dags/example_kubernetes_executor.py
[2023-04-08T15:26:21.221-0300] {logging_mixin.py:137} INFO - [2023-04-08T15:26:21.220-0300] {example_kubernetes_executor.py:41} WARNING - The example_kubernetes_executor example DAG requires the kubernetes provider. Please install it with: pip install apache-airflow[cncf.kubernetes]
[2023-04-08T15:26:21.225-0300] {processor.py:755} WARNING - No viable dags retrieved from /home/kauanu/PycharmProjects/AirFLowEnade/venv/lib/python3.10/site-packages/airflow/example_dags/example_kubernetes_executor.py
[2023-04-08T15:26:21.273-0300] {processor.py:175} INFO - Processing /home/kauanu/PycharmProjects/AirFLowEnade/venv/lib/python3.10/site-packages/airflow/example_dags/example_kubernetes_executor.py took 0.154 seconds
[2023-04-08T15:27:02.881-0300] {processor.py:153} INFO - Started process (PID=13839) to work on /home/kauanu/PycharmProjects/AirFLowEnade/venv/lib/python3.10/site-packages/airflow/example_dags/example_kubernetes_executor.py
[2023-04-08T15:27:02.897-0300] {processor.py:743} INFO - Processing file /home/kauanu/PycharmProjects/AirFLowEnade/venv/lib/python3.10/site-packages/airflow/example_dags/example_kubernetes_executor.py for tasks to queue
[2023-04-08T15:27:02.901-0300] {logging_mixin.py:137} INFO - [2023-04-08T15:27:02.898-0300] {dagbag.py:532} INFO - Filling up the DagBag from /home/kauanu/PycharmProjects/AirFLowEnade/venv/lib/python3.10/site-packages/airflow/example_dags/example_kubernetes_executor.py
[2023-04-08T15:27:02.951-0300] {logging_mixin.py:137} INFO - [2023-04-08T15:27:02.950-0300] {example_kubernetes_executor.py:41} WARNING - The example_kubernetes_executor example DAG requires the kubernetes provider. Please install it with: pip install apache-airflow[cncf.kubernetes]
[2023-04-08T15:27:02.951-0300] {processor.py:755} WARNING - No viable dags retrieved from /home/kauanu/PycharmProjects/AirFLowEnade/venv/lib/python3.10/site-packages/airflow/example_dags/example_kubernetes_executor.py
[2023-04-08T15:27:02.963-0300] {processor.py:175} INFO - Processing /home/kauanu/PycharmProjects/AirFLowEnade/venv/lib/python3.10/site-packages/airflow/example_dags/example_kubernetes_executor.py took 0.095 seconds
[2023-04-08T15:27:51.569-0300] {processor.py:153} INFO - Started process (PID=14049) to work on /home/kauanu/PycharmProjects/AirFLowEnade/venv/lib/python3.10/site-packages/airflow/example_dags/example_kubernetes_executor.py
[2023-04-08T15:27:51.595-0300] {processor.py:743} INFO - Processing file /home/kauanu/PycharmProjects/AirFLowEnade/venv/lib/python3.10/site-packages/airflow/example_dags/example_kubernetes_executor.py for tasks to queue
[2023-04-08T15:27:51.596-0300] {logging_mixin.py:137} INFO - [2023-04-08T15:27:51.596-0300] {dagbag.py:532} INFO - Filling up the DagBag from /home/kauanu/PycharmProjects/AirFLowEnade/venv/lib/python3.10/site-packages/airflow/example_dags/example_kubernetes_executor.py
[2023-04-08T15:27:51.627-0300] {logging_mixin.py:137} INFO - [2023-04-08T15:27:51.626-0300] {example_kubernetes_executor.py:41} WARNING - The example_kubernetes_executor example DAG requires the kubernetes provider. Please install it with: pip install apache-airflow[cncf.kubernetes]
[2023-04-08T15:27:51.627-0300] {processor.py:755} WARNING - No viable dags retrieved from /home/kauanu/PycharmProjects/AirFLowEnade/venv/lib/python3.10/site-packages/airflow/example_dags/example_kubernetes_executor.py
[2023-04-08T15:27:51.672-0300] {processor.py:175} INFO - Processing /home/kauanu/PycharmProjects/AirFLowEnade/venv/lib/python3.10/site-packages/airflow/example_dags/example_kubernetes_executor.py took 0.108 seconds
[2023-04-08T15:28:35.042-0300] {processor.py:153} INFO - Started process (PID=14255) to work on /home/kauanu/PycharmProjects/AirFLowEnade/venv/lib/python3.10/site-packages/airflow/example_dags/example_kubernetes_executor.py
[2023-04-08T15:28:35.045-0300] {processor.py:743} INFO - Processing file /home/kauanu/PycharmProjects/AirFLowEnade/venv/lib/python3.10/site-packages/airflow/example_dags/example_kubernetes_executor.py for tasks to queue
[2023-04-08T15:28:35.046-0300] {logging_mixin.py:137} INFO - [2023-04-08T15:28:35.046-0300] {dagbag.py:532} INFO - Filling up the DagBag from /home/kauanu/PycharmProjects/AirFLowEnade/venv/lib/python3.10/site-packages/airflow/example_dags/example_kubernetes_executor.py
[2023-04-08T15:28:35.070-0300] {logging_mixin.py:137} INFO - [2023-04-08T15:28:35.069-0300] {example_kubernetes_executor.py:41} WARNING - The example_kubernetes_executor example DAG requires the kubernetes provider. Please install it with: pip install apache-airflow[cncf.kubernetes]
[2023-04-08T15:28:35.070-0300] {processor.py:755} WARNING - No viable dags retrieved from /home/kauanu/PycharmProjects/AirFLowEnade/venv/lib/python3.10/site-packages/airflow/example_dags/example_kubernetes_executor.py
[2023-04-08T15:28:35.081-0300] {processor.py:175} INFO - Processing /home/kauanu/PycharmProjects/AirFLowEnade/venv/lib/python3.10/site-packages/airflow/example_dags/example_kubernetes_executor.py took 0.042 seconds
[2023-04-08T15:29:24.027-0300] {processor.py:153} INFO - Started process (PID=14554) to work on /home/kauanu/PycharmProjects/AirFLowEnade/venv/lib/python3.10/site-packages/airflow/example_dags/example_kubernetes_executor.py
[2023-04-08T15:29:24.054-0300] {processor.py:743} INFO - Processing file /home/kauanu/PycharmProjects/AirFLowEnade/venv/lib/python3.10/site-packages/airflow/example_dags/example_kubernetes_executor.py for tasks to queue
[2023-04-08T15:29:24.055-0300] {logging_mixin.py:137} INFO - [2023-04-08T15:29:24.055-0300] {dagbag.py:532} INFO - Filling up the DagBag from /home/kauanu/PycharmProjects/AirFLowEnade/venv/lib/python3.10/site-packages/airflow/example_dags/example_kubernetes_executor.py
[2023-04-08T15:29:24.069-0300] {logging_mixin.py:137} INFO - [2023-04-08T15:29:24.069-0300] {example_kubernetes_executor.py:41} WARNING - The example_kubernetes_executor example DAG requires the kubernetes provider. Please install it with: pip install apache-airflow[cncf.kubernetes]
[2023-04-08T15:29:24.069-0300] {processor.py:755} WARNING - No viable dags retrieved from /home/kauanu/PycharmProjects/AirFLowEnade/venv/lib/python3.10/site-packages/airflow/example_dags/example_kubernetes_executor.py
[2023-04-08T15:29:24.078-0300] {processor.py:175} INFO - Processing /home/kauanu/PycharmProjects/AirFLowEnade/venv/lib/python3.10/site-packages/airflow/example_dags/example_kubernetes_executor.py took 0.053 seconds
[2023-04-08T15:30:03.362-0300] {processor.py:153} INFO - Started process (PID=14744) to work on /home/kauanu/PycharmProjects/AirFLowEnade/venv/lib/python3.10/site-packages/airflow/example_dags/example_kubernetes_executor.py
[2023-04-08T15:30:03.363-0300] {processor.py:743} INFO - Processing file /home/kauanu/PycharmProjects/AirFLowEnade/venv/lib/python3.10/site-packages/airflow/example_dags/example_kubernetes_executor.py for tasks to queue
[2023-04-08T15:30:03.363-0300] {logging_mixin.py:137} INFO - [2023-04-08T15:30:03.363-0300] {dagbag.py:532} INFO - Filling up the DagBag from /home/kauanu/PycharmProjects/AirFLowEnade/venv/lib/python3.10/site-packages/airflow/example_dags/example_kubernetes_executor.py
[2023-04-08T15:30:03.376-0300] {logging_mixin.py:137} INFO - [2023-04-08T15:30:03.376-0300] {example_kubernetes_executor.py:41} WARNING - The example_kubernetes_executor example DAG requires the kubernetes provider. Please install it with: pip install apache-airflow[cncf.kubernetes]
[2023-04-08T15:30:03.376-0300] {processor.py:755} WARNING - No viable dags retrieved from /home/kauanu/PycharmProjects/AirFLowEnade/venv/lib/python3.10/site-packages/airflow/example_dags/example_kubernetes_executor.py
[2023-04-08T15:30:03.382-0300] {processor.py:175} INFO - Processing /home/kauanu/PycharmProjects/AirFLowEnade/venv/lib/python3.10/site-packages/airflow/example_dags/example_kubernetes_executor.py took 0.023 seconds
[2023-04-08T15:30:46.034-0300] {processor.py:153} INFO - Started process (PID=14949) to work on /home/kauanu/PycharmProjects/AirFLowEnade/venv/lib/python3.10/site-packages/airflow/example_dags/example_kubernetes_executor.py
[2023-04-08T15:30:46.035-0300] {processor.py:743} INFO - Processing file /home/kauanu/PycharmProjects/AirFLowEnade/venv/lib/python3.10/site-packages/airflow/example_dags/example_kubernetes_executor.py for tasks to queue
[2023-04-08T15:30:46.036-0300] {logging_mixin.py:137} INFO - [2023-04-08T15:30:46.036-0300] {dagbag.py:532} INFO - Filling up the DagBag from /home/kauanu/PycharmProjects/AirFLowEnade/venv/lib/python3.10/site-packages/airflow/example_dags/example_kubernetes_executor.py
[2023-04-08T15:30:46.048-0300] {logging_mixin.py:137} INFO - [2023-04-08T15:30:46.048-0300] {example_kubernetes_executor.py:41} WARNING - The example_kubernetes_executor example DAG requires the kubernetes provider. Please install it with: pip install apache-airflow[cncf.kubernetes]
[2023-04-08T15:30:46.048-0300] {processor.py:755} WARNING - No viable dags retrieved from /home/kauanu/PycharmProjects/AirFLowEnade/venv/lib/python3.10/site-packages/airflow/example_dags/example_kubernetes_executor.py
[2023-04-08T15:30:46.055-0300] {processor.py:175} INFO - Processing /home/kauanu/PycharmProjects/AirFLowEnade/venv/lib/python3.10/site-packages/airflow/example_dags/example_kubernetes_executor.py took 0.023 seconds
[2023-04-08T15:31:29.971-0300] {processor.py:153} INFO - Started process (PID=15144) to work on /home/kauanu/PycharmProjects/AirFLowEnade/venv/lib/python3.10/site-packages/airflow/example_dags/example_kubernetes_executor.py
[2023-04-08T15:31:29.972-0300] {processor.py:743} INFO - Processing file /home/kauanu/PycharmProjects/AirFLowEnade/venv/lib/python3.10/site-packages/airflow/example_dags/example_kubernetes_executor.py for tasks to queue
[2023-04-08T15:31:29.973-0300] {logging_mixin.py:137} INFO - [2023-04-08T15:31:29.973-0300] {dagbag.py:532} INFO - Filling up the DagBag from /home/kauanu/PycharmProjects/AirFLowEnade/venv/lib/python3.10/site-packages/airflow/example_dags/example_kubernetes_executor.py
[2023-04-08T15:31:29.985-0300] {logging_mixin.py:137} INFO - [2023-04-08T15:31:29.985-0300] {example_kubernetes_executor.py:41} WARNING - The example_kubernetes_executor example DAG requires the kubernetes provider. Please install it with: pip install apache-airflow[cncf.kubernetes]
[2023-04-08T15:31:29.985-0300] {processor.py:755} WARNING - No viable dags retrieved from /home/kauanu/PycharmProjects/AirFLowEnade/venv/lib/python3.10/site-packages/airflow/example_dags/example_kubernetes_executor.py
[2023-04-08T15:31:29.992-0300] {processor.py:175} INFO - Processing /home/kauanu/PycharmProjects/AirFLowEnade/venv/lib/python3.10/site-packages/airflow/example_dags/example_kubernetes_executor.py took 0.023 seconds
[2023-04-08T15:32:06.113-0300] {processor.py:153} INFO - Started process (PID=15306) to work on /home/kauanu/PycharmProjects/AirFLowEnade/venv/lib/python3.10/site-packages/airflow/example_dags/example_kubernetes_executor.py
[2023-04-08T15:32:06.114-0300] {processor.py:743} INFO - Processing file /home/kauanu/PycharmProjects/AirFLowEnade/venv/lib/python3.10/site-packages/airflow/example_dags/example_kubernetes_executor.py for tasks to queue
[2023-04-08T15:32:06.114-0300] {logging_mixin.py:137} INFO - [2023-04-08T15:32:06.114-0300] {dagbag.py:532} INFO - Filling up the DagBag from /home/kauanu/PycharmProjects/AirFLowEnade/venv/lib/python3.10/site-packages/airflow/example_dags/example_kubernetes_executor.py
[2023-04-08T15:32:06.126-0300] {logging_mixin.py:137} INFO - [2023-04-08T15:32:06.126-0300] {example_kubernetes_executor.py:41} WARNING - The example_kubernetes_executor example DAG requires the kubernetes provider. Please install it with: pip install apache-airflow[cncf.kubernetes]
[2023-04-08T15:32:06.126-0300] {processor.py:755} WARNING - No viable dags retrieved from /home/kauanu/PycharmProjects/AirFLowEnade/venv/lib/python3.10/site-packages/airflow/example_dags/example_kubernetes_executor.py
[2023-04-08T15:32:06.133-0300] {processor.py:175} INFO - Processing /home/kauanu/PycharmProjects/AirFLowEnade/venv/lib/python3.10/site-packages/airflow/example_dags/example_kubernetes_executor.py took 0.023 seconds
[2023-04-08T15:32:43.427-0300] {processor.py:153} INFO - Started process (PID=15476) to work on /home/kauanu/PycharmProjects/AirFLowEnade/venv/lib/python3.10/site-packages/airflow/example_dags/example_kubernetes_executor.py
[2023-04-08T15:32:43.428-0300] {processor.py:743} INFO - Processing file /home/kauanu/PycharmProjects/AirFLowEnade/venv/lib/python3.10/site-packages/airflow/example_dags/example_kubernetes_executor.py for tasks to queue
[2023-04-08T15:32:43.429-0300] {logging_mixin.py:137} INFO - [2023-04-08T15:32:43.429-0300] {dagbag.py:532} INFO - Filling up the DagBag from /home/kauanu/PycharmProjects/AirFLowEnade/venv/lib/python3.10/site-packages/airflow/example_dags/example_kubernetes_executor.py
[2023-04-08T15:32:43.441-0300] {logging_mixin.py:137} INFO - [2023-04-08T15:32:43.440-0300] {example_kubernetes_executor.py:41} WARNING - The example_kubernetes_executor example DAG requires the kubernetes provider. Please install it with: pip install apache-airflow[cncf.kubernetes]
[2023-04-08T15:32:43.441-0300] {processor.py:755} WARNING - No viable dags retrieved from /home/kauanu/PycharmProjects/AirFLowEnade/venv/lib/python3.10/site-packages/airflow/example_dags/example_kubernetes_executor.py
[2023-04-08T15:32:43.447-0300] {processor.py:175} INFO - Processing /home/kauanu/PycharmProjects/AirFLowEnade/venv/lib/python3.10/site-packages/airflow/example_dags/example_kubernetes_executor.py took 0.023 seconds
[2023-04-08T15:33:22.832-0300] {processor.py:153} INFO - Started process (PID=15676) to work on /home/kauanu/PycharmProjects/AirFLowEnade/venv/lib/python3.10/site-packages/airflow/example_dags/example_kubernetes_executor.py
[2023-04-08T15:33:22.833-0300] {processor.py:743} INFO - Processing file /home/kauanu/PycharmProjects/AirFLowEnade/venv/lib/python3.10/site-packages/airflow/example_dags/example_kubernetes_executor.py for tasks to queue
[2023-04-08T15:33:22.834-0300] {logging_mixin.py:137} INFO - [2023-04-08T15:33:22.834-0300] {dagbag.py:532} INFO - Filling up the DagBag from /home/kauanu/PycharmProjects/AirFLowEnade/venv/lib/python3.10/site-packages/airflow/example_dags/example_kubernetes_executor.py
[2023-04-08T15:33:22.849-0300] {logging_mixin.py:137} INFO - [2023-04-08T15:33:22.848-0300] {example_kubernetes_executor.py:41} WARNING - The example_kubernetes_executor example DAG requires the kubernetes provider. Please install it with: pip install apache-airflow[cncf.kubernetes]
[2023-04-08T15:33:22.849-0300] {processor.py:755} WARNING - No viable dags retrieved from /home/kauanu/PycharmProjects/AirFLowEnade/venv/lib/python3.10/site-packages/airflow/example_dags/example_kubernetes_executor.py
[2023-04-08T15:33:22.856-0300] {processor.py:175} INFO - Processing /home/kauanu/PycharmProjects/AirFLowEnade/venv/lib/python3.10/site-packages/airflow/example_dags/example_kubernetes_executor.py took 0.027 seconds
[2023-04-08T15:34:01.219-0300] {processor.py:153} INFO - Started process (PID=15865) to work on /home/kauanu/PycharmProjects/AirFLowEnade/venv/lib/python3.10/site-packages/airflow/example_dags/example_kubernetes_executor.py
[2023-04-08T15:34:01.220-0300] {processor.py:743} INFO - Processing file /home/kauanu/PycharmProjects/AirFLowEnade/venv/lib/python3.10/site-packages/airflow/example_dags/example_kubernetes_executor.py for tasks to queue
[2023-04-08T15:34:01.220-0300] {logging_mixin.py:137} INFO - [2023-04-08T15:34:01.220-0300] {dagbag.py:532} INFO - Filling up the DagBag from /home/kauanu/PycharmProjects/AirFLowEnade/venv/lib/python3.10/site-packages/airflow/example_dags/example_kubernetes_executor.py
[2023-04-08T15:34:01.233-0300] {logging_mixin.py:137} INFO - [2023-04-08T15:34:01.232-0300] {example_kubernetes_executor.py:41} WARNING - The example_kubernetes_executor example DAG requires the kubernetes provider. Please install it with: pip install apache-airflow[cncf.kubernetes]
[2023-04-08T15:34:01.233-0300] {processor.py:755} WARNING - No viable dags retrieved from /home/kauanu/PycharmProjects/AirFLowEnade/venv/lib/python3.10/site-packages/airflow/example_dags/example_kubernetes_executor.py
[2023-04-08T15:34:01.242-0300] {processor.py:175} INFO - Processing /home/kauanu/PycharmProjects/AirFLowEnade/venv/lib/python3.10/site-packages/airflow/example_dags/example_kubernetes_executor.py took 0.026 seconds
[2023-04-08T15:34:37.618-0300] {processor.py:153} INFO - Started process (PID=16039) to work on /home/kauanu/PycharmProjects/AirFLowEnade/venv/lib/python3.10/site-packages/airflow/example_dags/example_kubernetes_executor.py
[2023-04-08T15:34:37.636-0300] {processor.py:743} INFO - Processing file /home/kauanu/PycharmProjects/AirFLowEnade/venv/lib/python3.10/site-packages/airflow/example_dags/example_kubernetes_executor.py for tasks to queue
[2023-04-08T15:34:37.638-0300] {logging_mixin.py:137} INFO - [2023-04-08T15:34:37.637-0300] {dagbag.py:532} INFO - Filling up the DagBag from /home/kauanu/PycharmProjects/AirFLowEnade/venv/lib/python3.10/site-packages/airflow/example_dags/example_kubernetes_executor.py
[2023-04-08T15:34:37.658-0300] {logging_mixin.py:137} INFO - [2023-04-08T15:34:37.658-0300] {example_kubernetes_executor.py:41} WARNING - The example_kubernetes_executor example DAG requires the kubernetes provider. Please install it with: pip install apache-airflow[cncf.kubernetes]
[2023-04-08T15:34:37.659-0300] {processor.py:755} WARNING - No viable dags retrieved from /home/kauanu/PycharmProjects/AirFLowEnade/venv/lib/python3.10/site-packages/airflow/example_dags/example_kubernetes_executor.py
[2023-04-08T15:34:37.673-0300] {processor.py:175} INFO - Processing /home/kauanu/PycharmProjects/AirFLowEnade/venv/lib/python3.10/site-packages/airflow/example_dags/example_kubernetes_executor.py took 0.060 seconds
[2023-04-08T15:35:19.570-0300] {processor.py:153} INFO - Started process (PID=16225) to work on /home/kauanu/PycharmProjects/AirFLowEnade/venv/lib/python3.10/site-packages/airflow/example_dags/example_kubernetes_executor.py
[2023-04-08T15:35:19.580-0300] {processor.py:743} INFO - Processing file /home/kauanu/PycharmProjects/AirFLowEnade/venv/lib/python3.10/site-packages/airflow/example_dags/example_kubernetes_executor.py for tasks to queue
[2023-04-08T15:35:19.580-0300] {logging_mixin.py:137} INFO - [2023-04-08T15:35:19.580-0300] {dagbag.py:532} INFO - Filling up the DagBag from /home/kauanu/PycharmProjects/AirFLowEnade/venv/lib/python3.10/site-packages/airflow/example_dags/example_kubernetes_executor.py
[2023-04-08T15:35:19.592-0300] {logging_mixin.py:137} INFO - [2023-04-08T15:35:19.592-0300] {example_kubernetes_executor.py:41} WARNING - The example_kubernetes_executor example DAG requires the kubernetes provider. Please install it with: pip install apache-airflow[cncf.kubernetes]
[2023-04-08T15:35:19.592-0300] {processor.py:755} WARNING - No viable dags retrieved from /home/kauanu/PycharmProjects/AirFLowEnade/venv/lib/python3.10/site-packages/airflow/example_dags/example_kubernetes_executor.py
[2023-04-08T15:35:19.599-0300] {processor.py:175} INFO - Processing /home/kauanu/PycharmProjects/AirFLowEnade/venv/lib/python3.10/site-packages/airflow/example_dags/example_kubernetes_executor.py took 0.032 seconds
[2023-04-08T15:36:02.343-0300] {processor.py:153} INFO - Started process (PID=16437) to work on /home/kauanu/PycharmProjects/AirFLowEnade/venv/lib/python3.10/site-packages/airflow/example_dags/example_kubernetes_executor.py
[2023-04-08T15:36:02.345-0300] {processor.py:743} INFO - Processing file /home/kauanu/PycharmProjects/AirFLowEnade/venv/lib/python3.10/site-packages/airflow/example_dags/example_kubernetes_executor.py for tasks to queue
[2023-04-08T15:36:02.346-0300] {logging_mixin.py:137} INFO - [2023-04-08T15:36:02.346-0300] {dagbag.py:532} INFO - Filling up the DagBag from /home/kauanu/PycharmProjects/AirFLowEnade/venv/lib/python3.10/site-packages/airflow/example_dags/example_kubernetes_executor.py
[2023-04-08T15:36:02.357-0300] {logging_mixin.py:137} INFO - [2023-04-08T15:36:02.357-0300] {example_kubernetes_executor.py:41} WARNING - The example_kubernetes_executor example DAG requires the kubernetes provider. Please install it with: pip install apache-airflow[cncf.kubernetes]
[2023-04-08T15:36:02.357-0300] {processor.py:755} WARNING - No viable dags retrieved from /home/kauanu/PycharmProjects/AirFLowEnade/venv/lib/python3.10/site-packages/airflow/example_dags/example_kubernetes_executor.py
[2023-04-08T15:36:02.364-0300] {processor.py:175} INFO - Processing /home/kauanu/PycharmProjects/AirFLowEnade/venv/lib/python3.10/site-packages/airflow/example_dags/example_kubernetes_executor.py took 0.025 seconds
[2023-04-08T15:36:55.309-0300] {processor.py:153} INFO - Started process (PID=16665) to work on /home/kauanu/PycharmProjects/AirFLowEnade/venv/lib/python3.10/site-packages/airflow/example_dags/example_kubernetes_executor.py
[2023-04-08T15:36:55.332-0300] {processor.py:743} INFO - Processing file /home/kauanu/PycharmProjects/AirFLowEnade/venv/lib/python3.10/site-packages/airflow/example_dags/example_kubernetes_executor.py for tasks to queue
[2023-04-08T15:36:55.332-0300] {logging_mixin.py:137} INFO - [2023-04-08T15:36:55.332-0300] {dagbag.py:532} INFO - Filling up the DagBag from /home/kauanu/PycharmProjects/AirFLowEnade/venv/lib/python3.10/site-packages/airflow/example_dags/example_kubernetes_executor.py
[2023-04-08T15:36:55.345-0300] {logging_mixin.py:137} INFO - [2023-04-08T15:36:55.345-0300] {example_kubernetes_executor.py:41} WARNING - The example_kubernetes_executor example DAG requires the kubernetes provider. Please install it with: pip install apache-airflow[cncf.kubernetes]
[2023-04-08T15:36:55.345-0300] {processor.py:755} WARNING - No viable dags retrieved from /home/kauanu/PycharmProjects/AirFLowEnade/venv/lib/python3.10/site-packages/airflow/example_dags/example_kubernetes_executor.py
[2023-04-08T15:36:55.352-0300] {processor.py:175} INFO - Processing /home/kauanu/PycharmProjects/AirFLowEnade/venv/lib/python3.10/site-packages/airflow/example_dags/example_kubernetes_executor.py took 0.046 seconds
