[2023-04-08T15:25:43.697-0300] {processor.py:153} INFO - Started process (PID=13425) to work on /home/kauanu/PycharmProjects/AirFLowEnade/venv/lib/python3.10/site-packages/airflow/example_dags/example_trigger_target_dag.py
[2023-04-08T15:25:43.699-0300] {processor.py:743} INFO - Processing file /home/kauanu/PycharmProjects/AirFLowEnade/venv/lib/python3.10/site-packages/airflow/example_dags/example_trigger_target_dag.py for tasks to queue
[2023-04-08T15:25:43.700-0300] {logging_mixin.py:137} INFO - [2023-04-08T15:25:43.699-0300] {dagbag.py:532} INFO - Filling up the DagBag from /home/kauanu/PycharmProjects/AirFLowEnade/venv/lib/python3.10/site-packages/airflow/example_dags/example_trigger_target_dag.py
[2023-04-08T15:25:43.753-0300] {processor.py:753} INFO - DAG(s) dict_keys(['example_trigger_target_dag']) retrieved from /home/kauanu/PycharmProjects/AirFLowEnade/venv/lib/python3.10/site-packages/airflow/example_dags/example_trigger_target_dag.py
[2023-04-08T15:25:43.900-0300] {logging_mixin.py:137} INFO - [2023-04-08T15:25:43.900-0300] {manager.py:504} INFO - Created Permission View: can delete on DAG:example_trigger_target_dag
[2023-04-08T15:25:43.927-0300] {logging_mixin.py:137} INFO - [2023-04-08T15:25:43.926-0300] {manager.py:504} INFO - Created Permission View: can edit on DAG:example_trigger_target_dag
[2023-04-08T15:25:43.953-0300] {logging_mixin.py:137} INFO - [2023-04-08T15:25:43.944-0300] {manager.py:504} INFO - Created Permission View: can read on DAG:example_trigger_target_dag
[2023-04-08T15:25:43.953-0300] {logging_mixin.py:137} INFO - [2023-04-08T15:25:43.953-0300] {dag.py:2705} INFO - Sync 1 DAGs
[2023-04-08T15:25:43.964-0300] {logging_mixin.py:137} INFO - [2023-04-08T15:25:43.964-0300] {dag.py:2726} INFO - Creating ORM DAG for example_trigger_target_dag
[2023-04-08T15:25:43.972-0300] {logging_mixin.py:137} INFO - [2023-04-08T15:25:43.972-0300] {dag.py:3452} INFO - Setting next_dagrun for example_trigger_target_dag to None, run_after=None
[2023-04-08T15:25:44.065-0300] {processor.py:175} INFO - Processing /home/kauanu/PycharmProjects/AirFLowEnade/venv/lib/python3.10/site-packages/airflow/example_dags/example_trigger_target_dag.py took 0.375 seconds
[2023-04-08T15:26:35.652-0300] {processor.py:153} INFO - Started process (PID=13689) to work on /home/kauanu/PycharmProjects/AirFLowEnade/venv/lib/python3.10/site-packages/airflow/example_dags/example_trigger_target_dag.py
[2023-04-08T15:26:35.666-0300] {processor.py:743} INFO - Processing file /home/kauanu/PycharmProjects/AirFLowEnade/venv/lib/python3.10/site-packages/airflow/example_dags/example_trigger_target_dag.py for tasks to queue
[2023-04-08T15:26:35.670-0300] {logging_mixin.py:137} INFO - [2023-04-08T15:26:35.668-0300] {dagbag.py:532} INFO - Filling up the DagBag from /home/kauanu/PycharmProjects/AirFLowEnade/venv/lib/python3.10/site-packages/airflow/example_dags/example_trigger_target_dag.py
[2023-04-08T15:26:35.729-0300] {processor.py:753} INFO - DAG(s) dict_keys(['example_trigger_target_dag']) retrieved from /home/kauanu/PycharmProjects/AirFLowEnade/venv/lib/python3.10/site-packages/airflow/example_dags/example_trigger_target_dag.py
[2023-04-08T15:26:35.773-0300] {logging_mixin.py:137} INFO - [2023-04-08T15:26:35.773-0300] {dag.py:2705} INFO - Sync 1 DAGs
[2023-04-08T15:26:35.811-0300] {logging_mixin.py:137} INFO - [2023-04-08T15:26:35.810-0300] {dag.py:3452} INFO - Setting next_dagrun for example_trigger_target_dag to None, run_after=None
[2023-04-08T15:26:35.914-0300] {processor.py:175} INFO - Processing /home/kauanu/PycharmProjects/AirFLowEnade/venv/lib/python3.10/site-packages/airflow/example_dags/example_trigger_target_dag.py took 0.272 seconds
[2023-04-08T15:27:29.871-0300] {processor.py:153} INFO - Started process (PID=13954) to work on /home/kauanu/PycharmProjects/AirFLowEnade/venv/lib/python3.10/site-packages/airflow/example_dags/example_trigger_target_dag.py
[2023-04-08T15:27:29.884-0300] {processor.py:743} INFO - Processing file /home/kauanu/PycharmProjects/AirFLowEnade/venv/lib/python3.10/site-packages/airflow/example_dags/example_trigger_target_dag.py for tasks to queue
[2023-04-08T15:27:29.885-0300] {logging_mixin.py:137} INFO - [2023-04-08T15:27:29.885-0300] {dagbag.py:532} INFO - Filling up the DagBag from /home/kauanu/PycharmProjects/AirFLowEnade/venv/lib/python3.10/site-packages/airflow/example_dags/example_trigger_target_dag.py
[2023-04-08T15:27:29.911-0300] {processor.py:753} INFO - DAG(s) dict_keys(['example_trigger_target_dag']) retrieved from /home/kauanu/PycharmProjects/AirFLowEnade/venv/lib/python3.10/site-packages/airflow/example_dags/example_trigger_target_dag.py
[2023-04-08T15:27:29.960-0300] {logging_mixin.py:137} INFO - [2023-04-08T15:27:29.960-0300] {dag.py:2705} INFO - Sync 1 DAGs
[2023-04-08T15:27:29.984-0300] {logging_mixin.py:137} INFO - [2023-04-08T15:27:29.984-0300] {dag.py:3452} INFO - Setting next_dagrun for example_trigger_target_dag to None, run_after=None
[2023-04-08T15:27:30.039-0300] {processor.py:175} INFO - Processing /home/kauanu/PycharmProjects/AirFLowEnade/venv/lib/python3.10/site-packages/airflow/example_dags/example_trigger_target_dag.py took 0.171 seconds
[2023-04-08T15:28:15.653-0300] {processor.py:153} INFO - Started process (PID=14168) to work on /home/kauanu/PycharmProjects/AirFLowEnade/venv/lib/python3.10/site-packages/airflow/example_dags/example_trigger_target_dag.py
[2023-04-08T15:28:15.663-0300] {processor.py:743} INFO - Processing file /home/kauanu/PycharmProjects/AirFLowEnade/venv/lib/python3.10/site-packages/airflow/example_dags/example_trigger_target_dag.py for tasks to queue
[2023-04-08T15:28:15.664-0300] {logging_mixin.py:137} INFO - [2023-04-08T15:28:15.664-0300] {dagbag.py:532} INFO - Filling up the DagBag from /home/kauanu/PycharmProjects/AirFLowEnade/venv/lib/python3.10/site-packages/airflow/example_dags/example_trigger_target_dag.py
[2023-04-08T15:28:15.686-0300] {processor.py:753} INFO - DAG(s) dict_keys(['example_trigger_target_dag']) retrieved from /home/kauanu/PycharmProjects/AirFLowEnade/venv/lib/python3.10/site-packages/airflow/example_dags/example_trigger_target_dag.py
[2023-04-08T15:28:15.706-0300] {logging_mixin.py:137} INFO - [2023-04-08T15:28:15.705-0300] {dag.py:2705} INFO - Sync 1 DAGs
[2023-04-08T15:28:15.725-0300] {logging_mixin.py:137} INFO - [2023-04-08T15:28:15.724-0300] {dag.py:3452} INFO - Setting next_dagrun for example_trigger_target_dag to None, run_after=None
[2023-04-08T15:28:15.797-0300] {processor.py:175} INFO - Processing /home/kauanu/PycharmProjects/AirFLowEnade/venv/lib/python3.10/site-packages/airflow/example_dags/example_trigger_target_dag.py took 0.147 seconds
[2023-04-08T15:29:04.215-0300] {processor.py:153} INFO - Started process (PID=14462) to work on /home/kauanu/PycharmProjects/AirFLowEnade/venv/lib/python3.10/site-packages/airflow/example_dags/example_trigger_target_dag.py
[2023-04-08T15:29:04.274-0300] {processor.py:743} INFO - Processing file /home/kauanu/PycharmProjects/AirFLowEnade/venv/lib/python3.10/site-packages/airflow/example_dags/example_trigger_target_dag.py for tasks to queue
[2023-04-08T15:29:04.275-0300] {logging_mixin.py:137} INFO - [2023-04-08T15:29:04.275-0300] {dagbag.py:532} INFO - Filling up the DagBag from /home/kauanu/PycharmProjects/AirFLowEnade/venv/lib/python3.10/site-packages/airflow/example_dags/example_trigger_target_dag.py
[2023-04-08T15:29:04.317-0300] {processor.py:753} INFO - DAG(s) dict_keys(['example_trigger_target_dag']) retrieved from /home/kauanu/PycharmProjects/AirFLowEnade/venv/lib/python3.10/site-packages/airflow/example_dags/example_trigger_target_dag.py
[2023-04-08T15:29:04.358-0300] {logging_mixin.py:137} INFO - [2023-04-08T15:29:04.358-0300] {dag.py:2705} INFO - Sync 1 DAGs
[2023-04-08T15:29:04.456-0300] {logging_mixin.py:137} INFO - [2023-04-08T15:29:04.455-0300] {dag.py:3452} INFO - Setting next_dagrun for example_trigger_target_dag to None, run_after=None
[2023-04-08T15:29:04.596-0300] {processor.py:175} INFO - Processing /home/kauanu/PycharmProjects/AirFLowEnade/venv/lib/python3.10/site-packages/airflow/example_dags/example_trigger_target_dag.py took 0.384 seconds
[2023-04-08T15:29:51.157-0300] {processor.py:153} INFO - Started process (PID=14674) to work on /home/kauanu/PycharmProjects/AirFLowEnade/venv/lib/python3.10/site-packages/airflow/example_dags/example_trigger_target_dag.py
[2023-04-08T15:29:51.159-0300] {processor.py:743} INFO - Processing file /home/kauanu/PycharmProjects/AirFLowEnade/venv/lib/python3.10/site-packages/airflow/example_dags/example_trigger_target_dag.py for tasks to queue
[2023-04-08T15:29:51.160-0300] {logging_mixin.py:137} INFO - [2023-04-08T15:29:51.160-0300] {dagbag.py:532} INFO - Filling up the DagBag from /home/kauanu/PycharmProjects/AirFLowEnade/venv/lib/python3.10/site-packages/airflow/example_dags/example_trigger_target_dag.py
[2023-04-08T15:29:51.175-0300] {processor.py:753} INFO - DAG(s) dict_keys(['example_trigger_target_dag']) retrieved from /home/kauanu/PycharmProjects/AirFLowEnade/venv/lib/python3.10/site-packages/airflow/example_dags/example_trigger_target_dag.py
[2023-04-08T15:29:51.189-0300] {logging_mixin.py:137} INFO - [2023-04-08T15:29:51.189-0300] {dag.py:2705} INFO - Sync 1 DAGs
[2023-04-08T15:29:51.202-0300] {logging_mixin.py:137} INFO - [2023-04-08T15:29:51.202-0300] {dag.py:3452} INFO - Setting next_dagrun for example_trigger_target_dag to None, run_after=None
[2023-04-08T15:29:51.226-0300] {processor.py:175} INFO - Processing /home/kauanu/PycharmProjects/AirFLowEnade/venv/lib/python3.10/site-packages/airflow/example_dags/example_trigger_target_dag.py took 0.071 seconds
[2023-04-08T15:30:34.423-0300] {processor.py:153} INFO - Started process (PID=14882) to work on /home/kauanu/PycharmProjects/AirFLowEnade/venv/lib/python3.10/site-packages/airflow/example_dags/example_trigger_target_dag.py
[2023-04-08T15:30:34.438-0300] {processor.py:743} INFO - Processing file /home/kauanu/PycharmProjects/AirFLowEnade/venv/lib/python3.10/site-packages/airflow/example_dags/example_trigger_target_dag.py for tasks to queue
[2023-04-08T15:30:34.438-0300] {logging_mixin.py:137} INFO - [2023-04-08T15:30:34.438-0300] {dagbag.py:532} INFO - Filling up the DagBag from /home/kauanu/PycharmProjects/AirFLowEnade/venv/lib/python3.10/site-packages/airflow/example_dags/example_trigger_target_dag.py
[2023-04-08T15:30:34.463-0300] {processor.py:753} INFO - DAG(s) dict_keys(['example_trigger_target_dag']) retrieved from /home/kauanu/PycharmProjects/AirFLowEnade/venv/lib/python3.10/site-packages/airflow/example_dags/example_trigger_target_dag.py
[2023-04-08T15:30:34.482-0300] {logging_mixin.py:137} INFO - [2023-04-08T15:30:34.482-0300] {dag.py:2705} INFO - Sync 1 DAGs
[2023-04-08T15:30:34.497-0300] {logging_mixin.py:137} INFO - [2023-04-08T15:30:34.497-0300] {dag.py:3452} INFO - Setting next_dagrun for example_trigger_target_dag to None, run_after=None
[2023-04-08T15:30:34.521-0300] {processor.py:175} INFO - Processing /home/kauanu/PycharmProjects/AirFLowEnade/venv/lib/python3.10/site-packages/airflow/example_dags/example_trigger_target_dag.py took 0.103 seconds
[2023-04-08T15:31:17.927-0300] {processor.py:153} INFO - Started process (PID=15097) to work on /home/kauanu/PycharmProjects/AirFLowEnade/venv/lib/python3.10/site-packages/airflow/example_dags/example_trigger_target_dag.py
[2023-04-08T15:31:17.928-0300] {processor.py:743} INFO - Processing file /home/kauanu/PycharmProjects/AirFLowEnade/venv/lib/python3.10/site-packages/airflow/example_dags/example_trigger_target_dag.py for tasks to queue
[2023-04-08T15:31:17.928-0300] {logging_mixin.py:137} INFO - [2023-04-08T15:31:17.928-0300] {dagbag.py:532} INFO - Filling up the DagBag from /home/kauanu/PycharmProjects/AirFLowEnade/venv/lib/python3.10/site-packages/airflow/example_dags/example_trigger_target_dag.py
[2023-04-08T15:31:17.948-0300] {processor.py:753} INFO - DAG(s) dict_keys(['example_trigger_target_dag']) retrieved from /home/kauanu/PycharmProjects/AirFLowEnade/venv/lib/python3.10/site-packages/airflow/example_dags/example_trigger_target_dag.py
[2023-04-08T15:31:17.964-0300] {logging_mixin.py:137} INFO - [2023-04-08T15:31:17.963-0300] {dag.py:2705} INFO - Sync 1 DAGs
[2023-04-08T15:31:17.976-0300] {logging_mixin.py:137} INFO - [2023-04-08T15:31:17.976-0300] {dag.py:3452} INFO - Setting next_dagrun for example_trigger_target_dag to None, run_after=None
[2023-04-08T15:31:18.007-0300] {processor.py:175} INFO - Processing /home/kauanu/PycharmProjects/AirFLowEnade/venv/lib/python3.10/site-packages/airflow/example_dags/example_trigger_target_dag.py took 0.083 seconds
[2023-04-08T15:31:57.498-0300] {processor.py:153} INFO - Started process (PID=15281) to work on /home/kauanu/PycharmProjects/AirFLowEnade/venv/lib/python3.10/site-packages/airflow/example_dags/example_trigger_target_dag.py
[2023-04-08T15:31:57.508-0300] {processor.py:743} INFO - Processing file /home/kauanu/PycharmProjects/AirFLowEnade/venv/lib/python3.10/site-packages/airflow/example_dags/example_trigger_target_dag.py for tasks to queue
[2023-04-08T15:31:57.508-0300] {logging_mixin.py:137} INFO - [2023-04-08T15:31:57.508-0300] {dagbag.py:532} INFO - Filling up the DagBag from /home/kauanu/PycharmProjects/AirFLowEnade/venv/lib/python3.10/site-packages/airflow/example_dags/example_trigger_target_dag.py
[2023-04-08T15:31:57.525-0300] {processor.py:753} INFO - DAG(s) dict_keys(['example_trigger_target_dag']) retrieved from /home/kauanu/PycharmProjects/AirFLowEnade/venv/lib/python3.10/site-packages/airflow/example_dags/example_trigger_target_dag.py
[2023-04-08T15:31:57.539-0300] {logging_mixin.py:137} INFO - [2023-04-08T15:31:57.539-0300] {dag.py:2705} INFO - Sync 1 DAGs
[2023-04-08T15:31:57.552-0300] {logging_mixin.py:137} INFO - [2023-04-08T15:31:57.552-0300] {dag.py:3452} INFO - Setting next_dagrun for example_trigger_target_dag to None, run_after=None
[2023-04-08T15:31:57.573-0300] {processor.py:175} INFO - Processing /home/kauanu/PycharmProjects/AirFLowEnade/venv/lib/python3.10/site-packages/airflow/example_dags/example_trigger_target_dag.py took 0.077 seconds
[2023-04-08T15:32:47.567-0300] {processor.py:153} INFO - Started process (PID=15500) to work on /home/kauanu/PycharmProjects/AirFLowEnade/venv/lib/python3.10/site-packages/airflow/example_dags/example_trigger_target_dag.py
[2023-04-08T15:32:47.568-0300] {processor.py:743} INFO - Processing file /home/kauanu/PycharmProjects/AirFLowEnade/venv/lib/python3.10/site-packages/airflow/example_dags/example_trigger_target_dag.py for tasks to queue
[2023-04-08T15:32:47.569-0300] {logging_mixin.py:137} INFO - [2023-04-08T15:32:47.569-0300] {dagbag.py:532} INFO - Filling up the DagBag from /home/kauanu/PycharmProjects/AirFLowEnade/venv/lib/python3.10/site-packages/airflow/example_dags/example_trigger_target_dag.py
[2023-04-08T15:32:47.599-0300] {processor.py:753} INFO - DAG(s) dict_keys(['example_trigger_target_dag']) retrieved from /home/kauanu/PycharmProjects/AirFLowEnade/venv/lib/python3.10/site-packages/airflow/example_dags/example_trigger_target_dag.py
[2023-04-08T15:32:47.617-0300] {logging_mixin.py:137} INFO - [2023-04-08T15:32:47.617-0300] {dag.py:2705} INFO - Sync 1 DAGs
[2023-04-08T15:32:47.634-0300] {logging_mixin.py:137} INFO - [2023-04-08T15:32:47.633-0300] {dag.py:3452} INFO - Setting next_dagrun for example_trigger_target_dag to None, run_after=None
[2023-04-08T15:32:47.660-0300] {processor.py:175} INFO - Processing /home/kauanu/PycharmProjects/AirFLowEnade/venv/lib/python3.10/site-packages/airflow/example_dags/example_trigger_target_dag.py took 0.096 seconds
[2023-04-08T15:33:26.768-0300] {processor.py:153} INFO - Started process (PID=15699) to work on /home/kauanu/PycharmProjects/AirFLowEnade/venv/lib/python3.10/site-packages/airflow/example_dags/example_trigger_target_dag.py
[2023-04-08T15:33:26.770-0300] {processor.py:743} INFO - Processing file /home/kauanu/PycharmProjects/AirFLowEnade/venv/lib/python3.10/site-packages/airflow/example_dags/example_trigger_target_dag.py for tasks to queue
[2023-04-08T15:33:26.770-0300] {logging_mixin.py:137} INFO - [2023-04-08T15:33:26.770-0300] {dagbag.py:532} INFO - Filling up the DagBag from /home/kauanu/PycharmProjects/AirFLowEnade/venv/lib/python3.10/site-packages/airflow/example_dags/example_trigger_target_dag.py
[2023-04-08T15:33:26.788-0300] {processor.py:753} INFO - DAG(s) dict_keys(['example_trigger_target_dag']) retrieved from /home/kauanu/PycharmProjects/AirFLowEnade/venv/lib/python3.10/site-packages/airflow/example_dags/example_trigger_target_dag.py
[2023-04-08T15:33:26.810-0300] {logging_mixin.py:137} INFO - [2023-04-08T15:33:26.810-0300] {dag.py:2705} INFO - Sync 1 DAGs
[2023-04-08T15:33:26.828-0300] {logging_mixin.py:137} INFO - [2023-04-08T15:33:26.828-0300] {dag.py:3452} INFO - Setting next_dagrun for example_trigger_target_dag to None, run_after=None
[2023-04-08T15:33:26.874-0300] {processor.py:175} INFO - Processing /home/kauanu/PycharmProjects/AirFLowEnade/venv/lib/python3.10/site-packages/airflow/example_dags/example_trigger_target_dag.py took 0.108 seconds
[2023-04-08T15:34:12.789-0300] {processor.py:153} INFO - Started process (PID=15914) to work on /home/kauanu/PycharmProjects/AirFLowEnade/venv/lib/python3.10/site-packages/airflow/example_dags/example_trigger_target_dag.py
[2023-04-08T15:34:12.790-0300] {processor.py:743} INFO - Processing file /home/kauanu/PycharmProjects/AirFLowEnade/venv/lib/python3.10/site-packages/airflow/example_dags/example_trigger_target_dag.py for tasks to queue
[2023-04-08T15:34:12.791-0300] {logging_mixin.py:137} INFO - [2023-04-08T15:34:12.791-0300] {dagbag.py:532} INFO - Filling up the DagBag from /home/kauanu/PycharmProjects/AirFLowEnade/venv/lib/python3.10/site-packages/airflow/example_dags/example_trigger_target_dag.py
[2023-04-08T15:34:12.807-0300] {processor.py:753} INFO - DAG(s) dict_keys(['example_trigger_target_dag']) retrieved from /home/kauanu/PycharmProjects/AirFLowEnade/venv/lib/python3.10/site-packages/airflow/example_dags/example_trigger_target_dag.py
[2023-04-08T15:34:12.821-0300] {logging_mixin.py:137} INFO - [2023-04-08T15:34:12.821-0300] {dag.py:2705} INFO - Sync 1 DAGs
[2023-04-08T15:34:12.834-0300] {logging_mixin.py:137} INFO - [2023-04-08T15:34:12.834-0300] {dag.py:3452} INFO - Setting next_dagrun for example_trigger_target_dag to None, run_after=None
[2023-04-08T15:34:12.855-0300] {processor.py:175} INFO - Processing /home/kauanu/PycharmProjects/AirFLowEnade/venv/lib/python3.10/site-packages/airflow/example_dags/example_trigger_target_dag.py took 0.068 seconds
[2023-04-08T15:34:50.887-0300] {processor.py:153} INFO - Started process (PID=16107) to work on /home/kauanu/PycharmProjects/AirFLowEnade/venv/lib/python3.10/site-packages/airflow/example_dags/example_trigger_target_dag.py
[2023-04-08T15:34:50.901-0300] {processor.py:743} INFO - Processing file /home/kauanu/PycharmProjects/AirFLowEnade/venv/lib/python3.10/site-packages/airflow/example_dags/example_trigger_target_dag.py for tasks to queue
[2023-04-08T15:34:50.902-0300] {logging_mixin.py:137} INFO - [2023-04-08T15:34:50.902-0300] {dagbag.py:532} INFO - Filling up the DagBag from /home/kauanu/PycharmProjects/AirFLowEnade/venv/lib/python3.10/site-packages/airflow/example_dags/example_trigger_target_dag.py
[2023-04-08T15:34:50.918-0300] {processor.py:753} INFO - DAG(s) dict_keys(['example_trigger_target_dag']) retrieved from /home/kauanu/PycharmProjects/AirFLowEnade/venv/lib/python3.10/site-packages/airflow/example_dags/example_trigger_target_dag.py
[2023-04-08T15:34:50.933-0300] {logging_mixin.py:137} INFO - [2023-04-08T15:34:50.933-0300] {dag.py:2705} INFO - Sync 1 DAGs
[2023-04-08T15:34:50.946-0300] {logging_mixin.py:137} INFO - [2023-04-08T15:34:50.945-0300] {dag.py:3452} INFO - Setting next_dagrun for example_trigger_target_dag to None, run_after=None
[2023-04-08T15:34:50.969-0300] {processor.py:175} INFO - Processing /home/kauanu/PycharmProjects/AirFLowEnade/venv/lib/python3.10/site-packages/airflow/example_dags/example_trigger_target_dag.py took 0.084 seconds
[2023-04-08T15:35:34.710-0300] {processor.py:153} INFO - Started process (PID=16296) to work on /home/kauanu/PycharmProjects/AirFLowEnade/venv/lib/python3.10/site-packages/airflow/example_dags/example_trigger_target_dag.py
[2023-04-08T15:35:34.719-0300] {processor.py:743} INFO - Processing file /home/kauanu/PycharmProjects/AirFLowEnade/venv/lib/python3.10/site-packages/airflow/example_dags/example_trigger_target_dag.py for tasks to queue
[2023-04-08T15:35:34.720-0300] {logging_mixin.py:137} INFO - [2023-04-08T15:35:34.720-0300] {dagbag.py:532} INFO - Filling up the DagBag from /home/kauanu/PycharmProjects/AirFLowEnade/venv/lib/python3.10/site-packages/airflow/example_dags/example_trigger_target_dag.py
[2023-04-08T15:35:34.757-0300] {processor.py:753} INFO - DAG(s) dict_keys(['example_trigger_target_dag']) retrieved from /home/kauanu/PycharmProjects/AirFLowEnade/venv/lib/python3.10/site-packages/airflow/example_dags/example_trigger_target_dag.py
[2023-04-08T15:35:34.787-0300] {logging_mixin.py:137} INFO - [2023-04-08T15:35:34.787-0300] {dag.py:2705} INFO - Sync 1 DAGs
[2023-04-08T15:35:34.815-0300] {logging_mixin.py:137} INFO - [2023-04-08T15:35:34.815-0300] {dag.py:3452} INFO - Setting next_dagrun for example_trigger_target_dag to None, run_after=None
[2023-04-08T15:35:34.891-0300] {processor.py:175} INFO - Processing /home/kauanu/PycharmProjects/AirFLowEnade/venv/lib/python3.10/site-packages/airflow/example_dags/example_trigger_target_dag.py took 0.184 seconds
[2023-04-08T15:36:17.773-0300] {processor.py:153} INFO - Started process (PID=16489) to work on /home/kauanu/PycharmProjects/AirFLowEnade/venv/lib/python3.10/site-packages/airflow/example_dags/example_trigger_target_dag.py
[2023-04-08T15:36:17.775-0300] {processor.py:743} INFO - Processing file /home/kauanu/PycharmProjects/AirFLowEnade/venv/lib/python3.10/site-packages/airflow/example_dags/example_trigger_target_dag.py for tasks to queue
[2023-04-08T15:36:17.775-0300] {logging_mixin.py:137} INFO - [2023-04-08T15:36:17.775-0300] {dagbag.py:532} INFO - Filling up the DagBag from /home/kauanu/PycharmProjects/AirFLowEnade/venv/lib/python3.10/site-packages/airflow/example_dags/example_trigger_target_dag.py
[2023-04-08T15:36:17.792-0300] {processor.py:753} INFO - DAG(s) dict_keys(['example_trigger_target_dag']) retrieved from /home/kauanu/PycharmProjects/AirFLowEnade/venv/lib/python3.10/site-packages/airflow/example_dags/example_trigger_target_dag.py
[2023-04-08T15:36:17.808-0300] {logging_mixin.py:137} INFO - [2023-04-08T15:36:17.808-0300] {dag.py:2705} INFO - Sync 1 DAGs
[2023-04-08T15:36:17.820-0300] {logging_mixin.py:137} INFO - [2023-04-08T15:36:17.820-0300] {dag.py:3452} INFO - Setting next_dagrun for example_trigger_target_dag to None, run_after=None
[2023-04-08T15:36:17.842-0300] {processor.py:175} INFO - Processing /home/kauanu/PycharmProjects/AirFLowEnade/venv/lib/python3.10/site-packages/airflow/example_dags/example_trigger_target_dag.py took 0.073 seconds
