[2023-04-08T15:25:36.283-0300] {processor.py:153} INFO - Started process (PID=13402) to work on /home/kauanu/PycharmProjects/AirFLowEnade/venv/lib/python3.10/site-packages/airflow/example_dags/example_branch_labels.py
[2023-04-08T15:25:36.284-0300] {processor.py:743} INFO - Processing file /home/kauanu/PycharmProjects/AirFLowEnade/venv/lib/python3.10/site-packages/airflow/example_dags/example_branch_labels.py for tasks to queue
[2023-04-08T15:25:36.284-0300] {logging_mixin.py:137} INFO - [2023-04-08T15:25:36.284-0300] {dagbag.py:532} INFO - Filling up the DagBag from /home/kauanu/PycharmProjects/AirFLowEnade/venv/lib/python3.10/site-packages/airflow/example_dags/example_branch_labels.py
[2023-04-08T15:25:36.359-0300] {processor.py:753} INFO - DAG(s) dict_keys(['example_branch_labels']) retrieved from /home/kauanu/PycharmProjects/AirFLowEnade/venv/lib/python3.10/site-packages/airflow/example_dags/example_branch_labels.py
[2023-04-08T15:25:36.539-0300] {logging_mixin.py:137} INFO - [2023-04-08T15:25:36.539-0300] {manager.py:504} INFO - Created Permission View: can delete on DAG:example_branch_labels
[2023-04-08T15:25:36.567-0300] {logging_mixin.py:137} INFO - [2023-04-08T15:25:36.567-0300] {manager.py:504} INFO - Created Permission View: can edit on DAG:example_branch_labels
[2023-04-08T15:25:36.588-0300] {logging_mixin.py:137} INFO - [2023-04-08T15:25:36.588-0300] {manager.py:504} INFO - Created Permission View: can read on DAG:example_branch_labels
[2023-04-08T15:25:36.590-0300] {logging_mixin.py:137} INFO - [2023-04-08T15:25:36.589-0300] {dag.py:2705} INFO - Sync 1 DAGs
[2023-04-08T15:25:36.601-0300] {logging_mixin.py:137} INFO - [2023-04-08T15:25:36.601-0300] {dag.py:2726} INFO - Creating ORM DAG for example_branch_labels
[2023-04-08T15:25:36.613-0300] {logging_mixin.py:137} INFO - [2023-04-08T15:25:36.612-0300] {dag.py:3452} INFO - Setting next_dagrun for example_branch_labels to 2023-04-07T00:00:00+00:00, run_after=2023-04-08T00:00:00+00:00
[2023-04-08T15:25:36.764-0300] {processor.py:175} INFO - Processing /home/kauanu/PycharmProjects/AirFLowEnade/venv/lib/python3.10/site-packages/airflow/example_dags/example_branch_labels.py took 0.489 seconds
[2023-04-08T15:26:30.584-0300] {processor.py:153} INFO - Started process (PID=13669) to work on /home/kauanu/PycharmProjects/AirFLowEnade/venv/lib/python3.10/site-packages/airflow/example_dags/example_branch_labels.py
[2023-04-08T15:26:30.588-0300] {processor.py:743} INFO - Processing file /home/kauanu/PycharmProjects/AirFLowEnade/venv/lib/python3.10/site-packages/airflow/example_dags/example_branch_labels.py for tasks to queue
[2023-04-08T15:26:30.592-0300] {logging_mixin.py:137} INFO - [2023-04-08T15:26:30.591-0300] {dagbag.py:532} INFO - Filling up the DagBag from /home/kauanu/PycharmProjects/AirFLowEnade/venv/lib/python3.10/site-packages/airflow/example_dags/example_branch_labels.py
[2023-04-08T15:26:30.636-0300] {processor.py:753} INFO - DAG(s) dict_keys(['example_branch_labels']) retrieved from /home/kauanu/PycharmProjects/AirFLowEnade/venv/lib/python3.10/site-packages/airflow/example_dags/example_branch_labels.py
[2023-04-08T15:26:30.696-0300] {logging_mixin.py:137} INFO - [2023-04-08T15:26:30.686-0300] {dag.py:2705} INFO - Sync 1 DAGs
[2023-04-08T15:26:30.740-0300] {logging_mixin.py:137} INFO - [2023-04-08T15:26:30.737-0300] {dag.py:3452} INFO - Setting next_dagrun for example_branch_labels to 2023-04-07T00:00:00+00:00, run_after=2023-04-08T00:00:00+00:00
[2023-04-08T15:26:30.789-0300] {processor.py:175} INFO - Processing /home/kauanu/PycharmProjects/AirFLowEnade/venv/lib/python3.10/site-packages/airflow/example_dags/example_branch_labels.py took 0.241 seconds
[2023-04-08T15:27:25.232-0300] {processor.py:153} INFO - Started process (PID=13930) to work on /home/kauanu/PycharmProjects/AirFLowEnade/venv/lib/python3.10/site-packages/airflow/example_dags/example_branch_labels.py
[2023-04-08T15:27:25.237-0300] {processor.py:743} INFO - Processing file /home/kauanu/PycharmProjects/AirFLowEnade/venv/lib/python3.10/site-packages/airflow/example_dags/example_branch_labels.py for tasks to queue
[2023-04-08T15:27:25.240-0300] {logging_mixin.py:137} INFO - [2023-04-08T15:27:25.239-0300] {dagbag.py:532} INFO - Filling up the DagBag from /home/kauanu/PycharmProjects/AirFLowEnade/venv/lib/python3.10/site-packages/airflow/example_dags/example_branch_labels.py
[2023-04-08T15:27:25.281-0300] {processor.py:753} INFO - DAG(s) dict_keys(['example_branch_labels']) retrieved from /home/kauanu/PycharmProjects/AirFLowEnade/venv/lib/python3.10/site-packages/airflow/example_dags/example_branch_labels.py
[2023-04-08T15:27:25.503-0300] {logging_mixin.py:137} INFO - [2023-04-08T15:27:25.503-0300] {dag.py:2705} INFO - Sync 1 DAGs
[2023-04-08T15:27:25.650-0300] {logging_mixin.py:137} INFO - [2023-04-08T15:27:25.650-0300] {dag.py:3452} INFO - Setting next_dagrun for example_branch_labels to 2023-04-07T00:00:00+00:00, run_after=2023-04-08T00:00:00+00:00
[2023-04-08T15:27:25.745-0300] {processor.py:175} INFO - Processing /home/kauanu/PycharmProjects/AirFLowEnade/venv/lib/python3.10/site-packages/airflow/example_dags/example_branch_labels.py took 0.523 seconds
[2023-04-08T15:28:11.993-0300] {processor.py:153} INFO - Started process (PID=14142) to work on /home/kauanu/PycharmProjects/AirFLowEnade/venv/lib/python3.10/site-packages/airflow/example_dags/example_branch_labels.py
[2023-04-08T15:28:12.008-0300] {processor.py:743} INFO - Processing file /home/kauanu/PycharmProjects/AirFLowEnade/venv/lib/python3.10/site-packages/airflow/example_dags/example_branch_labels.py for tasks to queue
[2023-04-08T15:28:12.009-0300] {logging_mixin.py:137} INFO - [2023-04-08T15:28:12.009-0300] {dagbag.py:532} INFO - Filling up the DagBag from /home/kauanu/PycharmProjects/AirFLowEnade/venv/lib/python3.10/site-packages/airflow/example_dags/example_branch_labels.py
[2023-04-08T15:28:12.045-0300] {processor.py:753} INFO - DAG(s) dict_keys(['example_branch_labels']) retrieved from /home/kauanu/PycharmProjects/AirFLowEnade/venv/lib/python3.10/site-packages/airflow/example_dags/example_branch_labels.py
[2023-04-08T15:28:12.075-0300] {logging_mixin.py:137} INFO - [2023-04-08T15:28:12.074-0300] {dag.py:2705} INFO - Sync 1 DAGs
[2023-04-08T15:28:12.109-0300] {logging_mixin.py:137} INFO - [2023-04-08T15:28:12.108-0300] {dag.py:3452} INFO - Setting next_dagrun for example_branch_labels to 2023-04-07T00:00:00+00:00, run_after=2023-04-08T00:00:00+00:00
[2023-04-08T15:28:12.159-0300] {processor.py:175} INFO - Processing /home/kauanu/PycharmProjects/AirFLowEnade/venv/lib/python3.10/site-packages/airflow/example_dags/example_branch_labels.py took 0.172 seconds
[2023-04-08T15:29:00.099-0300] {processor.py:153} INFO - Started process (PID=14407) to work on /home/kauanu/PycharmProjects/AirFLowEnade/venv/lib/python3.10/site-packages/airflow/example_dags/example_branch_labels.py
[2023-04-08T15:29:00.133-0300] {processor.py:743} INFO - Processing file /home/kauanu/PycharmProjects/AirFLowEnade/venv/lib/python3.10/site-packages/airflow/example_dags/example_branch_labels.py for tasks to queue
[2023-04-08T15:29:00.135-0300] {logging_mixin.py:137} INFO - [2023-04-08T15:29:00.135-0300] {dagbag.py:532} INFO - Filling up the DagBag from /home/kauanu/PycharmProjects/AirFLowEnade/venv/lib/python3.10/site-packages/airflow/example_dags/example_branch_labels.py
[2023-04-08T15:29:00.150-0300] {processor.py:753} INFO - DAG(s) dict_keys(['example_branch_labels']) retrieved from /home/kauanu/PycharmProjects/AirFLowEnade/venv/lib/python3.10/site-packages/airflow/example_dags/example_branch_labels.py
[2023-04-08T15:29:00.175-0300] {logging_mixin.py:137} INFO - [2023-04-08T15:29:00.174-0300] {dag.py:2705} INFO - Sync 1 DAGs
[2023-04-08T15:29:00.208-0300] {logging_mixin.py:137} INFO - [2023-04-08T15:29:00.207-0300] {dag.py:3452} INFO - Setting next_dagrun for example_branch_labels to 2023-04-07T00:00:00+00:00, run_after=2023-04-08T00:00:00+00:00
[2023-04-08T15:29:00.250-0300] {processor.py:175} INFO - Processing /home/kauanu/PycharmProjects/AirFLowEnade/venv/lib/python3.10/site-packages/airflow/example_dags/example_branch_labels.py took 0.154 seconds
[2023-04-08T15:29:46.493-0300] {processor.py:153} INFO - Started process (PID=14670) to work on /home/kauanu/PycharmProjects/AirFLowEnade/venv/lib/python3.10/site-packages/airflow/example_dags/example_branch_labels.py
[2023-04-08T15:29:46.495-0300] {processor.py:743} INFO - Processing file /home/kauanu/PycharmProjects/AirFLowEnade/venv/lib/python3.10/site-packages/airflow/example_dags/example_branch_labels.py for tasks to queue
[2023-04-08T15:29:46.497-0300] {logging_mixin.py:137} INFO - [2023-04-08T15:29:46.497-0300] {dagbag.py:532} INFO - Filling up the DagBag from /home/kauanu/PycharmProjects/AirFLowEnade/venv/lib/python3.10/site-packages/airflow/example_dags/example_branch_labels.py
[2023-04-08T15:29:46.507-0300] {processor.py:753} INFO - DAG(s) dict_keys(['example_branch_labels']) retrieved from /home/kauanu/PycharmProjects/AirFLowEnade/venv/lib/python3.10/site-packages/airflow/example_dags/example_branch_labels.py
[2023-04-08T15:29:46.522-0300] {logging_mixin.py:137} INFO - [2023-04-08T15:29:46.522-0300] {dag.py:2705} INFO - Sync 1 DAGs
[2023-04-08T15:29:46.541-0300] {logging_mixin.py:137} INFO - [2023-04-08T15:29:46.541-0300] {dag.py:3452} INFO - Setting next_dagrun for example_branch_labels to 2023-04-07T00:00:00+00:00, run_after=2023-04-08T00:00:00+00:00
[2023-04-08T15:29:46.562-0300] {processor.py:175} INFO - Processing /home/kauanu/PycharmProjects/AirFLowEnade/venv/lib/python3.10/site-packages/airflow/example_dags/example_branch_labels.py took 0.071 seconds
[2023-04-08T15:30:30.433-0300] {processor.py:153} INFO - Started process (PID=14857) to work on /home/kauanu/PycharmProjects/AirFLowEnade/venv/lib/python3.10/site-packages/airflow/example_dags/example_branch_labels.py
[2023-04-08T15:30:30.445-0300] {processor.py:743} INFO - Processing file /home/kauanu/PycharmProjects/AirFLowEnade/venv/lib/python3.10/site-packages/airflow/example_dags/example_branch_labels.py for tasks to queue
[2023-04-08T15:30:30.447-0300] {logging_mixin.py:137} INFO - [2023-04-08T15:30:30.446-0300] {dagbag.py:532} INFO - Filling up the DagBag from /home/kauanu/PycharmProjects/AirFLowEnade/venv/lib/python3.10/site-packages/airflow/example_dags/example_branch_labels.py
[2023-04-08T15:30:30.477-0300] {processor.py:753} INFO - DAG(s) dict_keys(['example_branch_labels']) retrieved from /home/kauanu/PycharmProjects/AirFLowEnade/venv/lib/python3.10/site-packages/airflow/example_dags/example_branch_labels.py
[2023-04-08T15:30:30.522-0300] {logging_mixin.py:137} INFO - [2023-04-08T15:30:30.522-0300] {dag.py:2705} INFO - Sync 1 DAGs
[2023-04-08T15:30:30.562-0300] {logging_mixin.py:137} INFO - [2023-04-08T15:30:30.562-0300] {dag.py:3452} INFO - Setting next_dagrun for example_branch_labels to 2023-04-07T00:00:00+00:00, run_after=2023-04-08T00:00:00+00:00
[2023-04-08T15:30:30.590-0300] {processor.py:175} INFO - Processing /home/kauanu/PycharmProjects/AirFLowEnade/venv/lib/python3.10/site-packages/airflow/example_dags/example_branch_labels.py took 0.172 seconds
[2023-04-08T15:31:15.307-0300] {processor.py:153} INFO - Started process (PID=15075) to work on /home/kauanu/PycharmProjects/AirFLowEnade/venv/lib/python3.10/site-packages/airflow/example_dags/example_branch_labels.py
[2023-04-08T15:31:15.308-0300] {processor.py:743} INFO - Processing file /home/kauanu/PycharmProjects/AirFLowEnade/venv/lib/python3.10/site-packages/airflow/example_dags/example_branch_labels.py for tasks to queue
[2023-04-08T15:31:15.309-0300] {logging_mixin.py:137} INFO - [2023-04-08T15:31:15.308-0300] {dagbag.py:532} INFO - Filling up the DagBag from /home/kauanu/PycharmProjects/AirFLowEnade/venv/lib/python3.10/site-packages/airflow/example_dags/example_branch_labels.py
[2023-04-08T15:31:15.320-0300] {processor.py:753} INFO - DAG(s) dict_keys(['example_branch_labels']) retrieved from /home/kauanu/PycharmProjects/AirFLowEnade/venv/lib/python3.10/site-packages/airflow/example_dags/example_branch_labels.py
[2023-04-08T15:31:15.336-0300] {logging_mixin.py:137} INFO - [2023-04-08T15:31:15.336-0300] {dag.py:2705} INFO - Sync 1 DAGs
[2023-04-08T15:31:15.351-0300] {logging_mixin.py:137} INFO - [2023-04-08T15:31:15.351-0300] {dag.py:3452} INFO - Setting next_dagrun for example_branch_labels to 2023-04-07T00:00:00+00:00, run_after=2023-04-08T00:00:00+00:00
[2023-04-08T15:31:15.372-0300] {processor.py:175} INFO - Processing /home/kauanu/PycharmProjects/AirFLowEnade/venv/lib/python3.10/site-packages/airflow/example_dags/example_branch_labels.py took 0.067 seconds
[2023-04-08T15:31:53.490-0300] {processor.py:153} INFO - Started process (PID=15241) to work on /home/kauanu/PycharmProjects/AirFLowEnade/venv/lib/python3.10/site-packages/airflow/example_dags/example_branch_labels.py
[2023-04-08T15:31:53.491-0300] {processor.py:743} INFO - Processing file /home/kauanu/PycharmProjects/AirFLowEnade/venv/lib/python3.10/site-packages/airflow/example_dags/example_branch_labels.py for tasks to queue
[2023-04-08T15:31:53.492-0300] {logging_mixin.py:137} INFO - [2023-04-08T15:31:53.492-0300] {dagbag.py:532} INFO - Filling up the DagBag from /home/kauanu/PycharmProjects/AirFLowEnade/venv/lib/python3.10/site-packages/airflow/example_dags/example_branch_labels.py
[2023-04-08T15:31:53.503-0300] {processor.py:753} INFO - DAG(s) dict_keys(['example_branch_labels']) retrieved from /home/kauanu/PycharmProjects/AirFLowEnade/venv/lib/python3.10/site-packages/airflow/example_dags/example_branch_labels.py
[2023-04-08T15:31:53.518-0300] {logging_mixin.py:137} INFO - [2023-04-08T15:31:53.518-0300] {dag.py:2705} INFO - Sync 1 DAGs
[2023-04-08T15:31:53.532-0300] {logging_mixin.py:137} INFO - [2023-04-08T15:31:53.532-0300] {dag.py:3452} INFO - Setting next_dagrun for example_branch_labels to 2023-04-07T00:00:00+00:00, run_after=2023-04-08T00:00:00+00:00
[2023-04-08T15:31:53.554-0300] {processor.py:175} INFO - Processing /home/kauanu/PycharmProjects/AirFLowEnade/venv/lib/python3.10/site-packages/airflow/example_dags/example_branch_labels.py took 0.067 seconds
[2023-04-08T15:32:29.621-0300] {processor.py:153} INFO - Started process (PID=15422) to work on /home/kauanu/PycharmProjects/AirFLowEnade/venv/lib/python3.10/site-packages/airflow/example_dags/example_branch_labels.py
[2023-04-08T15:32:29.627-0300] {processor.py:743} INFO - Processing file /home/kauanu/PycharmProjects/AirFLowEnade/venv/lib/python3.10/site-packages/airflow/example_dags/example_branch_labels.py for tasks to queue
[2023-04-08T15:32:29.628-0300] {logging_mixin.py:137} INFO - [2023-04-08T15:32:29.627-0300] {dagbag.py:532} INFO - Filling up the DagBag from /home/kauanu/PycharmProjects/AirFLowEnade/venv/lib/python3.10/site-packages/airflow/example_dags/example_branch_labels.py
[2023-04-08T15:32:29.641-0300] {processor.py:753} INFO - DAG(s) dict_keys(['example_branch_labels']) retrieved from /home/kauanu/PycharmProjects/AirFLowEnade/venv/lib/python3.10/site-packages/airflow/example_dags/example_branch_labels.py
[2023-04-08T15:32:29.657-0300] {logging_mixin.py:137} INFO - [2023-04-08T15:32:29.657-0300] {dag.py:2705} INFO - Sync 1 DAGs
[2023-04-08T15:32:29.673-0300] {logging_mixin.py:137} INFO - [2023-04-08T15:32:29.673-0300] {dag.py:3452} INFO - Setting next_dagrun for example_branch_labels to 2023-04-07T00:00:00+00:00, run_after=2023-04-08T00:00:00+00:00
[2023-04-08T15:32:29.694-0300] {processor.py:175} INFO - Processing /home/kauanu/PycharmProjects/AirFLowEnade/venv/lib/python3.10/site-packages/airflow/example_dags/example_branch_labels.py took 0.076 seconds
[2023-04-08T15:33:09.175-0300] {processor.py:153} INFO - Started process (PID=15629) to work on /home/kauanu/PycharmProjects/AirFLowEnade/venv/lib/python3.10/site-packages/airflow/example_dags/example_branch_labels.py
[2023-04-08T15:33:09.177-0300] {processor.py:743} INFO - Processing file /home/kauanu/PycharmProjects/AirFLowEnade/venv/lib/python3.10/site-packages/airflow/example_dags/example_branch_labels.py for tasks to queue
[2023-04-08T15:33:09.177-0300] {logging_mixin.py:137} INFO - [2023-04-08T15:33:09.177-0300] {dagbag.py:532} INFO - Filling up the DagBag from /home/kauanu/PycharmProjects/AirFLowEnade/venv/lib/python3.10/site-packages/airflow/example_dags/example_branch_labels.py
[2023-04-08T15:33:09.195-0300] {processor.py:753} INFO - DAG(s) dict_keys(['example_branch_labels']) retrieved from /home/kauanu/PycharmProjects/AirFLowEnade/venv/lib/python3.10/site-packages/airflow/example_dags/example_branch_labels.py
[2023-04-08T15:33:09.212-0300] {logging_mixin.py:137} INFO - [2023-04-08T15:33:09.212-0300] {dag.py:2705} INFO - Sync 1 DAGs
[2023-04-08T15:33:09.226-0300] {logging_mixin.py:137} INFO - [2023-04-08T15:33:09.226-0300] {dag.py:3452} INFO - Setting next_dagrun for example_branch_labels to 2023-04-07T00:00:00+00:00, run_after=2023-04-08T00:00:00+00:00
[2023-04-08T15:33:09.253-0300] {processor.py:175} INFO - Processing /home/kauanu/PycharmProjects/AirFLowEnade/venv/lib/python3.10/site-packages/airflow/example_dags/example_branch_labels.py took 0.082 seconds
[2023-04-08T15:33:48.334-0300] {processor.py:153} INFO - Started process (PID=15816) to work on /home/kauanu/PycharmProjects/AirFLowEnade/venv/lib/python3.10/site-packages/airflow/example_dags/example_branch_labels.py
[2023-04-08T15:33:48.344-0300] {processor.py:743} INFO - Processing file /home/kauanu/PycharmProjects/AirFLowEnade/venv/lib/python3.10/site-packages/airflow/example_dags/example_branch_labels.py for tasks to queue
[2023-04-08T15:33:48.345-0300] {logging_mixin.py:137} INFO - [2023-04-08T15:33:48.344-0300] {dagbag.py:532} INFO - Filling up the DagBag from /home/kauanu/PycharmProjects/AirFLowEnade/venv/lib/python3.10/site-packages/airflow/example_dags/example_branch_labels.py
[2023-04-08T15:33:48.356-0300] {processor.py:753} INFO - DAG(s) dict_keys(['example_branch_labels']) retrieved from /home/kauanu/PycharmProjects/AirFLowEnade/venv/lib/python3.10/site-packages/airflow/example_dags/example_branch_labels.py
[2023-04-08T15:33:48.371-0300] {logging_mixin.py:137} INFO - [2023-04-08T15:33:48.371-0300] {dag.py:2705} INFO - Sync 1 DAGs
[2023-04-08T15:33:48.386-0300] {logging_mixin.py:137} INFO - [2023-04-08T15:33:48.385-0300] {dag.py:3452} INFO - Setting next_dagrun for example_branch_labels to 2023-04-07T00:00:00+00:00, run_after=2023-04-08T00:00:00+00:00
[2023-04-08T15:33:48.409-0300] {processor.py:175} INFO - Processing /home/kauanu/PycharmProjects/AirFLowEnade/venv/lib/python3.10/site-packages/airflow/example_dags/example_branch_labels.py took 0.078 seconds
[2023-04-08T15:34:25.435-0300] {processor.py:153} INFO - Started process (PID=15967) to work on /home/kauanu/PycharmProjects/AirFLowEnade/venv/lib/python3.10/site-packages/airflow/example_dags/example_branch_labels.py
[2023-04-08T15:34:25.436-0300] {processor.py:743} INFO - Processing file /home/kauanu/PycharmProjects/AirFLowEnade/venv/lib/python3.10/site-packages/airflow/example_dags/example_branch_labels.py for tasks to queue
[2023-04-08T15:34:25.436-0300] {logging_mixin.py:137} INFO - [2023-04-08T15:34:25.436-0300] {dagbag.py:532} INFO - Filling up the DagBag from /home/kauanu/PycharmProjects/AirFLowEnade/venv/lib/python3.10/site-packages/airflow/example_dags/example_branch_labels.py
[2023-04-08T15:34:25.447-0300] {processor.py:753} INFO - DAG(s) dict_keys(['example_branch_labels']) retrieved from /home/kauanu/PycharmProjects/AirFLowEnade/venv/lib/python3.10/site-packages/airflow/example_dags/example_branch_labels.py
[2023-04-08T15:34:25.462-0300] {logging_mixin.py:137} INFO - [2023-04-08T15:34:25.462-0300] {dag.py:2705} INFO - Sync 1 DAGs
[2023-04-08T15:34:25.476-0300] {logging_mixin.py:137} INFO - [2023-04-08T15:34:25.476-0300] {dag.py:3452} INFO - Setting next_dagrun for example_branch_labels to 2023-04-07T00:00:00+00:00, run_after=2023-04-08T00:00:00+00:00
[2023-04-08T15:34:25.497-0300] {processor.py:175} INFO - Processing /home/kauanu/PycharmProjects/AirFLowEnade/venv/lib/python3.10/site-packages/airflow/example_dags/example_branch_labels.py took 0.065 seconds
[2023-04-08T15:35:02.378-0300] {processor.py:153} INFO - Started process (PID=16156) to work on /home/kauanu/PycharmProjects/AirFLowEnade/venv/lib/python3.10/site-packages/airflow/example_dags/example_branch_labels.py
[2023-04-08T15:35:02.380-0300] {processor.py:743} INFO - Processing file /home/kauanu/PycharmProjects/AirFLowEnade/venv/lib/python3.10/site-packages/airflow/example_dags/example_branch_labels.py for tasks to queue
[2023-04-08T15:35:02.380-0300] {logging_mixin.py:137} INFO - [2023-04-08T15:35:02.380-0300] {dagbag.py:532} INFO - Filling up the DagBag from /home/kauanu/PycharmProjects/AirFLowEnade/venv/lib/python3.10/site-packages/airflow/example_dags/example_branch_labels.py
[2023-04-08T15:35:02.394-0300] {processor.py:753} INFO - DAG(s) dict_keys(['example_branch_labels']) retrieved from /home/kauanu/PycharmProjects/AirFLowEnade/venv/lib/python3.10/site-packages/airflow/example_dags/example_branch_labels.py
[2023-04-08T15:35:02.410-0300] {logging_mixin.py:137} INFO - [2023-04-08T15:35:02.410-0300] {dag.py:2705} INFO - Sync 1 DAGs
[2023-04-08T15:35:02.425-0300] {logging_mixin.py:137} INFO - [2023-04-08T15:35:02.425-0300] {dag.py:3452} INFO - Setting next_dagrun for example_branch_labels to 2023-04-07T00:00:00+00:00, run_after=2023-04-08T00:00:00+00:00
[2023-04-08T15:35:02.491-0300] {processor.py:175} INFO - Processing /home/kauanu/PycharmProjects/AirFLowEnade/venv/lib/python3.10/site-packages/airflow/example_dags/example_branch_labels.py took 0.116 seconds
[2023-04-08T15:35:47.827-0300] {processor.py:153} INFO - Started process (PID=16346) to work on /home/kauanu/PycharmProjects/AirFLowEnade/venv/lib/python3.10/site-packages/airflow/example_dags/example_branch_labels.py
[2023-04-08T15:35:47.828-0300] {processor.py:743} INFO - Processing file /home/kauanu/PycharmProjects/AirFLowEnade/venv/lib/python3.10/site-packages/airflow/example_dags/example_branch_labels.py for tasks to queue
[2023-04-08T15:35:47.829-0300] {logging_mixin.py:137} INFO - [2023-04-08T15:35:47.829-0300] {dagbag.py:532} INFO - Filling up the DagBag from /home/kauanu/PycharmProjects/AirFLowEnade/venv/lib/python3.10/site-packages/airflow/example_dags/example_branch_labels.py
[2023-04-08T15:35:47.844-0300] {processor.py:753} INFO - DAG(s) dict_keys(['example_branch_labels']) retrieved from /home/kauanu/PycharmProjects/AirFLowEnade/venv/lib/python3.10/site-packages/airflow/example_dags/example_branch_labels.py
[2023-04-08T15:35:47.859-0300] {logging_mixin.py:137} INFO - [2023-04-08T15:35:47.859-0300] {dag.py:2705} INFO - Sync 1 DAGs
[2023-04-08T15:35:47.875-0300] {logging_mixin.py:137} INFO - [2023-04-08T15:35:47.875-0300] {dag.py:3452} INFO - Setting next_dagrun for example_branch_labels to 2023-04-07T00:00:00+00:00, run_after=2023-04-08T00:00:00+00:00
[2023-04-08T15:35:47.906-0300] {processor.py:175} INFO - Processing /home/kauanu/PycharmProjects/AirFLowEnade/venv/lib/python3.10/site-packages/airflow/example_dags/example_branch_labels.py took 0.082 seconds
[2023-04-08T15:36:35.060-0300] {processor.py:153} INFO - Started process (PID=16573) to work on /home/kauanu/PycharmProjects/AirFLowEnade/venv/lib/python3.10/site-packages/airflow/example_dags/example_branch_labels.py
[2023-04-08T15:36:35.077-0300] {processor.py:743} INFO - Processing file /home/kauanu/PycharmProjects/AirFLowEnade/venv/lib/python3.10/site-packages/airflow/example_dags/example_branch_labels.py for tasks to queue
[2023-04-08T15:36:35.078-0300] {logging_mixin.py:137} INFO - [2023-04-08T15:36:35.078-0300] {dagbag.py:532} INFO - Filling up the DagBag from /home/kauanu/PycharmProjects/AirFLowEnade/venv/lib/python3.10/site-packages/airflow/example_dags/example_branch_labels.py
[2023-04-08T15:36:35.095-0300] {processor.py:753} INFO - DAG(s) dict_keys(['example_branch_labels']) retrieved from /home/kauanu/PycharmProjects/AirFLowEnade/venv/lib/python3.10/site-packages/airflow/example_dags/example_branch_labels.py
[2023-04-08T15:36:35.117-0300] {logging_mixin.py:137} INFO - [2023-04-08T15:36:35.117-0300] {dag.py:2705} INFO - Sync 1 DAGs
[2023-04-08T15:36:35.155-0300] {logging_mixin.py:137} INFO - [2023-04-08T15:36:35.154-0300] {dag.py:3452} INFO - Setting next_dagrun for example_branch_labels to 2023-04-07T00:00:00+00:00, run_after=2023-04-08T00:00:00+00:00
[2023-04-08T15:36:35.924-0300] {processor.py:175} INFO - Processing /home/kauanu/PycharmProjects/AirFLowEnade/venv/lib/python3.10/site-packages/airflow/example_dags/example_branch_labels.py took 0.872 seconds
