[2023-04-08T15:25:57.244-0300] {processor.py:153} INFO - Started process (PID=13507) to work on /home/kauanu/PycharmProjects/AirFLowEnade/venv/lib/python3.10/site-packages/airflow/example_dags/example_branch_operator.py
[2023-04-08T15:25:57.244-0300] {processor.py:743} INFO - Processing file /home/kauanu/PycharmProjects/AirFLowEnade/venv/lib/python3.10/site-packages/airflow/example_dags/example_branch_operator.py for tasks to queue
[2023-04-08T15:25:57.245-0300] {logging_mixin.py:137} INFO - [2023-04-08T15:25:57.245-0300] {dagbag.py:532} INFO - Filling up the DagBag from /home/kauanu/PycharmProjects/AirFLowEnade/venv/lib/python3.10/site-packages/airflow/example_dags/example_branch_operator.py
[2023-04-08T15:25:57.260-0300] {processor.py:753} INFO - DAG(s) dict_keys(['example_branch_operator']) retrieved from /home/kauanu/PycharmProjects/AirFLowEnade/venv/lib/python3.10/site-packages/airflow/example_dags/example_branch_operator.py
[2023-04-08T15:25:57.351-0300] {logging_mixin.py:137} INFO - [2023-04-08T15:25:57.351-0300] {manager.py:504} INFO - Created Permission View: can delete on DAG:example_branch_operator
[2023-04-08T15:25:57.367-0300] {logging_mixin.py:137} INFO - [2023-04-08T15:25:57.366-0300] {manager.py:504} INFO - Created Permission View: can edit on DAG:example_branch_operator
[2023-04-08T15:25:57.386-0300] {logging_mixin.py:137} INFO - [2023-04-08T15:25:57.385-0300] {manager.py:504} INFO - Created Permission View: can read on DAG:example_branch_operator
[2023-04-08T15:25:57.386-0300] {logging_mixin.py:137} INFO - [2023-04-08T15:25:57.386-0300] {dag.py:2705} INFO - Sync 1 DAGs
[2023-04-08T15:25:57.402-0300] {logging_mixin.py:137} INFO - [2023-04-08T15:25:57.402-0300] {dag.py:2726} INFO - Creating ORM DAG for example_branch_operator
[2023-04-08T15:25:57.409-0300] {logging_mixin.py:137} INFO - [2023-04-08T15:25:57.409-0300] {dag.py:3452} INFO - Setting next_dagrun for example_branch_operator to 2023-04-07T00:00:00+00:00, run_after=2023-04-08T00:00:00+00:00
[2023-04-08T15:25:57.438-0300] {processor.py:175} INFO - Processing /home/kauanu/PycharmProjects/AirFLowEnade/venv/lib/python3.10/site-packages/airflow/example_dags/example_branch_operator.py took 0.197 seconds
[2023-04-08T15:26:47.079-0300] {processor.py:153} INFO - Started process (PID=13760) to work on /home/kauanu/PycharmProjects/AirFLowEnade/venv/lib/python3.10/site-packages/airflow/example_dags/example_branch_operator.py
[2023-04-08T15:26:47.080-0300] {processor.py:743} INFO - Processing file /home/kauanu/PycharmProjects/AirFLowEnade/venv/lib/python3.10/site-packages/airflow/example_dags/example_branch_operator.py for tasks to queue
[2023-04-08T15:26:47.080-0300] {logging_mixin.py:137} INFO - [2023-04-08T15:26:47.080-0300] {dagbag.py:532} INFO - Filling up the DagBag from /home/kauanu/PycharmProjects/AirFLowEnade/venv/lib/python3.10/site-packages/airflow/example_dags/example_branch_operator.py
[2023-04-08T15:26:47.095-0300] {processor.py:753} INFO - DAG(s) dict_keys(['example_branch_operator']) retrieved from /home/kauanu/PycharmProjects/AirFLowEnade/venv/lib/python3.10/site-packages/airflow/example_dags/example_branch_operator.py
[2023-04-08T15:26:47.116-0300] {logging_mixin.py:137} INFO - [2023-04-08T15:26:47.116-0300] {dag.py:2705} INFO - Sync 1 DAGs
[2023-04-08T15:26:47.133-0300] {logging_mixin.py:137} INFO - [2023-04-08T15:26:47.133-0300] {dag.py:3452} INFO - Setting next_dagrun for example_branch_operator to 2023-04-07T00:00:00+00:00, run_after=2023-04-08T00:00:00+00:00
[2023-04-08T15:26:47.183-0300] {processor.py:175} INFO - Processing /home/kauanu/PycharmProjects/AirFLowEnade/venv/lib/python3.10/site-packages/airflow/example_dags/example_branch_operator.py took 0.107 seconds
[2023-04-08T15:27:41.793-0300] {processor.py:153} INFO - Started process (PID=13999) to work on /home/kauanu/PycharmProjects/AirFLowEnade/venv/lib/python3.10/site-packages/airflow/example_dags/example_branch_operator.py
[2023-04-08T15:27:41.795-0300] {processor.py:743} INFO - Processing file /home/kauanu/PycharmProjects/AirFLowEnade/venv/lib/python3.10/site-packages/airflow/example_dags/example_branch_operator.py for tasks to queue
[2023-04-08T15:27:41.796-0300] {logging_mixin.py:137} INFO - [2023-04-08T15:27:41.795-0300] {dagbag.py:532} INFO - Filling up the DagBag from /home/kauanu/PycharmProjects/AirFLowEnade/venv/lib/python3.10/site-packages/airflow/example_dags/example_branch_operator.py
[2023-04-08T15:27:41.824-0300] {processor.py:753} INFO - DAG(s) dict_keys(['example_branch_operator']) retrieved from /home/kauanu/PycharmProjects/AirFLowEnade/venv/lib/python3.10/site-packages/airflow/example_dags/example_branch_operator.py
[2023-04-08T15:27:41.856-0300] {logging_mixin.py:137} INFO - [2023-04-08T15:27:41.856-0300] {dag.py:2705} INFO - Sync 1 DAGs
[2023-04-08T15:27:41.878-0300] {logging_mixin.py:137} INFO - [2023-04-08T15:27:41.878-0300] {dag.py:3452} INFO - Setting next_dagrun for example_branch_operator to 2023-04-07T00:00:00+00:00, run_after=2023-04-08T00:00:00+00:00
[2023-04-08T15:27:41.937-0300] {processor.py:175} INFO - Processing /home/kauanu/PycharmProjects/AirFLowEnade/venv/lib/python3.10/site-packages/airflow/example_dags/example_branch_operator.py took 0.149 seconds
[2023-04-08T15:28:44.838-0300] {processor.py:153} INFO - Started process (PID=14302) to work on /home/kauanu/PycharmProjects/AirFLowEnade/venv/lib/python3.10/site-packages/airflow/example_dags/example_branch_operator.py
[2023-04-08T15:28:44.845-0300] {processor.py:743} INFO - Processing file /home/kauanu/PycharmProjects/AirFLowEnade/venv/lib/python3.10/site-packages/airflow/example_dags/example_branch_operator.py for tasks to queue
[2023-04-08T15:28:44.846-0300] {logging_mixin.py:137} INFO - [2023-04-08T15:28:44.846-0300] {dagbag.py:532} INFO - Filling up the DagBag from /home/kauanu/PycharmProjects/AirFLowEnade/venv/lib/python3.10/site-packages/airflow/example_dags/example_branch_operator.py
[2023-04-08T15:28:44.859-0300] {processor.py:753} INFO - DAG(s) dict_keys(['example_branch_operator']) retrieved from /home/kauanu/PycharmProjects/AirFLowEnade/venv/lib/python3.10/site-packages/airflow/example_dags/example_branch_operator.py
[2023-04-08T15:28:44.876-0300] {logging_mixin.py:137} INFO - [2023-04-08T15:28:44.876-0300] {dag.py:2705} INFO - Sync 1 DAGs
[2023-04-08T15:28:44.893-0300] {logging_mixin.py:137} INFO - [2023-04-08T15:28:44.892-0300] {dag.py:3452} INFO - Setting next_dagrun for example_branch_operator to 2023-04-07T00:00:00+00:00, run_after=2023-04-08T00:00:00+00:00
[2023-04-08T15:28:44.941-0300] {processor.py:175} INFO - Processing /home/kauanu/PycharmProjects/AirFLowEnade/venv/lib/python3.10/site-packages/airflow/example_dags/example_branch_operator.py took 0.107 seconds
[2023-04-08T15:29:36.147-0300] {processor.py:153} INFO - Started process (PID=14623) to work on /home/kauanu/PycharmProjects/AirFLowEnade/venv/lib/python3.10/site-packages/airflow/example_dags/example_branch_operator.py
[2023-04-08T15:29:36.149-0300] {processor.py:743} INFO - Processing file /home/kauanu/PycharmProjects/AirFLowEnade/venv/lib/python3.10/site-packages/airflow/example_dags/example_branch_operator.py for tasks to queue
[2023-04-08T15:29:36.149-0300] {logging_mixin.py:137} INFO - [2023-04-08T15:29:36.149-0300] {dagbag.py:532} INFO - Filling up the DagBag from /home/kauanu/PycharmProjects/AirFLowEnade/venv/lib/python3.10/site-packages/airflow/example_dags/example_branch_operator.py
[2023-04-08T15:29:36.162-0300] {processor.py:753} INFO - DAG(s) dict_keys(['example_branch_operator']) retrieved from /home/kauanu/PycharmProjects/AirFLowEnade/venv/lib/python3.10/site-packages/airflow/example_dags/example_branch_operator.py
[2023-04-08T15:29:36.179-0300] {logging_mixin.py:137} INFO - [2023-04-08T15:29:36.179-0300] {dag.py:2705} INFO - Sync 1 DAGs
[2023-04-08T15:29:36.193-0300] {logging_mixin.py:137} INFO - [2023-04-08T15:29:36.193-0300] {dag.py:3452} INFO - Setting next_dagrun for example_branch_operator to 2023-04-07T00:00:00+00:00, run_after=2023-04-08T00:00:00+00:00
[2023-04-08T15:29:36.214-0300] {processor.py:175} INFO - Processing /home/kauanu/PycharmProjects/AirFLowEnade/venv/lib/python3.10/site-packages/airflow/example_dags/example_branch_operator.py took 0.070 seconds
[2023-04-08T15:30:18.954-0300] {processor.py:153} INFO - Started process (PID=14812) to work on /home/kauanu/PycharmProjects/AirFLowEnade/venv/lib/python3.10/site-packages/airflow/example_dags/example_branch_operator.py
[2023-04-08T15:30:18.955-0300] {processor.py:743} INFO - Processing file /home/kauanu/PycharmProjects/AirFLowEnade/venv/lib/python3.10/site-packages/airflow/example_dags/example_branch_operator.py for tasks to queue
[2023-04-08T15:30:18.956-0300] {logging_mixin.py:137} INFO - [2023-04-08T15:30:18.956-0300] {dagbag.py:532} INFO - Filling up the DagBag from /home/kauanu/PycharmProjects/AirFLowEnade/venv/lib/python3.10/site-packages/airflow/example_dags/example_branch_operator.py
[2023-04-08T15:30:18.971-0300] {processor.py:753} INFO - DAG(s) dict_keys(['example_branch_operator']) retrieved from /home/kauanu/PycharmProjects/AirFLowEnade/venv/lib/python3.10/site-packages/airflow/example_dags/example_branch_operator.py
[2023-04-08T15:30:18.987-0300] {logging_mixin.py:137} INFO - [2023-04-08T15:30:18.987-0300] {dag.py:2705} INFO - Sync 1 DAGs
[2023-04-08T15:30:19.002-0300] {logging_mixin.py:137} INFO - [2023-04-08T15:30:19.002-0300] {dag.py:3452} INFO - Setting next_dagrun for example_branch_operator to 2023-04-07T00:00:00+00:00, run_after=2023-04-08T00:00:00+00:00
[2023-04-08T15:30:19.024-0300] {processor.py:175} INFO - Processing /home/kauanu/PycharmProjects/AirFLowEnade/venv/lib/python3.10/site-packages/airflow/example_dags/example_branch_operator.py took 0.073 seconds
[2023-04-08T15:31:05.060-0300] {processor.py:153} INFO - Started process (PID=15019) to work on /home/kauanu/PycharmProjects/AirFLowEnade/venv/lib/python3.10/site-packages/airflow/example_dags/example_branch_operator.py
[2023-04-08T15:31:05.374-0300] {processor.py:743} INFO - Processing file /home/kauanu/PycharmProjects/AirFLowEnade/venv/lib/python3.10/site-packages/airflow/example_dags/example_branch_operator.py for tasks to queue
[2023-04-08T15:31:05.375-0300] {logging_mixin.py:137} INFO - [2023-04-08T15:31:05.375-0300] {dagbag.py:532} INFO - Filling up the DagBag from /home/kauanu/PycharmProjects/AirFLowEnade/venv/lib/python3.10/site-packages/airflow/example_dags/example_branch_operator.py
[2023-04-08T15:31:05.394-0300] {processor.py:753} INFO - DAG(s) dict_keys(['example_branch_operator']) retrieved from /home/kauanu/PycharmProjects/AirFLowEnade/venv/lib/python3.10/site-packages/airflow/example_dags/example_branch_operator.py
[2023-04-08T15:31:05.411-0300] {logging_mixin.py:137} INFO - [2023-04-08T15:31:05.411-0300] {dag.py:2705} INFO - Sync 1 DAGs
[2023-04-08T15:31:05.426-0300] {logging_mixin.py:137} INFO - [2023-04-08T15:31:05.426-0300] {dag.py:3452} INFO - Setting next_dagrun for example_branch_operator to 2023-04-07T00:00:00+00:00, run_after=2023-04-08T00:00:00+00:00
[2023-04-08T15:31:05.654-0300] {processor.py:175} INFO - Processing /home/kauanu/PycharmProjects/AirFLowEnade/venv/lib/python3.10/site-packages/airflow/example_dags/example_branch_operator.py took 0.597 seconds
[2023-04-08T15:31:46.917-0300] {processor.py:153} INFO - Started process (PID=15233) to work on /home/kauanu/PycharmProjects/AirFLowEnade/venv/lib/python3.10/site-packages/airflow/example_dags/example_branch_operator.py
[2023-04-08T15:31:46.926-0300] {processor.py:743} INFO - Processing file /home/kauanu/PycharmProjects/AirFLowEnade/venv/lib/python3.10/site-packages/airflow/example_dags/example_branch_operator.py for tasks to queue
[2023-04-08T15:31:46.926-0300] {logging_mixin.py:137} INFO - [2023-04-08T15:31:46.926-0300] {dagbag.py:532} INFO - Filling up the DagBag from /home/kauanu/PycharmProjects/AirFLowEnade/venv/lib/python3.10/site-packages/airflow/example_dags/example_branch_operator.py
[2023-04-08T15:31:46.940-0300] {processor.py:753} INFO - DAG(s) dict_keys(['example_branch_operator']) retrieved from /home/kauanu/PycharmProjects/AirFLowEnade/venv/lib/python3.10/site-packages/airflow/example_dags/example_branch_operator.py
[2023-04-08T15:31:46.958-0300] {logging_mixin.py:137} INFO - [2023-04-08T15:31:46.958-0300] {dag.py:2705} INFO - Sync 1 DAGs
[2023-04-08T15:31:46.973-0300] {logging_mixin.py:137} INFO - [2023-04-08T15:31:46.972-0300] {dag.py:3452} INFO - Setting next_dagrun for example_branch_operator to 2023-04-07T00:00:00+00:00, run_after=2023-04-08T00:00:00+00:00
[2023-04-08T15:31:46.999-0300] {processor.py:175} INFO - Processing /home/kauanu/PycharmProjects/AirFLowEnade/venv/lib/python3.10/site-packages/airflow/example_dags/example_branch_operator.py took 0.085 seconds
[2023-04-08T15:32:35.865-0300] {processor.py:153} INFO - Started process (PID=15449) to work on /home/kauanu/PycharmProjects/AirFLowEnade/venv/lib/python3.10/site-packages/airflow/example_dags/example_branch_operator.py
[2023-04-08T15:32:35.874-0300] {processor.py:743} INFO - Processing file /home/kauanu/PycharmProjects/AirFLowEnade/venv/lib/python3.10/site-packages/airflow/example_dags/example_branch_operator.py for tasks to queue
[2023-04-08T15:32:35.875-0300] {logging_mixin.py:137} INFO - [2023-04-08T15:32:35.875-0300] {dagbag.py:532} INFO - Filling up the DagBag from /home/kauanu/PycharmProjects/AirFLowEnade/venv/lib/python3.10/site-packages/airflow/example_dags/example_branch_operator.py
[2023-04-08T15:32:35.888-0300] {processor.py:753} INFO - DAG(s) dict_keys(['example_branch_operator']) retrieved from /home/kauanu/PycharmProjects/AirFLowEnade/venv/lib/python3.10/site-packages/airflow/example_dags/example_branch_operator.py
[2023-04-08T15:32:35.903-0300] {logging_mixin.py:137} INFO - [2023-04-08T15:32:35.902-0300] {dag.py:2705} INFO - Sync 1 DAGs
[2023-04-08T15:32:35.916-0300] {logging_mixin.py:137} INFO - [2023-04-08T15:32:35.916-0300] {dag.py:3452} INFO - Setting next_dagrun for example_branch_operator to 2023-04-07T00:00:00+00:00, run_after=2023-04-08T00:00:00+00:00
[2023-04-08T15:32:35.936-0300] {processor.py:175} INFO - Processing /home/kauanu/PycharmProjects/AirFLowEnade/venv/lib/python3.10/site-packages/airflow/example_dags/example_branch_operator.py took 0.074 seconds
[2023-04-08T15:33:28.309-0300] {processor.py:153} INFO - Started process (PID=15718) to work on /home/kauanu/PycharmProjects/AirFLowEnade/venv/lib/python3.10/site-packages/airflow/example_dags/example_branch_operator.py
[2023-04-08T15:33:28.310-0300] {processor.py:743} INFO - Processing file /home/kauanu/PycharmProjects/AirFLowEnade/venv/lib/python3.10/site-packages/airflow/example_dags/example_branch_operator.py for tasks to queue
[2023-04-08T15:33:28.311-0300] {logging_mixin.py:137} INFO - [2023-04-08T15:33:28.311-0300] {dagbag.py:532} INFO - Filling up the DagBag from /home/kauanu/PycharmProjects/AirFLowEnade/venv/lib/python3.10/site-packages/airflow/example_dags/example_branch_operator.py
[2023-04-08T15:33:28.324-0300] {processor.py:753} INFO - DAG(s) dict_keys(['example_branch_operator']) retrieved from /home/kauanu/PycharmProjects/AirFLowEnade/venv/lib/python3.10/site-packages/airflow/example_dags/example_branch_operator.py
[2023-04-08T15:33:28.341-0300] {logging_mixin.py:137} INFO - [2023-04-08T15:33:28.341-0300] {dag.py:2705} INFO - Sync 1 DAGs
[2023-04-08T15:33:28.355-0300] {logging_mixin.py:137} INFO - [2023-04-08T15:33:28.355-0300] {dag.py:3452} INFO - Setting next_dagrun for example_branch_operator to 2023-04-07T00:00:00+00:00, run_after=2023-04-08T00:00:00+00:00
[2023-04-08T15:33:28.387-0300] {processor.py:175} INFO - Processing /home/kauanu/PycharmProjects/AirFLowEnade/venv/lib/python3.10/site-packages/airflow/example_dags/example_branch_operator.py took 0.080 seconds
[2023-04-08T15:34:18.603-0300] {processor.py:153} INFO - Started process (PID=15960) to work on /home/kauanu/PycharmProjects/AirFLowEnade/venv/lib/python3.10/site-packages/airflow/example_dags/example_branch_operator.py
[2023-04-08T15:34:18.618-0300] {processor.py:743} INFO - Processing file /home/kauanu/PycharmProjects/AirFLowEnade/venv/lib/python3.10/site-packages/airflow/example_dags/example_branch_operator.py for tasks to queue
[2023-04-08T15:34:18.619-0300] {logging_mixin.py:137} INFO - [2023-04-08T15:34:18.619-0300] {dagbag.py:532} INFO - Filling up the DagBag from /home/kauanu/PycharmProjects/AirFLowEnade/venv/lib/python3.10/site-packages/airflow/example_dags/example_branch_operator.py
[2023-04-08T15:34:18.633-0300] {processor.py:753} INFO - DAG(s) dict_keys(['example_branch_operator']) retrieved from /home/kauanu/PycharmProjects/AirFLowEnade/venv/lib/python3.10/site-packages/airflow/example_dags/example_branch_operator.py
[2023-04-08T15:34:18.648-0300] {logging_mixin.py:137} INFO - [2023-04-08T15:34:18.648-0300] {dag.py:2705} INFO - Sync 1 DAGs
[2023-04-08T15:34:18.663-0300] {logging_mixin.py:137} INFO - [2023-04-08T15:34:18.663-0300] {dag.py:3452} INFO - Setting next_dagrun for example_branch_operator to 2023-04-07T00:00:00+00:00, run_after=2023-04-08T00:00:00+00:00
[2023-04-08T15:34:18.689-0300] {processor.py:175} INFO - Processing /home/kauanu/PycharmProjects/AirFLowEnade/venv/lib/python3.10/site-packages/airflow/example_dags/example_branch_operator.py took 0.089 seconds
[2023-04-08T15:35:09.958-0300] {processor.py:153} INFO - Started process (PID=16201) to work on /home/kauanu/PycharmProjects/AirFLowEnade/venv/lib/python3.10/site-packages/airflow/example_dags/example_branch_operator.py
[2023-04-08T15:35:09.968-0300] {processor.py:743} INFO - Processing file /home/kauanu/PycharmProjects/AirFLowEnade/venv/lib/python3.10/site-packages/airflow/example_dags/example_branch_operator.py for tasks to queue
[2023-04-08T15:35:09.969-0300] {logging_mixin.py:137} INFO - [2023-04-08T15:35:09.969-0300] {dagbag.py:532} INFO - Filling up the DagBag from /home/kauanu/PycharmProjects/AirFLowEnade/venv/lib/python3.10/site-packages/airflow/example_dags/example_branch_operator.py
[2023-04-08T15:35:10.008-0300] {processor.py:753} INFO - DAG(s) dict_keys(['example_branch_operator']) retrieved from /home/kauanu/PycharmProjects/AirFLowEnade/venv/lib/python3.10/site-packages/airflow/example_dags/example_branch_operator.py
[2023-04-08T15:35:10.026-0300] {logging_mixin.py:137} INFO - [2023-04-08T15:35:10.026-0300] {dag.py:2705} INFO - Sync 1 DAGs
[2023-04-08T15:35:10.042-0300] {logging_mixin.py:137} INFO - [2023-04-08T15:35:10.041-0300] {dag.py:3452} INFO - Setting next_dagrun for example_branch_operator to 2023-04-07T00:00:00+00:00, run_after=2023-04-08T00:00:00+00:00
[2023-04-08T15:35:10.081-0300] {processor.py:175} INFO - Processing /home/kauanu/PycharmProjects/AirFLowEnade/venv/lib/python3.10/site-packages/airflow/example_dags/example_branch_operator.py took 0.129 seconds
[2023-04-08T15:35:54.255-0300] {processor.py:153} INFO - Started process (PID=16390) to work on /home/kauanu/PycharmProjects/AirFLowEnade/venv/lib/python3.10/site-packages/airflow/example_dags/example_branch_operator.py
[2023-04-08T15:35:54.265-0300] {processor.py:743} INFO - Processing file /home/kauanu/PycharmProjects/AirFLowEnade/venv/lib/python3.10/site-packages/airflow/example_dags/example_branch_operator.py for tasks to queue
[2023-04-08T15:35:54.265-0300] {logging_mixin.py:137} INFO - [2023-04-08T15:35:54.265-0300] {dagbag.py:532} INFO - Filling up the DagBag from /home/kauanu/PycharmProjects/AirFLowEnade/venv/lib/python3.10/site-packages/airflow/example_dags/example_branch_operator.py
[2023-04-08T15:35:54.278-0300] {processor.py:753} INFO - DAG(s) dict_keys(['example_branch_operator']) retrieved from /home/kauanu/PycharmProjects/AirFLowEnade/venv/lib/python3.10/site-packages/airflow/example_dags/example_branch_operator.py
[2023-04-08T15:35:54.294-0300] {logging_mixin.py:137} INFO - [2023-04-08T15:35:54.294-0300] {dag.py:2705} INFO - Sync 1 DAGs
[2023-04-08T15:35:54.307-0300] {logging_mixin.py:137} INFO - [2023-04-08T15:35:54.307-0300] {dag.py:3452} INFO - Setting next_dagrun for example_branch_operator to 2023-04-07T00:00:00+00:00, run_after=2023-04-08T00:00:00+00:00
[2023-04-08T15:35:54.329-0300] {processor.py:175} INFO - Processing /home/kauanu/PycharmProjects/AirFLowEnade/venv/lib/python3.10/site-packages/airflow/example_dags/example_branch_operator.py took 0.077 seconds
[2023-04-08T15:36:47.531-0300] {processor.py:153} INFO - Started process (PID=16619) to work on /home/kauanu/PycharmProjects/AirFLowEnade/venv/lib/python3.10/site-packages/airflow/example_dags/example_branch_operator.py
[2023-04-08T15:36:47.555-0300] {processor.py:743} INFO - Processing file /home/kauanu/PycharmProjects/AirFLowEnade/venv/lib/python3.10/site-packages/airflow/example_dags/example_branch_operator.py for tasks to queue
[2023-04-08T15:36:47.556-0300] {logging_mixin.py:137} INFO - [2023-04-08T15:36:47.556-0300] {dagbag.py:532} INFO - Filling up the DagBag from /home/kauanu/PycharmProjects/AirFLowEnade/venv/lib/python3.10/site-packages/airflow/example_dags/example_branch_operator.py
[2023-04-08T15:36:47.587-0300] {processor.py:753} INFO - DAG(s) dict_keys(['example_branch_operator']) retrieved from /home/kauanu/PycharmProjects/AirFLowEnade/venv/lib/python3.10/site-packages/airflow/example_dags/example_branch_operator.py
[2023-04-08T15:36:47.644-0300] {logging_mixin.py:137} INFO - [2023-04-08T15:36:47.643-0300] {dag.py:2705} INFO - Sync 1 DAGs
[2023-04-08T15:36:47.686-0300] {logging_mixin.py:137} INFO - [2023-04-08T15:36:47.686-0300] {dag.py:3452} INFO - Setting next_dagrun for example_branch_operator to 2023-04-07T00:00:00+00:00, run_after=2023-04-08T00:00:00+00:00
[2023-04-08T15:36:47.762-0300] {processor.py:175} INFO - Processing /home/kauanu/PycharmProjects/AirFLowEnade/venv/lib/python3.10/site-packages/airflow/example_dags/example_branch_operator.py took 0.240 seconds
