[2023-04-08T15:25:39.869-0300] {processor.py:153} INFO - Started process (PID=13406) to work on /home/kauanu/PycharmProjects/AirFLowEnade/venv/lib/python3.10/site-packages/airflow/example_dags/example_trigger_controller_dag.py
[2023-04-08T15:25:39.871-0300] {processor.py:743} INFO - Processing file /home/kauanu/PycharmProjects/AirFLowEnade/venv/lib/python3.10/site-packages/airflow/example_dags/example_trigger_controller_dag.py for tasks to queue
[2023-04-08T15:25:39.872-0300] {logging_mixin.py:137} INFO - [2023-04-08T15:25:39.872-0300] {dagbag.py:532} INFO - Filling up the DagBag from /home/kauanu/PycharmProjects/AirFLowEnade/venv/lib/python3.10/site-packages/airflow/example_dags/example_trigger_controller_dag.py
[2023-04-08T15:25:39.902-0300] {processor.py:753} INFO - DAG(s) dict_keys(['example_trigger_controller_dag']) retrieved from /home/kauanu/PycharmProjects/AirFLowEnade/venv/lib/python3.10/site-packages/airflow/example_dags/example_trigger_controller_dag.py
[2023-04-08T15:25:40.139-0300] {logging_mixin.py:137} INFO - [2023-04-08T15:25:40.139-0300] {manager.py:504} INFO - Created Permission View: can delete on DAG:example_trigger_controller_dag
[2023-04-08T15:25:40.183-0300] {logging_mixin.py:137} INFO - [2023-04-08T15:25:40.183-0300] {manager.py:504} INFO - Created Permission View: can edit on DAG:example_trigger_controller_dag
[2023-04-08T15:25:40.253-0300] {logging_mixin.py:137} INFO - [2023-04-08T15:25:40.252-0300] {manager.py:504} INFO - Created Permission View: can read on DAG:example_trigger_controller_dag
[2023-04-08T15:25:40.253-0300] {logging_mixin.py:137} INFO - [2023-04-08T15:25:40.253-0300] {dag.py:2705} INFO - Sync 1 DAGs
[2023-04-08T15:25:40.278-0300] {logging_mixin.py:137} INFO - [2023-04-08T15:25:40.277-0300] {dag.py:2726} INFO - Creating ORM DAG for example_trigger_controller_dag
[2023-04-08T15:25:40.295-0300] {logging_mixin.py:137} INFO - [2023-04-08T15:25:40.295-0300] {dag.py:3452} INFO - Setting next_dagrun for example_trigger_controller_dag to 2021-01-01T00:00:00+00:00, run_after=2021-01-01T00:00:00+00:00
[2023-04-08T15:25:40.360-0300] {processor.py:175} INFO - Processing /home/kauanu/PycharmProjects/AirFLowEnade/venv/lib/python3.10/site-packages/airflow/example_dags/example_trigger_controller_dag.py took 0.496 seconds
[2023-04-08T15:26:32.494-0300] {processor.py:153} INFO - Started process (PID=13686) to work on /home/kauanu/PycharmProjects/AirFLowEnade/venv/lib/python3.10/site-packages/airflow/example_dags/example_trigger_controller_dag.py
[2023-04-08T15:26:32.501-0300] {processor.py:743} INFO - Processing file /home/kauanu/PycharmProjects/AirFLowEnade/venv/lib/python3.10/site-packages/airflow/example_dags/example_trigger_controller_dag.py for tasks to queue
[2023-04-08T15:26:32.502-0300] {logging_mixin.py:137} INFO - [2023-04-08T15:26:32.502-0300] {dagbag.py:532} INFO - Filling up the DagBag from /home/kauanu/PycharmProjects/AirFLowEnade/venv/lib/python3.10/site-packages/airflow/example_dags/example_trigger_controller_dag.py
[2023-04-08T15:26:32.525-0300] {processor.py:753} INFO - DAG(s) dict_keys(['example_trigger_controller_dag']) retrieved from /home/kauanu/PycharmProjects/AirFLowEnade/venv/lib/python3.10/site-packages/airflow/example_dags/example_trigger_controller_dag.py
[2023-04-08T15:26:32.566-0300] {logging_mixin.py:137} INFO - [2023-04-08T15:26:32.565-0300] {dag.py:2705} INFO - Sync 1 DAGs
[2023-04-08T15:26:32.603-0300] {logging_mixin.py:137} INFO - [2023-04-08T15:26:32.603-0300] {dag.py:3452} INFO - Setting next_dagrun for example_trigger_controller_dag to 2021-01-01T00:00:00+00:00, run_after=2021-01-01T00:00:00+00:00
[2023-04-08T15:26:32.656-0300] {processor.py:175} INFO - Processing /home/kauanu/PycharmProjects/AirFLowEnade/venv/lib/python3.10/site-packages/airflow/example_dags/example_trigger_controller_dag.py took 0.165 seconds
[2023-04-08T15:27:27.467-0300] {processor.py:153} INFO - Started process (PID=13934) to work on /home/kauanu/PycharmProjects/AirFLowEnade/venv/lib/python3.10/site-packages/airflow/example_dags/example_trigger_controller_dag.py
[2023-04-08T15:27:27.470-0300] {processor.py:743} INFO - Processing file /home/kauanu/PycharmProjects/AirFLowEnade/venv/lib/python3.10/site-packages/airflow/example_dags/example_trigger_controller_dag.py for tasks to queue
[2023-04-08T15:27:27.470-0300] {logging_mixin.py:137} INFO - [2023-04-08T15:27:27.470-0300] {dagbag.py:532} INFO - Filling up the DagBag from /home/kauanu/PycharmProjects/AirFLowEnade/venv/lib/python3.10/site-packages/airflow/example_dags/example_trigger_controller_dag.py
[2023-04-08T15:27:27.481-0300] {processor.py:753} INFO - DAG(s) dict_keys(['example_trigger_controller_dag']) retrieved from /home/kauanu/PycharmProjects/AirFLowEnade/venv/lib/python3.10/site-packages/airflow/example_dags/example_trigger_controller_dag.py
[2023-04-08T15:27:27.505-0300] {logging_mixin.py:137} INFO - [2023-04-08T15:27:27.505-0300] {dag.py:2705} INFO - Sync 1 DAGs
[2023-04-08T15:27:27.538-0300] {logging_mixin.py:137} INFO - [2023-04-08T15:27:27.538-0300] {dag.py:3452} INFO - Setting next_dagrun for example_trigger_controller_dag to 2021-01-01T00:00:00+00:00, run_after=2021-01-01T00:00:00+00:00
[2023-04-08T15:27:27.901-0300] {processor.py:175} INFO - Processing /home/kauanu/PycharmProjects/AirFLowEnade/venv/lib/python3.10/site-packages/airflow/example_dags/example_trigger_controller_dag.py took 0.437 seconds
[2023-04-08T15:28:13.779-0300] {processor.py:153} INFO - Started process (PID=14163) to work on /home/kauanu/PycharmProjects/AirFLowEnade/venv/lib/python3.10/site-packages/airflow/example_dags/example_trigger_controller_dag.py
[2023-04-08T15:28:13.780-0300] {processor.py:743} INFO - Processing file /home/kauanu/PycharmProjects/AirFLowEnade/venv/lib/python3.10/site-packages/airflow/example_dags/example_trigger_controller_dag.py for tasks to queue
[2023-04-08T15:28:13.781-0300] {logging_mixin.py:137} INFO - [2023-04-08T15:28:13.781-0300] {dagbag.py:532} INFO - Filling up the DagBag from /home/kauanu/PycharmProjects/AirFLowEnade/venv/lib/python3.10/site-packages/airflow/example_dags/example_trigger_controller_dag.py
[2023-04-08T15:28:13.792-0300] {processor.py:753} INFO - DAG(s) dict_keys(['example_trigger_controller_dag']) retrieved from /home/kauanu/PycharmProjects/AirFLowEnade/venv/lib/python3.10/site-packages/airflow/example_dags/example_trigger_controller_dag.py
[2023-04-08T15:28:13.808-0300] {logging_mixin.py:137} INFO - [2023-04-08T15:28:13.808-0300] {dag.py:2705} INFO - Sync 1 DAGs
[2023-04-08T15:28:13.823-0300] {logging_mixin.py:137} INFO - [2023-04-08T15:28:13.823-0300] {dag.py:3452} INFO - Setting next_dagrun for example_trigger_controller_dag to 2021-01-01T00:00:00+00:00, run_after=2021-01-01T00:00:00+00:00
[2023-04-08T15:28:13.859-0300] {processor.py:175} INFO - Processing /home/kauanu/PycharmProjects/AirFLowEnade/venv/lib/python3.10/site-packages/airflow/example_dags/example_trigger_controller_dag.py took 0.084 seconds
[2023-04-08T15:29:02.725-0300] {processor.py:153} INFO - Started process (PID=14440) to work on /home/kauanu/PycharmProjects/AirFLowEnade/venv/lib/python3.10/site-packages/airflow/example_dags/example_trigger_controller_dag.py
[2023-04-08T15:29:02.749-0300] {processor.py:743} INFO - Processing file /home/kauanu/PycharmProjects/AirFLowEnade/venv/lib/python3.10/site-packages/airflow/example_dags/example_trigger_controller_dag.py for tasks to queue
[2023-04-08T15:29:02.751-0300] {logging_mixin.py:137} INFO - [2023-04-08T15:29:02.750-0300] {dagbag.py:532} INFO - Filling up the DagBag from /home/kauanu/PycharmProjects/AirFLowEnade/venv/lib/python3.10/site-packages/airflow/example_dags/example_trigger_controller_dag.py
[2023-04-08T15:29:02.768-0300] {processor.py:753} INFO - DAG(s) dict_keys(['example_trigger_controller_dag']) retrieved from /home/kauanu/PycharmProjects/AirFLowEnade/venv/lib/python3.10/site-packages/airflow/example_dags/example_trigger_controller_dag.py
[2023-04-08T15:29:02.802-0300] {logging_mixin.py:137} INFO - [2023-04-08T15:29:02.802-0300] {dag.py:2705} INFO - Sync 1 DAGs
[2023-04-08T15:29:02.828-0300] {logging_mixin.py:137} INFO - [2023-04-08T15:29:02.828-0300] {dag.py:3452} INFO - Setting next_dagrun for example_trigger_controller_dag to 2021-01-01T00:00:00+00:00, run_after=2021-01-01T00:00:00+00:00
[2023-04-08T15:29:03.013-0300] {processor.py:175} INFO - Processing /home/kauanu/PycharmProjects/AirFLowEnade/venv/lib/python3.10/site-packages/airflow/example_dags/example_trigger_controller_dag.py took 0.293 seconds
[2023-04-08T15:29:48.785-0300] {processor.py:153} INFO - Started process (PID=14672) to work on /home/kauanu/PycharmProjects/AirFLowEnade/venv/lib/python3.10/site-packages/airflow/example_dags/example_trigger_controller_dag.py
[2023-04-08T15:29:48.787-0300] {processor.py:743} INFO - Processing file /home/kauanu/PycharmProjects/AirFLowEnade/venv/lib/python3.10/site-packages/airflow/example_dags/example_trigger_controller_dag.py for tasks to queue
[2023-04-08T15:29:48.788-0300] {logging_mixin.py:137} INFO - [2023-04-08T15:29:48.788-0300] {dagbag.py:532} INFO - Filling up the DagBag from /home/kauanu/PycharmProjects/AirFLowEnade/venv/lib/python3.10/site-packages/airflow/example_dags/example_trigger_controller_dag.py
[2023-04-08T15:29:48.796-0300] {processor.py:753} INFO - DAG(s) dict_keys(['example_trigger_controller_dag']) retrieved from /home/kauanu/PycharmProjects/AirFLowEnade/venv/lib/python3.10/site-packages/airflow/example_dags/example_trigger_controller_dag.py
[2023-04-08T15:29:48.811-0300] {logging_mixin.py:137} INFO - [2023-04-08T15:29:48.811-0300] {dag.py:2705} INFO - Sync 1 DAGs
[2023-04-08T15:29:48.825-0300] {logging_mixin.py:137} INFO - [2023-04-08T15:29:48.825-0300] {dag.py:3452} INFO - Setting next_dagrun for example_trigger_controller_dag to 2021-01-01T00:00:00+00:00, run_after=2021-01-01T00:00:00+00:00
[2023-04-08T15:29:48.858-0300] {processor.py:175} INFO - Processing /home/kauanu/PycharmProjects/AirFLowEnade/venv/lib/python3.10/site-packages/airflow/example_dags/example_trigger_controller_dag.py took 0.075 seconds
[2023-04-08T15:30:32.583-0300] {processor.py:153} INFO - Started process (PID=14860) to work on /home/kauanu/PycharmProjects/AirFLowEnade/venv/lib/python3.10/site-packages/airflow/example_dags/example_trigger_controller_dag.py
[2023-04-08T15:30:32.598-0300] {processor.py:743} INFO - Processing file /home/kauanu/PycharmProjects/AirFLowEnade/venv/lib/python3.10/site-packages/airflow/example_dags/example_trigger_controller_dag.py for tasks to queue
[2023-04-08T15:30:32.600-0300] {logging_mixin.py:137} INFO - [2023-04-08T15:30:32.599-0300] {dagbag.py:532} INFO - Filling up the DagBag from /home/kauanu/PycharmProjects/AirFLowEnade/venv/lib/python3.10/site-packages/airflow/example_dags/example_trigger_controller_dag.py
[2023-04-08T15:30:32.615-0300] {processor.py:753} INFO - DAG(s) dict_keys(['example_trigger_controller_dag']) retrieved from /home/kauanu/PycharmProjects/AirFLowEnade/venv/lib/python3.10/site-packages/airflow/example_dags/example_trigger_controller_dag.py
[2023-04-08T15:30:32.638-0300] {logging_mixin.py:137} INFO - [2023-04-08T15:30:32.638-0300] {dag.py:2705} INFO - Sync 1 DAGs
[2023-04-08T15:30:32.655-0300] {logging_mixin.py:137} INFO - [2023-04-08T15:30:32.654-0300] {dag.py:3452} INFO - Setting next_dagrun for example_trigger_controller_dag to 2021-01-01T00:00:00+00:00, run_after=2021-01-01T00:00:00+00:00
[2023-04-08T15:30:32.688-0300] {processor.py:175} INFO - Processing /home/kauanu/PycharmProjects/AirFLowEnade/venv/lib/python3.10/site-packages/airflow/example_dags/example_trigger_controller_dag.py took 0.108 seconds
[2023-04-08T15:31:16.451-0300] {processor.py:153} INFO - Started process (PID=15094) to work on /home/kauanu/PycharmProjects/AirFLowEnade/venv/lib/python3.10/site-packages/airflow/example_dags/example_trigger_controller_dag.py
[2023-04-08T15:31:16.452-0300] {processor.py:743} INFO - Processing file /home/kauanu/PycharmProjects/AirFLowEnade/venv/lib/python3.10/site-packages/airflow/example_dags/example_trigger_controller_dag.py for tasks to queue
[2023-04-08T15:31:16.453-0300] {logging_mixin.py:137} INFO - [2023-04-08T15:31:16.452-0300] {dagbag.py:532} INFO - Filling up the DagBag from /home/kauanu/PycharmProjects/AirFLowEnade/venv/lib/python3.10/site-packages/airflow/example_dags/example_trigger_controller_dag.py
[2023-04-08T15:31:16.464-0300] {processor.py:753} INFO - DAG(s) dict_keys(['example_trigger_controller_dag']) retrieved from /home/kauanu/PycharmProjects/AirFLowEnade/venv/lib/python3.10/site-packages/airflow/example_dags/example_trigger_controller_dag.py
[2023-04-08T15:31:16.483-0300] {logging_mixin.py:137} INFO - [2023-04-08T15:31:16.483-0300] {dag.py:2705} INFO - Sync 1 DAGs
[2023-04-08T15:31:16.498-0300] {logging_mixin.py:137} INFO - [2023-04-08T15:31:16.498-0300] {dag.py:3452} INFO - Setting next_dagrun for example_trigger_controller_dag to 2021-01-01T00:00:00+00:00, run_after=2021-01-01T00:00:00+00:00
[2023-04-08T15:31:16.519-0300] {processor.py:175} INFO - Processing /home/kauanu/PycharmProjects/AirFLowEnade/venv/lib/python3.10/site-packages/airflow/example_dags/example_trigger_controller_dag.py took 0.071 seconds
[2023-04-08T15:31:55.774-0300] {processor.py:153} INFO - Started process (PID=15262) to work on /home/kauanu/PycharmProjects/AirFLowEnade/venv/lib/python3.10/site-packages/airflow/example_dags/example_trigger_controller_dag.py
[2023-04-08T15:31:55.783-0300] {processor.py:743} INFO - Processing file /home/kauanu/PycharmProjects/AirFLowEnade/venv/lib/python3.10/site-packages/airflow/example_dags/example_trigger_controller_dag.py for tasks to queue
[2023-04-08T15:31:55.784-0300] {logging_mixin.py:137} INFO - [2023-04-08T15:31:55.784-0300] {dagbag.py:532} INFO - Filling up the DagBag from /home/kauanu/PycharmProjects/AirFLowEnade/venv/lib/python3.10/site-packages/airflow/example_dags/example_trigger_controller_dag.py
[2023-04-08T15:31:55.793-0300] {processor.py:753} INFO - DAG(s) dict_keys(['example_trigger_controller_dag']) retrieved from /home/kauanu/PycharmProjects/AirFLowEnade/venv/lib/python3.10/site-packages/airflow/example_dags/example_trigger_controller_dag.py
[2023-04-08T15:31:55.809-0300] {logging_mixin.py:137} INFO - [2023-04-08T15:31:55.809-0300] {dag.py:2705} INFO - Sync 1 DAGs
[2023-04-08T15:31:55.823-0300] {logging_mixin.py:137} INFO - [2023-04-08T15:31:55.823-0300] {dag.py:3452} INFO - Setting next_dagrun for example_trigger_controller_dag to 2021-01-01T00:00:00+00:00, run_after=2021-01-01T00:00:00+00:00
[2023-04-08T15:31:55.844-0300] {processor.py:175} INFO - Processing /home/kauanu/PycharmProjects/AirFLowEnade/venv/lib/python3.10/site-packages/airflow/example_dags/example_trigger_controller_dag.py took 0.073 seconds
[2023-04-08T15:32:45.282-0300] {processor.py:153} INFO - Started process (PID=15478) to work on /home/kauanu/PycharmProjects/AirFLowEnade/venv/lib/python3.10/site-packages/airflow/example_dags/example_trigger_controller_dag.py
[2023-04-08T15:32:45.283-0300] {processor.py:743} INFO - Processing file /home/kauanu/PycharmProjects/AirFLowEnade/venv/lib/python3.10/site-packages/airflow/example_dags/example_trigger_controller_dag.py for tasks to queue
[2023-04-08T15:32:45.284-0300] {logging_mixin.py:137} INFO - [2023-04-08T15:32:45.284-0300] {dagbag.py:532} INFO - Filling up the DagBag from /home/kauanu/PycharmProjects/AirFLowEnade/venv/lib/python3.10/site-packages/airflow/example_dags/example_trigger_controller_dag.py
[2023-04-08T15:32:45.292-0300] {processor.py:753} INFO - DAG(s) dict_keys(['example_trigger_controller_dag']) retrieved from /home/kauanu/PycharmProjects/AirFLowEnade/venv/lib/python3.10/site-packages/airflow/example_dags/example_trigger_controller_dag.py
[2023-04-08T15:32:45.307-0300] {logging_mixin.py:137} INFO - [2023-04-08T15:32:45.307-0300] {dag.py:2705} INFO - Sync 1 DAGs
[2023-04-08T15:32:45.319-0300] {logging_mixin.py:137} INFO - [2023-04-08T15:32:45.319-0300] {dag.py:3452} INFO - Setting next_dagrun for example_trigger_controller_dag to 2021-01-01T00:00:00+00:00, run_after=2021-01-01T00:00:00+00:00
[2023-04-08T15:32:45.346-0300] {processor.py:175} INFO - Processing /home/kauanu/PycharmProjects/AirFLowEnade/venv/lib/python3.10/site-packages/airflow/example_dags/example_trigger_controller_dag.py took 0.067 seconds
[2023-04-08T15:33:25.123-0300] {processor.py:153} INFO - Started process (PID=15678) to work on /home/kauanu/PycharmProjects/AirFLowEnade/venv/lib/python3.10/site-packages/airflow/example_dags/example_trigger_controller_dag.py
[2023-04-08T15:33:25.124-0300] {processor.py:743} INFO - Processing file /home/kauanu/PycharmProjects/AirFLowEnade/venv/lib/python3.10/site-packages/airflow/example_dags/example_trigger_controller_dag.py for tasks to queue
[2023-04-08T15:33:25.125-0300] {logging_mixin.py:137} INFO - [2023-04-08T15:33:25.125-0300] {dagbag.py:532} INFO - Filling up the DagBag from /home/kauanu/PycharmProjects/AirFLowEnade/venv/lib/python3.10/site-packages/airflow/example_dags/example_trigger_controller_dag.py
[2023-04-08T15:33:25.135-0300] {processor.py:753} INFO - DAG(s) dict_keys(['example_trigger_controller_dag']) retrieved from /home/kauanu/PycharmProjects/AirFLowEnade/venv/lib/python3.10/site-packages/airflow/example_dags/example_trigger_controller_dag.py
[2023-04-08T15:33:25.162-0300] {logging_mixin.py:137} INFO - [2023-04-08T15:33:25.162-0300] {dag.py:2705} INFO - Sync 1 DAGs
[2023-04-08T15:33:25.186-0300] {logging_mixin.py:137} INFO - [2023-04-08T15:33:25.186-0300] {dag.py:3452} INFO - Setting next_dagrun for example_trigger_controller_dag to 2021-01-01T00:00:00+00:00, run_after=2021-01-01T00:00:00+00:00
[2023-04-08T15:33:25.247-0300] {processor.py:175} INFO - Processing /home/kauanu/PycharmProjects/AirFLowEnade/venv/lib/python3.10/site-packages/airflow/example_dags/example_trigger_controller_dag.py took 0.137 seconds
[2023-04-08T15:34:03.464-0300] {processor.py:153} INFO - Started process (PID=15867) to work on /home/kauanu/PycharmProjects/AirFLowEnade/venv/lib/python3.10/site-packages/airflow/example_dags/example_trigger_controller_dag.py
[2023-04-08T15:34:03.466-0300] {processor.py:743} INFO - Processing file /home/kauanu/PycharmProjects/AirFLowEnade/venv/lib/python3.10/site-packages/airflow/example_dags/example_trigger_controller_dag.py for tasks to queue
[2023-04-08T15:34:03.467-0300] {logging_mixin.py:137} INFO - [2023-04-08T15:34:03.467-0300] {dagbag.py:532} INFO - Filling up the DagBag from /home/kauanu/PycharmProjects/AirFLowEnade/venv/lib/python3.10/site-packages/airflow/example_dags/example_trigger_controller_dag.py
[2023-04-08T15:34:03.477-0300] {processor.py:753} INFO - DAG(s) dict_keys(['example_trigger_controller_dag']) retrieved from /home/kauanu/PycharmProjects/AirFLowEnade/venv/lib/python3.10/site-packages/airflow/example_dags/example_trigger_controller_dag.py
[2023-04-08T15:34:03.492-0300] {logging_mixin.py:137} INFO - [2023-04-08T15:34:03.491-0300] {dag.py:2705} INFO - Sync 1 DAGs
[2023-04-08T15:34:03.505-0300] {logging_mixin.py:137} INFO - [2023-04-08T15:34:03.505-0300] {dag.py:3452} INFO - Setting next_dagrun for example_trigger_controller_dag to 2021-01-01T00:00:00+00:00, run_after=2021-01-01T00:00:00+00:00
[2023-04-08T15:34:03.551-0300] {processor.py:175} INFO - Processing /home/kauanu/PycharmProjects/AirFLowEnade/venv/lib/python3.10/site-packages/airflow/example_dags/example_trigger_controller_dag.py took 0.089 seconds
[2023-04-08T15:34:49.065-0300] {processor.py:153} INFO - Started process (PID=16105) to work on /home/kauanu/PycharmProjects/AirFLowEnade/venv/lib/python3.10/site-packages/airflow/example_dags/example_trigger_controller_dag.py
[2023-04-08T15:34:49.078-0300] {processor.py:743} INFO - Processing file /home/kauanu/PycharmProjects/AirFLowEnade/venv/lib/python3.10/site-packages/airflow/example_dags/example_trigger_controller_dag.py for tasks to queue
[2023-04-08T15:34:49.078-0300] {logging_mixin.py:137} INFO - [2023-04-08T15:34:49.078-0300] {dagbag.py:532} INFO - Filling up the DagBag from /home/kauanu/PycharmProjects/AirFLowEnade/venv/lib/python3.10/site-packages/airflow/example_dags/example_trigger_controller_dag.py
[2023-04-08T15:34:49.087-0300] {processor.py:753} INFO - DAG(s) dict_keys(['example_trigger_controller_dag']) retrieved from /home/kauanu/PycharmProjects/AirFLowEnade/venv/lib/python3.10/site-packages/airflow/example_dags/example_trigger_controller_dag.py
[2023-04-08T15:34:49.102-0300] {logging_mixin.py:137} INFO - [2023-04-08T15:34:49.102-0300] {dag.py:2705} INFO - Sync 1 DAGs
[2023-04-08T15:34:49.116-0300] {logging_mixin.py:137} INFO - [2023-04-08T15:34:49.116-0300] {dag.py:3452} INFO - Setting next_dagrun for example_trigger_controller_dag to 2021-01-01T00:00:00+00:00, run_after=2021-01-01T00:00:00+00:00
[2023-04-08T15:34:49.139-0300] {processor.py:175} INFO - Processing /home/kauanu/PycharmProjects/AirFLowEnade/venv/lib/python3.10/site-packages/airflow/example_dags/example_trigger_controller_dag.py took 0.077 seconds
[2023-04-08T15:35:33.279-0300] {processor.py:153} INFO - Started process (PID=16294) to work on /home/kauanu/PycharmProjects/AirFLowEnade/venv/lib/python3.10/site-packages/airflow/example_dags/example_trigger_controller_dag.py
[2023-04-08T15:35:33.292-0300] {processor.py:743} INFO - Processing file /home/kauanu/PycharmProjects/AirFLowEnade/venv/lib/python3.10/site-packages/airflow/example_dags/example_trigger_controller_dag.py for tasks to queue
[2023-04-08T15:35:33.293-0300] {logging_mixin.py:137} INFO - [2023-04-08T15:35:33.293-0300] {dagbag.py:532} INFO - Filling up the DagBag from /home/kauanu/PycharmProjects/AirFLowEnade/venv/lib/python3.10/site-packages/airflow/example_dags/example_trigger_controller_dag.py
[2023-04-08T15:35:33.302-0300] {processor.py:753} INFO - DAG(s) dict_keys(['example_trigger_controller_dag']) retrieved from /home/kauanu/PycharmProjects/AirFLowEnade/venv/lib/python3.10/site-packages/airflow/example_dags/example_trigger_controller_dag.py
[2023-04-08T15:35:33.317-0300] {logging_mixin.py:137} INFO - [2023-04-08T15:35:33.317-0300] {dag.py:2705} INFO - Sync 1 DAGs
[2023-04-08T15:35:33.331-0300] {logging_mixin.py:137} INFO - [2023-04-08T15:35:33.331-0300] {dag.py:3452} INFO - Setting next_dagrun for example_trigger_controller_dag to 2021-01-01T00:00:00+00:00, run_after=2021-01-01T00:00:00+00:00
[2023-04-08T15:35:33.358-0300] {processor.py:175} INFO - Processing /home/kauanu/PycharmProjects/AirFLowEnade/venv/lib/python3.10/site-packages/airflow/example_dags/example_trigger_controller_dag.py took 0.082 seconds
[2023-04-08T15:36:15.992-0300] {processor.py:153} INFO - Started process (PID=16486) to work on /home/kauanu/PycharmProjects/AirFLowEnade/venv/lib/python3.10/site-packages/airflow/example_dags/example_trigger_controller_dag.py
[2023-04-08T15:36:16.006-0300] {processor.py:743} INFO - Processing file /home/kauanu/PycharmProjects/AirFLowEnade/venv/lib/python3.10/site-packages/airflow/example_dags/example_trigger_controller_dag.py for tasks to queue
[2023-04-08T15:36:16.007-0300] {logging_mixin.py:137} INFO - [2023-04-08T15:36:16.006-0300] {dagbag.py:532} INFO - Filling up the DagBag from /home/kauanu/PycharmProjects/AirFLowEnade/venv/lib/python3.10/site-packages/airflow/example_dags/example_trigger_controller_dag.py
[2023-04-08T15:36:16.037-0300] {processor.py:753} INFO - DAG(s) dict_keys(['example_trigger_controller_dag']) retrieved from /home/kauanu/PycharmProjects/AirFLowEnade/venv/lib/python3.10/site-packages/airflow/example_dags/example_trigger_controller_dag.py
[2023-04-08T15:36:16.065-0300] {logging_mixin.py:137} INFO - [2023-04-08T15:36:16.065-0300] {dag.py:2705} INFO - Sync 1 DAGs
[2023-04-08T15:36:16.078-0300] {logging_mixin.py:137} INFO - [2023-04-08T15:36:16.078-0300] {dag.py:3452} INFO - Setting next_dagrun for example_trigger_controller_dag to 2021-01-01T00:00:00+00:00, run_after=2021-01-01T00:00:00+00:00
[2023-04-08T15:36:16.103-0300] {processor.py:175} INFO - Processing /home/kauanu/PycharmProjects/AirFLowEnade/venv/lib/python3.10/site-packages/airflow/example_dags/example_trigger_controller_dag.py took 0.117 seconds
