[2023-04-08T15:26:07.570-0300] {processor.py:153} INFO - Started process (PID=13555) to work on /home/kauanu/PycharmProjects/AirFLowEnade/venv/lib/python3.10/site-packages/airflow/example_dags/example_task_group.py
[2023-04-08T15:26:07.571-0300] {processor.py:743} INFO - Processing file /home/kauanu/PycharmProjects/AirFLowEnade/venv/lib/python3.10/site-packages/airflow/example_dags/example_task_group.py for tasks to queue
[2023-04-08T15:26:07.571-0300] {logging_mixin.py:137} INFO - [2023-04-08T15:26:07.571-0300] {dagbag.py:532} INFO - Filling up the DagBag from /home/kauanu/PycharmProjects/AirFLowEnade/venv/lib/python3.10/site-packages/airflow/example_dags/example_task_group.py
[2023-04-08T15:26:07.585-0300] {processor.py:753} INFO - DAG(s) dict_keys(['example_task_group']) retrieved from /home/kauanu/PycharmProjects/AirFLowEnade/venv/lib/python3.10/site-packages/airflow/example_dags/example_task_group.py
[2023-04-08T15:26:07.674-0300] {logging_mixin.py:137} INFO - [2023-04-08T15:26:07.674-0300] {manager.py:504} INFO - Created Permission View: can delete on DAG:example_task_group
[2023-04-08T15:26:07.690-0300] {logging_mixin.py:137} INFO - [2023-04-08T15:26:07.690-0300] {manager.py:504} INFO - Created Permission View: can edit on DAG:example_task_group
[2023-04-08T15:26:07.713-0300] {logging_mixin.py:137} INFO - [2023-04-08T15:26:07.713-0300] {manager.py:504} INFO - Created Permission View: can read on DAG:example_task_group
[2023-04-08T15:26:07.713-0300] {logging_mixin.py:137} INFO - [2023-04-08T15:26:07.713-0300] {dag.py:2705} INFO - Sync 1 DAGs
[2023-04-08T15:26:07.721-0300] {logging_mixin.py:137} INFO - [2023-04-08T15:26:07.721-0300] {dag.py:2726} INFO - Creating ORM DAG for example_task_group
[2023-04-08T15:26:07.729-0300] {logging_mixin.py:137} INFO - [2023-04-08T15:26:07.729-0300] {dag.py:3452} INFO - Setting next_dagrun for example_task_group to 2023-04-07T18:26:07.729226+00:00, run_after=2023-04-08T18:26:07.729226+00:00
[2023-04-08T15:26:07.767-0300] {processor.py:175} INFO - Processing /home/kauanu/PycharmProjects/AirFLowEnade/venv/lib/python3.10/site-packages/airflow/example_dags/example_task_group.py took 0.200 seconds
[2023-04-08T15:27:13.285-0300] {processor.py:153} INFO - Started process (PID=13880) to work on /home/kauanu/PycharmProjects/AirFLowEnade/venv/lib/python3.10/site-packages/airflow/example_dags/example_task_group.py
[2023-04-08T15:27:13.302-0300] {processor.py:743} INFO - Processing file /home/kauanu/PycharmProjects/AirFLowEnade/venv/lib/python3.10/site-packages/airflow/example_dags/example_task_group.py for tasks to queue
[2023-04-08T15:27:13.303-0300] {logging_mixin.py:137} INFO - [2023-04-08T15:27:13.303-0300] {dagbag.py:532} INFO - Filling up the DagBag from /home/kauanu/PycharmProjects/AirFLowEnade/venv/lib/python3.10/site-packages/airflow/example_dags/example_task_group.py
[2023-04-08T15:27:13.330-0300] {processor.py:753} INFO - DAG(s) dict_keys(['example_task_group']) retrieved from /home/kauanu/PycharmProjects/AirFLowEnade/venv/lib/python3.10/site-packages/airflow/example_dags/example_task_group.py
[2023-04-08T15:27:13.401-0300] {logging_mixin.py:137} INFO - [2023-04-08T15:27:13.401-0300] {dag.py:2705} INFO - Sync 1 DAGs
[2023-04-08T15:27:13.462-0300] {logging_mixin.py:137} INFO - [2023-04-08T15:27:13.461-0300] {dag.py:3452} INFO - Setting next_dagrun for example_task_group to 2023-04-07T18:27:13.458383+00:00, run_after=2023-04-08T18:27:13.458383+00:00
[2023-04-08T15:27:13.561-0300] {processor.py:175} INFO - Processing /home/kauanu/PycharmProjects/AirFLowEnade/venv/lib/python3.10/site-packages/airflow/example_dags/example_task_group.py took 0.279 seconds
[2023-04-08T15:28:05.897-0300] {processor.py:153} INFO - Started process (PID=14117) to work on /home/kauanu/PycharmProjects/AirFLowEnade/venv/lib/python3.10/site-packages/airflow/example_dags/example_task_group.py
[2023-04-08T15:28:05.906-0300] {processor.py:743} INFO - Processing file /home/kauanu/PycharmProjects/AirFLowEnade/venv/lib/python3.10/site-packages/airflow/example_dags/example_task_group.py for tasks to queue
[2023-04-08T15:28:05.907-0300] {logging_mixin.py:137} INFO - [2023-04-08T15:28:05.907-0300] {dagbag.py:532} INFO - Filling up the DagBag from /home/kauanu/PycharmProjects/AirFLowEnade/venv/lib/python3.10/site-packages/airflow/example_dags/example_task_group.py
[2023-04-08T15:28:05.930-0300] {processor.py:753} INFO - DAG(s) dict_keys(['example_task_group']) retrieved from /home/kauanu/PycharmProjects/AirFLowEnade/venv/lib/python3.10/site-packages/airflow/example_dags/example_task_group.py
[2023-04-08T15:28:05.953-0300] {logging_mixin.py:137} INFO - [2023-04-08T15:28:05.953-0300] {dag.py:2705} INFO - Sync 1 DAGs
[2023-04-08T15:28:05.975-0300] {logging_mixin.py:137} INFO - [2023-04-08T15:28:05.975-0300] {dag.py:3452} INFO - Setting next_dagrun for example_task_group to 2023-04-07T18:28:05.975342+00:00, run_after=2023-04-08T18:28:05.975342+00:00
[2023-04-08T15:28:06.011-0300] {processor.py:175} INFO - Processing /home/kauanu/PycharmProjects/AirFLowEnade/venv/lib/python3.10/site-packages/airflow/example_dags/example_task_group.py took 0.123 seconds
[2023-04-08T15:29:15.087-0300] {processor.py:153} INFO - Started process (PID=14527) to work on /home/kauanu/PycharmProjects/AirFLowEnade/venv/lib/python3.10/site-packages/airflow/example_dags/example_task_group.py
[2023-04-08T15:29:15.097-0300] {processor.py:743} INFO - Processing file /home/kauanu/PycharmProjects/AirFLowEnade/venv/lib/python3.10/site-packages/airflow/example_dags/example_task_group.py for tasks to queue
[2023-04-08T15:29:15.101-0300] {logging_mixin.py:137} INFO - [2023-04-08T15:29:15.100-0300] {dagbag.py:532} INFO - Filling up the DagBag from /home/kauanu/PycharmProjects/AirFLowEnade/venv/lib/python3.10/site-packages/airflow/example_dags/example_task_group.py
[2023-04-08T15:29:15.141-0300] {processor.py:753} INFO - DAG(s) dict_keys(['example_task_group']) retrieved from /home/kauanu/PycharmProjects/AirFLowEnade/venv/lib/python3.10/site-packages/airflow/example_dags/example_task_group.py
[2023-04-08T15:29:15.181-0300] {logging_mixin.py:137} INFO - [2023-04-08T15:29:15.180-0300] {dag.py:2705} INFO - Sync 1 DAGs
[2023-04-08T15:29:15.209-0300] {logging_mixin.py:137} INFO - [2023-04-08T15:29:15.209-0300] {dag.py:3452} INFO - Setting next_dagrun for example_task_group to 2023-04-07T18:29:15.208913+00:00, run_after=2023-04-08T18:29:15.208913+00:00
[2023-04-08T15:29:15.333-0300] {processor.py:175} INFO - Processing /home/kauanu/PycharmProjects/AirFLowEnade/venv/lib/python3.10/site-packages/airflow/example_dags/example_task_group.py took 0.249 seconds
[2023-04-08T15:30:08.625-0300] {processor.py:153} INFO - Started process (PID=14764) to work on /home/kauanu/PycharmProjects/AirFLowEnade/venv/lib/python3.10/site-packages/airflow/example_dags/example_task_group.py
[2023-04-08T15:30:08.626-0300] {processor.py:743} INFO - Processing file /home/kauanu/PycharmProjects/AirFLowEnade/venv/lib/python3.10/site-packages/airflow/example_dags/example_task_group.py for tasks to queue
[2023-04-08T15:30:08.627-0300] {logging_mixin.py:137} INFO - [2023-04-08T15:30:08.627-0300] {dagbag.py:532} INFO - Filling up the DagBag from /home/kauanu/PycharmProjects/AirFLowEnade/venv/lib/python3.10/site-packages/airflow/example_dags/example_task_group.py
[2023-04-08T15:30:08.640-0300] {processor.py:753} INFO - DAG(s) dict_keys(['example_task_group']) retrieved from /home/kauanu/PycharmProjects/AirFLowEnade/venv/lib/python3.10/site-packages/airflow/example_dags/example_task_group.py
[2023-04-08T15:30:08.655-0300] {logging_mixin.py:137} INFO - [2023-04-08T15:30:08.655-0300] {dag.py:2705} INFO - Sync 1 DAGs
[2023-04-08T15:30:08.670-0300] {logging_mixin.py:137} INFO - [2023-04-08T15:30:08.669-0300] {dag.py:3452} INFO - Setting next_dagrun for example_task_group to 2023-04-07T18:30:08.669799+00:00, run_after=2023-04-08T18:30:08.669799+00:00
[2023-04-08T15:30:08.691-0300] {processor.py:175} INFO - Processing /home/kauanu/PycharmProjects/AirFLowEnade/venv/lib/python3.10/site-packages/airflow/example_dags/example_task_group.py took 0.068 seconds
[2023-04-08T15:30:53.683-0300] {processor.py:153} INFO - Started process (PID=14957) to work on /home/kauanu/PycharmProjects/AirFLowEnade/venv/lib/python3.10/site-packages/airflow/example_dags/example_task_group.py
[2023-04-08T15:30:53.684-0300] {processor.py:743} INFO - Processing file /home/kauanu/PycharmProjects/AirFLowEnade/venv/lib/python3.10/site-packages/airflow/example_dags/example_task_group.py for tasks to queue
[2023-04-08T15:30:53.685-0300] {logging_mixin.py:137} INFO - [2023-04-08T15:30:53.685-0300] {dagbag.py:532} INFO - Filling up the DagBag from /home/kauanu/PycharmProjects/AirFLowEnade/venv/lib/python3.10/site-packages/airflow/example_dags/example_task_group.py
[2023-04-08T15:30:53.700-0300] {processor.py:753} INFO - DAG(s) dict_keys(['example_task_group']) retrieved from /home/kauanu/PycharmProjects/AirFLowEnade/venv/lib/python3.10/site-packages/airflow/example_dags/example_task_group.py
[2023-04-08T15:30:53.717-0300] {logging_mixin.py:137} INFO - [2023-04-08T15:30:53.717-0300] {dag.py:2705} INFO - Sync 1 DAGs
[2023-04-08T15:30:53.731-0300] {logging_mixin.py:137} INFO - [2023-04-08T15:30:53.731-0300] {dag.py:3452} INFO - Setting next_dagrun for example_task_group to 2023-04-07T18:30:53.731262+00:00, run_after=2023-04-08T18:30:53.731262+00:00
[2023-04-08T15:30:53.837-0300] {processor.py:175} INFO - Processing /home/kauanu/PycharmProjects/AirFLowEnade/venv/lib/python3.10/site-packages/airflow/example_dags/example_task_group.py took 0.157 seconds
[2023-04-08T15:31:36.506-0300] {processor.py:153} INFO - Started process (PID=15169) to work on /home/kauanu/PycharmProjects/AirFLowEnade/venv/lib/python3.10/site-packages/airflow/example_dags/example_task_group.py
[2023-04-08T15:31:36.508-0300] {processor.py:743} INFO - Processing file /home/kauanu/PycharmProjects/AirFLowEnade/venv/lib/python3.10/site-packages/airflow/example_dags/example_task_group.py for tasks to queue
[2023-04-08T15:31:36.508-0300] {logging_mixin.py:137} INFO - [2023-04-08T15:31:36.508-0300] {dagbag.py:532} INFO - Filling up the DagBag from /home/kauanu/PycharmProjects/AirFLowEnade/venv/lib/python3.10/site-packages/airflow/example_dags/example_task_group.py
[2023-04-08T15:31:36.521-0300] {processor.py:753} INFO - DAG(s) dict_keys(['example_task_group']) retrieved from /home/kauanu/PycharmProjects/AirFLowEnade/venv/lib/python3.10/site-packages/airflow/example_dags/example_task_group.py
[2023-04-08T15:31:36.537-0300] {logging_mixin.py:137} INFO - [2023-04-08T15:31:36.537-0300] {dag.py:2705} INFO - Sync 1 DAGs
[2023-04-08T15:31:36.551-0300] {logging_mixin.py:137} INFO - [2023-04-08T15:31:36.550-0300] {dag.py:3452} INFO - Setting next_dagrun for example_task_group to 2023-04-07T18:31:36.550739+00:00, run_after=2023-04-08T18:31:36.550739+00:00
[2023-04-08T15:31:36.572-0300] {processor.py:175} INFO - Processing /home/kauanu/PycharmProjects/AirFLowEnade/venv/lib/python3.10/site-packages/airflow/example_dags/example_task_group.py took 0.069 seconds
[2023-04-08T15:32:23.327-0300] {processor.py:153} INFO - Started process (PID=15379) to work on /home/kauanu/PycharmProjects/AirFLowEnade/venv/lib/python3.10/site-packages/airflow/example_dags/example_task_group.py
[2023-04-08T15:32:23.328-0300] {processor.py:743} INFO - Processing file /home/kauanu/PycharmProjects/AirFLowEnade/venv/lib/python3.10/site-packages/airflow/example_dags/example_task_group.py for tasks to queue
[2023-04-08T15:32:23.328-0300] {logging_mixin.py:137} INFO - [2023-04-08T15:32:23.328-0300] {dagbag.py:532} INFO - Filling up the DagBag from /home/kauanu/PycharmProjects/AirFLowEnade/venv/lib/python3.10/site-packages/airflow/example_dags/example_task_group.py
[2023-04-08T15:32:23.342-0300] {processor.py:753} INFO - DAG(s) dict_keys(['example_task_group']) retrieved from /home/kauanu/PycharmProjects/AirFLowEnade/venv/lib/python3.10/site-packages/airflow/example_dags/example_task_group.py
[2023-04-08T15:32:23.358-0300] {logging_mixin.py:137} INFO - [2023-04-08T15:32:23.358-0300] {dag.py:2705} INFO - Sync 1 DAGs
[2023-04-08T15:32:23.373-0300] {logging_mixin.py:137} INFO - [2023-04-08T15:32:23.373-0300] {dag.py:3452} INFO - Setting next_dagrun for example_task_group to 2023-04-07T18:32:23.373051+00:00, run_after=2023-04-08T18:32:23.373051+00:00
[2023-04-08T15:32:23.394-0300] {processor.py:175} INFO - Processing /home/kauanu/PycharmProjects/AirFLowEnade/venv/lib/python3.10/site-packages/airflow/example_dags/example_task_group.py took 0.070 seconds
[2023-04-08T15:33:17.573-0300] {processor.py:153} INFO - Started process (PID=15655) to work on /home/kauanu/PycharmProjects/AirFLowEnade/venv/lib/python3.10/site-packages/airflow/example_dags/example_task_group.py
[2023-04-08T15:33:17.574-0300] {processor.py:743} INFO - Processing file /home/kauanu/PycharmProjects/AirFLowEnade/venv/lib/python3.10/site-packages/airflow/example_dags/example_task_group.py for tasks to queue
[2023-04-08T15:33:17.575-0300] {logging_mixin.py:137} INFO - [2023-04-08T15:33:17.574-0300] {dagbag.py:532} INFO - Filling up the DagBag from /home/kauanu/PycharmProjects/AirFLowEnade/venv/lib/python3.10/site-packages/airflow/example_dags/example_task_group.py
[2023-04-08T15:33:17.587-0300] {processor.py:753} INFO - DAG(s) dict_keys(['example_task_group']) retrieved from /home/kauanu/PycharmProjects/AirFLowEnade/venv/lib/python3.10/site-packages/airflow/example_dags/example_task_group.py
[2023-04-08T15:33:17.602-0300] {logging_mixin.py:137} INFO - [2023-04-08T15:33:17.602-0300] {dag.py:2705} INFO - Sync 1 DAGs
[2023-04-08T15:33:17.622-0300] {logging_mixin.py:137} INFO - [2023-04-08T15:33:17.622-0300] {dag.py:3452} INFO - Setting next_dagrun for example_task_group to 2023-04-07T18:33:17.622540+00:00, run_after=2023-04-08T18:33:17.622540+00:00
[2023-04-08T15:33:17.645-0300] {processor.py:175} INFO - Processing /home/kauanu/PycharmProjects/AirFLowEnade/venv/lib/python3.10/site-packages/airflow/example_dags/example_task_group.py took 0.075 seconds
[2023-04-08T15:34:08.787-0300] {processor.py:153} INFO - Started process (PID=15909) to work on /home/kauanu/PycharmProjects/AirFLowEnade/venv/lib/python3.10/site-packages/airflow/example_dags/example_task_group.py
[2023-04-08T15:34:08.788-0300] {processor.py:743} INFO - Processing file /home/kauanu/PycharmProjects/AirFLowEnade/venv/lib/python3.10/site-packages/airflow/example_dags/example_task_group.py for tasks to queue
[2023-04-08T15:34:08.788-0300] {logging_mixin.py:137} INFO - [2023-04-08T15:34:08.788-0300] {dagbag.py:532} INFO - Filling up the DagBag from /home/kauanu/PycharmProjects/AirFLowEnade/venv/lib/python3.10/site-packages/airflow/example_dags/example_task_group.py
[2023-04-08T15:34:08.800-0300] {processor.py:753} INFO - DAG(s) dict_keys(['example_task_group']) retrieved from /home/kauanu/PycharmProjects/AirFLowEnade/venv/lib/python3.10/site-packages/airflow/example_dags/example_task_group.py
[2023-04-08T15:34:08.814-0300] {logging_mixin.py:137} INFO - [2023-04-08T15:34:08.814-0300] {dag.py:2705} INFO - Sync 1 DAGs
[2023-04-08T15:34:08.828-0300] {logging_mixin.py:137} INFO - [2023-04-08T15:34:08.828-0300] {dag.py:3452} INFO - Setting next_dagrun for example_task_group to 2023-04-07T18:34:08.828316+00:00, run_after=2023-04-08T18:34:08.828316+00:00
[2023-04-08T15:34:08.857-0300] {processor.py:175} INFO - Processing /home/kauanu/PycharmProjects/AirFLowEnade/venv/lib/python3.10/site-packages/airflow/example_dags/example_task_group.py took 0.073 seconds
[2023-04-08T15:34:56.623-0300] {processor.py:153} INFO - Started process (PID=16113) to work on /home/kauanu/PycharmProjects/AirFLowEnade/venv/lib/python3.10/site-packages/airflow/example_dags/example_task_group.py
[2023-04-08T15:34:56.625-0300] {processor.py:743} INFO - Processing file /home/kauanu/PycharmProjects/AirFLowEnade/venv/lib/python3.10/site-packages/airflow/example_dags/example_task_group.py for tasks to queue
[2023-04-08T15:34:56.626-0300] {logging_mixin.py:137} INFO - [2023-04-08T15:34:56.626-0300] {dagbag.py:532} INFO - Filling up the DagBag from /home/kauanu/PycharmProjects/AirFLowEnade/venv/lib/python3.10/site-packages/airflow/example_dags/example_task_group.py
[2023-04-08T15:34:56.639-0300] {processor.py:753} INFO - DAG(s) dict_keys(['example_task_group']) retrieved from /home/kauanu/PycharmProjects/AirFLowEnade/venv/lib/python3.10/site-packages/airflow/example_dags/example_task_group.py
[2023-04-08T15:34:56.653-0300] {logging_mixin.py:137} INFO - [2023-04-08T15:34:56.653-0300] {dag.py:2705} INFO - Sync 1 DAGs
[2023-04-08T15:34:56.675-0300] {logging_mixin.py:137} INFO - [2023-04-08T15:34:56.675-0300] {dag.py:3452} INFO - Setting next_dagrun for example_task_group to 2023-04-07T18:34:56.674973+00:00, run_after=2023-04-08T18:34:56.674973+00:00
[2023-04-08T15:34:56.697-0300] {processor.py:175} INFO - Processing /home/kauanu/PycharmProjects/AirFLowEnade/venv/lib/python3.10/site-packages/airflow/example_dags/example_task_group.py took 0.077 seconds
[2023-04-08T15:35:40.599-0300] {processor.py:153} INFO - Started process (PID=16339) to work on /home/kauanu/PycharmProjects/AirFLowEnade/venv/lib/python3.10/site-packages/airflow/example_dags/example_task_group.py
[2023-04-08T15:35:40.600-0300] {processor.py:743} INFO - Processing file /home/kauanu/PycharmProjects/AirFLowEnade/venv/lib/python3.10/site-packages/airflow/example_dags/example_task_group.py for tasks to queue
[2023-04-08T15:35:40.600-0300] {logging_mixin.py:137} INFO - [2023-04-08T15:35:40.600-0300] {dagbag.py:532} INFO - Filling up the DagBag from /home/kauanu/PycharmProjects/AirFLowEnade/venv/lib/python3.10/site-packages/airflow/example_dags/example_task_group.py
[2023-04-08T15:35:40.612-0300] {processor.py:753} INFO - DAG(s) dict_keys(['example_task_group']) retrieved from /home/kauanu/PycharmProjects/AirFLowEnade/venv/lib/python3.10/site-packages/airflow/example_dags/example_task_group.py
[2023-04-08T15:35:40.627-0300] {logging_mixin.py:137} INFO - [2023-04-08T15:35:40.626-0300] {dag.py:2705} INFO - Sync 1 DAGs
[2023-04-08T15:35:40.639-0300] {logging_mixin.py:137} INFO - [2023-04-08T15:35:40.639-0300] {dag.py:3452} INFO - Setting next_dagrun for example_task_group to 2023-04-07T18:35:40.639552+00:00, run_after=2023-04-08T18:35:40.639552+00:00
[2023-04-08T15:35:40.661-0300] {processor.py:175} INFO - Processing /home/kauanu/PycharmProjects/AirFLowEnade/venv/lib/python3.10/site-packages/airflow/example_dags/example_task_group.py took 0.065 seconds
[2023-04-08T15:36:25.343-0300] {processor.py:153} INFO - Started process (PID=16531) to work on /home/kauanu/PycharmProjects/AirFLowEnade/venv/lib/python3.10/site-packages/airflow/example_dags/example_task_group.py
[2023-04-08T15:36:25.354-0300] {processor.py:743} INFO - Processing file /home/kauanu/PycharmProjects/AirFLowEnade/venv/lib/python3.10/site-packages/airflow/example_dags/example_task_group.py for tasks to queue
[2023-04-08T15:36:25.355-0300] {logging_mixin.py:137} INFO - [2023-04-08T15:36:25.355-0300] {dagbag.py:532} INFO - Filling up the DagBag from /home/kauanu/PycharmProjects/AirFLowEnade/venv/lib/python3.10/site-packages/airflow/example_dags/example_task_group.py
[2023-04-08T15:36:25.370-0300] {processor.py:753} INFO - DAG(s) dict_keys(['example_task_group']) retrieved from /home/kauanu/PycharmProjects/AirFLowEnade/venv/lib/python3.10/site-packages/airflow/example_dags/example_task_group.py
[2023-04-08T15:36:25.388-0300] {logging_mixin.py:137} INFO - [2023-04-08T15:36:25.388-0300] {dag.py:2705} INFO - Sync 1 DAGs
[2023-04-08T15:36:25.404-0300] {logging_mixin.py:137} INFO - [2023-04-08T15:36:25.404-0300] {dag.py:3452} INFO - Setting next_dagrun for example_task_group to 2023-04-07T18:36:25.404120+00:00, run_after=2023-04-08T18:36:25.404120+00:00
[2023-04-08T15:36:25.463-0300] {processor.py:175} INFO - Processing /home/kauanu/PycharmProjects/AirFLowEnade/venv/lib/python3.10/site-packages/airflow/example_dags/example_task_group.py took 0.123 seconds
