[2023-04-08T15:25:48.942-0300] {processor.py:153} INFO - Started process (PID=13447) to work on /home/kauanu/PycharmProjects/AirFLowEnade/venv/lib/python3.10/site-packages/airflow/example_dags/example_xcom.py
[2023-04-08T15:25:48.943-0300] {processor.py:743} INFO - Processing file /home/kauanu/PycharmProjects/AirFLowEnade/venv/lib/python3.10/site-packages/airflow/example_dags/example_xcom.py for tasks to queue
[2023-04-08T15:25:48.944-0300] {logging_mixin.py:137} INFO - [2023-04-08T15:25:48.944-0300] {dagbag.py:532} INFO - Filling up the DagBag from /home/kauanu/PycharmProjects/AirFLowEnade/venv/lib/python3.10/site-packages/airflow/example_dags/example_xcom.py
[2023-04-08T15:25:48.969-0300] {processor.py:753} INFO - DAG(s) dict_keys(['example_xcom']) retrieved from /home/kauanu/PycharmProjects/AirFLowEnade/venv/lib/python3.10/site-packages/airflow/example_dags/example_xcom.py
[2023-04-08T15:25:49.190-0300] {logging_mixin.py:137} INFO - [2023-04-08T15:25:49.189-0300] {manager.py:504} INFO - Created Permission View: can delete on DAG:example_xcom
[2023-04-08T15:25:49.236-0300] {logging_mixin.py:137} INFO - [2023-04-08T15:25:49.236-0300] {manager.py:504} INFO - Created Permission View: can edit on DAG:example_xcom
[2023-04-08T15:25:49.268-0300] {logging_mixin.py:137} INFO - [2023-04-08T15:25:49.267-0300] {manager.py:504} INFO - Created Permission View: can read on DAG:example_xcom
[2023-04-08T15:25:49.269-0300] {logging_mixin.py:137} INFO - [2023-04-08T15:25:49.269-0300] {dag.py:2705} INFO - Sync 1 DAGs
[2023-04-08T15:25:49.312-0300] {logging_mixin.py:137} INFO - [2023-04-08T15:25:49.311-0300] {dag.py:2726} INFO - Creating ORM DAG for example_xcom
[2023-04-08T15:25:49.325-0300] {logging_mixin.py:137} INFO - [2023-04-08T15:25:49.325-0300] {dag.py:3452} INFO - Setting next_dagrun for example_xcom to 2021-01-01T00:00:00+00:00, run_after=2021-01-01T00:00:00+00:00
[2023-04-08T15:25:49.361-0300] {processor.py:175} INFO - Processing /home/kauanu/PycharmProjects/AirFLowEnade/venv/lib/python3.10/site-packages/airflow/example_dags/example_xcom.py took 0.423 seconds
[2023-04-08T15:26:39.120-0300] {processor.py:153} INFO - Started process (PID=13716) to work on /home/kauanu/PycharmProjects/AirFLowEnade/venv/lib/python3.10/site-packages/airflow/example_dags/example_xcom.py
[2023-04-08T15:26:39.159-0300] {processor.py:743} INFO - Processing file /home/kauanu/PycharmProjects/AirFLowEnade/venv/lib/python3.10/site-packages/airflow/example_dags/example_xcom.py for tasks to queue
[2023-04-08T15:26:39.160-0300] {logging_mixin.py:137} INFO - [2023-04-08T15:26:39.160-0300] {dagbag.py:532} INFO - Filling up the DagBag from /home/kauanu/PycharmProjects/AirFLowEnade/venv/lib/python3.10/site-packages/airflow/example_dags/example_xcom.py
[2023-04-08T15:26:39.214-0300] {processor.py:753} INFO - DAG(s) dict_keys(['example_xcom']) retrieved from /home/kauanu/PycharmProjects/AirFLowEnade/venv/lib/python3.10/site-packages/airflow/example_dags/example_xcom.py
[2023-04-08T15:26:39.280-0300] {logging_mixin.py:137} INFO - [2023-04-08T15:26:39.278-0300] {dag.py:2705} INFO - Sync 1 DAGs
[2023-04-08T15:26:39.315-0300] {logging_mixin.py:137} INFO - [2023-04-08T15:26:39.315-0300] {dag.py:3452} INFO - Setting next_dagrun for example_xcom to 2021-01-01T00:00:00+00:00, run_after=2021-01-01T00:00:00+00:00
[2023-04-08T15:26:39.356-0300] {processor.py:175} INFO - Processing /home/kauanu/PycharmProjects/AirFLowEnade/venv/lib/python3.10/site-packages/airflow/example_dags/example_xcom.py took 0.254 seconds
[2023-04-08T15:27:33.749-0300] {processor.py:153} INFO - Started process (PID=13974) to work on /home/kauanu/PycharmProjects/AirFLowEnade/venv/lib/python3.10/site-packages/airflow/example_dags/example_xcom.py
[2023-04-08T15:27:33.760-0300] {processor.py:743} INFO - Processing file /home/kauanu/PycharmProjects/AirFLowEnade/venv/lib/python3.10/site-packages/airflow/example_dags/example_xcom.py for tasks to queue
[2023-04-08T15:27:33.762-0300] {logging_mixin.py:137} INFO - [2023-04-08T15:27:33.761-0300] {dagbag.py:532} INFO - Filling up the DagBag from /home/kauanu/PycharmProjects/AirFLowEnade/venv/lib/python3.10/site-packages/airflow/example_dags/example_xcom.py
[2023-04-08T15:27:33.782-0300] {processor.py:753} INFO - DAG(s) dict_keys(['example_xcom']) retrieved from /home/kauanu/PycharmProjects/AirFLowEnade/venv/lib/python3.10/site-packages/airflow/example_dags/example_xcom.py
[2023-04-08T15:27:33.798-0300] {logging_mixin.py:137} INFO - [2023-04-08T15:27:33.798-0300] {dag.py:2705} INFO - Sync 1 DAGs
[2023-04-08T15:27:33.813-0300] {logging_mixin.py:137} INFO - [2023-04-08T15:27:33.812-0300] {dag.py:3452} INFO - Setting next_dagrun for example_xcom to 2021-01-01T00:00:00+00:00, run_after=2021-01-01T00:00:00+00:00
[2023-04-08T15:27:33.839-0300] {processor.py:175} INFO - Processing /home/kauanu/PycharmProjects/AirFLowEnade/venv/lib/python3.10/site-packages/airflow/example_dags/example_xcom.py took 0.094 seconds
[2023-04-08T15:28:20.316-0300] {processor.py:153} INFO - Started process (PID=14190) to work on /home/kauanu/PycharmProjects/AirFLowEnade/venv/lib/python3.10/site-packages/airflow/example_dags/example_xcom.py
[2023-04-08T15:28:20.333-0300] {processor.py:743} INFO - Processing file /home/kauanu/PycharmProjects/AirFLowEnade/venv/lib/python3.10/site-packages/airflow/example_dags/example_xcom.py for tasks to queue
[2023-04-08T15:28:20.334-0300] {logging_mixin.py:137} INFO - [2023-04-08T15:28:20.334-0300] {dagbag.py:532} INFO - Filling up the DagBag from /home/kauanu/PycharmProjects/AirFLowEnade/venv/lib/python3.10/site-packages/airflow/example_dags/example_xcom.py
[2023-04-08T15:28:20.372-0300] {processor.py:753} INFO - DAG(s) dict_keys(['example_xcom']) retrieved from /home/kauanu/PycharmProjects/AirFLowEnade/venv/lib/python3.10/site-packages/airflow/example_dags/example_xcom.py
[2023-04-08T15:28:20.570-0300] {logging_mixin.py:137} INFO - [2023-04-08T15:28:20.569-0300] {dag.py:2705} INFO - Sync 1 DAGs
[2023-04-08T15:28:20.725-0300] {logging_mixin.py:137} INFO - [2023-04-08T15:28:20.724-0300] {dag.py:3452} INFO - Setting next_dagrun for example_xcom to 2021-01-01T00:00:00+00:00, run_after=2021-01-01T00:00:00+00:00
[2023-04-08T15:28:20.788-0300] {processor.py:175} INFO - Processing /home/kauanu/PycharmProjects/AirFLowEnade/venv/lib/python3.10/site-packages/airflow/example_dags/example_xcom.py took 0.474 seconds
[2023-04-08T15:29:30.411-0300] {processor.py:153} INFO - Started process (PID=14581) to work on /home/kauanu/PycharmProjects/AirFLowEnade/venv/lib/python3.10/site-packages/airflow/example_dags/example_xcom.py
[2023-04-08T15:29:30.413-0300] {processor.py:743} INFO - Processing file /home/kauanu/PycharmProjects/AirFLowEnade/venv/lib/python3.10/site-packages/airflow/example_dags/example_xcom.py for tasks to queue
[2023-04-08T15:29:30.414-0300] {logging_mixin.py:137} INFO - [2023-04-08T15:29:30.414-0300] {dagbag.py:532} INFO - Filling up the DagBag from /home/kauanu/PycharmProjects/AirFLowEnade/venv/lib/python3.10/site-packages/airflow/example_dags/example_xcom.py
[2023-04-08T15:29:30.433-0300] {processor.py:753} INFO - DAG(s) dict_keys(['example_xcom']) retrieved from /home/kauanu/PycharmProjects/AirFLowEnade/venv/lib/python3.10/site-packages/airflow/example_dags/example_xcom.py
[2023-04-08T15:29:30.447-0300] {logging_mixin.py:137} INFO - [2023-04-08T15:29:30.447-0300] {dag.py:2705} INFO - Sync 1 DAGs
[2023-04-08T15:29:30.461-0300] {logging_mixin.py:137} INFO - [2023-04-08T15:29:30.460-0300] {dag.py:3452} INFO - Setting next_dagrun for example_xcom to 2021-01-01T00:00:00+00:00, run_after=2021-01-01T00:00:00+00:00
[2023-04-08T15:29:30.482-0300] {processor.py:175} INFO - Processing /home/kauanu/PycharmProjects/AirFLowEnade/venv/lib/python3.10/site-packages/airflow/example_dags/example_xcom.py took 0.073 seconds
[2023-04-08T15:30:12.625-0300] {processor.py:153} INFO - Started process (PID=14769) to work on /home/kauanu/PycharmProjects/AirFLowEnade/venv/lib/python3.10/site-packages/airflow/example_dags/example_xcom.py
[2023-04-08T15:30:12.626-0300] {processor.py:743} INFO - Processing file /home/kauanu/PycharmProjects/AirFLowEnade/venv/lib/python3.10/site-packages/airflow/example_dags/example_xcom.py for tasks to queue
[2023-04-08T15:30:12.627-0300] {logging_mixin.py:137} INFO - [2023-04-08T15:30:12.627-0300] {dagbag.py:532} INFO - Filling up the DagBag from /home/kauanu/PycharmProjects/AirFLowEnade/venv/lib/python3.10/site-packages/airflow/example_dags/example_xcom.py
[2023-04-08T15:30:12.645-0300] {processor.py:753} INFO - DAG(s) dict_keys(['example_xcom']) retrieved from /home/kauanu/PycharmProjects/AirFLowEnade/venv/lib/python3.10/site-packages/airflow/example_dags/example_xcom.py
[2023-04-08T15:30:12.666-0300] {logging_mixin.py:137} INFO - [2023-04-08T15:30:12.666-0300] {dag.py:2705} INFO - Sync 1 DAGs
[2023-04-08T15:30:12.682-0300] {logging_mixin.py:137} INFO - [2023-04-08T15:30:12.682-0300] {dag.py:3452} INFO - Setting next_dagrun for example_xcom to 2021-01-01T00:00:00+00:00, run_after=2021-01-01T00:00:00+00:00
[2023-04-08T15:30:12.707-0300] {processor.py:175} INFO - Processing /home/kauanu/PycharmProjects/AirFLowEnade/venv/lib/python3.10/site-packages/airflow/example_dags/example_xcom.py took 0.084 seconds
[2023-04-08T15:30:57.312-0300] {processor.py:153} INFO - Started process (PID=14995) to work on /home/kauanu/PycharmProjects/AirFLowEnade/venv/lib/python3.10/site-packages/airflow/example_dags/example_xcom.py
[2023-04-08T15:30:57.313-0300] {processor.py:743} INFO - Processing file /home/kauanu/PycharmProjects/AirFLowEnade/venv/lib/python3.10/site-packages/airflow/example_dags/example_xcom.py for tasks to queue
[2023-04-08T15:30:57.314-0300] {logging_mixin.py:137} INFO - [2023-04-08T15:30:57.314-0300] {dagbag.py:532} INFO - Filling up the DagBag from /home/kauanu/PycharmProjects/AirFLowEnade/venv/lib/python3.10/site-packages/airflow/example_dags/example_xcom.py
[2023-04-08T15:30:57.332-0300] {processor.py:753} INFO - DAG(s) dict_keys(['example_xcom']) retrieved from /home/kauanu/PycharmProjects/AirFLowEnade/venv/lib/python3.10/site-packages/airflow/example_dags/example_xcom.py
[2023-04-08T15:30:57.348-0300] {logging_mixin.py:137} INFO - [2023-04-08T15:30:57.348-0300] {dag.py:2705} INFO - Sync 1 DAGs
[2023-04-08T15:30:57.361-0300] {logging_mixin.py:137} INFO - [2023-04-08T15:30:57.361-0300] {dag.py:3452} INFO - Setting next_dagrun for example_xcom to 2021-01-01T00:00:00+00:00, run_after=2021-01-01T00:00:00+00:00
[2023-04-08T15:30:57.388-0300] {processor.py:175} INFO - Processing /home/kauanu/PycharmProjects/AirFLowEnade/venv/lib/python3.10/site-packages/airflow/example_dags/example_xcom.py took 0.079 seconds
[2023-04-08T15:31:40.196-0300] {processor.py:153} INFO - Started process (PID=15190) to work on /home/kauanu/PycharmProjects/AirFLowEnade/venv/lib/python3.10/site-packages/airflow/example_dags/example_xcom.py
[2023-04-08T15:31:40.197-0300] {processor.py:743} INFO - Processing file /home/kauanu/PycharmProjects/AirFLowEnade/venv/lib/python3.10/site-packages/airflow/example_dags/example_xcom.py for tasks to queue
[2023-04-08T15:31:40.198-0300] {logging_mixin.py:137} INFO - [2023-04-08T15:31:40.197-0300] {dagbag.py:532} INFO - Filling up the DagBag from /home/kauanu/PycharmProjects/AirFLowEnade/venv/lib/python3.10/site-packages/airflow/example_dags/example_xcom.py
[2023-04-08T15:31:40.215-0300] {processor.py:753} INFO - DAG(s) dict_keys(['example_xcom']) retrieved from /home/kauanu/PycharmProjects/AirFLowEnade/venv/lib/python3.10/site-packages/airflow/example_dags/example_xcom.py
[2023-04-08T15:31:40.230-0300] {logging_mixin.py:137} INFO - [2023-04-08T15:31:40.230-0300] {dag.py:2705} INFO - Sync 1 DAGs
[2023-04-08T15:31:40.242-0300] {logging_mixin.py:137} INFO - [2023-04-08T15:31:40.242-0300] {dag.py:3452} INFO - Setting next_dagrun for example_xcom to 2021-01-01T00:00:00+00:00, run_after=2021-01-01T00:00:00+00:00
[2023-04-08T15:31:40.263-0300] {processor.py:175} INFO - Processing /home/kauanu/PycharmProjects/AirFLowEnade/venv/lib/python3.10/site-packages/airflow/example_dags/example_xcom.py took 0.070 seconds
[2023-04-08T15:32:17.212-0300] {processor.py:153} INFO - Started process (PID=15359) to work on /home/kauanu/PycharmProjects/AirFLowEnade/venv/lib/python3.10/site-packages/airflow/example_dags/example_xcom.py
[2023-04-08T15:32:17.222-0300] {processor.py:743} INFO - Processing file /home/kauanu/PycharmProjects/AirFLowEnade/venv/lib/python3.10/site-packages/airflow/example_dags/example_xcom.py for tasks to queue
[2023-04-08T15:32:17.223-0300] {logging_mixin.py:137} INFO - [2023-04-08T15:32:17.223-0300] {dagbag.py:532} INFO - Filling up the DagBag from /home/kauanu/PycharmProjects/AirFLowEnade/venv/lib/python3.10/site-packages/airflow/example_dags/example_xcom.py
[2023-04-08T15:32:17.248-0300] {processor.py:753} INFO - DAG(s) dict_keys(['example_xcom']) retrieved from /home/kauanu/PycharmProjects/AirFLowEnade/venv/lib/python3.10/site-packages/airflow/example_dags/example_xcom.py
[2023-04-08T15:32:17.265-0300] {logging_mixin.py:137} INFO - [2023-04-08T15:32:17.265-0300] {dag.py:2705} INFO - Sync 1 DAGs
[2023-04-08T15:32:17.283-0300] {logging_mixin.py:137} INFO - [2023-04-08T15:32:17.283-0300] {dag.py:3452} INFO - Setting next_dagrun for example_xcom to 2021-01-01T00:00:00+00:00, run_after=2021-01-01T00:00:00+00:00
[2023-04-08T15:32:17.311-0300] {processor.py:175} INFO - Processing /home/kauanu/PycharmProjects/AirFLowEnade/venv/lib/python3.10/site-packages/airflow/example_dags/example_xcom.py took 0.101 seconds
[2023-04-08T15:32:56.755-0300] {processor.py:153} INFO - Started process (PID=15566) to work on /home/kauanu/PycharmProjects/AirFLowEnade/venv/lib/python3.10/site-packages/airflow/example_dags/example_xcom.py
[2023-04-08T15:32:56.766-0300] {processor.py:743} INFO - Processing file /home/kauanu/PycharmProjects/AirFLowEnade/venv/lib/python3.10/site-packages/airflow/example_dags/example_xcom.py for tasks to queue
[2023-04-08T15:32:56.767-0300] {logging_mixin.py:137} INFO - [2023-04-08T15:32:56.767-0300] {dagbag.py:532} INFO - Filling up the DagBag from /home/kauanu/PycharmProjects/AirFLowEnade/venv/lib/python3.10/site-packages/airflow/example_dags/example_xcom.py
[2023-04-08T15:32:56.784-0300] {processor.py:753} INFO - DAG(s) dict_keys(['example_xcom']) retrieved from /home/kauanu/PycharmProjects/AirFLowEnade/venv/lib/python3.10/site-packages/airflow/example_dags/example_xcom.py
[2023-04-08T15:32:56.800-0300] {logging_mixin.py:137} INFO - [2023-04-08T15:32:56.799-0300] {dag.py:2705} INFO - Sync 1 DAGs
[2023-04-08T15:32:56.814-0300] {logging_mixin.py:137} INFO - [2023-04-08T15:32:56.813-0300] {dag.py:3452} INFO - Setting next_dagrun for example_xcom to 2021-01-01T00:00:00+00:00, run_after=2021-01-01T00:00:00+00:00
[2023-04-08T15:32:56.835-0300] {processor.py:175} INFO - Processing /home/kauanu/PycharmProjects/AirFLowEnade/venv/lib/python3.10/site-packages/airflow/example_dags/example_xcom.py took 0.083 seconds
[2023-04-08T15:33:37.624-0300] {processor.py:153} INFO - Started process (PID=15746) to work on /home/kauanu/PycharmProjects/AirFLowEnade/venv/lib/python3.10/site-packages/airflow/example_dags/example_xcom.py
[2023-04-08T15:33:37.640-0300] {processor.py:743} INFO - Processing file /home/kauanu/PycharmProjects/AirFLowEnade/venv/lib/python3.10/site-packages/airflow/example_dags/example_xcom.py for tasks to queue
[2023-04-08T15:33:37.641-0300] {logging_mixin.py:137} INFO - [2023-04-08T15:33:37.641-0300] {dagbag.py:532} INFO - Filling up the DagBag from /home/kauanu/PycharmProjects/AirFLowEnade/venv/lib/python3.10/site-packages/airflow/example_dags/example_xcom.py
[2023-04-08T15:33:37.661-0300] {processor.py:753} INFO - DAG(s) dict_keys(['example_xcom']) retrieved from /home/kauanu/PycharmProjects/AirFLowEnade/venv/lib/python3.10/site-packages/airflow/example_dags/example_xcom.py
[2023-04-08T15:33:37.679-0300] {logging_mixin.py:137} INFO - [2023-04-08T15:33:37.679-0300] {dag.py:2705} INFO - Sync 1 DAGs
[2023-04-08T15:33:37.694-0300] {logging_mixin.py:137} INFO - [2023-04-08T15:33:37.694-0300] {dag.py:3452} INFO - Setting next_dagrun for example_xcom to 2021-01-01T00:00:00+00:00, run_after=2021-01-01T00:00:00+00:00
[2023-04-08T15:33:37.734-0300] {processor.py:175} INFO - Processing /home/kauanu/PycharmProjects/AirFLowEnade/venv/lib/python3.10/site-packages/airflow/example_dags/example_xcom.py took 0.112 seconds
[2023-04-08T15:34:16.279-0300] {processor.py:153} INFO - Started process (PID=15918) to work on /home/kauanu/PycharmProjects/AirFLowEnade/venv/lib/python3.10/site-packages/airflow/example_dags/example_xcom.py
[2023-04-08T15:34:16.281-0300] {processor.py:743} INFO - Processing file /home/kauanu/PycharmProjects/AirFLowEnade/venv/lib/python3.10/site-packages/airflow/example_dags/example_xcom.py for tasks to queue
[2023-04-08T15:34:16.281-0300] {logging_mixin.py:137} INFO - [2023-04-08T15:34:16.281-0300] {dagbag.py:532} INFO - Filling up the DagBag from /home/kauanu/PycharmProjects/AirFLowEnade/venv/lib/python3.10/site-packages/airflow/example_dags/example_xcom.py
[2023-04-08T15:34:16.305-0300] {processor.py:753} INFO - DAG(s) dict_keys(['example_xcom']) retrieved from /home/kauanu/PycharmProjects/AirFLowEnade/venv/lib/python3.10/site-packages/airflow/example_dags/example_xcom.py
[2023-04-08T15:34:16.322-0300] {logging_mixin.py:137} INFO - [2023-04-08T15:34:16.322-0300] {dag.py:2705} INFO - Sync 1 DAGs
[2023-04-08T15:34:16.336-0300] {logging_mixin.py:137} INFO - [2023-04-08T15:34:16.336-0300] {dag.py:3452} INFO - Setting next_dagrun for example_xcom to 2021-01-01T00:00:00+00:00, run_after=2021-01-01T00:00:00+00:00
[2023-04-08T15:34:16.358-0300] {processor.py:175} INFO - Processing /home/kauanu/PycharmProjects/AirFLowEnade/venv/lib/python3.10/site-packages/airflow/example_dags/example_xcom.py took 0.082 seconds
[2023-04-08T15:35:04.654-0300] {processor.py:153} INFO - Started process (PID=16158) to work on /home/kauanu/PycharmProjects/AirFLowEnade/venv/lib/python3.10/site-packages/airflow/example_dags/example_xcom.py
[2023-04-08T15:35:04.688-0300] {processor.py:743} INFO - Processing file /home/kauanu/PycharmProjects/AirFLowEnade/venv/lib/python3.10/site-packages/airflow/example_dags/example_xcom.py for tasks to queue
[2023-04-08T15:35:04.690-0300] {logging_mixin.py:137} INFO - [2023-04-08T15:35:04.689-0300] {dagbag.py:532} INFO - Filling up the DagBag from /home/kauanu/PycharmProjects/AirFLowEnade/venv/lib/python3.10/site-packages/airflow/example_dags/example_xcom.py
[2023-04-08T15:35:04.727-0300] {processor.py:753} INFO - DAG(s) dict_keys(['example_xcom']) retrieved from /home/kauanu/PycharmProjects/AirFLowEnade/venv/lib/python3.10/site-packages/airflow/example_dags/example_xcom.py
[2023-04-08T15:35:04.745-0300] {logging_mixin.py:137} INFO - [2023-04-08T15:35:04.745-0300] {dag.py:2705} INFO - Sync 1 DAGs
[2023-04-08T15:35:04.759-0300] {logging_mixin.py:137} INFO - [2023-04-08T15:35:04.759-0300] {dag.py:3452} INFO - Setting next_dagrun for example_xcom to 2021-01-01T00:00:00+00:00, run_after=2021-01-01T00:00:00+00:00
[2023-04-08T15:35:04.802-0300] {processor.py:175} INFO - Processing /home/kauanu/PycharmProjects/AirFLowEnade/venv/lib/python3.10/site-packages/airflow/example_dags/example_xcom.py took 0.151 seconds
[2023-04-08T15:35:49.979-0300] {processor.py:153} INFO - Started process (PID=16386) to work on /home/kauanu/PycharmProjects/AirFLowEnade/venv/lib/python3.10/site-packages/airflow/example_dags/example_xcom.py
[2023-04-08T15:35:49.991-0300] {processor.py:743} INFO - Processing file /home/kauanu/PycharmProjects/AirFLowEnade/venv/lib/python3.10/site-packages/airflow/example_dags/example_xcom.py for tasks to queue
[2023-04-08T15:35:49.993-0300] {logging_mixin.py:137} INFO - [2023-04-08T15:35:49.993-0300] {dagbag.py:532} INFO - Filling up the DagBag from /home/kauanu/PycharmProjects/AirFLowEnade/venv/lib/python3.10/site-packages/airflow/example_dags/example_xcom.py
[2023-04-08T15:35:50.012-0300] {processor.py:753} INFO - DAG(s) dict_keys(['example_xcom']) retrieved from /home/kauanu/PycharmProjects/AirFLowEnade/venv/lib/python3.10/site-packages/airflow/example_dags/example_xcom.py
[2023-04-08T15:35:50.029-0300] {logging_mixin.py:137} INFO - [2023-04-08T15:35:50.029-0300] {dag.py:2705} INFO - Sync 1 DAGs
[2023-04-08T15:35:50.044-0300] {logging_mixin.py:137} INFO - [2023-04-08T15:35:50.044-0300] {dag.py:3452} INFO - Setting next_dagrun for example_xcom to 2021-01-01T00:00:00+00:00, run_after=2021-01-01T00:00:00+00:00
[2023-04-08T15:35:50.069-0300] {processor.py:175} INFO - Processing /home/kauanu/PycharmProjects/AirFLowEnade/venv/lib/python3.10/site-packages/airflow/example_dags/example_xcom.py took 0.099 seconds
[2023-04-08T15:36:39.554-0300] {processor.py:153} INFO - Started process (PID=16576) to work on /home/kauanu/PycharmProjects/AirFLowEnade/venv/lib/python3.10/site-packages/airflow/example_dags/example_xcom.py
[2023-04-08T15:36:39.636-0300] {processor.py:743} INFO - Processing file /home/kauanu/PycharmProjects/AirFLowEnade/venv/lib/python3.10/site-packages/airflow/example_dags/example_xcom.py for tasks to queue
[2023-04-08T15:36:39.846-0300] {logging_mixin.py:137} INFO - [2023-04-08T15:36:39.845-0300] {dagbag.py:532} INFO - Filling up the DagBag from /home/kauanu/PycharmProjects/AirFLowEnade/venv/lib/python3.10/site-packages/airflow/example_dags/example_xcom.py
[2023-04-08T15:36:41.402-0300] {processor.py:753} INFO - DAG(s) dict_keys(['example_xcom']) retrieved from /home/kauanu/PycharmProjects/AirFLowEnade/venv/lib/python3.10/site-packages/airflow/example_dags/example_xcom.py
[2023-04-08T15:36:41.575-0300] {logging_mixin.py:137} INFO - [2023-04-08T15:36:41.575-0300] {dag.py:2705} INFO - Sync 1 DAGs
[2023-04-08T15:36:42.205-0300] {logging_mixin.py:137} INFO - [2023-04-08T15:36:42.205-0300] {dag.py:3452} INFO - Setting next_dagrun for example_xcom to 2021-01-01T00:00:00+00:00, run_after=2021-01-01T00:00:00+00:00
[2023-04-08T15:36:42.279-0300] {processor.py:175} INFO - Processing /home/kauanu/PycharmProjects/AirFLowEnade/venv/lib/python3.10/site-packages/airflow/example_dags/example_xcom.py took 3.136 seconds
