[2023-04-08T15:26:05.912-0300] {processor.py:153} INFO - Started process (PID=13554) to work on /home/kauanu/PycharmProjects/AirFLowEnade/venv/lib/python3.10/site-packages/airflow/example_dags/example_task_group_decorator.py
[2023-04-08T15:26:05.912-0300] {processor.py:743} INFO - Processing file /home/kauanu/PycharmProjects/AirFLowEnade/venv/lib/python3.10/site-packages/airflow/example_dags/example_task_group_decorator.py for tasks to queue
[2023-04-08T15:26:05.913-0300] {logging_mixin.py:137} INFO - [2023-04-08T15:26:05.913-0300] {dagbag.py:532} INFO - Filling up the DagBag from /home/kauanu/PycharmProjects/AirFLowEnade/venv/lib/python3.10/site-packages/airflow/example_dags/example_task_group_decorator.py
[2023-04-08T15:26:05.946-0300] {processor.py:753} INFO - DAG(s) dict_keys(['example_task_group_decorator']) retrieved from /home/kauanu/PycharmProjects/AirFLowEnade/venv/lib/python3.10/site-packages/airflow/example_dags/example_task_group_decorator.py
[2023-04-08T15:26:06.339-0300] {logging_mixin.py:137} INFO - [2023-04-08T15:26:06.339-0300] {manager.py:504} INFO - Created Permission View: can delete on DAG:example_task_group_decorator
[2023-04-08T15:26:06.355-0300] {logging_mixin.py:137} INFO - [2023-04-08T15:26:06.355-0300] {manager.py:504} INFO - Created Permission View: can edit on DAG:example_task_group_decorator
[2023-04-08T15:26:06.374-0300] {logging_mixin.py:137} INFO - [2023-04-08T15:26:06.374-0300] {manager.py:504} INFO - Created Permission View: can read on DAG:example_task_group_decorator
[2023-04-08T15:26:06.374-0300] {logging_mixin.py:137} INFO - [2023-04-08T15:26:06.374-0300] {dag.py:2705} INFO - Sync 1 DAGs
[2023-04-08T15:26:06.382-0300] {logging_mixin.py:137} INFO - [2023-04-08T15:26:06.381-0300] {dag.py:2726} INFO - Creating ORM DAG for example_task_group_decorator
[2023-04-08T15:26:06.388-0300] {logging_mixin.py:137} INFO - [2023-04-08T15:26:06.388-0300] {dag.py:3452} INFO - Setting next_dagrun for example_task_group_decorator to 2023-04-07T18:26:06.388415+00:00, run_after=2023-04-08T18:26:06.388415+00:00
[2023-04-08T15:26:06.428-0300] {processor.py:175} INFO - Processing /home/kauanu/PycharmProjects/AirFLowEnade/venv/lib/python3.10/site-packages/airflow/example_dags/example_task_group_decorator.py took 0.521 seconds
[2023-04-08T15:27:11.947-0300] {processor.py:153} INFO - Started process (PID=13879) to work on /home/kauanu/PycharmProjects/AirFLowEnade/venv/lib/python3.10/site-packages/airflow/example_dags/example_task_group_decorator.py
[2023-04-08T15:27:11.964-0300] {processor.py:743} INFO - Processing file /home/kauanu/PycharmProjects/AirFLowEnade/venv/lib/python3.10/site-packages/airflow/example_dags/example_task_group_decorator.py for tasks to queue
[2023-04-08T15:27:11.966-0300] {logging_mixin.py:137} INFO - [2023-04-08T15:27:11.965-0300] {dagbag.py:532} INFO - Filling up the DagBag from /home/kauanu/PycharmProjects/AirFLowEnade/venv/lib/python3.10/site-packages/airflow/example_dags/example_task_group_decorator.py
[2023-04-08T15:27:12.032-0300] {processor.py:753} INFO - DAG(s) dict_keys(['example_task_group_decorator']) retrieved from /home/kauanu/PycharmProjects/AirFLowEnade/venv/lib/python3.10/site-packages/airflow/example_dags/example_task_group_decorator.py
[2023-04-08T15:27:12.059-0300] {logging_mixin.py:137} INFO - [2023-04-08T15:27:12.059-0300] {dag.py:2705} INFO - Sync 1 DAGs
[2023-04-08T15:27:12.082-0300] {logging_mixin.py:137} INFO - [2023-04-08T15:27:12.081-0300] {dag.py:3452} INFO - Setting next_dagrun for example_task_group_decorator to 2023-04-07T18:27:12.081709+00:00, run_after=2023-04-08T18:27:12.081709+00:00
[2023-04-08T15:27:12.192-0300] {processor.py:175} INFO - Processing /home/kauanu/PycharmProjects/AirFLowEnade/venv/lib/python3.10/site-packages/airflow/example_dags/example_task_group_decorator.py took 0.250 seconds
[2023-04-08T15:28:04.653-0300] {processor.py:153} INFO - Started process (PID=14116) to work on /home/kauanu/PycharmProjects/AirFLowEnade/venv/lib/python3.10/site-packages/airflow/example_dags/example_task_group_decorator.py
[2023-04-08T15:28:04.656-0300] {processor.py:743} INFO - Processing file /home/kauanu/PycharmProjects/AirFLowEnade/venv/lib/python3.10/site-packages/airflow/example_dags/example_task_group_decorator.py for tasks to queue
[2023-04-08T15:28:04.657-0300] {logging_mixin.py:137} INFO - [2023-04-08T15:28:04.656-0300] {dagbag.py:532} INFO - Filling up the DagBag from /home/kauanu/PycharmProjects/AirFLowEnade/venv/lib/python3.10/site-packages/airflow/example_dags/example_task_group_decorator.py
[2023-04-08T15:28:04.692-0300] {processor.py:753} INFO - DAG(s) dict_keys(['example_task_group_decorator']) retrieved from /home/kauanu/PycharmProjects/AirFLowEnade/venv/lib/python3.10/site-packages/airflow/example_dags/example_task_group_decorator.py
[2023-04-08T15:28:04.724-0300] {logging_mixin.py:137} INFO - [2023-04-08T15:28:04.723-0300] {dag.py:2705} INFO - Sync 1 DAGs
[2023-04-08T15:28:04.750-0300] {logging_mixin.py:137} INFO - [2023-04-08T15:28:04.750-0300] {dag.py:3452} INFO - Setting next_dagrun for example_task_group_decorator to 2023-04-07T18:28:04.750018+00:00, run_after=2023-04-08T18:28:04.750018+00:00
[2023-04-08T15:28:04.786-0300] {processor.py:175} INFO - Processing /home/kauanu/PycharmProjects/AirFLowEnade/venv/lib/python3.10/site-packages/airflow/example_dags/example_task_group_decorator.py took 0.137 seconds
[2023-04-08T15:29:14.175-0300] {processor.py:153} INFO - Started process (PID=14510) to work on /home/kauanu/PycharmProjects/AirFLowEnade/venv/lib/python3.10/site-packages/airflow/example_dags/example_task_group_decorator.py
[2023-04-08T15:29:14.189-0300] {processor.py:743} INFO - Processing file /home/kauanu/PycharmProjects/AirFLowEnade/venv/lib/python3.10/site-packages/airflow/example_dags/example_task_group_decorator.py for tasks to queue
[2023-04-08T15:29:14.189-0300] {logging_mixin.py:137} INFO - [2023-04-08T15:29:14.189-0300] {dagbag.py:532} INFO - Filling up the DagBag from /home/kauanu/PycharmProjects/AirFLowEnade/venv/lib/python3.10/site-packages/airflow/example_dags/example_task_group_decorator.py
[2023-04-08T15:29:14.212-0300] {processor.py:753} INFO - DAG(s) dict_keys(['example_task_group_decorator']) retrieved from /home/kauanu/PycharmProjects/AirFLowEnade/venv/lib/python3.10/site-packages/airflow/example_dags/example_task_group_decorator.py
[2023-04-08T15:29:14.228-0300] {logging_mixin.py:137} INFO - [2023-04-08T15:29:14.228-0300] {dag.py:2705} INFO - Sync 1 DAGs
[2023-04-08T15:29:14.243-0300] {logging_mixin.py:137} INFO - [2023-04-08T15:29:14.243-0300] {dag.py:3452} INFO - Setting next_dagrun for example_task_group_decorator to 2023-04-07T18:29:14.243364+00:00, run_after=2023-04-08T18:29:14.243364+00:00
[2023-04-08T15:29:14.316-0300] {processor.py:175} INFO - Processing /home/kauanu/PycharmProjects/AirFLowEnade/venv/lib/python3.10/site-packages/airflow/example_dags/example_task_group_decorator.py took 0.144 seconds
[2023-04-08T15:30:07.364-0300] {processor.py:153} INFO - Started process (PID=14763) to work on /home/kauanu/PycharmProjects/AirFLowEnade/venv/lib/python3.10/site-packages/airflow/example_dags/example_task_group_decorator.py
[2023-04-08T15:30:07.378-0300] {processor.py:743} INFO - Processing file /home/kauanu/PycharmProjects/AirFLowEnade/venv/lib/python3.10/site-packages/airflow/example_dags/example_task_group_decorator.py for tasks to queue
[2023-04-08T15:30:07.379-0300] {logging_mixin.py:137} INFO - [2023-04-08T15:30:07.379-0300] {dagbag.py:532} INFO - Filling up the DagBag from /home/kauanu/PycharmProjects/AirFLowEnade/venv/lib/python3.10/site-packages/airflow/example_dags/example_task_group_decorator.py
[2023-04-08T15:30:07.405-0300] {processor.py:753} INFO - DAG(s) dict_keys(['example_task_group_decorator']) retrieved from /home/kauanu/PycharmProjects/AirFLowEnade/venv/lib/python3.10/site-packages/airflow/example_dags/example_task_group_decorator.py
[2023-04-08T15:30:07.427-0300] {logging_mixin.py:137} INFO - [2023-04-08T15:30:07.427-0300] {dag.py:2705} INFO - Sync 1 DAGs
[2023-04-08T15:30:07.441-0300] {logging_mixin.py:137} INFO - [2023-04-08T15:30:07.441-0300] {dag.py:3452} INFO - Setting next_dagrun for example_task_group_decorator to 2023-04-07T18:30:07.440958+00:00, run_after=2023-04-08T18:30:07.440958+00:00
[2023-04-08T15:30:07.485-0300] {processor.py:175} INFO - Processing /home/kauanu/PycharmProjects/AirFLowEnade/venv/lib/python3.10/site-packages/airflow/example_dags/example_task_group_decorator.py took 0.124 seconds
[2023-04-08T15:30:52.434-0300] {processor.py:153} INFO - Started process (PID=14955) to work on /home/kauanu/PycharmProjects/AirFLowEnade/venv/lib/python3.10/site-packages/airflow/example_dags/example_task_group_decorator.py
[2023-04-08T15:30:52.435-0300] {processor.py:743} INFO - Processing file /home/kauanu/PycharmProjects/AirFLowEnade/venv/lib/python3.10/site-packages/airflow/example_dags/example_task_group_decorator.py for tasks to queue
[2023-04-08T15:30:52.436-0300] {logging_mixin.py:137} INFO - [2023-04-08T15:30:52.436-0300] {dagbag.py:532} INFO - Filling up the DagBag from /home/kauanu/PycharmProjects/AirFLowEnade/venv/lib/python3.10/site-packages/airflow/example_dags/example_task_group_decorator.py
[2023-04-08T15:30:52.469-0300] {processor.py:753} INFO - DAG(s) dict_keys(['example_task_group_decorator']) retrieved from /home/kauanu/PycharmProjects/AirFLowEnade/venv/lib/python3.10/site-packages/airflow/example_dags/example_task_group_decorator.py
[2023-04-08T15:30:52.488-0300] {logging_mixin.py:137} INFO - [2023-04-08T15:30:52.488-0300] {dag.py:2705} INFO - Sync 1 DAGs
[2023-04-08T15:30:52.502-0300] {logging_mixin.py:137} INFO - [2023-04-08T15:30:52.502-0300] {dag.py:3452} INFO - Setting next_dagrun for example_task_group_decorator to 2023-04-07T18:30:52.501941+00:00, run_after=2023-04-08T18:30:52.501941+00:00
[2023-04-08T15:30:52.528-0300] {processor.py:175} INFO - Processing /home/kauanu/PycharmProjects/AirFLowEnade/venv/lib/python3.10/site-packages/airflow/example_dags/example_task_group_decorator.py took 0.097 seconds
[2023-04-08T15:31:35.345-0300] {processor.py:153} INFO - Started process (PID=15168) to work on /home/kauanu/PycharmProjects/AirFLowEnade/venv/lib/python3.10/site-packages/airflow/example_dags/example_task_group_decorator.py
[2023-04-08T15:31:35.346-0300] {processor.py:743} INFO - Processing file /home/kauanu/PycharmProjects/AirFLowEnade/venv/lib/python3.10/site-packages/airflow/example_dags/example_task_group_decorator.py for tasks to queue
[2023-04-08T15:31:35.347-0300] {logging_mixin.py:137} INFO - [2023-04-08T15:31:35.346-0300] {dagbag.py:532} INFO - Filling up the DagBag from /home/kauanu/PycharmProjects/AirFLowEnade/venv/lib/python3.10/site-packages/airflow/example_dags/example_task_group_decorator.py
[2023-04-08T15:31:35.368-0300] {processor.py:753} INFO - DAG(s) dict_keys(['example_task_group_decorator']) retrieved from /home/kauanu/PycharmProjects/AirFLowEnade/venv/lib/python3.10/site-packages/airflow/example_dags/example_task_group_decorator.py
[2023-04-08T15:31:35.387-0300] {logging_mixin.py:137} INFO - [2023-04-08T15:31:35.387-0300] {dag.py:2705} INFO - Sync 1 DAGs
[2023-04-08T15:31:35.404-0300] {logging_mixin.py:137} INFO - [2023-04-08T15:31:35.404-0300] {dag.py:3452} INFO - Setting next_dagrun for example_task_group_decorator to 2023-04-07T18:31:35.403921+00:00, run_after=2023-04-08T18:31:35.403921+00:00
[2023-04-08T15:31:35.438-0300] {processor.py:175} INFO - Processing /home/kauanu/PycharmProjects/AirFLowEnade/venv/lib/python3.10/site-packages/airflow/example_dags/example_task_group_decorator.py took 0.096 seconds
[2023-04-08T15:32:23.060-0300] {processor.py:153} INFO - Started process (PID=15378) to work on /home/kauanu/PycharmProjects/AirFLowEnade/venv/lib/python3.10/site-packages/airflow/example_dags/example_task_group_decorator.py
[2023-04-08T15:32:23.061-0300] {processor.py:743} INFO - Processing file /home/kauanu/PycharmProjects/AirFLowEnade/venv/lib/python3.10/site-packages/airflow/example_dags/example_task_group_decorator.py for tasks to queue
[2023-04-08T15:32:23.061-0300] {logging_mixin.py:137} INFO - [2023-04-08T15:32:23.061-0300] {dagbag.py:532} INFO - Filling up the DagBag from /home/kauanu/PycharmProjects/AirFLowEnade/venv/lib/python3.10/site-packages/airflow/example_dags/example_task_group_decorator.py
[2023-04-08T15:32:23.087-0300] {processor.py:753} INFO - DAG(s) dict_keys(['example_task_group_decorator']) retrieved from /home/kauanu/PycharmProjects/AirFLowEnade/venv/lib/python3.10/site-packages/airflow/example_dags/example_task_group_decorator.py
[2023-04-08T15:32:23.104-0300] {logging_mixin.py:137} INFO - [2023-04-08T15:32:23.104-0300] {dag.py:2705} INFO - Sync 1 DAGs
[2023-04-08T15:32:23.119-0300] {logging_mixin.py:137} INFO - [2023-04-08T15:32:23.119-0300] {dag.py:3452} INFO - Setting next_dagrun for example_task_group_decorator to 2023-04-07T18:32:23.119157+00:00, run_after=2023-04-08T18:32:23.119157+00:00
[2023-04-08T15:32:23.142-0300] {processor.py:175} INFO - Processing /home/kauanu/PycharmProjects/AirFLowEnade/venv/lib/python3.10/site-packages/airflow/example_dags/example_task_group_decorator.py took 0.086 seconds
[2023-04-08T15:33:16.439-0300] {processor.py:153} INFO - Started process (PID=15654) to work on /home/kauanu/PycharmProjects/AirFLowEnade/venv/lib/python3.10/site-packages/airflow/example_dags/example_task_group_decorator.py
[2023-04-08T15:33:16.440-0300] {processor.py:743} INFO - Processing file /home/kauanu/PycharmProjects/AirFLowEnade/venv/lib/python3.10/site-packages/airflow/example_dags/example_task_group_decorator.py for tasks to queue
[2023-04-08T15:33:16.440-0300] {logging_mixin.py:137} INFO - [2023-04-08T15:33:16.440-0300] {dagbag.py:532} INFO - Filling up the DagBag from /home/kauanu/PycharmProjects/AirFLowEnade/venv/lib/python3.10/site-packages/airflow/example_dags/example_task_group_decorator.py
[2023-04-08T15:33:16.460-0300] {processor.py:753} INFO - DAG(s) dict_keys(['example_task_group_decorator']) retrieved from /home/kauanu/PycharmProjects/AirFLowEnade/venv/lib/python3.10/site-packages/airflow/example_dags/example_task_group_decorator.py
[2023-04-08T15:33:16.475-0300] {logging_mixin.py:137} INFO - [2023-04-08T15:33:16.475-0300] {dag.py:2705} INFO - Sync 1 DAGs
[2023-04-08T15:33:16.492-0300] {logging_mixin.py:137} INFO - [2023-04-08T15:33:16.492-0300] {dag.py:3452} INFO - Setting next_dagrun for example_task_group_decorator to 2023-04-07T18:33:16.492110+00:00, run_after=2023-04-08T18:33:16.492110+00:00
[2023-04-08T15:33:16.517-0300] {processor.py:175} INFO - Processing /home/kauanu/PycharmProjects/AirFLowEnade/venv/lib/python3.10/site-packages/airflow/example_dags/example_task_group_decorator.py took 0.081 seconds
[2023-04-08T15:34:07.628-0300] {processor.py:153} INFO - Started process (PID=15889) to work on /home/kauanu/PycharmProjects/AirFLowEnade/venv/lib/python3.10/site-packages/airflow/example_dags/example_task_group_decorator.py
[2023-04-08T15:34:07.629-0300] {processor.py:743} INFO - Processing file /home/kauanu/PycharmProjects/AirFLowEnade/venv/lib/python3.10/site-packages/airflow/example_dags/example_task_group_decorator.py for tasks to queue
[2023-04-08T15:34:07.630-0300] {logging_mixin.py:137} INFO - [2023-04-08T15:34:07.629-0300] {dagbag.py:532} INFO - Filling up the DagBag from /home/kauanu/PycharmProjects/AirFLowEnade/venv/lib/python3.10/site-packages/airflow/example_dags/example_task_group_decorator.py
[2023-04-08T15:34:07.649-0300] {processor.py:753} INFO - DAG(s) dict_keys(['example_task_group_decorator']) retrieved from /home/kauanu/PycharmProjects/AirFLowEnade/venv/lib/python3.10/site-packages/airflow/example_dags/example_task_group_decorator.py
[2023-04-08T15:34:07.665-0300] {logging_mixin.py:137} INFO - [2023-04-08T15:34:07.665-0300] {dag.py:2705} INFO - Sync 1 DAGs
[2023-04-08T15:34:07.678-0300] {logging_mixin.py:137} INFO - [2023-04-08T15:34:07.678-0300] {dag.py:3452} INFO - Setting next_dagrun for example_task_group_decorator to 2023-04-07T18:34:07.678334+00:00, run_after=2023-04-08T18:34:07.678334+00:00
[2023-04-08T15:34:07.699-0300] {processor.py:175} INFO - Processing /home/kauanu/PycharmProjects/AirFLowEnade/venv/lib/python3.10/site-packages/airflow/example_dags/example_task_group_decorator.py took 0.074 seconds
[2023-04-08T15:34:55.484-0300] {processor.py:153} INFO - Started process (PID=16112) to work on /home/kauanu/PycharmProjects/AirFLowEnade/venv/lib/python3.10/site-packages/airflow/example_dags/example_task_group_decorator.py
[2023-04-08T15:34:55.486-0300] {processor.py:743} INFO - Processing file /home/kauanu/PycharmProjects/AirFLowEnade/venv/lib/python3.10/site-packages/airflow/example_dags/example_task_group_decorator.py for tasks to queue
[2023-04-08T15:34:55.488-0300] {logging_mixin.py:137} INFO - [2023-04-08T15:34:55.487-0300] {dagbag.py:532} INFO - Filling up the DagBag from /home/kauanu/PycharmProjects/AirFLowEnade/venv/lib/python3.10/site-packages/airflow/example_dags/example_task_group_decorator.py
[2023-04-08T15:34:55.511-0300] {processor.py:753} INFO - DAG(s) dict_keys(['example_task_group_decorator']) retrieved from /home/kauanu/PycharmProjects/AirFLowEnade/venv/lib/python3.10/site-packages/airflow/example_dags/example_task_group_decorator.py
[2023-04-08T15:34:55.527-0300] {logging_mixin.py:137} INFO - [2023-04-08T15:34:55.527-0300] {dag.py:2705} INFO - Sync 1 DAGs
[2023-04-08T15:34:55.541-0300] {logging_mixin.py:137} INFO - [2023-04-08T15:34:55.541-0300] {dag.py:3452} INFO - Setting next_dagrun for example_task_group_decorator to 2023-04-07T18:34:55.540950+00:00, run_after=2023-04-08T18:34:55.540950+00:00
[2023-04-08T15:34:55.568-0300] {processor.py:175} INFO - Processing /home/kauanu/PycharmProjects/AirFLowEnade/venv/lib/python3.10/site-packages/airflow/example_dags/example_task_group_decorator.py took 0.091 seconds
[2023-04-08T15:35:39.796-0300] {processor.py:153} INFO - Started process (PID=16321) to work on /home/kauanu/PycharmProjects/AirFLowEnade/venv/lib/python3.10/site-packages/airflow/example_dags/example_task_group_decorator.py
[2023-04-08T15:35:39.797-0300] {processor.py:743} INFO - Processing file /home/kauanu/PycharmProjects/AirFLowEnade/venv/lib/python3.10/site-packages/airflow/example_dags/example_task_group_decorator.py for tasks to queue
[2023-04-08T15:35:39.797-0300] {logging_mixin.py:137} INFO - [2023-04-08T15:35:39.797-0300] {dagbag.py:532} INFO - Filling up the DagBag from /home/kauanu/PycharmProjects/AirFLowEnade/venv/lib/python3.10/site-packages/airflow/example_dags/example_task_group_decorator.py
[2023-04-08T15:35:39.834-0300] {processor.py:753} INFO - DAG(s) dict_keys(['example_task_group_decorator']) retrieved from /home/kauanu/PycharmProjects/AirFLowEnade/venv/lib/python3.10/site-packages/airflow/example_dags/example_task_group_decorator.py
[2023-04-08T15:35:39.854-0300] {logging_mixin.py:137} INFO - [2023-04-08T15:35:39.854-0300] {dag.py:2705} INFO - Sync 1 DAGs
[2023-04-08T15:35:39.872-0300] {logging_mixin.py:137} INFO - [2023-04-08T15:35:39.871-0300] {dag.py:3452} INFO - Setting next_dagrun for example_task_group_decorator to 2023-04-07T18:35:39.871683+00:00, run_after=2023-04-08T18:35:39.871683+00:00
[2023-04-08T15:35:39.905-0300] {processor.py:175} INFO - Processing /home/kauanu/PycharmProjects/AirFLowEnade/venv/lib/python3.10/site-packages/airflow/example_dags/example_task_group_decorator.py took 0.112 seconds
[2023-04-08T15:36:24.099-0300] {processor.py:153} INFO - Started process (PID=16530) to work on /home/kauanu/PycharmProjects/AirFLowEnade/venv/lib/python3.10/site-packages/airflow/example_dags/example_task_group_decorator.py
[2023-04-08T15:36:24.117-0300] {processor.py:743} INFO - Processing file /home/kauanu/PycharmProjects/AirFLowEnade/venv/lib/python3.10/site-packages/airflow/example_dags/example_task_group_decorator.py for tasks to queue
[2023-04-08T15:36:24.118-0300] {logging_mixin.py:137} INFO - [2023-04-08T15:36:24.117-0300] {dagbag.py:532} INFO - Filling up the DagBag from /home/kauanu/PycharmProjects/AirFLowEnade/venv/lib/python3.10/site-packages/airflow/example_dags/example_task_group_decorator.py
[2023-04-08T15:36:24.142-0300] {processor.py:753} INFO - DAG(s) dict_keys(['example_task_group_decorator']) retrieved from /home/kauanu/PycharmProjects/AirFLowEnade/venv/lib/python3.10/site-packages/airflow/example_dags/example_task_group_decorator.py
[2023-04-08T15:36:24.164-0300] {logging_mixin.py:137} INFO - [2023-04-08T15:36:24.164-0300] {dag.py:2705} INFO - Sync 1 DAGs
[2023-04-08T15:36:24.179-0300] {logging_mixin.py:137} INFO - [2023-04-08T15:36:24.179-0300] {dag.py:3452} INFO - Setting next_dagrun for example_task_group_decorator to 2023-04-07T18:36:24.179681+00:00, run_after=2023-04-08T18:36:24.179681+00:00
[2023-04-08T15:36:24.253-0300] {processor.py:175} INFO - Processing /home/kauanu/PycharmProjects/AirFLowEnade/venv/lib/python3.10/site-packages/airflow/example_dags/example_task_group_decorator.py took 0.157 seconds
