[2023-04-08T15:25:27.002-0300] {processor.py:153} INFO - Started process (PID=13358) to work on /home/kauanu/PycharmProjects/AirFLowEnade/venv/lib/python3.10/site-packages/airflow/example_dags/example_sla_dag.py
[2023-04-08T15:25:27.003-0300] {processor.py:743} INFO - Processing file /home/kauanu/PycharmProjects/AirFLowEnade/venv/lib/python3.10/site-packages/airflow/example_dags/example_sla_dag.py for tasks to queue
[2023-04-08T15:25:27.004-0300] {logging_mixin.py:137} INFO - [2023-04-08T15:25:27.004-0300] {dagbag.py:532} INFO - Filling up the DagBag from /home/kauanu/PycharmProjects/AirFLowEnade/venv/lib/python3.10/site-packages/airflow/example_dags/example_sla_dag.py
[2023-04-08T15:25:27.039-0300] {processor.py:753} INFO - DAG(s) dict_keys(['example_sla_dag']) retrieved from /home/kauanu/PycharmProjects/AirFLowEnade/venv/lib/python3.10/site-packages/airflow/example_dags/example_sla_dag.py
[2023-04-08T15:25:27.192-0300] {logging_mixin.py:137} INFO - [2023-04-08T15:25:27.192-0300] {manager.py:504} INFO - Created Permission View: can delete on DAG:example_sla_dag
[2023-04-08T15:25:27.231-0300] {logging_mixin.py:137} INFO - [2023-04-08T15:25:27.230-0300] {manager.py:504} INFO - Created Permission View: can edit on DAG:example_sla_dag
[2023-04-08T15:25:27.251-0300] {logging_mixin.py:137} INFO - [2023-04-08T15:25:27.251-0300] {manager.py:504} INFO - Created Permission View: can read on DAG:example_sla_dag
[2023-04-08T15:25:27.251-0300] {logging_mixin.py:137} INFO - [2023-04-08T15:25:27.251-0300] {dag.py:2705} INFO - Sync 1 DAGs
[2023-04-08T15:25:27.264-0300] {logging_mixin.py:137} INFO - [2023-04-08T15:25:27.263-0300] {dag.py:2726} INFO - Creating ORM DAG for example_sla_dag
[2023-04-08T15:25:27.274-0300] {logging_mixin.py:137} INFO - [2023-04-08T15:25:27.274-0300] {dag.py:3452} INFO - Setting next_dagrun for example_sla_dag to 2023-04-08T18:22:00+00:00, run_after=2023-04-08T18:24:00+00:00
[2023-04-08T15:25:27.317-0300] {processor.py:175} INFO - Processing /home/kauanu/PycharmProjects/AirFLowEnade/venv/lib/python3.10/site-packages/airflow/example_dags/example_sla_dag.py took 0.319 seconds
[2023-04-08T15:26:23.235-0300] {processor.py:153} INFO - Started process (PID=13643) to work on /home/kauanu/PycharmProjects/AirFLowEnade/venv/lib/python3.10/site-packages/airflow/example_dags/example_sla_dag.py
[2023-04-08T15:26:23.238-0300] {processor.py:743} INFO - Processing file /home/kauanu/PycharmProjects/AirFLowEnade/venv/lib/python3.10/site-packages/airflow/example_dags/example_sla_dag.py for tasks to queue
[2023-04-08T15:26:23.240-0300] {logging_mixin.py:137} INFO - [2023-04-08T15:26:23.239-0300] {dagbag.py:532} INFO - Filling up the DagBag from /home/kauanu/PycharmProjects/AirFLowEnade/venv/lib/python3.10/site-packages/airflow/example_dags/example_sla_dag.py
[2023-04-08T15:26:23.327-0300] {processor.py:753} INFO - DAG(s) dict_keys(['example_sla_dag']) retrieved from /home/kauanu/PycharmProjects/AirFLowEnade/venv/lib/python3.10/site-packages/airflow/example_dags/example_sla_dag.py
[2023-04-08T15:26:23.398-0300] {logging_mixin.py:137} INFO - [2023-04-08T15:26:23.390-0300] {dag.py:2705} INFO - Sync 1 DAGs
[2023-04-08T15:26:23.517-0300] {logging_mixin.py:137} INFO - [2023-04-08T15:26:23.517-0300] {dag.py:3452} INFO - Setting next_dagrun for example_sla_dag to 2023-04-08T18:24:00+00:00, run_after=2023-04-08T18:26:00+00:00
[2023-04-08T15:26:23.618-0300] {processor.py:175} INFO - Processing /home/kauanu/PycharmProjects/AirFLowEnade/venv/lib/python3.10/site-packages/airflow/example_dags/example_sla_dag.py took 0.393 seconds
[2023-04-08T15:27:07.115-0300] {processor.py:153} INFO - Started process (PID=13859) to work on /home/kauanu/PycharmProjects/AirFLowEnade/venv/lib/python3.10/site-packages/airflow/example_dags/example_sla_dag.py
[2023-04-08T15:27:07.116-0300] {processor.py:743} INFO - Processing file /home/kauanu/PycharmProjects/AirFLowEnade/venv/lib/python3.10/site-packages/airflow/example_dags/example_sla_dag.py for tasks to queue
[2023-04-08T15:27:07.118-0300] {logging_mixin.py:137} INFO - [2023-04-08T15:27:07.118-0300] {dagbag.py:532} INFO - Filling up the DagBag from /home/kauanu/PycharmProjects/AirFLowEnade/venv/lib/python3.10/site-packages/airflow/example_dags/example_sla_dag.py
[2023-04-08T15:27:07.172-0300] {processor.py:753} INFO - DAG(s) dict_keys(['example_sla_dag']) retrieved from /home/kauanu/PycharmProjects/AirFLowEnade/venv/lib/python3.10/site-packages/airflow/example_dags/example_sla_dag.py
[2023-04-08T15:27:07.215-0300] {logging_mixin.py:137} INFO - [2023-04-08T15:27:07.214-0300] {dag.py:2705} INFO - Sync 1 DAGs
[2023-04-08T15:27:07.236-0300] {logging_mixin.py:137} INFO - [2023-04-08T15:27:07.235-0300] {dag.py:3452} INFO - Setting next_dagrun for example_sla_dag to 2023-04-08T18:24:00+00:00, run_after=2023-04-08T18:26:00+00:00
[2023-04-08T15:27:08.690-0300] {processor.py:175} INFO - Processing /home/kauanu/PycharmProjects/AirFLowEnade/venv/lib/python3.10/site-packages/airflow/example_dags/example_sla_dag.py took 1.579 seconds
[2023-04-08T15:27:53.972-0300] {processor.py:153} INFO - Started process (PID=14071) to work on /home/kauanu/PycharmProjects/AirFLowEnade/venv/lib/python3.10/site-packages/airflow/example_dags/example_sla_dag.py
[2023-04-08T15:27:53.991-0300] {processor.py:743} INFO - Processing file /home/kauanu/PycharmProjects/AirFLowEnade/venv/lib/python3.10/site-packages/airflow/example_dags/example_sla_dag.py for tasks to queue
[2023-04-08T15:27:53.991-0300] {logging_mixin.py:137} INFO - [2023-04-08T15:27:53.991-0300] {dagbag.py:532} INFO - Filling up the DagBag from /home/kauanu/PycharmProjects/AirFLowEnade/venv/lib/python3.10/site-packages/airflow/example_dags/example_sla_dag.py
[2023-04-08T15:27:54.077-0300] {processor.py:753} INFO - DAG(s) dict_keys(['example_sla_dag']) retrieved from /home/kauanu/PycharmProjects/AirFLowEnade/venv/lib/python3.10/site-packages/airflow/example_dags/example_sla_dag.py
[2023-04-08T15:27:54.109-0300] {logging_mixin.py:137} INFO - [2023-04-08T15:27:54.109-0300] {dag.py:2705} INFO - Sync 1 DAGs
[2023-04-08T15:27:54.136-0300] {logging_mixin.py:137} INFO - [2023-04-08T15:27:54.136-0300] {dag.py:3452} INFO - Setting next_dagrun for example_sla_dag to 2023-04-08T18:24:00+00:00, run_after=2023-04-08T18:26:00+00:00
[2023-04-08T15:27:54.200-0300] {processor.py:175} INFO - Processing /home/kauanu/PycharmProjects/AirFLowEnade/venv/lib/python3.10/site-packages/airflow/example_dags/example_sla_dag.py took 0.270 seconds
[2023-04-08T15:28:37.517-0300] {processor.py:153} INFO - Started process (PID=14258) to work on /home/kauanu/PycharmProjects/AirFLowEnade/venv/lib/python3.10/site-packages/airflow/example_dags/example_sla_dag.py
[2023-04-08T15:28:37.519-0300] {processor.py:743} INFO - Processing file /home/kauanu/PycharmProjects/AirFLowEnade/venv/lib/python3.10/site-packages/airflow/example_dags/example_sla_dag.py for tasks to queue
[2023-04-08T15:28:37.520-0300] {logging_mixin.py:137} INFO - [2023-04-08T15:28:37.520-0300] {dagbag.py:532} INFO - Filling up the DagBag from /home/kauanu/PycharmProjects/AirFLowEnade/venv/lib/python3.10/site-packages/airflow/example_dags/example_sla_dag.py
[2023-04-08T15:28:37.555-0300] {processor.py:753} INFO - DAG(s) dict_keys(['example_sla_dag']) retrieved from /home/kauanu/PycharmProjects/AirFLowEnade/venv/lib/python3.10/site-packages/airflow/example_dags/example_sla_dag.py
[2023-04-08T15:28:37.578-0300] {logging_mixin.py:137} INFO - [2023-04-08T15:28:37.578-0300] {dag.py:2705} INFO - Sync 1 DAGs
[2023-04-08T15:28:37.598-0300] {logging_mixin.py:137} INFO - [2023-04-08T15:28:37.597-0300] {dag.py:3452} INFO - Setting next_dagrun for example_sla_dag to 2023-04-08T18:26:00+00:00, run_after=2023-04-08T18:28:00+00:00
[2023-04-08T15:28:37.621-0300] {processor.py:175} INFO - Processing /home/kauanu/PycharmProjects/AirFLowEnade/venv/lib/python3.10/site-packages/airflow/example_dags/example_sla_dag.py took 0.111 seconds
[2023-04-08T15:29:25.665-0300] {processor.py:153} INFO - Started process (PID=14576) to work on /home/kauanu/PycharmProjects/AirFLowEnade/venv/lib/python3.10/site-packages/airflow/example_dags/example_sla_dag.py
[2023-04-08T15:29:25.675-0300] {processor.py:743} INFO - Processing file /home/kauanu/PycharmProjects/AirFLowEnade/venv/lib/python3.10/site-packages/airflow/example_dags/example_sla_dag.py for tasks to queue
[2023-04-08T15:29:25.675-0300] {logging_mixin.py:137} INFO - [2023-04-08T15:29:25.675-0300] {dagbag.py:532} INFO - Filling up the DagBag from /home/kauanu/PycharmProjects/AirFLowEnade/venv/lib/python3.10/site-packages/airflow/example_dags/example_sla_dag.py
[2023-04-08T15:29:25.696-0300] {processor.py:753} INFO - DAG(s) dict_keys(['example_sla_dag']) retrieved from /home/kauanu/PycharmProjects/AirFLowEnade/venv/lib/python3.10/site-packages/airflow/example_dags/example_sla_dag.py
[2023-04-08T15:29:25.712-0300] {logging_mixin.py:137} INFO - [2023-04-08T15:29:25.712-0300] {dag.py:2705} INFO - Sync 1 DAGs
[2023-04-08T15:29:25.730-0300] {logging_mixin.py:137} INFO - [2023-04-08T15:29:25.729-0300] {dag.py:3452} INFO - Setting next_dagrun for example_sla_dag to 2023-04-08T18:26:00+00:00, run_after=2023-04-08T18:28:00+00:00
[2023-04-08T15:29:25.751-0300] {processor.py:175} INFO - Processing /home/kauanu/PycharmProjects/AirFLowEnade/venv/lib/python3.10/site-packages/airflow/example_dags/example_sla_dag.py took 0.089 seconds
[2023-04-08T15:30:05.285-0300] {processor.py:153} INFO - Started process (PID=14761) to work on /home/kauanu/PycharmProjects/AirFLowEnade/venv/lib/python3.10/site-packages/airflow/example_dags/example_sla_dag.py
[2023-04-08T15:30:05.287-0300] {processor.py:743} INFO - Processing file /home/kauanu/PycharmProjects/AirFLowEnade/venv/lib/python3.10/site-packages/airflow/example_dags/example_sla_dag.py for tasks to queue
[2023-04-08T15:30:05.287-0300] {logging_mixin.py:137} INFO - [2023-04-08T15:30:05.287-0300] {dagbag.py:532} INFO - Filling up the DagBag from /home/kauanu/PycharmProjects/AirFLowEnade/venv/lib/python3.10/site-packages/airflow/example_dags/example_sla_dag.py
[2023-04-08T15:30:05.310-0300] {processor.py:753} INFO - DAG(s) dict_keys(['example_sla_dag']) retrieved from /home/kauanu/PycharmProjects/AirFLowEnade/venv/lib/python3.10/site-packages/airflow/example_dags/example_sla_dag.py
[2023-04-08T15:30:05.328-0300] {logging_mixin.py:137} INFO - [2023-04-08T15:30:05.328-0300] {dag.py:2705} INFO - Sync 1 DAGs
[2023-04-08T15:30:05.344-0300] {logging_mixin.py:137} INFO - [2023-04-08T15:30:05.344-0300] {dag.py:3452} INFO - Setting next_dagrun for example_sla_dag to 2023-04-08T18:28:00+00:00, run_after=2023-04-08T18:30:00+00:00
[2023-04-08T15:30:05.365-0300] {processor.py:175} INFO - Processing /home/kauanu/PycharmProjects/AirFLowEnade/venv/lib/python3.10/site-packages/airflow/example_dags/example_sla_dag.py took 0.089 seconds
[2023-04-08T15:30:47.734-0300] {processor.py:153} INFO - Started process (PID=14951) to work on /home/kauanu/PycharmProjects/AirFLowEnade/venv/lib/python3.10/site-packages/airflow/example_dags/example_sla_dag.py
[2023-04-08T15:30:47.735-0300] {processor.py:743} INFO - Processing file /home/kauanu/PycharmProjects/AirFLowEnade/venv/lib/python3.10/site-packages/airflow/example_dags/example_sla_dag.py for tasks to queue
[2023-04-08T15:30:47.736-0300] {logging_mixin.py:137} INFO - [2023-04-08T15:30:47.735-0300] {dagbag.py:532} INFO - Filling up the DagBag from /home/kauanu/PycharmProjects/AirFLowEnade/venv/lib/python3.10/site-packages/airflow/example_dags/example_sla_dag.py
[2023-04-08T15:30:47.755-0300] {processor.py:753} INFO - DAG(s) dict_keys(['example_sla_dag']) retrieved from /home/kauanu/PycharmProjects/AirFLowEnade/venv/lib/python3.10/site-packages/airflow/example_dags/example_sla_dag.py
[2023-04-08T15:30:47.772-0300] {logging_mixin.py:137} INFO - [2023-04-08T15:30:47.771-0300] {dag.py:2705} INFO - Sync 1 DAGs
[2023-04-08T15:30:47.787-0300] {logging_mixin.py:137} INFO - [2023-04-08T15:30:47.787-0300] {dag.py:3452} INFO - Setting next_dagrun for example_sla_dag to 2023-04-08T18:28:00+00:00, run_after=2023-04-08T18:30:00+00:00
[2023-04-08T15:30:47.823-0300] {processor.py:175} INFO - Processing /home/kauanu/PycharmProjects/AirFLowEnade/venv/lib/python3.10/site-packages/airflow/example_dags/example_sla_dag.py took 0.091 seconds
[2023-04-08T15:31:31.712-0300] {processor.py:153} INFO - Started process (PID=15146) to work on /home/kauanu/PycharmProjects/AirFLowEnade/venv/lib/python3.10/site-packages/airflow/example_dags/example_sla_dag.py
[2023-04-08T15:31:31.713-0300] {processor.py:743} INFO - Processing file /home/kauanu/PycharmProjects/AirFLowEnade/venv/lib/python3.10/site-packages/airflow/example_dags/example_sla_dag.py for tasks to queue
[2023-04-08T15:31:31.713-0300] {logging_mixin.py:137} INFO - [2023-04-08T15:31:31.713-0300] {dagbag.py:532} INFO - Filling up the DagBag from /home/kauanu/PycharmProjects/AirFLowEnade/venv/lib/python3.10/site-packages/airflow/example_dags/example_sla_dag.py
[2023-04-08T15:31:31.731-0300] {processor.py:753} INFO - DAG(s) dict_keys(['example_sla_dag']) retrieved from /home/kauanu/PycharmProjects/AirFLowEnade/venv/lib/python3.10/site-packages/airflow/example_dags/example_sla_dag.py
[2023-04-08T15:31:31.744-0300] {logging_mixin.py:137} INFO - [2023-04-08T15:31:31.744-0300] {dag.py:2705} INFO - Sync 1 DAGs
[2023-04-08T15:31:31.759-0300] {logging_mixin.py:137} INFO - [2023-04-08T15:31:31.759-0300] {dag.py:3452} INFO - Setting next_dagrun for example_sla_dag to 2023-04-08T18:28:00+00:00, run_after=2023-04-08T18:30:00+00:00
[2023-04-08T15:31:31.780-0300] {processor.py:175} INFO - Processing /home/kauanu/PycharmProjects/AirFLowEnade/venv/lib/python3.10/site-packages/airflow/example_dags/example_sla_dag.py took 0.071 seconds
[2023-04-08T15:32:13.017-0300] {processor.py:153} INFO - Started process (PID=15331) to work on /home/kauanu/PycharmProjects/AirFLowEnade/venv/lib/python3.10/site-packages/airflow/example_dags/example_sla_dag.py
[2023-04-08T15:32:13.018-0300] {processor.py:743} INFO - Processing file /home/kauanu/PycharmProjects/AirFLowEnade/venv/lib/python3.10/site-packages/airflow/example_dags/example_sla_dag.py for tasks to queue
[2023-04-08T15:32:13.019-0300] {logging_mixin.py:137} INFO - [2023-04-08T15:32:13.019-0300] {dagbag.py:532} INFO - Filling up the DagBag from /home/kauanu/PycharmProjects/AirFLowEnade/venv/lib/python3.10/site-packages/airflow/example_dags/example_sla_dag.py
[2023-04-08T15:32:13.037-0300] {processor.py:753} INFO - DAG(s) dict_keys(['example_sla_dag']) retrieved from /home/kauanu/PycharmProjects/AirFLowEnade/venv/lib/python3.10/site-packages/airflow/example_dags/example_sla_dag.py
[2023-04-08T15:32:13.052-0300] {logging_mixin.py:137} INFO - [2023-04-08T15:32:13.052-0300] {dag.py:2705} INFO - Sync 1 DAGs
[2023-04-08T15:32:13.073-0300] {logging_mixin.py:137} INFO - [2023-04-08T15:32:13.073-0300] {dag.py:3452} INFO - Setting next_dagrun for example_sla_dag to 2023-04-08T18:30:00+00:00, run_after=2023-04-08T18:32:00+00:00
[2023-04-08T15:32:13.097-0300] {processor.py:175} INFO - Processing /home/kauanu/PycharmProjects/AirFLowEnade/venv/lib/python3.10/site-packages/airflow/example_dags/example_sla_dag.py took 0.083 seconds
[2023-04-08T15:32:51.678-0300] {processor.py:153} INFO - Started process (PID=15532) to work on /home/kauanu/PycharmProjects/AirFLowEnade/venv/lib/python3.10/site-packages/airflow/example_dags/example_sla_dag.py
[2023-04-08T15:32:51.679-0300] {processor.py:743} INFO - Processing file /home/kauanu/PycharmProjects/AirFLowEnade/venv/lib/python3.10/site-packages/airflow/example_dags/example_sla_dag.py for tasks to queue
[2023-04-08T15:32:51.679-0300] {logging_mixin.py:137} INFO - [2023-04-08T15:32:51.679-0300] {dagbag.py:532} INFO - Filling up the DagBag from /home/kauanu/PycharmProjects/AirFLowEnade/venv/lib/python3.10/site-packages/airflow/example_dags/example_sla_dag.py
[2023-04-08T15:32:51.697-0300] {processor.py:753} INFO - DAG(s) dict_keys(['example_sla_dag']) retrieved from /home/kauanu/PycharmProjects/AirFLowEnade/venv/lib/python3.10/site-packages/airflow/example_dags/example_sla_dag.py
[2023-04-08T15:32:51.714-0300] {logging_mixin.py:137} INFO - [2023-04-08T15:32:51.713-0300] {dag.py:2705} INFO - Sync 1 DAGs
[2023-04-08T15:32:51.729-0300] {logging_mixin.py:137} INFO - [2023-04-08T15:32:51.729-0300] {dag.py:3452} INFO - Setting next_dagrun for example_sla_dag to 2023-04-08T18:30:00+00:00, run_after=2023-04-08T18:32:00+00:00
[2023-04-08T15:32:52.885-0300] {processor.py:175} INFO - Processing /home/kauanu/PycharmProjects/AirFLowEnade/venv/lib/python3.10/site-packages/airflow/example_dags/example_sla_dag.py took 1.210 seconds
[2023-04-08T15:33:32.279-0300] {processor.py:153} INFO - Started process (PID=15721) to work on /home/kauanu/PycharmProjects/AirFLowEnade/venv/lib/python3.10/site-packages/airflow/example_dags/example_sla_dag.py
[2023-04-08T15:33:32.305-0300] {processor.py:743} INFO - Processing file /home/kauanu/PycharmProjects/AirFLowEnade/venv/lib/python3.10/site-packages/airflow/example_dags/example_sla_dag.py for tasks to queue
[2023-04-08T15:33:32.306-0300] {logging_mixin.py:137} INFO - [2023-04-08T15:33:32.306-0300] {dagbag.py:532} INFO - Filling up the DagBag from /home/kauanu/PycharmProjects/AirFLowEnade/venv/lib/python3.10/site-packages/airflow/example_dags/example_sla_dag.py
[2023-04-08T15:33:32.326-0300] {processor.py:753} INFO - DAG(s) dict_keys(['example_sla_dag']) retrieved from /home/kauanu/PycharmProjects/AirFLowEnade/venv/lib/python3.10/site-packages/airflow/example_dags/example_sla_dag.py
[2023-04-08T15:33:32.341-0300] {logging_mixin.py:137} INFO - [2023-04-08T15:33:32.341-0300] {dag.py:2705} INFO - Sync 1 DAGs
[2023-04-08T15:33:32.358-0300] {logging_mixin.py:137} INFO - [2023-04-08T15:33:32.357-0300] {dag.py:3452} INFO - Setting next_dagrun for example_sla_dag to 2023-04-08T18:30:00+00:00, run_after=2023-04-08T18:32:00+00:00
[2023-04-08T15:33:32.405-0300] {processor.py:175} INFO - Processing /home/kauanu/PycharmProjects/AirFLowEnade/venv/lib/python3.10/site-packages/airflow/example_dags/example_sla_dag.py took 0.129 seconds
[2023-04-08T15:34:10.214-0300] {processor.py:153} INFO - Started process (PID=15911) to work on /home/kauanu/PycharmProjects/AirFLowEnade/venv/lib/python3.10/site-packages/airflow/example_dags/example_sla_dag.py
[2023-04-08T15:34:10.215-0300] {processor.py:743} INFO - Processing file /home/kauanu/PycharmProjects/AirFLowEnade/venv/lib/python3.10/site-packages/airflow/example_dags/example_sla_dag.py for tasks to queue
[2023-04-08T15:34:10.216-0300] {logging_mixin.py:137} INFO - [2023-04-08T15:34:10.216-0300] {dagbag.py:532} INFO - Filling up the DagBag from /home/kauanu/PycharmProjects/AirFLowEnade/venv/lib/python3.10/site-packages/airflow/example_dags/example_sla_dag.py
[2023-04-08T15:34:10.236-0300] {processor.py:753} INFO - DAG(s) dict_keys(['example_sla_dag']) retrieved from /home/kauanu/PycharmProjects/AirFLowEnade/venv/lib/python3.10/site-packages/airflow/example_dags/example_sla_dag.py
[2023-04-08T15:34:10.250-0300] {logging_mixin.py:137} INFO - [2023-04-08T15:34:10.250-0300] {dag.py:2705} INFO - Sync 1 DAGs
[2023-04-08T15:34:10.266-0300] {logging_mixin.py:137} INFO - [2023-04-08T15:34:10.266-0300] {dag.py:3452} INFO - Setting next_dagrun for example_sla_dag to 2023-04-08T18:32:00+00:00, run_after=2023-04-08T18:34:00+00:00
[2023-04-08T15:34:10.287-0300] {processor.py:175} INFO - Processing /home/kauanu/PycharmProjects/AirFLowEnade/venv/lib/python3.10/site-packages/airflow/example_dags/example_sla_dag.py took 0.076 seconds
[2023-04-08T15:34:46.312-0300] {processor.py:153} INFO - Started process (PID=16064) to work on /home/kauanu/PycharmProjects/AirFLowEnade/venv/lib/python3.10/site-packages/airflow/example_dags/example_sla_dag.py
[2023-04-08T15:34:46.320-0300] {processor.py:743} INFO - Processing file /home/kauanu/PycharmProjects/AirFLowEnade/venv/lib/python3.10/site-packages/airflow/example_dags/example_sla_dag.py for tasks to queue
[2023-04-08T15:34:46.321-0300] {logging_mixin.py:137} INFO - [2023-04-08T15:34:46.320-0300] {dagbag.py:532} INFO - Filling up the DagBag from /home/kauanu/PycharmProjects/AirFLowEnade/venv/lib/python3.10/site-packages/airflow/example_dags/example_sla_dag.py
[2023-04-08T15:34:46.347-0300] {processor.py:753} INFO - DAG(s) dict_keys(['example_sla_dag']) retrieved from /home/kauanu/PycharmProjects/AirFLowEnade/venv/lib/python3.10/site-packages/airflow/example_dags/example_sla_dag.py
[2023-04-08T15:34:46.364-0300] {logging_mixin.py:137} INFO - [2023-04-08T15:34:46.364-0300] {dag.py:2705} INFO - Sync 1 DAGs
[2023-04-08T15:34:46.380-0300] {logging_mixin.py:137} INFO - [2023-04-08T15:34:46.380-0300] {dag.py:3452} INFO - Setting next_dagrun for example_sla_dag to 2023-04-08T18:32:00+00:00, run_after=2023-04-08T18:34:00+00:00
[2023-04-08T15:34:46.405-0300] {processor.py:175} INFO - Processing /home/kauanu/PycharmProjects/AirFLowEnade/venv/lib/python3.10/site-packages/airflow/example_dags/example_sla_dag.py took 0.096 seconds
[2023-04-08T15:35:30.357-0300] {processor.py:153} INFO - Started process (PID=16290) to work on /home/kauanu/PycharmProjects/AirFLowEnade/venv/lib/python3.10/site-packages/airflow/example_dags/example_sla_dag.py
[2023-04-08T15:35:30.371-0300] {processor.py:743} INFO - Processing file /home/kauanu/PycharmProjects/AirFLowEnade/venv/lib/python3.10/site-packages/airflow/example_dags/example_sla_dag.py for tasks to queue
[2023-04-08T15:35:30.373-0300] {logging_mixin.py:137} INFO - [2023-04-08T15:35:30.373-0300] {dagbag.py:532} INFO - Filling up the DagBag from /home/kauanu/PycharmProjects/AirFLowEnade/venv/lib/python3.10/site-packages/airflow/example_dags/example_sla_dag.py
[2023-04-08T15:35:30.411-0300] {processor.py:753} INFO - DAG(s) dict_keys(['example_sla_dag']) retrieved from /home/kauanu/PycharmProjects/AirFLowEnade/venv/lib/python3.10/site-packages/airflow/example_dags/example_sla_dag.py
[2023-04-08T15:35:30.435-0300] {logging_mixin.py:137} INFO - [2023-04-08T15:35:30.434-0300] {dag.py:2705} INFO - Sync 1 DAGs
[2023-04-08T15:35:30.455-0300] {logging_mixin.py:137} INFO - [2023-04-08T15:35:30.455-0300] {dag.py:3452} INFO - Setting next_dagrun for example_sla_dag to 2023-04-08T18:32:00+00:00, run_after=2023-04-08T18:34:00+00:00
[2023-04-08T15:35:30.478-0300] {processor.py:175} INFO - Processing /home/kauanu/PycharmProjects/AirFLowEnade/venv/lib/python3.10/site-packages/airflow/example_dags/example_sla_dag.py took 0.125 seconds
[2023-04-08T15:36:12.508-0300] {processor.py:153} INFO - Started process (PID=16483) to work on /home/kauanu/PycharmProjects/AirFLowEnade/venv/lib/python3.10/site-packages/airflow/example_dags/example_sla_dag.py
[2023-04-08T15:36:12.523-0300] {processor.py:743} INFO - Processing file /home/kauanu/PycharmProjects/AirFLowEnade/venv/lib/python3.10/site-packages/airflow/example_dags/example_sla_dag.py for tasks to queue
[2023-04-08T15:36:12.524-0300] {logging_mixin.py:137} INFO - [2023-04-08T15:36:12.524-0300] {dagbag.py:532} INFO - Filling up the DagBag from /home/kauanu/PycharmProjects/AirFLowEnade/venv/lib/python3.10/site-packages/airflow/example_dags/example_sla_dag.py
[2023-04-08T15:36:12.556-0300] {processor.py:753} INFO - DAG(s) dict_keys(['example_sla_dag']) retrieved from /home/kauanu/PycharmProjects/AirFLowEnade/venv/lib/python3.10/site-packages/airflow/example_dags/example_sla_dag.py
[2023-04-08T15:36:12.575-0300] {logging_mixin.py:137} INFO - [2023-04-08T15:36:12.575-0300] {dag.py:2705} INFO - Sync 1 DAGs
[2023-04-08T15:36:12.602-0300] {logging_mixin.py:137} INFO - [2023-04-08T15:36:12.602-0300] {dag.py:3452} INFO - Setting next_dagrun for example_sla_dag to 2023-04-08T18:34:00+00:00, run_after=2023-04-08T18:36:00+00:00
[2023-04-08T15:36:12.628-0300] {processor.py:175} INFO - Processing /home/kauanu/PycharmProjects/AirFLowEnade/venv/lib/python3.10/site-packages/airflow/example_dags/example_sla_dag.py took 0.124 seconds
[2023-04-08T15:36:57.801-0300] {processor.py:153} INFO - Started process (PID=16673) to work on /home/kauanu/PycharmProjects/AirFLowEnade/venv/lib/python3.10/site-packages/airflow/example_dags/example_sla_dag.py
[2023-04-08T15:36:57.816-0300] {processor.py:743} INFO - Processing file /home/kauanu/PycharmProjects/AirFLowEnade/venv/lib/python3.10/site-packages/airflow/example_dags/example_sla_dag.py for tasks to queue
[2023-04-08T15:36:57.817-0300] {logging_mixin.py:137} INFO - [2023-04-08T15:36:57.817-0300] {dagbag.py:532} INFO - Filling up the DagBag from /home/kauanu/PycharmProjects/AirFLowEnade/venv/lib/python3.10/site-packages/airflow/example_dags/example_sla_dag.py
[2023-04-08T15:36:57.836-0300] {processor.py:753} INFO - DAG(s) dict_keys(['example_sla_dag']) retrieved from /home/kauanu/PycharmProjects/AirFLowEnade/venv/lib/python3.10/site-packages/airflow/example_dags/example_sla_dag.py
[2023-04-08T15:36:57.852-0300] {logging_mixin.py:137} INFO - [2023-04-08T15:36:57.852-0300] {dag.py:2705} INFO - Sync 1 DAGs
[2023-04-08T15:36:57.868-0300] {logging_mixin.py:137} INFO - [2023-04-08T15:36:57.868-0300] {dag.py:3452} INFO - Setting next_dagrun for example_sla_dag to 2023-04-08T18:34:00+00:00, run_after=2023-04-08T18:36:00+00:00
[2023-04-08T15:36:57.973-0300] {processor.py:175} INFO - Processing /home/kauanu/PycharmProjects/AirFLowEnade/venv/lib/python3.10/site-packages/airflow/example_dags/example_sla_dag.py took 0.174 seconds
