[2023-04-08T15:25:51.883-0300] {processor.py:153} INFO - Started process (PID=13483) to work on /home/kauanu/PycharmProjects/AirFLowEnade/venv/lib/python3.10/site-packages/airflow/example_dags/example_params_ui_tutorial.py
[2023-04-08T15:25:51.884-0300] {processor.py:743} INFO - Processing file /home/kauanu/PycharmProjects/AirFLowEnade/venv/lib/python3.10/site-packages/airflow/example_dags/example_params_ui_tutorial.py for tasks to queue
[2023-04-08T15:25:51.884-0300] {logging_mixin.py:137} INFO - [2023-04-08T15:25:51.884-0300] {dagbag.py:532} INFO - Filling up the DagBag from /home/kauanu/PycharmProjects/AirFLowEnade/venv/lib/python3.10/site-packages/airflow/example_dags/example_params_ui_tutorial.py
[2023-04-08T15:25:51.930-0300] {processor.py:753} INFO - DAG(s) dict_keys(['example_params_ui_tutorial']) retrieved from /home/kauanu/PycharmProjects/AirFLowEnade/venv/lib/python3.10/site-packages/airflow/example_dags/example_params_ui_tutorial.py
[2023-04-08T15:25:52.055-0300] {logging_mixin.py:137} INFO - [2023-04-08T15:25:52.055-0300] {manager.py:504} INFO - Created Permission View: can delete on DAG:example_params_ui_tutorial
[2023-04-08T15:25:52.070-0300] {logging_mixin.py:137} INFO - [2023-04-08T15:25:52.069-0300] {manager.py:504} INFO - Created Permission View: can edit on DAG:example_params_ui_tutorial
[2023-04-08T15:25:52.082-0300] {logging_mixin.py:137} INFO - [2023-04-08T15:25:52.082-0300] {manager.py:504} INFO - Created Permission View: can read on DAG:example_params_ui_tutorial
[2023-04-08T15:25:52.083-0300] {logging_mixin.py:137} INFO - [2023-04-08T15:25:52.082-0300] {dag.py:2705} INFO - Sync 1 DAGs
[2023-04-08T15:25:52.091-0300] {logging_mixin.py:137} INFO - [2023-04-08T15:25:52.091-0300] {dag.py:2726} INFO - Creating ORM DAG for example_params_ui_tutorial
[2023-04-08T15:25:52.097-0300] {logging_mixin.py:137} INFO - [2023-04-08T15:25:52.097-0300] {dag.py:3452} INFO - Setting next_dagrun for example_params_ui_tutorial to None, run_after=None
[2023-04-08T15:25:52.128-0300] {processor.py:175} INFO - Processing /home/kauanu/PycharmProjects/AirFLowEnade/venv/lib/python3.10/site-packages/airflow/example_dags/example_params_ui_tutorial.py took 0.248 seconds
[2023-04-08T15:26:41.826-0300] {processor.py:153} INFO - Started process (PID=13735) to work on /home/kauanu/PycharmProjects/AirFLowEnade/venv/lib/python3.10/site-packages/airflow/example_dags/example_params_ui_tutorial.py
[2023-04-08T15:26:41.832-0300] {processor.py:743} INFO - Processing file /home/kauanu/PycharmProjects/AirFLowEnade/venv/lib/python3.10/site-packages/airflow/example_dags/example_params_ui_tutorial.py for tasks to queue
[2023-04-08T15:26:41.833-0300] {logging_mixin.py:137} INFO - [2023-04-08T15:26:41.833-0300] {dagbag.py:532} INFO - Filling up the DagBag from /home/kauanu/PycharmProjects/AirFLowEnade/venv/lib/python3.10/site-packages/airflow/example_dags/example_params_ui_tutorial.py
[2023-04-08T15:26:41.886-0300] {processor.py:753} INFO - DAG(s) dict_keys(['example_params_ui_tutorial']) retrieved from /home/kauanu/PycharmProjects/AirFLowEnade/venv/lib/python3.10/site-packages/airflow/example_dags/example_params_ui_tutorial.py
[2023-04-08T15:26:41.936-0300] {logging_mixin.py:137} INFO - [2023-04-08T15:26:41.935-0300] {dag.py:2705} INFO - Sync 1 DAGs
[2023-04-08T15:26:41.961-0300] {logging_mixin.py:137} INFO - [2023-04-08T15:26:41.960-0300] {dag.py:3452} INFO - Setting next_dagrun for example_params_ui_tutorial to None, run_after=None
[2023-04-08T15:26:41.989-0300] {processor.py:175} INFO - Processing /home/kauanu/PycharmProjects/AirFLowEnade/venv/lib/python3.10/site-packages/airflow/example_dags/example_params_ui_tutorial.py took 0.166 seconds
[2023-04-08T15:27:36.507-0300] {processor.py:153} INFO - Started process (PID=13977) to work on /home/kauanu/PycharmProjects/AirFLowEnade/venv/lib/python3.10/site-packages/airflow/example_dags/example_params_ui_tutorial.py
[2023-04-08T15:27:36.516-0300] {processor.py:743} INFO - Processing file /home/kauanu/PycharmProjects/AirFLowEnade/venv/lib/python3.10/site-packages/airflow/example_dags/example_params_ui_tutorial.py for tasks to queue
[2023-04-08T15:27:36.517-0300] {logging_mixin.py:137} INFO - [2023-04-08T15:27:36.517-0300] {dagbag.py:532} INFO - Filling up the DagBag from /home/kauanu/PycharmProjects/AirFLowEnade/venv/lib/python3.10/site-packages/airflow/example_dags/example_params_ui_tutorial.py
[2023-04-08T15:27:36.565-0300] {processor.py:753} INFO - DAG(s) dict_keys(['example_params_ui_tutorial']) retrieved from /home/kauanu/PycharmProjects/AirFLowEnade/venv/lib/python3.10/site-packages/airflow/example_dags/example_params_ui_tutorial.py
[2023-04-08T15:27:36.610-0300] {logging_mixin.py:137} INFO - [2023-04-08T15:27:36.610-0300] {dag.py:2705} INFO - Sync 1 DAGs
[2023-04-08T15:27:36.628-0300] {logging_mixin.py:137} INFO - [2023-04-08T15:27:36.627-0300] {dag.py:3452} INFO - Setting next_dagrun for example_params_ui_tutorial to None, run_after=None
[2023-04-08T15:27:36.660-0300] {processor.py:175} INFO - Processing /home/kauanu/PycharmProjects/AirFLowEnade/venv/lib/python3.10/site-packages/airflow/example_dags/example_params_ui_tutorial.py took 0.156 seconds
[2023-04-08T15:28:22.919-0300] {processor.py:153} INFO - Started process (PID=14208) to work on /home/kauanu/PycharmProjects/AirFLowEnade/venv/lib/python3.10/site-packages/airflow/example_dags/example_params_ui_tutorial.py
[2023-04-08T15:28:22.932-0300] {processor.py:743} INFO - Processing file /home/kauanu/PycharmProjects/AirFLowEnade/venv/lib/python3.10/site-packages/airflow/example_dags/example_params_ui_tutorial.py for tasks to queue
[2023-04-08T15:28:22.932-0300] {logging_mixin.py:137} INFO - [2023-04-08T15:28:22.932-0300] {dagbag.py:532} INFO - Filling up the DagBag from /home/kauanu/PycharmProjects/AirFLowEnade/venv/lib/python3.10/site-packages/airflow/example_dags/example_params_ui_tutorial.py
[2023-04-08T15:28:22.974-0300] {processor.py:753} INFO - DAG(s) dict_keys(['example_params_ui_tutorial']) retrieved from /home/kauanu/PycharmProjects/AirFLowEnade/venv/lib/python3.10/site-packages/airflow/example_dags/example_params_ui_tutorial.py
[2023-04-08T15:28:23.014-0300] {logging_mixin.py:137} INFO - [2023-04-08T15:28:23.014-0300] {dag.py:2705} INFO - Sync 1 DAGs
[2023-04-08T15:28:23.028-0300] {logging_mixin.py:137} INFO - [2023-04-08T15:28:23.028-0300] {dag.py:3452} INFO - Setting next_dagrun for example_params_ui_tutorial to None, run_after=None
[2023-04-08T15:28:23.056-0300] {processor.py:175} INFO - Processing /home/kauanu/PycharmProjects/AirFLowEnade/venv/lib/python3.10/site-packages/airflow/example_dags/example_params_ui_tutorial.py took 0.139 seconds
[2023-04-08T15:29:30.817-0300] {processor.py:153} INFO - Started process (PID=14583) to work on /home/kauanu/PycharmProjects/AirFLowEnade/venv/lib/python3.10/site-packages/airflow/example_dags/example_params_ui_tutorial.py
[2023-04-08T15:29:30.819-0300] {processor.py:743} INFO - Processing file /home/kauanu/PycharmProjects/AirFLowEnade/venv/lib/python3.10/site-packages/airflow/example_dags/example_params_ui_tutorial.py for tasks to queue
[2023-04-08T15:29:30.819-0300] {logging_mixin.py:137} INFO - [2023-04-08T15:29:30.819-0300] {dagbag.py:532} INFO - Filling up the DagBag from /home/kauanu/PycharmProjects/AirFLowEnade/venv/lib/python3.10/site-packages/airflow/example_dags/example_params_ui_tutorial.py
[2023-04-08T15:29:30.860-0300] {processor.py:753} INFO - DAG(s) dict_keys(['example_params_ui_tutorial']) retrieved from /home/kauanu/PycharmProjects/AirFLowEnade/venv/lib/python3.10/site-packages/airflow/example_dags/example_params_ui_tutorial.py
[2023-04-08T15:29:30.897-0300] {logging_mixin.py:137} INFO - [2023-04-08T15:29:30.897-0300] {dag.py:2705} INFO - Sync 1 DAGs
[2023-04-08T15:29:30.915-0300] {logging_mixin.py:137} INFO - [2023-04-08T15:29:30.915-0300] {dag.py:3452} INFO - Setting next_dagrun for example_params_ui_tutorial to None, run_after=None
[2023-04-08T15:29:30.986-0300] {processor.py:175} INFO - Processing /home/kauanu/PycharmProjects/AirFLowEnade/venv/lib/python3.10/site-packages/airflow/example_dags/example_params_ui_tutorial.py took 0.173 seconds
[2023-04-08T15:30:15.027-0300] {processor.py:153} INFO - Started process (PID=14790) to work on /home/kauanu/PycharmProjects/AirFLowEnade/venv/lib/python3.10/site-packages/airflow/example_dags/example_params_ui_tutorial.py
[2023-04-08T15:30:15.031-0300] {processor.py:743} INFO - Processing file /home/kauanu/PycharmProjects/AirFLowEnade/venv/lib/python3.10/site-packages/airflow/example_dags/example_params_ui_tutorial.py for tasks to queue
[2023-04-08T15:30:15.034-0300] {logging_mixin.py:137} INFO - [2023-04-08T15:30:15.034-0300] {dagbag.py:532} INFO - Filling up the DagBag from /home/kauanu/PycharmProjects/AirFLowEnade/venv/lib/python3.10/site-packages/airflow/example_dags/example_params_ui_tutorial.py
[2023-04-08T15:30:15.101-0300] {processor.py:753} INFO - DAG(s) dict_keys(['example_params_ui_tutorial']) retrieved from /home/kauanu/PycharmProjects/AirFLowEnade/venv/lib/python3.10/site-packages/airflow/example_dags/example_params_ui_tutorial.py
[2023-04-08T15:30:15.145-0300] {logging_mixin.py:137} INFO - [2023-04-08T15:30:15.145-0300] {dag.py:2705} INFO - Sync 1 DAGs
[2023-04-08T15:30:15.161-0300] {logging_mixin.py:137} INFO - [2023-04-08T15:30:15.161-0300] {dag.py:3452} INFO - Setting next_dagrun for example_params_ui_tutorial to None, run_after=None
[2023-04-08T15:30:15.184-0300] {processor.py:175} INFO - Processing /home/kauanu/PycharmProjects/AirFLowEnade/venv/lib/python3.10/site-packages/airflow/example_dags/example_params_ui_tutorial.py took 0.161 seconds
[2023-04-08T15:30:59.695-0300] {processor.py:153} INFO - Started process (PID=14997) to work on /home/kauanu/PycharmProjects/AirFLowEnade/venv/lib/python3.10/site-packages/airflow/example_dags/example_params_ui_tutorial.py
[2023-04-08T15:30:59.707-0300] {processor.py:743} INFO - Processing file /home/kauanu/PycharmProjects/AirFLowEnade/venv/lib/python3.10/site-packages/airflow/example_dags/example_params_ui_tutorial.py for tasks to queue
[2023-04-08T15:30:59.707-0300] {logging_mixin.py:137} INFO - [2023-04-08T15:30:59.707-0300] {dagbag.py:532} INFO - Filling up the DagBag from /home/kauanu/PycharmProjects/AirFLowEnade/venv/lib/python3.10/site-packages/airflow/example_dags/example_params_ui_tutorial.py
[2023-04-08T15:30:59.743-0300] {processor.py:753} INFO - DAG(s) dict_keys(['example_params_ui_tutorial']) retrieved from /home/kauanu/PycharmProjects/AirFLowEnade/venv/lib/python3.10/site-packages/airflow/example_dags/example_params_ui_tutorial.py
[2023-04-08T15:30:59.777-0300] {logging_mixin.py:137} INFO - [2023-04-08T15:30:59.776-0300] {dag.py:2705} INFO - Sync 1 DAGs
[2023-04-08T15:30:59.790-0300] {logging_mixin.py:137} INFO - [2023-04-08T15:30:59.790-0300] {dag.py:3452} INFO - Setting next_dagrun for example_params_ui_tutorial to None, run_after=None
[2023-04-08T15:30:59.825-0300] {processor.py:175} INFO - Processing /home/kauanu/PycharmProjects/AirFLowEnade/venv/lib/python3.10/site-packages/airflow/example_dags/example_params_ui_tutorial.py took 0.133 seconds
[2023-04-08T15:31:41.928-0300] {processor.py:153} INFO - Started process (PID=15192) to work on /home/kauanu/PycharmProjects/AirFLowEnade/venv/lib/python3.10/site-packages/airflow/example_dags/example_params_ui_tutorial.py
[2023-04-08T15:31:41.929-0300] {processor.py:743} INFO - Processing file /home/kauanu/PycharmProjects/AirFLowEnade/venv/lib/python3.10/site-packages/airflow/example_dags/example_params_ui_tutorial.py for tasks to queue
[2023-04-08T15:31:41.930-0300] {logging_mixin.py:137} INFO - [2023-04-08T15:31:41.930-0300] {dagbag.py:532} INFO - Filling up the DagBag from /home/kauanu/PycharmProjects/AirFLowEnade/venv/lib/python3.10/site-packages/airflow/example_dags/example_params_ui_tutorial.py
[2023-04-08T15:31:41.965-0300] {processor.py:753} INFO - DAG(s) dict_keys(['example_params_ui_tutorial']) retrieved from /home/kauanu/PycharmProjects/AirFLowEnade/venv/lib/python3.10/site-packages/airflow/example_dags/example_params_ui_tutorial.py
[2023-04-08T15:31:42.003-0300] {logging_mixin.py:137} INFO - [2023-04-08T15:31:42.003-0300] {dag.py:2705} INFO - Sync 1 DAGs
[2023-04-08T15:31:42.017-0300] {logging_mixin.py:137} INFO - [2023-04-08T15:31:42.017-0300] {dag.py:3452} INFO - Setting next_dagrun for example_params_ui_tutorial to None, run_after=None
[2023-04-08T15:31:42.041-0300] {processor.py:175} INFO - Processing /home/kauanu/PycharmProjects/AirFLowEnade/venv/lib/python3.10/site-packages/airflow/example_dags/example_params_ui_tutorial.py took 0.115 seconds
[2023-04-08T15:32:30.768-0300] {processor.py:153} INFO - Started process (PID=15423) to work on /home/kauanu/PycharmProjects/AirFLowEnade/venv/lib/python3.10/site-packages/airflow/example_dags/example_params_ui_tutorial.py
[2023-04-08T15:32:30.770-0300] {processor.py:743} INFO - Processing file /home/kauanu/PycharmProjects/AirFLowEnade/venv/lib/python3.10/site-packages/airflow/example_dags/example_params_ui_tutorial.py for tasks to queue
[2023-04-08T15:32:30.771-0300] {logging_mixin.py:137} INFO - [2023-04-08T15:32:30.771-0300] {dagbag.py:532} INFO - Filling up the DagBag from /home/kauanu/PycharmProjects/AirFLowEnade/venv/lib/python3.10/site-packages/airflow/example_dags/example_params_ui_tutorial.py
[2023-04-08T15:32:30.806-0300] {processor.py:753} INFO - DAG(s) dict_keys(['example_params_ui_tutorial']) retrieved from /home/kauanu/PycharmProjects/AirFLowEnade/venv/lib/python3.10/site-packages/airflow/example_dags/example_params_ui_tutorial.py
[2023-04-08T15:32:30.843-0300] {logging_mixin.py:137} INFO - [2023-04-08T15:32:30.843-0300] {dag.py:2705} INFO - Sync 1 DAGs
[2023-04-08T15:32:30.859-0300] {logging_mixin.py:137} INFO - [2023-04-08T15:32:30.858-0300] {dag.py:3452} INFO - Setting next_dagrun for example_params_ui_tutorial to None, run_after=None
[2023-04-08T15:32:30.883-0300] {processor.py:175} INFO - Processing /home/kauanu/PycharmProjects/AirFLowEnade/venv/lib/python3.10/site-packages/airflow/example_dags/example_params_ui_tutorial.py took 0.117 seconds
[2023-04-08T15:33:10.018-0300] {processor.py:153} INFO - Started process (PID=15630) to work on /home/kauanu/PycharmProjects/AirFLowEnade/venv/lib/python3.10/site-packages/airflow/example_dags/example_params_ui_tutorial.py
[2023-04-08T15:33:10.019-0300] {processor.py:743} INFO - Processing file /home/kauanu/PycharmProjects/AirFLowEnade/venv/lib/python3.10/site-packages/airflow/example_dags/example_params_ui_tutorial.py for tasks to queue
[2023-04-08T15:33:10.019-0300] {logging_mixin.py:137} INFO - [2023-04-08T15:33:10.019-0300] {dagbag.py:532} INFO - Filling up the DagBag from /home/kauanu/PycharmProjects/AirFLowEnade/venv/lib/python3.10/site-packages/airflow/example_dags/example_params_ui_tutorial.py
[2023-04-08T15:33:10.053-0300] {processor.py:753} INFO - DAG(s) dict_keys(['example_params_ui_tutorial']) retrieved from /home/kauanu/PycharmProjects/AirFLowEnade/venv/lib/python3.10/site-packages/airflow/example_dags/example_params_ui_tutorial.py
[2023-04-08T15:33:10.089-0300] {logging_mixin.py:137} INFO - [2023-04-08T15:33:10.089-0300] {dag.py:2705} INFO - Sync 1 DAGs
[2023-04-08T15:33:10.102-0300] {logging_mixin.py:137} INFO - [2023-04-08T15:33:10.101-0300] {dag.py:3452} INFO - Setting next_dagrun for example_params_ui_tutorial to None, run_after=None
[2023-04-08T15:33:10.122-0300] {processor.py:175} INFO - Processing /home/kauanu/PycharmProjects/AirFLowEnade/venv/lib/python3.10/site-packages/airflow/example_dags/example_params_ui_tutorial.py took 0.107 seconds
[2023-04-08T15:33:48.691-0300] {processor.py:153} INFO - Started process (PID=15817) to work on /home/kauanu/PycharmProjects/AirFLowEnade/venv/lib/python3.10/site-packages/airflow/example_dags/example_params_ui_tutorial.py
[2023-04-08T15:33:48.701-0300] {processor.py:743} INFO - Processing file /home/kauanu/PycharmProjects/AirFLowEnade/venv/lib/python3.10/site-packages/airflow/example_dags/example_params_ui_tutorial.py for tasks to queue
[2023-04-08T15:33:48.701-0300] {logging_mixin.py:137} INFO - [2023-04-08T15:33:48.701-0300] {dagbag.py:532} INFO - Filling up the DagBag from /home/kauanu/PycharmProjects/AirFLowEnade/venv/lib/python3.10/site-packages/airflow/example_dags/example_params_ui_tutorial.py
[2023-04-08T15:33:48.734-0300] {processor.py:753} INFO - DAG(s) dict_keys(['example_params_ui_tutorial']) retrieved from /home/kauanu/PycharmProjects/AirFLowEnade/venv/lib/python3.10/site-packages/airflow/example_dags/example_params_ui_tutorial.py
[2023-04-08T15:33:48.768-0300] {logging_mixin.py:137} INFO - [2023-04-08T15:33:48.768-0300] {dag.py:2705} INFO - Sync 1 DAGs
[2023-04-08T15:33:48.780-0300] {logging_mixin.py:137} INFO - [2023-04-08T15:33:48.780-0300] {dag.py:3452} INFO - Setting next_dagrun for example_params_ui_tutorial to None, run_after=None
[2023-04-08T15:33:48.801-0300] {processor.py:175} INFO - Processing /home/kauanu/PycharmProjects/AirFLowEnade/venv/lib/python3.10/site-packages/airflow/example_dags/example_params_ui_tutorial.py took 0.112 seconds
[2023-04-08T15:34:26.580-0300] {processor.py:153} INFO - Started process (PID=15968) to work on /home/kauanu/PycharmProjects/AirFLowEnade/venv/lib/python3.10/site-packages/airflow/example_dags/example_params_ui_tutorial.py
[2023-04-08T15:34:26.582-0300] {processor.py:743} INFO - Processing file /home/kauanu/PycharmProjects/AirFLowEnade/venv/lib/python3.10/site-packages/airflow/example_dags/example_params_ui_tutorial.py for tasks to queue
[2023-04-08T15:34:26.583-0300] {logging_mixin.py:137} INFO - [2023-04-08T15:34:26.583-0300] {dagbag.py:532} INFO - Filling up the DagBag from /home/kauanu/PycharmProjects/AirFLowEnade/venv/lib/python3.10/site-packages/airflow/example_dags/example_params_ui_tutorial.py
[2023-04-08T15:34:26.616-0300] {processor.py:753} INFO - DAG(s) dict_keys(['example_params_ui_tutorial']) retrieved from /home/kauanu/PycharmProjects/AirFLowEnade/venv/lib/python3.10/site-packages/airflow/example_dags/example_params_ui_tutorial.py
[2023-04-08T15:34:26.651-0300] {logging_mixin.py:137} INFO - [2023-04-08T15:34:26.651-0300] {dag.py:2705} INFO - Sync 1 DAGs
[2023-04-08T15:34:26.663-0300] {logging_mixin.py:137} INFO - [2023-04-08T15:34:26.663-0300] {dag.py:3452} INFO - Setting next_dagrun for example_params_ui_tutorial to None, run_after=None
[2023-04-08T15:34:26.684-0300] {processor.py:175} INFO - Processing /home/kauanu/PycharmProjects/AirFLowEnade/venv/lib/python3.10/site-packages/airflow/example_dags/example_params_ui_tutorial.py took 0.106 seconds
[2023-04-08T15:35:07.568-0300] {processor.py:153} INFO - Started process (PID=16160) to work on /home/kauanu/PycharmProjects/AirFLowEnade/venv/lib/python3.10/site-packages/airflow/example_dags/example_params_ui_tutorial.py
[2023-04-08T15:35:07.584-0300] {processor.py:743} INFO - Processing file /home/kauanu/PycharmProjects/AirFLowEnade/venv/lib/python3.10/site-packages/airflow/example_dags/example_params_ui_tutorial.py for tasks to queue
[2023-04-08T15:35:07.585-0300] {logging_mixin.py:137} INFO - [2023-04-08T15:35:07.585-0300] {dagbag.py:532} INFO - Filling up the DagBag from /home/kauanu/PycharmProjects/AirFLowEnade/venv/lib/python3.10/site-packages/airflow/example_dags/example_params_ui_tutorial.py
[2023-04-08T15:35:07.619-0300] {processor.py:753} INFO - DAG(s) dict_keys(['example_params_ui_tutorial']) retrieved from /home/kauanu/PycharmProjects/AirFLowEnade/venv/lib/python3.10/site-packages/airflow/example_dags/example_params_ui_tutorial.py
[2023-04-08T15:35:07.654-0300] {logging_mixin.py:137} INFO - [2023-04-08T15:35:07.654-0300] {dag.py:2705} INFO - Sync 1 DAGs
[2023-04-08T15:35:07.666-0300] {logging_mixin.py:137} INFO - [2023-04-08T15:35:07.666-0300] {dag.py:3452} INFO - Setting next_dagrun for example_params_ui_tutorial to None, run_after=None
[2023-04-08T15:35:07.718-0300] {processor.py:175} INFO - Processing /home/kauanu/PycharmProjects/AirFLowEnade/venv/lib/python3.10/site-packages/airflow/example_dags/example_params_ui_tutorial.py took 0.153 seconds
[2023-04-08T15:35:51.831-0300] {processor.py:153} INFO - Started process (PID=16388) to work on /home/kauanu/PycharmProjects/AirFLowEnade/venv/lib/python3.10/site-packages/airflow/example_dags/example_params_ui_tutorial.py
[2023-04-08T15:35:51.833-0300] {processor.py:743} INFO - Processing file /home/kauanu/PycharmProjects/AirFLowEnade/venv/lib/python3.10/site-packages/airflow/example_dags/example_params_ui_tutorial.py for tasks to queue
[2023-04-08T15:35:51.833-0300] {logging_mixin.py:137} INFO - [2023-04-08T15:35:51.833-0300] {dagbag.py:532} INFO - Filling up the DagBag from /home/kauanu/PycharmProjects/AirFLowEnade/venv/lib/python3.10/site-packages/airflow/example_dags/example_params_ui_tutorial.py
[2023-04-08T15:35:51.868-0300] {processor.py:753} INFO - DAG(s) dict_keys(['example_params_ui_tutorial']) retrieved from /home/kauanu/PycharmProjects/AirFLowEnade/venv/lib/python3.10/site-packages/airflow/example_dags/example_params_ui_tutorial.py
[2023-04-08T15:35:51.908-0300] {logging_mixin.py:137} INFO - [2023-04-08T15:35:51.908-0300] {dag.py:2705} INFO - Sync 1 DAGs
[2023-04-08T15:35:51.925-0300] {logging_mixin.py:137} INFO - [2023-04-08T15:35:51.925-0300] {dag.py:3452} INFO - Setting next_dagrun for example_params_ui_tutorial to None, run_after=None
[2023-04-08T15:35:51.952-0300] {processor.py:175} INFO - Processing /home/kauanu/PycharmProjects/AirFLowEnade/venv/lib/python3.10/site-packages/airflow/example_dags/example_params_ui_tutorial.py took 0.124 seconds
[2023-04-08T15:36:45.079-0300] {processor.py:153} INFO - Started process (PID=16615) to work on /home/kauanu/PycharmProjects/AirFLowEnade/venv/lib/python3.10/site-packages/airflow/example_dags/example_params_ui_tutorial.py
[2023-04-08T15:36:45.098-0300] {processor.py:743} INFO - Processing file /home/kauanu/PycharmProjects/AirFLowEnade/venv/lib/python3.10/site-packages/airflow/example_dags/example_params_ui_tutorial.py for tasks to queue
[2023-04-08T15:36:45.099-0300] {logging_mixin.py:137} INFO - [2023-04-08T15:36:45.099-0300] {dagbag.py:532} INFO - Filling up the DagBag from /home/kauanu/PycharmProjects/AirFLowEnade/venv/lib/python3.10/site-packages/airflow/example_dags/example_params_ui_tutorial.py
[2023-04-08T15:36:45.276-0300] {processor.py:753} INFO - DAG(s) dict_keys(['example_params_ui_tutorial']) retrieved from /home/kauanu/PycharmProjects/AirFLowEnade/venv/lib/python3.10/site-packages/airflow/example_dags/example_params_ui_tutorial.py
[2023-04-08T15:36:45.471-0300] {logging_mixin.py:137} INFO - [2023-04-08T15:36:45.471-0300] {dag.py:2705} INFO - Sync 1 DAGs
[2023-04-08T15:36:45.541-0300] {logging_mixin.py:137} INFO - [2023-04-08T15:36:45.540-0300] {dag.py:3452} INFO - Setting next_dagrun for example_params_ui_tutorial to None, run_after=None
[2023-04-08T15:36:45.688-0300] {processor.py:175} INFO - Processing /home/kauanu/PycharmProjects/AirFLowEnade/venv/lib/python3.10/site-packages/airflow/example_dags/example_params_ui_tutorial.py took 0.614 seconds
