[2023-04-08T15:25:38.116-0300] {processor.py:153} INFO - Started process (PID=13405) to work on /home/kauanu/PycharmProjects/AirFLowEnade/venv/lib/python3.10/site-packages/airflow/example_dags/example_latest_only.py
[2023-04-08T15:25:38.118-0300] {processor.py:743} INFO - Processing file /home/kauanu/PycharmProjects/AirFLowEnade/venv/lib/python3.10/site-packages/airflow/example_dags/example_latest_only.py for tasks to queue
[2023-04-08T15:25:38.119-0300] {logging_mixin.py:137} INFO - [2023-04-08T15:25:38.119-0300] {dagbag.py:532} INFO - Filling up the DagBag from /home/kauanu/PycharmProjects/AirFLowEnade/venv/lib/python3.10/site-packages/airflow/example_dags/example_latest_only.py
[2023-04-08T15:25:38.173-0300] {processor.py:753} INFO - DAG(s) dict_keys(['latest_only']) retrieved from /home/kauanu/PycharmProjects/AirFLowEnade/venv/lib/python3.10/site-packages/airflow/example_dags/example_latest_only.py
[2023-04-08T15:25:38.458-0300] {logging_mixin.py:137} INFO - [2023-04-08T15:25:38.457-0300] {manager.py:504} INFO - Created Permission View: can delete on DAG:latest_only
[2023-04-08T15:25:38.503-0300] {logging_mixin.py:137} INFO - [2023-04-08T15:25:38.502-0300] {manager.py:504} INFO - Created Permission View: can edit on DAG:latest_only
[2023-04-08T15:25:38.553-0300] {logging_mixin.py:137} INFO - [2023-04-08T15:25:38.552-0300] {manager.py:504} INFO - Created Permission View: can read on DAG:latest_only
[2023-04-08T15:25:38.553-0300] {logging_mixin.py:137} INFO - [2023-04-08T15:25:38.553-0300] {dag.py:2705} INFO - Sync 1 DAGs
[2023-04-08T15:25:38.571-0300] {logging_mixin.py:137} INFO - [2023-04-08T15:25:38.571-0300] {dag.py:2726} INFO - Creating ORM DAG for latest_only
[2023-04-08T15:25:38.589-0300] {logging_mixin.py:137} INFO - [2023-04-08T15:25:38.588-0300] {dag.py:3452} INFO - Setting next_dagrun for latest_only to 2023-04-08T14:25:38.581333+00:00, run_after=2023-04-08T18:25:38.581333+00:00
[2023-04-08T15:25:38.646-0300] {processor.py:175} INFO - Processing /home/kauanu/PycharmProjects/AirFLowEnade/venv/lib/python3.10/site-packages/airflow/example_dags/example_latest_only.py took 0.532 seconds
[2023-04-08T15:26:31.951-0300] {processor.py:153} INFO - Started process (PID=13685) to work on /home/kauanu/PycharmProjects/AirFLowEnade/venv/lib/python3.10/site-packages/airflow/example_dags/example_latest_only.py
[2023-04-08T15:26:31.967-0300] {processor.py:743} INFO - Processing file /home/kauanu/PycharmProjects/AirFLowEnade/venv/lib/python3.10/site-packages/airflow/example_dags/example_latest_only.py for tasks to queue
[2023-04-08T15:26:31.989-0300] {logging_mixin.py:137} INFO - [2023-04-08T15:26:31.968-0300] {dagbag.py:532} INFO - Filling up the DagBag from /home/kauanu/PycharmProjects/AirFLowEnade/venv/lib/python3.10/site-packages/airflow/example_dags/example_latest_only.py
[2023-04-08T15:26:32.015-0300] {processor.py:753} INFO - DAG(s) dict_keys(['latest_only']) retrieved from /home/kauanu/PycharmProjects/AirFLowEnade/venv/lib/python3.10/site-packages/airflow/example_dags/example_latest_only.py
[2023-04-08T15:26:32.052-0300] {logging_mixin.py:137} INFO - [2023-04-08T15:26:32.052-0300] {dag.py:2705} INFO - Sync 1 DAGs
[2023-04-08T15:26:32.086-0300] {logging_mixin.py:137} INFO - [2023-04-08T15:26:32.084-0300] {dag.py:3452} INFO - Setting next_dagrun for latest_only to 2023-04-08T14:26:32.084522+00:00, run_after=2023-04-08T18:26:32.084522+00:00
[2023-04-08T15:26:32.200-0300] {processor.py:175} INFO - Processing /home/kauanu/PycharmProjects/AirFLowEnade/venv/lib/python3.10/site-packages/airflow/example_dags/example_latest_only.py took 0.263 seconds
[2023-04-08T15:27:26.106-0300] {processor.py:153} INFO - Started process (PID=13933) to work on /home/kauanu/PycharmProjects/AirFLowEnade/venv/lib/python3.10/site-packages/airflow/example_dags/example_latest_only.py
[2023-04-08T15:27:26.109-0300] {processor.py:743} INFO - Processing file /home/kauanu/PycharmProjects/AirFLowEnade/venv/lib/python3.10/site-packages/airflow/example_dags/example_latest_only.py for tasks to queue
[2023-04-08T15:27:26.113-0300] {logging_mixin.py:137} INFO - [2023-04-08T15:27:26.113-0300] {dagbag.py:532} INFO - Filling up the DagBag from /home/kauanu/PycharmProjects/AirFLowEnade/venv/lib/python3.10/site-packages/airflow/example_dags/example_latest_only.py
[2023-04-08T15:27:26.154-0300] {processor.py:753} INFO - DAG(s) dict_keys(['latest_only']) retrieved from /home/kauanu/PycharmProjects/AirFLowEnade/venv/lib/python3.10/site-packages/airflow/example_dags/example_latest_only.py
[2023-04-08T15:27:26.208-0300] {logging_mixin.py:137} INFO - [2023-04-08T15:27:26.208-0300] {dag.py:2705} INFO - Sync 1 DAGs
[2023-04-08T15:27:26.270-0300] {logging_mixin.py:137} INFO - [2023-04-08T15:27:26.269-0300] {dag.py:3452} INFO - Setting next_dagrun for latest_only to 2023-04-08T14:27:26.268902+00:00, run_after=2023-04-08T18:27:26.268902+00:00
[2023-04-08T15:27:26.316-0300] {processor.py:175} INFO - Processing /home/kauanu/PycharmProjects/AirFLowEnade/venv/lib/python3.10/site-packages/airflow/example_dags/example_latest_only.py took 0.222 seconds
[2023-04-08T15:28:13.275-0300] {processor.py:153} INFO - Started process (PID=14162) to work on /home/kauanu/PycharmProjects/AirFLowEnade/venv/lib/python3.10/site-packages/airflow/example_dags/example_latest_only.py
[2023-04-08T15:28:13.288-0300] {processor.py:743} INFO - Processing file /home/kauanu/PycharmProjects/AirFLowEnade/venv/lib/python3.10/site-packages/airflow/example_dags/example_latest_only.py for tasks to queue
[2023-04-08T15:28:13.291-0300] {logging_mixin.py:137} INFO - [2023-04-08T15:28:13.290-0300] {dagbag.py:532} INFO - Filling up the DagBag from /home/kauanu/PycharmProjects/AirFLowEnade/venv/lib/python3.10/site-packages/airflow/example_dags/example_latest_only.py
[2023-04-08T15:28:13.360-0300] {processor.py:753} INFO - DAG(s) dict_keys(['latest_only']) retrieved from /home/kauanu/PycharmProjects/AirFLowEnade/venv/lib/python3.10/site-packages/airflow/example_dags/example_latest_only.py
[2023-04-08T15:28:13.433-0300] {logging_mixin.py:137} INFO - [2023-04-08T15:28:13.433-0300] {dag.py:2705} INFO - Sync 1 DAGs
[2023-04-08T15:28:13.475-0300] {logging_mixin.py:137} INFO - [2023-04-08T15:28:13.475-0300] {dag.py:3452} INFO - Setting next_dagrun for latest_only to 2023-04-08T14:28:13.475215+00:00, run_after=2023-04-08T18:28:13.475215+00:00
[2023-04-08T15:28:13.571-0300] {processor.py:175} INFO - Processing /home/kauanu/PycharmProjects/AirFLowEnade/venv/lib/python3.10/site-packages/airflow/example_dags/example_latest_only.py took 0.299 seconds
[2023-04-08T15:29:01.331-0300] {processor.py:153} INFO - Started process (PID=14428) to work on /home/kauanu/PycharmProjects/AirFLowEnade/venv/lib/python3.10/site-packages/airflow/example_dags/example_latest_only.py
[2023-04-08T15:29:01.362-0300] {processor.py:743} INFO - Processing file /home/kauanu/PycharmProjects/AirFLowEnade/venv/lib/python3.10/site-packages/airflow/example_dags/example_latest_only.py for tasks to queue
[2023-04-08T15:29:01.362-0300] {logging_mixin.py:137} INFO - [2023-04-08T15:29:01.362-0300] {dagbag.py:532} INFO - Filling up the DagBag from /home/kauanu/PycharmProjects/AirFLowEnade/venv/lib/python3.10/site-packages/airflow/example_dags/example_latest_only.py
[2023-04-08T15:29:01.376-0300] {processor.py:753} INFO - DAG(s) dict_keys(['latest_only']) retrieved from /home/kauanu/PycharmProjects/AirFLowEnade/venv/lib/python3.10/site-packages/airflow/example_dags/example_latest_only.py
[2023-04-08T15:29:01.399-0300] {logging_mixin.py:137} INFO - [2023-04-08T15:29:01.399-0300] {dag.py:2705} INFO - Sync 1 DAGs
[2023-04-08T15:29:01.416-0300] {logging_mixin.py:137} INFO - [2023-04-08T15:29:01.416-0300] {dag.py:3452} INFO - Setting next_dagrun for latest_only to 2023-04-08T14:29:01.415543+00:00, run_after=2023-04-08T18:29:01.415543+00:00
[2023-04-08T15:29:01.586-0300] {processor.py:175} INFO - Processing /home/kauanu/PycharmProjects/AirFLowEnade/venv/lib/python3.10/site-packages/airflow/example_dags/example_latest_only.py took 0.258 seconds
[2023-04-08T15:29:47.647-0300] {processor.py:153} INFO - Started process (PID=14671) to work on /home/kauanu/PycharmProjects/AirFLowEnade/venv/lib/python3.10/site-packages/airflow/example_dags/example_latest_only.py
[2023-04-08T15:29:47.649-0300] {processor.py:743} INFO - Processing file /home/kauanu/PycharmProjects/AirFLowEnade/venv/lib/python3.10/site-packages/airflow/example_dags/example_latest_only.py for tasks to queue
[2023-04-08T15:29:47.649-0300] {logging_mixin.py:137} INFO - [2023-04-08T15:29:47.649-0300] {dagbag.py:532} INFO - Filling up the DagBag from /home/kauanu/PycharmProjects/AirFLowEnade/venv/lib/python3.10/site-packages/airflow/example_dags/example_latest_only.py
[2023-04-08T15:29:47.659-0300] {processor.py:753} INFO - DAG(s) dict_keys(['latest_only']) retrieved from /home/kauanu/PycharmProjects/AirFLowEnade/venv/lib/python3.10/site-packages/airflow/example_dags/example_latest_only.py
[2023-04-08T15:29:47.673-0300] {logging_mixin.py:137} INFO - [2023-04-08T15:29:47.672-0300] {dag.py:2705} INFO - Sync 1 DAGs
[2023-04-08T15:29:47.686-0300] {logging_mixin.py:137} INFO - [2023-04-08T15:29:47.686-0300] {dag.py:3452} INFO - Setting next_dagrun for latest_only to 2023-04-08T14:29:47.686426+00:00, run_after=2023-04-08T18:29:47.686426+00:00
[2023-04-08T15:29:47.707-0300] {processor.py:175} INFO - Processing /home/kauanu/PycharmProjects/AirFLowEnade/venv/lib/python3.10/site-packages/airflow/example_dags/example_latest_only.py took 0.064 seconds
[2023-04-08T15:30:31.318-0300] {processor.py:153} INFO - Started process (PID=14858) to work on /home/kauanu/PycharmProjects/AirFLowEnade/venv/lib/python3.10/site-packages/airflow/example_dags/example_latest_only.py
[2023-04-08T15:30:31.327-0300] {processor.py:743} INFO - Processing file /home/kauanu/PycharmProjects/AirFLowEnade/venv/lib/python3.10/site-packages/airflow/example_dags/example_latest_only.py for tasks to queue
[2023-04-08T15:30:31.328-0300] {logging_mixin.py:137} INFO - [2023-04-08T15:30:31.328-0300] {dagbag.py:532} INFO - Filling up the DagBag from /home/kauanu/PycharmProjects/AirFLowEnade/venv/lib/python3.10/site-packages/airflow/example_dags/example_latest_only.py
[2023-04-08T15:30:31.339-0300] {processor.py:753} INFO - DAG(s) dict_keys(['latest_only']) retrieved from /home/kauanu/PycharmProjects/AirFLowEnade/venv/lib/python3.10/site-packages/airflow/example_dags/example_latest_only.py
[2023-04-08T15:30:31.374-0300] {logging_mixin.py:137} INFO - [2023-04-08T15:30:31.373-0300] {dag.py:2705} INFO - Sync 1 DAGs
[2023-04-08T15:30:31.411-0300] {logging_mixin.py:137} INFO - [2023-04-08T15:30:31.411-0300] {dag.py:3452} INFO - Setting next_dagrun for latest_only to 2023-04-08T14:30:31.410825+00:00, run_after=2023-04-08T18:30:31.410825+00:00
[2023-04-08T15:30:31.492-0300] {processor.py:175} INFO - Processing /home/kauanu/PycharmProjects/AirFLowEnade/venv/lib/python3.10/site-packages/airflow/example_dags/example_latest_only.py took 0.178 seconds
[2023-04-08T15:31:16.243-0300] {processor.py:153} INFO - Started process (PID=15078) to work on /home/kauanu/PycharmProjects/AirFLowEnade/venv/lib/python3.10/site-packages/airflow/example_dags/example_latest_only.py
[2023-04-08T15:31:16.244-0300] {processor.py:743} INFO - Processing file /home/kauanu/PycharmProjects/AirFLowEnade/venv/lib/python3.10/site-packages/airflow/example_dags/example_latest_only.py for tasks to queue
[2023-04-08T15:31:16.245-0300] {logging_mixin.py:137} INFO - [2023-04-08T15:31:16.245-0300] {dagbag.py:532} INFO - Filling up the DagBag from /home/kauanu/PycharmProjects/AirFLowEnade/venv/lib/python3.10/site-packages/airflow/example_dags/example_latest_only.py
[2023-04-08T15:31:16.256-0300] {processor.py:753} INFO - DAG(s) dict_keys(['latest_only']) retrieved from /home/kauanu/PycharmProjects/AirFLowEnade/venv/lib/python3.10/site-packages/airflow/example_dags/example_latest_only.py
[2023-04-08T15:31:16.270-0300] {logging_mixin.py:137} INFO - [2023-04-08T15:31:16.270-0300] {dag.py:2705} INFO - Sync 1 DAGs
[2023-04-08T15:31:16.284-0300] {logging_mixin.py:137} INFO - [2023-04-08T15:31:16.284-0300] {dag.py:3452} INFO - Setting next_dagrun for latest_only to 2023-04-08T14:31:16.284111+00:00, run_after=2023-04-08T18:31:16.284111+00:00
[2023-04-08T15:31:16.305-0300] {processor.py:175} INFO - Processing /home/kauanu/PycharmProjects/AirFLowEnade/venv/lib/python3.10/site-packages/airflow/example_dags/example_latest_only.py took 0.065 seconds
[2023-04-08T15:31:54.627-0300] {processor.py:153} INFO - Started process (PID=15242) to work on /home/kauanu/PycharmProjects/AirFLowEnade/venv/lib/python3.10/site-packages/airflow/example_dags/example_latest_only.py
[2023-04-08T15:31:54.628-0300] {processor.py:743} INFO - Processing file /home/kauanu/PycharmProjects/AirFLowEnade/venv/lib/python3.10/site-packages/airflow/example_dags/example_latest_only.py for tasks to queue
[2023-04-08T15:31:54.629-0300] {logging_mixin.py:137} INFO - [2023-04-08T15:31:54.629-0300] {dagbag.py:532} INFO - Filling up the DagBag from /home/kauanu/PycharmProjects/AirFLowEnade/venv/lib/python3.10/site-packages/airflow/example_dags/example_latest_only.py
[2023-04-08T15:31:54.640-0300] {processor.py:753} INFO - DAG(s) dict_keys(['latest_only']) retrieved from /home/kauanu/PycharmProjects/AirFLowEnade/venv/lib/python3.10/site-packages/airflow/example_dags/example_latest_only.py
[2023-04-08T15:31:54.654-0300] {logging_mixin.py:137} INFO - [2023-04-08T15:31:54.654-0300] {dag.py:2705} INFO - Sync 1 DAGs
[2023-04-08T15:31:54.669-0300] {logging_mixin.py:137} INFO - [2023-04-08T15:31:54.668-0300] {dag.py:3452} INFO - Setting next_dagrun for latest_only to 2023-04-08T14:31:54.668593+00:00, run_after=2023-04-08T18:31:54.668593+00:00
[2023-04-08T15:31:54.691-0300] {processor.py:175} INFO - Processing /home/kauanu/PycharmProjects/AirFLowEnade/venv/lib/python3.10/site-packages/airflow/example_dags/example_latest_only.py took 0.067 seconds
[2023-04-08T15:32:44.018-0300] {processor.py:153} INFO - Started process (PID=15477) to work on /home/kauanu/PycharmProjects/AirFLowEnade/venv/lib/python3.10/site-packages/airflow/example_dags/example_latest_only.py
[2023-04-08T15:32:44.019-0300] {processor.py:743} INFO - Processing file /home/kauanu/PycharmProjects/AirFLowEnade/venv/lib/python3.10/site-packages/airflow/example_dags/example_latest_only.py for tasks to queue
[2023-04-08T15:32:44.020-0300] {logging_mixin.py:137} INFO - [2023-04-08T15:32:44.020-0300] {dagbag.py:532} INFO - Filling up the DagBag from /home/kauanu/PycharmProjects/AirFLowEnade/venv/lib/python3.10/site-packages/airflow/example_dags/example_latest_only.py
[2023-04-08T15:32:44.030-0300] {processor.py:753} INFO - DAG(s) dict_keys(['latest_only']) retrieved from /home/kauanu/PycharmProjects/AirFLowEnade/venv/lib/python3.10/site-packages/airflow/example_dags/example_latest_only.py
[2023-04-08T15:32:44.043-0300] {logging_mixin.py:137} INFO - [2023-04-08T15:32:44.043-0300] {dag.py:2705} INFO - Sync 1 DAGs
[2023-04-08T15:32:44.055-0300] {logging_mixin.py:137} INFO - [2023-04-08T15:32:44.055-0300] {dag.py:3452} INFO - Setting next_dagrun for latest_only to 2023-04-08T14:32:44.055671+00:00, run_after=2023-04-08T18:32:44.055671+00:00
[2023-04-08T15:32:44.139-0300] {processor.py:175} INFO - Processing /home/kauanu/PycharmProjects/AirFLowEnade/venv/lib/python3.10/site-packages/airflow/example_dags/example_latest_only.py took 0.124 seconds
[2023-04-08T15:33:23.973-0300] {processor.py:153} INFO - Started process (PID=15677) to work on /home/kauanu/PycharmProjects/AirFLowEnade/venv/lib/python3.10/site-packages/airflow/example_dags/example_latest_only.py
[2023-04-08T15:33:23.974-0300] {processor.py:743} INFO - Processing file /home/kauanu/PycharmProjects/AirFLowEnade/venv/lib/python3.10/site-packages/airflow/example_dags/example_latest_only.py for tasks to queue
[2023-04-08T15:33:23.974-0300] {logging_mixin.py:137} INFO - [2023-04-08T15:33:23.974-0300] {dagbag.py:532} INFO - Filling up the DagBag from /home/kauanu/PycharmProjects/AirFLowEnade/venv/lib/python3.10/site-packages/airflow/example_dags/example_latest_only.py
[2023-04-08T15:33:23.987-0300] {processor.py:753} INFO - DAG(s) dict_keys(['latest_only']) retrieved from /home/kauanu/PycharmProjects/AirFLowEnade/venv/lib/python3.10/site-packages/airflow/example_dags/example_latest_only.py
[2023-04-08T15:33:24.002-0300] {logging_mixin.py:137} INFO - [2023-04-08T15:33:24.002-0300] {dag.py:2705} INFO - Sync 1 DAGs
[2023-04-08T15:33:24.025-0300] {logging_mixin.py:137} INFO - [2023-04-08T15:33:24.025-0300] {dag.py:3452} INFO - Setting next_dagrun for latest_only to 2023-04-08T14:33:24.024363+00:00, run_after=2023-04-08T18:33:24.024363+00:00
[2023-04-08T15:33:24.059-0300] {processor.py:175} INFO - Processing /home/kauanu/PycharmProjects/AirFLowEnade/venv/lib/python3.10/site-packages/airflow/example_dags/example_latest_only.py took 0.089 seconds
[2023-04-08T15:34:02.365-0300] {processor.py:153} INFO - Started process (PID=15866) to work on /home/kauanu/PycharmProjects/AirFLowEnade/venv/lib/python3.10/site-packages/airflow/example_dags/example_latest_only.py
[2023-04-08T15:34:02.366-0300] {processor.py:743} INFO - Processing file /home/kauanu/PycharmProjects/AirFLowEnade/venv/lib/python3.10/site-packages/airflow/example_dags/example_latest_only.py for tasks to queue
[2023-04-08T15:34:02.366-0300] {logging_mixin.py:137} INFO - [2023-04-08T15:34:02.366-0300] {dagbag.py:532} INFO - Filling up the DagBag from /home/kauanu/PycharmProjects/AirFLowEnade/venv/lib/python3.10/site-packages/airflow/example_dags/example_latest_only.py
[2023-04-08T15:34:02.386-0300] {processor.py:753} INFO - DAG(s) dict_keys(['latest_only']) retrieved from /home/kauanu/PycharmProjects/AirFLowEnade/venv/lib/python3.10/site-packages/airflow/example_dags/example_latest_only.py
[2023-04-08T15:34:02.412-0300] {logging_mixin.py:137} INFO - [2023-04-08T15:34:02.411-0300] {dag.py:2705} INFO - Sync 1 DAGs
[2023-04-08T15:34:02.433-0300] {logging_mixin.py:137} INFO - [2023-04-08T15:34:02.433-0300] {dag.py:3452} INFO - Setting next_dagrun for latest_only to 2023-04-08T14:34:02.433036+00:00, run_after=2023-04-08T18:34:02.433036+00:00
[2023-04-08T15:34:02.471-0300] {processor.py:175} INFO - Processing /home/kauanu/PycharmProjects/AirFLowEnade/venv/lib/python3.10/site-packages/airflow/example_dags/example_latest_only.py took 0.109 seconds
[2023-04-08T15:34:38.744-0300] {processor.py:153} INFO - Started process (PID=16055) to work on /home/kauanu/PycharmProjects/AirFLowEnade/venv/lib/python3.10/site-packages/airflow/example_dags/example_latest_only.py
[2023-04-08T15:34:38.746-0300] {processor.py:743} INFO - Processing file /home/kauanu/PycharmProjects/AirFLowEnade/venv/lib/python3.10/site-packages/airflow/example_dags/example_latest_only.py for tasks to queue
[2023-04-08T15:34:38.747-0300] {logging_mixin.py:137} INFO - [2023-04-08T15:34:38.747-0300] {dagbag.py:532} INFO - Filling up the DagBag from /home/kauanu/PycharmProjects/AirFLowEnade/venv/lib/python3.10/site-packages/airflow/example_dags/example_latest_only.py
[2023-04-08T15:34:38.757-0300] {processor.py:753} INFO - DAG(s) dict_keys(['latest_only']) retrieved from /home/kauanu/PycharmProjects/AirFLowEnade/venv/lib/python3.10/site-packages/airflow/example_dags/example_latest_only.py
[2023-04-08T15:34:38.771-0300] {logging_mixin.py:137} INFO - [2023-04-08T15:34:38.771-0300] {dag.py:2705} INFO - Sync 1 DAGs
[2023-04-08T15:34:38.784-0300] {logging_mixin.py:137} INFO - [2023-04-08T15:34:38.784-0300] {dag.py:3452} INFO - Setting next_dagrun for latest_only to 2023-04-08T14:34:38.784456+00:00, run_after=2023-04-08T18:34:38.784456+00:00
[2023-04-08T15:34:38.806-0300] {processor.py:175} INFO - Processing /home/kauanu/PycharmProjects/AirFLowEnade/venv/lib/python3.10/site-packages/airflow/example_dags/example_latest_only.py took 0.064 seconds
[2023-04-08T15:35:20.212-0300] {processor.py:153} INFO - Started process (PID=16242) to work on /home/kauanu/PycharmProjects/AirFLowEnade/venv/lib/python3.10/site-packages/airflow/example_dags/example_latest_only.py
[2023-04-08T15:35:20.214-0300] {processor.py:743} INFO - Processing file /home/kauanu/PycharmProjects/AirFLowEnade/venv/lib/python3.10/site-packages/airflow/example_dags/example_latest_only.py for tasks to queue
[2023-04-08T15:35:20.215-0300] {logging_mixin.py:137} INFO - [2023-04-08T15:35:20.215-0300] {dagbag.py:532} INFO - Filling up the DagBag from /home/kauanu/PycharmProjects/AirFLowEnade/venv/lib/python3.10/site-packages/airflow/example_dags/example_latest_only.py
[2023-04-08T15:35:20.244-0300] {processor.py:753} INFO - DAG(s) dict_keys(['latest_only']) retrieved from /home/kauanu/PycharmProjects/AirFLowEnade/venv/lib/python3.10/site-packages/airflow/example_dags/example_latest_only.py
[2023-04-08T15:35:20.261-0300] {logging_mixin.py:137} INFO - [2023-04-08T15:35:20.261-0300] {dag.py:2705} INFO - Sync 1 DAGs
[2023-04-08T15:35:20.277-0300] {logging_mixin.py:137} INFO - [2023-04-08T15:35:20.277-0300] {dag.py:3452} INFO - Setting next_dagrun for latest_only to 2023-04-08T14:35:20.276905+00:00, run_after=2023-04-08T18:35:20.276905+00:00
[2023-04-08T15:35:20.299-0300] {processor.py:175} INFO - Processing /home/kauanu/PycharmProjects/AirFLowEnade/venv/lib/python3.10/site-packages/airflow/example_dags/example_latest_only.py took 0.089 seconds
[2023-04-08T15:36:03.508-0300] {processor.py:153} INFO - Started process (PID=16438) to work on /home/kauanu/PycharmProjects/AirFLowEnade/venv/lib/python3.10/site-packages/airflow/example_dags/example_latest_only.py
[2023-04-08T15:36:03.510-0300] {processor.py:743} INFO - Processing file /home/kauanu/PycharmProjects/AirFLowEnade/venv/lib/python3.10/site-packages/airflow/example_dags/example_latest_only.py for tasks to queue
[2023-04-08T15:36:03.511-0300] {logging_mixin.py:137} INFO - [2023-04-08T15:36:03.510-0300] {dagbag.py:532} INFO - Filling up the DagBag from /home/kauanu/PycharmProjects/AirFLowEnade/venv/lib/python3.10/site-packages/airflow/example_dags/example_latest_only.py
[2023-04-08T15:36:03.521-0300] {processor.py:753} INFO - DAG(s) dict_keys(['latest_only']) retrieved from /home/kauanu/PycharmProjects/AirFLowEnade/venv/lib/python3.10/site-packages/airflow/example_dags/example_latest_only.py
[2023-04-08T15:36:03.535-0300] {logging_mixin.py:137} INFO - [2023-04-08T15:36:03.535-0300] {dag.py:2705} INFO - Sync 1 DAGs
[2023-04-08T15:36:03.549-0300] {logging_mixin.py:137} INFO - [2023-04-08T15:36:03.549-0300] {dag.py:3452} INFO - Setting next_dagrun for latest_only to 2023-04-08T14:36:03.549630+00:00, run_after=2023-04-08T18:36:03.549630+00:00
[2023-04-08T15:36:03.580-0300] {processor.py:175} INFO - Processing /home/kauanu/PycharmProjects/AirFLowEnade/venv/lib/python3.10/site-packages/airflow/example_dags/example_latest_only.py took 0.074 seconds
[2023-04-08T15:37:00.995-0300] {processor.py:153} INFO - Started process (PID=16687) to work on /home/kauanu/PycharmProjects/AirFLowEnade/venv/lib/python3.10/site-packages/airflow/example_dags/example_latest_only.py
[2023-04-08T15:37:01.008-0300] {processor.py:743} INFO - Processing file /home/kauanu/PycharmProjects/AirFLowEnade/venv/lib/python3.10/site-packages/airflow/example_dags/example_latest_only.py for tasks to queue
[2023-04-08T15:37:01.009-0300] {logging_mixin.py:137} INFO - [2023-04-08T15:37:01.009-0300] {dagbag.py:532} INFO - Filling up the DagBag from /home/kauanu/PycharmProjects/AirFLowEnade/venv/lib/python3.10/site-packages/airflow/example_dags/example_latest_only.py
[2023-04-08T15:37:01.022-0300] {processor.py:753} INFO - DAG(s) dict_keys(['latest_only']) retrieved from /home/kauanu/PycharmProjects/AirFLowEnade/venv/lib/python3.10/site-packages/airflow/example_dags/example_latest_only.py
[2023-04-08T15:37:01.038-0300] {logging_mixin.py:137} INFO - [2023-04-08T15:37:01.037-0300] {dag.py:2705} INFO - Sync 1 DAGs
[2023-04-08T15:37:01.052-0300] {logging_mixin.py:137} INFO - [2023-04-08T15:37:01.052-0300] {dag.py:3452} INFO - Setting next_dagrun for latest_only to 2023-04-08T14:37:01.052071+00:00, run_after=2023-04-08T18:37:01.052071+00:00
[2023-04-08T22:36:15.694-0300] {processor.py:175} INFO - Processing /home/kauanu/PycharmProjects/AirFLowEnade/venv/lib/python3.10/site-packages/airflow/example_dags/example_latest_only.py took 0.326 seconds
