[2023-04-08T15:25:41.041-0300] {processor.py:153} INFO - Started process (PID=13424) to work on /home/kauanu/PycharmProjects/AirFLowEnade/venv/lib/python3.10/site-packages/airflow/example_dags/example_datasets.py
[2023-04-08T15:25:41.046-0300] {processor.py:743} INFO - Processing file /home/kauanu/PycharmProjects/AirFLowEnade/venv/lib/python3.10/site-packages/airflow/example_dags/example_datasets.py for tasks to queue
[2023-04-08T15:25:41.049-0300] {logging_mixin.py:137} INFO - [2023-04-08T15:25:41.048-0300] {dagbag.py:532} INFO - Filling up the DagBag from /home/kauanu/PycharmProjects/AirFLowEnade/venv/lib/python3.10/site-packages/airflow/example_dags/example_datasets.py
[2023-04-08T15:25:41.083-0300] {processor.py:753} INFO - DAG(s) dict_keys(['dataset_produces_2', 'dataset_consumes_unknown_never_scheduled', 'dataset_consumes_1', 'dataset_consumes_1_and_2', 'dataset_consumes_1_never_scheduled', 'dataset_produces_1']) retrieved from /home/kauanu/PycharmProjects/AirFLowEnade/venv/lib/python3.10/site-packages/airflow/example_dags/example_datasets.py
[2023-04-08T15:25:41.522-0300] {logging_mixin.py:137} INFO - [2023-04-08T15:25:41.521-0300] {manager.py:504} INFO - Created Permission View: can delete on DAG:dataset_produces_2
[2023-04-08T15:25:41.597-0300] {logging_mixin.py:137} INFO - [2023-04-08T15:25:41.597-0300] {manager.py:504} INFO - Created Permission View: can edit on DAG:dataset_produces_2
[2023-04-08T15:25:41.654-0300] {logging_mixin.py:137} INFO - [2023-04-08T15:25:41.653-0300] {manager.py:504} INFO - Created Permission View: can read on DAG:dataset_produces_2
[2023-04-08T15:25:41.711-0300] {logging_mixin.py:137} INFO - [2023-04-08T15:25:41.709-0300] {manager.py:504} INFO - Created Permission View: can delete on DAG:dataset_consumes_unknown_never_scheduled
[2023-04-08T15:25:41.761-0300] {logging_mixin.py:137} INFO - [2023-04-08T15:25:41.760-0300] {manager.py:504} INFO - Created Permission View: can edit on DAG:dataset_consumes_unknown_never_scheduled
[2023-04-08T15:25:41.795-0300] {logging_mixin.py:137} INFO - [2023-04-08T15:25:41.795-0300] {manager.py:504} INFO - Created Permission View: can read on DAG:dataset_consumes_unknown_never_scheduled
[2023-04-08T15:25:41.862-0300] {logging_mixin.py:137} INFO - [2023-04-08T15:25:41.860-0300] {manager.py:504} INFO - Created Permission View: can delete on DAG:dataset_consumes_1
[2023-04-08T15:25:41.923-0300] {logging_mixin.py:137} INFO - [2023-04-08T15:25:41.918-0300] {manager.py:504} INFO - Created Permission View: can edit on DAG:dataset_consumes_1
[2023-04-08T15:25:41.989-0300] {logging_mixin.py:137} INFO - [2023-04-08T15:25:41.988-0300] {manager.py:504} INFO - Created Permission View: can read on DAG:dataset_consumes_1
[2023-04-08T15:25:42.063-0300] {logging_mixin.py:137} INFO - [2023-04-08T15:25:42.061-0300] {manager.py:504} INFO - Created Permission View: can delete on DAG:dataset_consumes_1_and_2
[2023-04-08T15:25:42.092-0300] {logging_mixin.py:137} INFO - [2023-04-08T15:25:42.091-0300] {manager.py:504} INFO - Created Permission View: can edit on DAG:dataset_consumes_1_and_2
[2023-04-08T15:25:42.137-0300] {logging_mixin.py:137} INFO - [2023-04-08T15:25:42.133-0300] {manager.py:504} INFO - Created Permission View: can read on DAG:dataset_consumes_1_and_2
[2023-04-08T15:25:42.264-0300] {logging_mixin.py:137} INFO - [2023-04-08T15:25:42.264-0300] {manager.py:504} INFO - Created Permission View: can delete on DAG:dataset_consumes_1_never_scheduled
[2023-04-08T15:25:42.297-0300] {logging_mixin.py:137} INFO - [2023-04-08T15:25:42.297-0300] {manager.py:504} INFO - Created Permission View: can edit on DAG:dataset_consumes_1_never_scheduled
[2023-04-08T15:25:42.324-0300] {logging_mixin.py:137} INFO - [2023-04-08T15:25:42.324-0300] {manager.py:504} INFO - Created Permission View: can read on DAG:dataset_consumes_1_never_scheduled
[2023-04-08T15:25:42.391-0300] {logging_mixin.py:137} INFO - [2023-04-08T15:25:42.391-0300] {manager.py:504} INFO - Created Permission View: can delete on DAG:dataset_produces_1
[2023-04-08T15:25:42.411-0300] {logging_mixin.py:137} INFO - [2023-04-08T15:25:42.411-0300] {manager.py:504} INFO - Created Permission View: can edit on DAG:dataset_produces_1
[2023-04-08T15:25:42.434-0300] {logging_mixin.py:137} INFO - [2023-04-08T15:25:42.434-0300] {manager.py:504} INFO - Created Permission View: can read on DAG:dataset_produces_1
[2023-04-08T15:25:42.434-0300] {logging_mixin.py:137} INFO - [2023-04-08T15:25:42.434-0300] {dag.py:2705} INFO - Sync 6 DAGs
[2023-04-08T15:25:42.452-0300] {logging_mixin.py:137} INFO - [2023-04-08T15:25:42.452-0300] {dag.py:2726} INFO - Creating ORM DAG for dataset_produces_2
[2023-04-08T15:25:42.452-0300] {logging_mixin.py:137} INFO - [2023-04-08T15:25:42.452-0300] {dag.py:2726} INFO - Creating ORM DAG for dataset_consumes_1
[2023-04-08T15:25:42.453-0300] {logging_mixin.py:137} INFO - [2023-04-08T15:25:42.452-0300] {dag.py:2726} INFO - Creating ORM DAG for dataset_produces_1
[2023-04-08T15:25:42.453-0300] {logging_mixin.py:137} INFO - [2023-04-08T15:25:42.453-0300] {dag.py:2726} INFO - Creating ORM DAG for dataset_consumes_1_never_scheduled
[2023-04-08T15:25:42.453-0300] {logging_mixin.py:137} INFO - [2023-04-08T15:25:42.453-0300] {dag.py:2726} INFO - Creating ORM DAG for dataset_consumes_unknown_never_scheduled
[2023-04-08T15:25:42.453-0300] {logging_mixin.py:137} INFO - [2023-04-08T15:25:42.453-0300] {dag.py:2726} INFO - Creating ORM DAG for dataset_consumes_1_and_2
[2023-04-08T15:25:42.469-0300] {logging_mixin.py:137} INFO - [2023-04-08T15:25:42.469-0300] {dag.py:3452} INFO - Setting next_dagrun for dataset_consumes_1 to None, run_after=None
[2023-04-08T15:25:42.470-0300] {logging_mixin.py:137} INFO - [2023-04-08T15:25:42.470-0300] {dag.py:3452} INFO - Setting next_dagrun for dataset_consumes_1_and_2 to None, run_after=None
[2023-04-08T15:25:42.470-0300] {logging_mixin.py:137} INFO - [2023-04-08T15:25:42.470-0300] {dag.py:3452} INFO - Setting next_dagrun for dataset_consumes_1_never_scheduled to None, run_after=None
[2023-04-08T15:25:42.470-0300] {logging_mixin.py:137} INFO - [2023-04-08T15:25:42.470-0300] {dag.py:3452} INFO - Setting next_dagrun for dataset_consumes_unknown_never_scheduled to None, run_after=None
[2023-04-08T15:25:42.471-0300] {logging_mixin.py:137} INFO - [2023-04-08T15:25:42.471-0300] {dag.py:3452} INFO - Setting next_dagrun for dataset_produces_1 to 2023-04-07T00:00:00+00:00, run_after=2023-04-08T00:00:00+00:00
[2023-04-08T15:25:42.472-0300] {logging_mixin.py:137} INFO - [2023-04-08T15:25:42.472-0300] {dag.py:3452} INFO - Setting next_dagrun for dataset_produces_2 to None, run_after=None
[2023-04-08T15:25:42.547-0300] {processor.py:175} INFO - Processing /home/kauanu/PycharmProjects/AirFLowEnade/venv/lib/python3.10/site-packages/airflow/example_dags/example_datasets.py took 1.513 seconds
[2023-04-08T15:26:33.794-0300] {processor.py:153} INFO - Started process (PID=13687) to work on /home/kauanu/PycharmProjects/AirFLowEnade/venv/lib/python3.10/site-packages/airflow/example_dags/example_datasets.py
[2023-04-08T15:26:33.819-0300] {processor.py:743} INFO - Processing file /home/kauanu/PycharmProjects/AirFLowEnade/venv/lib/python3.10/site-packages/airflow/example_dags/example_datasets.py for tasks to queue
[2023-04-08T15:26:33.827-0300] {logging_mixin.py:137} INFO - [2023-04-08T15:26:33.826-0300] {dagbag.py:532} INFO - Filling up the DagBag from /home/kauanu/PycharmProjects/AirFLowEnade/venv/lib/python3.10/site-packages/airflow/example_dags/example_datasets.py
[2023-04-08T15:26:33.930-0300] {processor.py:753} INFO - DAG(s) dict_keys(['dataset_consumes_1_and_2', 'dataset_produces_1', 'dataset_consumes_1_never_scheduled', 'dataset_consumes_1', 'dataset_produces_2', 'dataset_consumes_unknown_never_scheduled']) retrieved from /home/kauanu/PycharmProjects/AirFLowEnade/venv/lib/python3.10/site-packages/airflow/example_dags/example_datasets.py
[2023-04-08T15:26:34.080-0300] {logging_mixin.py:137} INFO - [2023-04-08T15:26:34.080-0300] {dag.py:2705} INFO - Sync 6 DAGs
[2023-04-08T15:26:34.174-0300] {logging_mixin.py:137} INFO - [2023-04-08T15:26:34.173-0300] {dag.py:3452} INFO - Setting next_dagrun for dataset_consumes_1 to None, run_after=None
[2023-04-08T15:26:34.191-0300] {logging_mixin.py:137} INFO - [2023-04-08T15:26:34.190-0300] {dag.py:3452} INFO - Setting next_dagrun for dataset_consumes_1_and_2 to None, run_after=None
[2023-04-08T15:26:34.196-0300] {logging_mixin.py:137} INFO - [2023-04-08T15:26:34.195-0300] {dag.py:3452} INFO - Setting next_dagrun for dataset_consumes_1_never_scheduled to None, run_after=None
[2023-04-08T15:26:34.199-0300] {logging_mixin.py:137} INFO - [2023-04-08T15:26:34.198-0300] {dag.py:3452} INFO - Setting next_dagrun for dataset_consumes_unknown_never_scheduled to None, run_after=None
[2023-04-08T15:26:34.203-0300] {logging_mixin.py:137} INFO - [2023-04-08T15:26:34.203-0300] {dag.py:3452} INFO - Setting next_dagrun for dataset_produces_1 to 2023-04-07T00:00:00+00:00, run_after=2023-04-08T00:00:00+00:00
[2023-04-08T15:26:34.209-0300] {logging_mixin.py:137} INFO - [2023-04-08T15:26:34.208-0300] {dag.py:3452} INFO - Setting next_dagrun for dataset_produces_2 to None, run_after=None
[2023-04-08T15:26:34.394-0300] {processor.py:175} INFO - Processing /home/kauanu/PycharmProjects/AirFLowEnade/venv/lib/python3.10/site-packages/airflow/example_dags/example_datasets.py took 0.608 seconds
[2023-04-08T15:27:28.659-0300] {processor.py:153} INFO - Started process (PID=13953) to work on /home/kauanu/PycharmProjects/AirFLowEnade/venv/lib/python3.10/site-packages/airflow/example_dags/example_datasets.py
[2023-04-08T15:27:28.666-0300] {processor.py:743} INFO - Processing file /home/kauanu/PycharmProjects/AirFLowEnade/venv/lib/python3.10/site-packages/airflow/example_dags/example_datasets.py for tasks to queue
[2023-04-08T15:27:28.667-0300] {logging_mixin.py:137} INFO - [2023-04-08T15:27:28.667-0300] {dagbag.py:532} INFO - Filling up the DagBag from /home/kauanu/PycharmProjects/AirFLowEnade/venv/lib/python3.10/site-packages/airflow/example_dags/example_datasets.py
[2023-04-08T15:27:28.694-0300] {processor.py:753} INFO - DAG(s) dict_keys(['dataset_consumes_1_never_scheduled', 'dataset_consumes_1', 'dataset_consumes_1_and_2', 'dataset_produces_1', 'dataset_consumes_unknown_never_scheduled', 'dataset_produces_2']) retrieved from /home/kauanu/PycharmProjects/AirFLowEnade/venv/lib/python3.10/site-packages/airflow/example_dags/example_datasets.py
[2023-04-08T15:27:28.725-0300] {logging_mixin.py:137} INFO - [2023-04-08T15:27:28.724-0300] {dag.py:2705} INFO - Sync 6 DAGs
[2023-04-08T15:27:28.743-0300] {logging_mixin.py:137} INFO - [2023-04-08T15:27:28.742-0300] {dag.py:3452} INFO - Setting next_dagrun for dataset_consumes_1 to None, run_after=None
[2023-04-08T15:27:28.745-0300] {logging_mixin.py:137} INFO - [2023-04-08T15:27:28.745-0300] {dag.py:3452} INFO - Setting next_dagrun for dataset_consumes_1_and_2 to None, run_after=None
[2023-04-08T15:27:28.745-0300] {logging_mixin.py:137} INFO - [2023-04-08T15:27:28.745-0300] {dag.py:3452} INFO - Setting next_dagrun for dataset_consumes_1_never_scheduled to None, run_after=None
[2023-04-08T15:27:28.746-0300] {logging_mixin.py:137} INFO - [2023-04-08T15:27:28.746-0300] {dag.py:3452} INFO - Setting next_dagrun for dataset_consumes_unknown_never_scheduled to None, run_after=None
[2023-04-08T15:27:28.747-0300] {logging_mixin.py:137} INFO - [2023-04-08T15:27:28.747-0300] {dag.py:3452} INFO - Setting next_dagrun for dataset_produces_1 to 2023-04-07T00:00:00+00:00, run_after=2023-04-08T00:00:00+00:00
[2023-04-08T15:27:28.748-0300] {logging_mixin.py:137} INFO - [2023-04-08T15:27:28.748-0300] {dag.py:3452} INFO - Setting next_dagrun for dataset_produces_2 to None, run_after=None
[2023-04-08T15:27:28.784-0300] {processor.py:175} INFO - Processing /home/kauanu/PycharmProjects/AirFLowEnade/venv/lib/python3.10/site-packages/airflow/example_dags/example_datasets.py took 0.132 seconds
[2023-04-08T15:28:14.367-0300] {processor.py:153} INFO - Started process (PID=14164) to work on /home/kauanu/PycharmProjects/AirFLowEnade/venv/lib/python3.10/site-packages/airflow/example_dags/example_datasets.py
[2023-04-08T15:28:14.382-0300] {processor.py:743} INFO - Processing file /home/kauanu/PycharmProjects/AirFLowEnade/venv/lib/python3.10/site-packages/airflow/example_dags/example_datasets.py for tasks to queue
[2023-04-08T15:28:14.382-0300] {logging_mixin.py:137} INFO - [2023-04-08T15:28:14.382-0300] {dagbag.py:532} INFO - Filling up the DagBag from /home/kauanu/PycharmProjects/AirFLowEnade/venv/lib/python3.10/site-packages/airflow/example_dags/example_datasets.py
[2023-04-08T15:28:14.397-0300] {processor.py:753} INFO - DAG(s) dict_keys(['dataset_consumes_unknown_never_scheduled', 'dataset_consumes_1_and_2', 'dataset_produces_1', 'dataset_consumes_1', 'dataset_consumes_1_never_scheduled', 'dataset_produces_2']) retrieved from /home/kauanu/PycharmProjects/AirFLowEnade/venv/lib/python3.10/site-packages/airflow/example_dags/example_datasets.py
[2023-04-08T15:28:14.423-0300] {logging_mixin.py:137} INFO - [2023-04-08T15:28:14.423-0300] {dag.py:2705} INFO - Sync 6 DAGs
[2023-04-08T15:28:14.439-0300] {logging_mixin.py:137} INFO - [2023-04-08T15:28:14.439-0300] {dag.py:3452} INFO - Setting next_dagrun for dataset_consumes_1 to None, run_after=None
[2023-04-08T15:28:14.441-0300] {logging_mixin.py:137} INFO - [2023-04-08T15:28:14.441-0300] {dag.py:3452} INFO - Setting next_dagrun for dataset_consumes_1_and_2 to None, run_after=None
[2023-04-08T15:28:14.442-0300] {logging_mixin.py:137} INFO - [2023-04-08T15:28:14.442-0300] {dag.py:3452} INFO - Setting next_dagrun for dataset_consumes_1_never_scheduled to None, run_after=None
[2023-04-08T15:28:14.442-0300] {logging_mixin.py:137} INFO - [2023-04-08T15:28:14.442-0300] {dag.py:3452} INFO - Setting next_dagrun for dataset_consumes_unknown_never_scheduled to None, run_after=None
[2023-04-08T15:28:14.443-0300] {logging_mixin.py:137} INFO - [2023-04-08T15:28:14.443-0300] {dag.py:3452} INFO - Setting next_dagrun for dataset_produces_1 to 2023-04-07T00:00:00+00:00, run_after=2023-04-08T00:00:00+00:00
[2023-04-08T15:28:14.444-0300] {logging_mixin.py:137} INFO - [2023-04-08T15:28:14.444-0300] {dag.py:3452} INFO - Setting next_dagrun for dataset_produces_2 to None, run_after=None
[2023-04-08T15:28:14.504-0300] {processor.py:175} INFO - Processing /home/kauanu/PycharmProjects/AirFLowEnade/venv/lib/python3.10/site-packages/airflow/example_dags/example_datasets.py took 0.141 seconds
[2023-04-08T15:29:03.523-0300] {processor.py:153} INFO - Started process (PID=14444) to work on /home/kauanu/PycharmProjects/AirFLowEnade/venv/lib/python3.10/site-packages/airflow/example_dags/example_datasets.py
[2023-04-08T15:29:03.722-0300] {processor.py:743} INFO - Processing file /home/kauanu/PycharmProjects/AirFLowEnade/venv/lib/python3.10/site-packages/airflow/example_dags/example_datasets.py for tasks to queue
[2023-04-08T15:29:03.726-0300] {logging_mixin.py:137} INFO - [2023-04-08T15:29:03.725-0300] {dagbag.py:532} INFO - Filling up the DagBag from /home/kauanu/PycharmProjects/AirFLowEnade/venv/lib/python3.10/site-packages/airflow/example_dags/example_datasets.py
[2023-04-08T15:29:03.746-0300] {processor.py:753} INFO - DAG(s) dict_keys(['dataset_produces_1', 'dataset_consumes_unknown_never_scheduled', 'dataset_produces_2', 'dataset_consumes_1_never_scheduled', 'dataset_consumes_1_and_2', 'dataset_consumes_1']) retrieved from /home/kauanu/PycharmProjects/AirFLowEnade/venv/lib/python3.10/site-packages/airflow/example_dags/example_datasets.py
[2023-04-08T15:29:03.794-0300] {logging_mixin.py:137} INFO - [2023-04-08T15:29:03.794-0300] {dag.py:2705} INFO - Sync 6 DAGs
[2023-04-08T15:29:03.812-0300] {logging_mixin.py:137} INFO - [2023-04-08T15:29:03.811-0300] {dag.py:3452} INFO - Setting next_dagrun for dataset_consumes_1 to None, run_after=None
[2023-04-08T15:29:03.818-0300] {logging_mixin.py:137} INFO - [2023-04-08T15:29:03.817-0300] {dag.py:3452} INFO - Setting next_dagrun for dataset_consumes_1_and_2 to None, run_after=None
[2023-04-08T15:29:03.820-0300] {logging_mixin.py:137} INFO - [2023-04-08T15:29:03.820-0300] {dag.py:3452} INFO - Setting next_dagrun for dataset_consumes_1_never_scheduled to None, run_after=None
[2023-04-08T15:29:03.821-0300] {logging_mixin.py:137} INFO - [2023-04-08T15:29:03.821-0300] {dag.py:3452} INFO - Setting next_dagrun for dataset_consumes_unknown_never_scheduled to None, run_after=None
[2023-04-08T15:29:03.823-0300] {logging_mixin.py:137} INFO - [2023-04-08T15:29:03.823-0300] {dag.py:3452} INFO - Setting next_dagrun for dataset_produces_1 to 2023-04-07T00:00:00+00:00, run_after=2023-04-08T00:00:00+00:00
[2023-04-08T15:29:03.824-0300] {logging_mixin.py:137} INFO - [2023-04-08T15:29:03.824-0300] {dag.py:3452} INFO - Setting next_dagrun for dataset_produces_2 to None, run_after=None
[2023-04-08T15:29:04.013-0300] {processor.py:175} INFO - Processing /home/kauanu/PycharmProjects/AirFLowEnade/venv/lib/python3.10/site-packages/airflow/example_dags/example_datasets.py took 0.502 seconds
[2023-04-08T15:29:49.933-0300] {processor.py:153} INFO - Started process (PID=14673) to work on /home/kauanu/PycharmProjects/AirFLowEnade/venv/lib/python3.10/site-packages/airflow/example_dags/example_datasets.py
[2023-04-08T15:29:49.935-0300] {processor.py:743} INFO - Processing file /home/kauanu/PycharmProjects/AirFLowEnade/venv/lib/python3.10/site-packages/airflow/example_dags/example_datasets.py for tasks to queue
[2023-04-08T15:29:49.936-0300] {logging_mixin.py:137} INFO - [2023-04-08T15:29:49.936-0300] {dagbag.py:532} INFO - Filling up the DagBag from /home/kauanu/PycharmProjects/AirFLowEnade/venv/lib/python3.10/site-packages/airflow/example_dags/example_datasets.py
[2023-04-08T15:29:49.947-0300] {processor.py:753} INFO - DAG(s) dict_keys(['dataset_consumes_1_and_2', 'dataset_produces_1', 'dataset_produces_2', 'dataset_consumes_1', 'dataset_consumes_1_never_scheduled', 'dataset_consumes_unknown_never_scheduled']) retrieved from /home/kauanu/PycharmProjects/AirFLowEnade/venv/lib/python3.10/site-packages/airflow/example_dags/example_datasets.py
[2023-04-08T15:29:49.968-0300] {logging_mixin.py:137} INFO - [2023-04-08T15:29:49.968-0300] {dag.py:2705} INFO - Sync 6 DAGs
[2023-04-08T15:29:49.982-0300] {logging_mixin.py:137} INFO - [2023-04-08T15:29:49.982-0300] {dag.py:3452} INFO - Setting next_dagrun for dataset_consumes_1 to None, run_after=None
[2023-04-08T15:29:49.984-0300] {logging_mixin.py:137} INFO - [2023-04-08T15:29:49.984-0300] {dag.py:3452} INFO - Setting next_dagrun for dataset_consumes_1_and_2 to None, run_after=None
[2023-04-08T15:29:49.984-0300] {logging_mixin.py:137} INFO - [2023-04-08T15:29:49.984-0300] {dag.py:3452} INFO - Setting next_dagrun for dataset_consumes_1_never_scheduled to None, run_after=None
[2023-04-08T15:29:49.985-0300] {logging_mixin.py:137} INFO - [2023-04-08T15:29:49.985-0300] {dag.py:3452} INFO - Setting next_dagrun for dataset_consumes_unknown_never_scheduled to None, run_after=None
[2023-04-08T15:29:49.986-0300] {logging_mixin.py:137} INFO - [2023-04-08T15:29:49.986-0300] {dag.py:3452} INFO - Setting next_dagrun for dataset_produces_1 to 2023-04-07T00:00:00+00:00, run_after=2023-04-08T00:00:00+00:00
[2023-04-08T15:29:49.987-0300] {logging_mixin.py:137} INFO - [2023-04-08T15:29:49.987-0300] {dag.py:3452} INFO - Setting next_dagrun for dataset_produces_2 to None, run_after=None
[2023-04-08T15:29:50.015-0300] {processor.py:175} INFO - Processing /home/kauanu/PycharmProjects/AirFLowEnade/venv/lib/python3.10/site-packages/airflow/example_dags/example_datasets.py took 0.085 seconds
[2023-04-08T15:30:33.832-0300] {processor.py:153} INFO - Started process (PID=14861) to work on /home/kauanu/PycharmProjects/AirFLowEnade/venv/lib/python3.10/site-packages/airflow/example_dags/example_datasets.py
[2023-04-08T15:30:33.834-0300] {processor.py:743} INFO - Processing file /home/kauanu/PycharmProjects/AirFLowEnade/venv/lib/python3.10/site-packages/airflow/example_dags/example_datasets.py for tasks to queue
[2023-04-08T15:30:33.835-0300] {logging_mixin.py:137} INFO - [2023-04-08T15:30:33.834-0300] {dagbag.py:532} INFO - Filling up the DagBag from /home/kauanu/PycharmProjects/AirFLowEnade/venv/lib/python3.10/site-packages/airflow/example_dags/example_datasets.py
[2023-04-08T15:30:33.848-0300] {processor.py:753} INFO - DAG(s) dict_keys(['dataset_consumes_1_and_2', 'dataset_produces_1', 'dataset_consumes_unknown_never_scheduled', 'dataset_consumes_1', 'dataset_produces_2', 'dataset_consumes_1_never_scheduled']) retrieved from /home/kauanu/PycharmProjects/AirFLowEnade/venv/lib/python3.10/site-packages/airflow/example_dags/example_datasets.py
[2023-04-08T15:30:33.880-0300] {logging_mixin.py:137} INFO - [2023-04-08T15:30:33.879-0300] {dag.py:2705} INFO - Sync 6 DAGs
[2023-04-08T15:30:33.901-0300] {logging_mixin.py:137} INFO - [2023-04-08T15:30:33.901-0300] {dag.py:3452} INFO - Setting next_dagrun for dataset_consumes_1 to None, run_after=None
[2023-04-08T15:30:33.903-0300] {logging_mixin.py:137} INFO - [2023-04-08T15:30:33.903-0300] {dag.py:3452} INFO - Setting next_dagrun for dataset_consumes_1_and_2 to None, run_after=None
[2023-04-08T15:30:33.904-0300] {logging_mixin.py:137} INFO - [2023-04-08T15:30:33.904-0300] {dag.py:3452} INFO - Setting next_dagrun for dataset_consumes_1_never_scheduled to None, run_after=None
[2023-04-08T15:30:33.904-0300] {logging_mixin.py:137} INFO - [2023-04-08T15:30:33.904-0300] {dag.py:3452} INFO - Setting next_dagrun for dataset_consumes_unknown_never_scheduled to None, run_after=None
[2023-04-08T15:30:33.906-0300] {logging_mixin.py:137} INFO - [2023-04-08T15:30:33.905-0300] {dag.py:3452} INFO - Setting next_dagrun for dataset_produces_1 to 2023-04-07T00:00:00+00:00, run_after=2023-04-08T00:00:00+00:00
[2023-04-08T15:30:33.906-0300] {logging_mixin.py:137} INFO - [2023-04-08T15:30:33.906-0300] {dag.py:3452} INFO - Setting next_dagrun for dataset_produces_2 to None, run_after=None
[2023-04-08T15:30:33.943-0300] {processor.py:175} INFO - Processing /home/kauanu/PycharmProjects/AirFLowEnade/venv/lib/python3.10/site-packages/airflow/example_dags/example_datasets.py took 0.115 seconds
[2023-04-08T15:31:16.776-0300] {processor.py:153} INFO - Started process (PID=15095) to work on /home/kauanu/PycharmProjects/AirFLowEnade/venv/lib/python3.10/site-packages/airflow/example_dags/example_datasets.py
[2023-04-08T15:31:16.777-0300] {processor.py:743} INFO - Processing file /home/kauanu/PycharmProjects/AirFLowEnade/venv/lib/python3.10/site-packages/airflow/example_dags/example_datasets.py for tasks to queue
[2023-04-08T15:31:16.778-0300] {logging_mixin.py:137} INFO - [2023-04-08T15:31:16.777-0300] {dagbag.py:532} INFO - Filling up the DagBag from /home/kauanu/PycharmProjects/AirFLowEnade/venv/lib/python3.10/site-packages/airflow/example_dags/example_datasets.py
[2023-04-08T15:31:16.795-0300] {processor.py:753} INFO - DAG(s) dict_keys(['dataset_produces_1', 'dataset_consumes_1_and_2', 'dataset_produces_2', 'dataset_consumes_unknown_never_scheduled', 'dataset_consumes_1', 'dataset_consumes_1_never_scheduled']) retrieved from /home/kauanu/PycharmProjects/AirFLowEnade/venv/lib/python3.10/site-packages/airflow/example_dags/example_datasets.py
[2023-04-08T15:31:16.820-0300] {logging_mixin.py:137} INFO - [2023-04-08T15:31:16.820-0300] {dag.py:2705} INFO - Sync 6 DAGs
[2023-04-08T15:31:16.834-0300] {logging_mixin.py:137} INFO - [2023-04-08T15:31:16.834-0300] {dag.py:3452} INFO - Setting next_dagrun for dataset_consumes_1 to None, run_after=None
[2023-04-08T15:31:16.836-0300] {logging_mixin.py:137} INFO - [2023-04-08T15:31:16.836-0300] {dag.py:3452} INFO - Setting next_dagrun for dataset_consumes_1_and_2 to None, run_after=None
[2023-04-08T15:31:16.837-0300] {logging_mixin.py:137} INFO - [2023-04-08T15:31:16.837-0300] {dag.py:3452} INFO - Setting next_dagrun for dataset_consumes_1_never_scheduled to None, run_after=None
[2023-04-08T15:31:16.837-0300] {logging_mixin.py:137} INFO - [2023-04-08T15:31:16.837-0300] {dag.py:3452} INFO - Setting next_dagrun for dataset_consumes_unknown_never_scheduled to None, run_after=None
[2023-04-08T15:31:16.839-0300] {logging_mixin.py:137} INFO - [2023-04-08T15:31:16.839-0300] {dag.py:3452} INFO - Setting next_dagrun for dataset_produces_1 to 2023-04-07T00:00:00+00:00, run_after=2023-04-08T00:00:00+00:00
[2023-04-08T15:31:16.840-0300] {logging_mixin.py:137} INFO - [2023-04-08T15:31:16.839-0300] {dag.py:3452} INFO - Setting next_dagrun for dataset_produces_2 to None, run_after=None
[2023-04-08T15:31:16.866-0300] {processor.py:175} INFO - Processing /home/kauanu/PycharmProjects/AirFLowEnade/venv/lib/python3.10/site-packages/airflow/example_dags/example_datasets.py took 0.093 seconds
[2023-04-08T15:31:56.908-0300] {processor.py:153} INFO - Started process (PID=15263) to work on /home/kauanu/PycharmProjects/AirFLowEnade/venv/lib/python3.10/site-packages/airflow/example_dags/example_datasets.py
[2023-04-08T15:31:56.910-0300] {processor.py:743} INFO - Processing file /home/kauanu/PycharmProjects/AirFLowEnade/venv/lib/python3.10/site-packages/airflow/example_dags/example_datasets.py for tasks to queue
[2023-04-08T15:31:56.911-0300] {logging_mixin.py:137} INFO - [2023-04-08T15:31:56.911-0300] {dagbag.py:532} INFO - Filling up the DagBag from /home/kauanu/PycharmProjects/AirFLowEnade/venv/lib/python3.10/site-packages/airflow/example_dags/example_datasets.py
[2023-04-08T15:31:56.923-0300] {processor.py:753} INFO - DAG(s) dict_keys(['dataset_consumes_unknown_never_scheduled', 'dataset_consumes_1_and_2', 'dataset_consumes_1', 'dataset_consumes_1_never_scheduled', 'dataset_produces_1', 'dataset_produces_2']) retrieved from /home/kauanu/PycharmProjects/AirFLowEnade/venv/lib/python3.10/site-packages/airflow/example_dags/example_datasets.py
[2023-04-08T15:31:56.951-0300] {logging_mixin.py:137} INFO - [2023-04-08T15:31:56.950-0300] {dag.py:2705} INFO - Sync 6 DAGs
[2023-04-08T15:31:56.967-0300] {logging_mixin.py:137} INFO - [2023-04-08T15:31:56.967-0300] {dag.py:3452} INFO - Setting next_dagrun for dataset_consumes_1 to None, run_after=None
[2023-04-08T15:31:56.969-0300] {logging_mixin.py:137} INFO - [2023-04-08T15:31:56.969-0300] {dag.py:3452} INFO - Setting next_dagrun for dataset_consumes_1_and_2 to None, run_after=None
[2023-04-08T15:31:56.969-0300] {logging_mixin.py:137} INFO - [2023-04-08T15:31:56.969-0300] {dag.py:3452} INFO - Setting next_dagrun for dataset_consumes_1_never_scheduled to None, run_after=None
[2023-04-08T15:31:56.970-0300] {logging_mixin.py:137} INFO - [2023-04-08T15:31:56.970-0300] {dag.py:3452} INFO - Setting next_dagrun for dataset_consumes_unknown_never_scheduled to None, run_after=None
[2023-04-08T15:31:56.971-0300] {logging_mixin.py:137} INFO - [2023-04-08T15:31:56.971-0300] {dag.py:3452} INFO - Setting next_dagrun for dataset_produces_1 to 2023-04-07T00:00:00+00:00, run_after=2023-04-08T00:00:00+00:00
[2023-04-08T15:31:56.972-0300] {logging_mixin.py:137} INFO - [2023-04-08T15:31:56.972-0300] {dag.py:3452} INFO - Setting next_dagrun for dataset_produces_2 to None, run_after=None
[2023-04-08T15:31:57.033-0300] {processor.py:175} INFO - Processing /home/kauanu/PycharmProjects/AirFLowEnade/venv/lib/python3.10/site-packages/airflow/example_dags/example_datasets.py took 0.127 seconds
[2023-04-08T15:32:46.427-0300] {processor.py:153} INFO - Started process (PID=15499) to work on /home/kauanu/PycharmProjects/AirFLowEnade/venv/lib/python3.10/site-packages/airflow/example_dags/example_datasets.py
[2023-04-08T15:32:46.428-0300] {processor.py:743} INFO - Processing file /home/kauanu/PycharmProjects/AirFLowEnade/venv/lib/python3.10/site-packages/airflow/example_dags/example_datasets.py for tasks to queue
[2023-04-08T15:32:46.429-0300] {logging_mixin.py:137} INFO - [2023-04-08T15:32:46.429-0300] {dagbag.py:532} INFO - Filling up the DagBag from /home/kauanu/PycharmProjects/AirFLowEnade/venv/lib/python3.10/site-packages/airflow/example_dags/example_datasets.py
[2023-04-08T15:32:46.441-0300] {processor.py:753} INFO - DAG(s) dict_keys(['dataset_consumes_1', 'dataset_consumes_1_and_2', 'dataset_produces_1', 'dataset_consumes_1_never_scheduled', 'dataset_produces_2', 'dataset_consumes_unknown_never_scheduled']) retrieved from /home/kauanu/PycharmProjects/AirFLowEnade/venv/lib/python3.10/site-packages/airflow/example_dags/example_datasets.py
[2023-04-08T15:32:46.462-0300] {logging_mixin.py:137} INFO - [2023-04-08T15:32:46.462-0300] {dag.py:2705} INFO - Sync 6 DAGs
[2023-04-08T15:32:46.475-0300] {logging_mixin.py:137} INFO - [2023-04-08T15:32:46.475-0300] {dag.py:3452} INFO - Setting next_dagrun for dataset_consumes_1 to None, run_after=None
[2023-04-08T15:32:46.477-0300] {logging_mixin.py:137} INFO - [2023-04-08T15:32:46.477-0300] {dag.py:3452} INFO - Setting next_dagrun for dataset_consumes_1_and_2 to None, run_after=None
[2023-04-08T15:32:46.478-0300] {logging_mixin.py:137} INFO - [2023-04-08T15:32:46.477-0300] {dag.py:3452} INFO - Setting next_dagrun for dataset_consumes_1_never_scheduled to None, run_after=None
[2023-04-08T15:32:46.478-0300] {logging_mixin.py:137} INFO - [2023-04-08T15:32:46.478-0300] {dag.py:3452} INFO - Setting next_dagrun for dataset_consumes_unknown_never_scheduled to None, run_after=None
[2023-04-08T15:32:46.479-0300] {logging_mixin.py:137} INFO - [2023-04-08T15:32:46.479-0300] {dag.py:3452} INFO - Setting next_dagrun for dataset_produces_1 to 2023-04-07T00:00:00+00:00, run_after=2023-04-08T00:00:00+00:00
[2023-04-08T15:32:46.480-0300] {logging_mixin.py:137} INFO - [2023-04-08T15:32:46.480-0300] {dag.py:3452} INFO - Setting next_dagrun for dataset_produces_2 to None, run_after=None
[2023-04-08T15:32:46.511-0300] {processor.py:175} INFO - Processing /home/kauanu/PycharmProjects/AirFLowEnade/venv/lib/python3.10/site-packages/airflow/example_dags/example_datasets.py took 0.087 seconds
[2023-04-08T15:33:25.586-0300] {processor.py:153} INFO - Started process (PID=15679) to work on /home/kauanu/PycharmProjects/AirFLowEnade/venv/lib/python3.10/site-packages/airflow/example_dags/example_datasets.py
[2023-04-08T15:33:25.587-0300] {processor.py:743} INFO - Processing file /home/kauanu/PycharmProjects/AirFLowEnade/venv/lib/python3.10/site-packages/airflow/example_dags/example_datasets.py for tasks to queue
[2023-04-08T15:33:25.587-0300] {logging_mixin.py:137} INFO - [2023-04-08T15:33:25.587-0300] {dagbag.py:532} INFO - Filling up the DagBag from /home/kauanu/PycharmProjects/AirFLowEnade/venv/lib/python3.10/site-packages/airflow/example_dags/example_datasets.py
[2023-04-08T15:33:25.599-0300] {processor.py:753} INFO - DAG(s) dict_keys(['dataset_produces_2', 'dataset_produces_1', 'dataset_consumes_1_and_2', 'dataset_consumes_1_never_scheduled', 'dataset_consumes_unknown_never_scheduled', 'dataset_consumes_1']) retrieved from /home/kauanu/PycharmProjects/AirFLowEnade/venv/lib/python3.10/site-packages/airflow/example_dags/example_datasets.py
[2023-04-08T15:33:25.626-0300] {logging_mixin.py:137} INFO - [2023-04-08T15:33:25.625-0300] {dag.py:2705} INFO - Sync 6 DAGs
[2023-04-08T15:33:25.642-0300] {logging_mixin.py:137} INFO - [2023-04-08T15:33:25.642-0300] {dag.py:3452} INFO - Setting next_dagrun for dataset_consumes_1 to None, run_after=None
[2023-04-08T15:33:25.645-0300] {logging_mixin.py:137} INFO - [2023-04-08T15:33:25.645-0300] {dag.py:3452} INFO - Setting next_dagrun for dataset_consumes_1_and_2 to None, run_after=None
[2023-04-08T15:33:25.646-0300] {logging_mixin.py:137} INFO - [2023-04-08T15:33:25.645-0300] {dag.py:3452} INFO - Setting next_dagrun for dataset_consumes_1_never_scheduled to None, run_after=None
[2023-04-08T15:33:25.646-0300] {logging_mixin.py:137} INFO - [2023-04-08T15:33:25.646-0300] {dag.py:3452} INFO - Setting next_dagrun for dataset_consumes_unknown_never_scheduled to None, run_after=None
[2023-04-08T15:33:25.647-0300] {logging_mixin.py:137} INFO - [2023-04-08T15:33:25.647-0300] {dag.py:3452} INFO - Setting next_dagrun for dataset_produces_1 to 2023-04-07T00:00:00+00:00, run_after=2023-04-08T00:00:00+00:00
[2023-04-08T15:33:25.648-0300] {logging_mixin.py:137} INFO - [2023-04-08T15:33:25.648-0300] {dag.py:3452} INFO - Setting next_dagrun for dataset_produces_2 to None, run_after=None
[2023-04-08T15:33:25.682-0300] {processor.py:175} INFO - Processing /home/kauanu/PycharmProjects/AirFLowEnade/venv/lib/python3.10/site-packages/airflow/example_dags/example_datasets.py took 0.099 seconds
[2023-04-08T15:34:04.612-0300] {processor.py:153} INFO - Started process (PID=15868) to work on /home/kauanu/PycharmProjects/AirFLowEnade/venv/lib/python3.10/site-packages/airflow/example_dags/example_datasets.py
[2023-04-08T15:34:04.613-0300] {processor.py:743} INFO - Processing file /home/kauanu/PycharmProjects/AirFLowEnade/venv/lib/python3.10/site-packages/airflow/example_dags/example_datasets.py for tasks to queue
[2023-04-08T15:34:04.614-0300] {logging_mixin.py:137} INFO - [2023-04-08T15:34:04.613-0300] {dagbag.py:532} INFO - Filling up the DagBag from /home/kauanu/PycharmProjects/AirFLowEnade/venv/lib/python3.10/site-packages/airflow/example_dags/example_datasets.py
[2023-04-08T15:34:04.625-0300] {processor.py:753} INFO - DAG(s) dict_keys(['dataset_consumes_1_never_scheduled', 'dataset_consumes_1', 'dataset_produces_1', 'dataset_consumes_1_and_2', 'dataset_consumes_unknown_never_scheduled', 'dataset_produces_2']) retrieved from /home/kauanu/PycharmProjects/AirFLowEnade/venv/lib/python3.10/site-packages/airflow/example_dags/example_datasets.py
[2023-04-08T15:34:04.648-0300] {logging_mixin.py:137} INFO - [2023-04-08T15:34:04.647-0300] {dag.py:2705} INFO - Sync 6 DAGs
[2023-04-08T15:34:04.668-0300] {logging_mixin.py:137} INFO - [2023-04-08T15:34:04.667-0300] {dag.py:3452} INFO - Setting next_dagrun for dataset_consumes_1 to None, run_after=None
[2023-04-08T15:34:04.671-0300] {logging_mixin.py:137} INFO - [2023-04-08T15:34:04.670-0300] {dag.py:3452} INFO - Setting next_dagrun for dataset_consumes_1_and_2 to None, run_after=None
[2023-04-08T15:34:04.671-0300] {logging_mixin.py:137} INFO - [2023-04-08T15:34:04.671-0300] {dag.py:3452} INFO - Setting next_dagrun for dataset_consumes_1_never_scheduled to None, run_after=None
[2023-04-08T15:34:04.672-0300] {logging_mixin.py:137} INFO - [2023-04-08T15:34:04.672-0300] {dag.py:3452} INFO - Setting next_dagrun for dataset_consumes_unknown_never_scheduled to None, run_after=None
[2023-04-08T15:34:04.673-0300] {logging_mixin.py:137} INFO - [2023-04-08T15:34:04.673-0300] {dag.py:3452} INFO - Setting next_dagrun for dataset_produces_1 to 2023-04-07T00:00:00+00:00, run_after=2023-04-08T00:00:00+00:00
[2023-04-08T15:34:04.673-0300] {logging_mixin.py:137} INFO - [2023-04-08T15:34:04.673-0300] {dag.py:3452} INFO - Setting next_dagrun for dataset_produces_2 to None, run_after=None
[2023-04-08T15:34:04.715-0300] {processor.py:175} INFO - Processing /home/kauanu/PycharmProjects/AirFLowEnade/venv/lib/python3.10/site-packages/airflow/example_dags/example_datasets.py took 0.106 seconds
[2023-04-08T15:34:49.646-0300] {processor.py:153} INFO - Started process (PID=16106) to work on /home/kauanu/PycharmProjects/AirFLowEnade/venv/lib/python3.10/site-packages/airflow/example_dags/example_datasets.py
[2023-04-08T15:34:49.657-0300] {processor.py:743} INFO - Processing file /home/kauanu/PycharmProjects/AirFLowEnade/venv/lib/python3.10/site-packages/airflow/example_dags/example_datasets.py for tasks to queue
[2023-04-08T15:34:49.658-0300] {logging_mixin.py:137} INFO - [2023-04-08T15:34:49.658-0300] {dagbag.py:532} INFO - Filling up the DagBag from /home/kauanu/PycharmProjects/AirFLowEnade/venv/lib/python3.10/site-packages/airflow/example_dags/example_datasets.py
[2023-04-08T15:34:49.672-0300] {processor.py:753} INFO - DAG(s) dict_keys(['dataset_produces_1', 'dataset_produces_2', 'dataset_consumes_unknown_never_scheduled', 'dataset_consumes_1_and_2', 'dataset_consumes_1', 'dataset_consumes_1_never_scheduled']) retrieved from /home/kauanu/PycharmProjects/AirFLowEnade/venv/lib/python3.10/site-packages/airflow/example_dags/example_datasets.py
[2023-04-08T15:34:49.696-0300] {logging_mixin.py:137} INFO - [2023-04-08T15:34:49.696-0300] {dag.py:2705} INFO - Sync 6 DAGs
[2023-04-08T15:34:49.710-0300] {logging_mixin.py:137} INFO - [2023-04-08T15:34:49.710-0300] {dag.py:3452} INFO - Setting next_dagrun for dataset_consumes_1 to None, run_after=None
[2023-04-08T15:34:49.712-0300] {logging_mixin.py:137} INFO - [2023-04-08T15:34:49.712-0300] {dag.py:3452} INFO - Setting next_dagrun for dataset_consumes_1_and_2 to None, run_after=None
[2023-04-08T15:34:49.712-0300] {logging_mixin.py:137} INFO - [2023-04-08T15:34:49.712-0300] {dag.py:3452} INFO - Setting next_dagrun for dataset_consumes_1_never_scheduled to None, run_after=None
[2023-04-08T15:34:49.713-0300] {logging_mixin.py:137} INFO - [2023-04-08T15:34:49.713-0300] {dag.py:3452} INFO - Setting next_dagrun for dataset_consumes_unknown_never_scheduled to None, run_after=None
[2023-04-08T15:34:49.714-0300] {logging_mixin.py:137} INFO - [2023-04-08T15:34:49.714-0300] {dag.py:3452} INFO - Setting next_dagrun for dataset_produces_1 to 2023-04-07T00:00:00+00:00, run_after=2023-04-08T00:00:00+00:00
[2023-04-08T15:34:49.715-0300] {logging_mixin.py:137} INFO - [2023-04-08T15:34:49.715-0300] {dag.py:3452} INFO - Setting next_dagrun for dataset_produces_2 to None, run_after=None
[2023-04-08T15:34:49.751-0300] {processor.py:175} INFO - Processing /home/kauanu/PycharmProjects/AirFLowEnade/venv/lib/python3.10/site-packages/airflow/example_dags/example_datasets.py took 0.107 seconds
[2023-04-08T15:35:34.421-0300] {processor.py:153} INFO - Started process (PID=16295) to work on /home/kauanu/PycharmProjects/AirFLowEnade/venv/lib/python3.10/site-packages/airflow/example_dags/example_datasets.py
[2023-04-08T15:35:34.423-0300] {processor.py:743} INFO - Processing file /home/kauanu/PycharmProjects/AirFLowEnade/venv/lib/python3.10/site-packages/airflow/example_dags/example_datasets.py for tasks to queue
[2023-04-08T15:35:34.424-0300] {logging_mixin.py:137} INFO - [2023-04-08T15:35:34.424-0300] {dagbag.py:532} INFO - Filling up the DagBag from /home/kauanu/PycharmProjects/AirFLowEnade/venv/lib/python3.10/site-packages/airflow/example_dags/example_datasets.py
[2023-04-08T15:35:34.441-0300] {processor.py:753} INFO - DAG(s) dict_keys(['dataset_consumes_unknown_never_scheduled', 'dataset_consumes_1_never_scheduled', 'dataset_produces_2', 'dataset_produces_1', 'dataset_consumes_1', 'dataset_consumes_1_and_2']) retrieved from /home/kauanu/PycharmProjects/AirFLowEnade/venv/lib/python3.10/site-packages/airflow/example_dags/example_datasets.py
[2023-04-08T15:35:34.469-0300] {logging_mixin.py:137} INFO - [2023-04-08T15:35:34.469-0300] {dag.py:2705} INFO - Sync 6 DAGs
[2023-04-08T15:35:34.490-0300] {logging_mixin.py:137} INFO - [2023-04-08T15:35:34.490-0300] {dag.py:3452} INFO - Setting next_dagrun for dataset_consumes_1 to None, run_after=None
[2023-04-08T15:35:34.494-0300] {logging_mixin.py:137} INFO - [2023-04-08T15:35:34.493-0300] {dag.py:3452} INFO - Setting next_dagrun for dataset_consumes_1_and_2 to None, run_after=None
[2023-04-08T15:35:34.496-0300] {logging_mixin.py:137} INFO - [2023-04-08T15:35:34.495-0300] {dag.py:3452} INFO - Setting next_dagrun for dataset_consumes_1_never_scheduled to None, run_after=None
[2023-04-08T15:35:34.497-0300] {logging_mixin.py:137} INFO - [2023-04-08T15:35:34.496-0300] {dag.py:3452} INFO - Setting next_dagrun for dataset_consumes_unknown_never_scheduled to None, run_after=None
[2023-04-08T15:35:34.498-0300] {logging_mixin.py:137} INFO - [2023-04-08T15:35:34.498-0300] {dag.py:3452} INFO - Setting next_dagrun for dataset_produces_1 to 2023-04-07T00:00:00+00:00, run_after=2023-04-08T00:00:00+00:00
[2023-04-08T15:35:34.499-0300] {logging_mixin.py:137} INFO - [2023-04-08T15:35:34.499-0300] {dag.py:3452} INFO - Setting next_dagrun for dataset_produces_2 to None, run_after=None
[2023-04-08T15:35:34.530-0300] {processor.py:175} INFO - Processing /home/kauanu/PycharmProjects/AirFLowEnade/venv/lib/python3.10/site-packages/airflow/example_dags/example_datasets.py took 0.112 seconds
[2023-04-08T15:36:17.217-0300] {processor.py:153} INFO - Started process (PID=16487) to work on /home/kauanu/PycharmProjects/AirFLowEnade/venv/lib/python3.10/site-packages/airflow/example_dags/example_datasets.py
[2023-04-08T15:36:17.218-0300] {processor.py:743} INFO - Processing file /home/kauanu/PycharmProjects/AirFLowEnade/venv/lib/python3.10/site-packages/airflow/example_dags/example_datasets.py for tasks to queue
[2023-04-08T15:36:17.219-0300] {logging_mixin.py:137} INFO - [2023-04-08T15:36:17.219-0300] {dagbag.py:532} INFO - Filling up the DagBag from /home/kauanu/PycharmProjects/AirFLowEnade/venv/lib/python3.10/site-packages/airflow/example_dags/example_datasets.py
[2023-04-08T15:36:17.232-0300] {processor.py:753} INFO - DAG(s) dict_keys(['dataset_consumes_1', 'dataset_consumes_1_and_2', 'dataset_produces_1', 'dataset_produces_2', 'dataset_consumes_1_never_scheduled', 'dataset_consumes_unknown_never_scheduled']) retrieved from /home/kauanu/PycharmProjects/AirFLowEnade/venv/lib/python3.10/site-packages/airflow/example_dags/example_datasets.py
[2023-04-08T15:36:17.255-0300] {logging_mixin.py:137} INFO - [2023-04-08T15:36:17.255-0300] {dag.py:2705} INFO - Sync 6 DAGs
[2023-04-08T15:36:17.269-0300] {logging_mixin.py:137} INFO - [2023-04-08T15:36:17.269-0300] {dag.py:3452} INFO - Setting next_dagrun for dataset_consumes_1 to None, run_after=None
[2023-04-08T15:36:17.271-0300] {logging_mixin.py:137} INFO - [2023-04-08T15:36:17.271-0300] {dag.py:3452} INFO - Setting next_dagrun for dataset_consumes_1_and_2 to None, run_after=None
[2023-04-08T15:36:17.272-0300] {logging_mixin.py:137} INFO - [2023-04-08T15:36:17.272-0300] {dag.py:3452} INFO - Setting next_dagrun for dataset_consumes_1_never_scheduled to None, run_after=None
[2023-04-08T15:36:17.272-0300] {logging_mixin.py:137} INFO - [2023-04-08T15:36:17.272-0300] {dag.py:3452} INFO - Setting next_dagrun for dataset_consumes_unknown_never_scheduled to None, run_after=None
[2023-04-08T15:36:17.274-0300] {logging_mixin.py:137} INFO - [2023-04-08T15:36:17.274-0300] {dag.py:3452} INFO - Setting next_dagrun for dataset_produces_1 to 2023-04-07T00:00:00+00:00, run_after=2023-04-08T00:00:00+00:00
[2023-04-08T15:36:17.274-0300] {logging_mixin.py:137} INFO - [2023-04-08T15:36:17.274-0300] {dag.py:3452} INFO - Setting next_dagrun for dataset_produces_2 to None, run_after=None
[2023-04-08T15:36:17.301-0300] {processor.py:175} INFO - Processing /home/kauanu/PycharmProjects/AirFLowEnade/venv/lib/python3.10/site-packages/airflow/example_dags/example_datasets.py took 0.087 seconds
