[2023-04-08T15:25:17.606-0300] {processor.py:153} INFO - Started process (PID=13316) to work on /home/kauanu/PycharmProjects/AirFLowEnade/venv/lib/python3.10/site-packages/airflow/example_dags/example_external_task_marker_dag.py
[2023-04-08T15:25:17.607-0300] {processor.py:743} INFO - Processing file /home/kauanu/PycharmProjects/AirFLowEnade/venv/lib/python3.10/site-packages/airflow/example_dags/example_external_task_marker_dag.py for tasks to queue
[2023-04-08T15:25:17.607-0300] {logging_mixin.py:137} INFO - [2023-04-08T15:25:17.607-0300] {dagbag.py:532} INFO - Filling up the DagBag from /home/kauanu/PycharmProjects/AirFLowEnade/venv/lib/python3.10/site-packages/airflow/example_dags/example_external_task_marker_dag.py
[2023-04-08T15:25:17.822-0300] {processor.py:753} INFO - DAG(s) dict_keys(['example_external_task_marker_parent', 'example_external_task_marker_child']) retrieved from /home/kauanu/PycharmProjects/AirFLowEnade/venv/lib/python3.10/site-packages/airflow/example_dags/example_external_task_marker_dag.py
[2023-04-08T15:25:18.705-0300] {logging_mixin.py:137} INFO - [2023-04-08T15:25:18.705-0300] {manager.py:504} INFO - Created Permission View: can delete on DAG:example_external_task_marker_parent
[2023-04-08T15:25:18.751-0300] {logging_mixin.py:137} INFO - [2023-04-08T15:25:18.750-0300] {manager.py:504} INFO - Created Permission View: can edit on DAG:example_external_task_marker_parent
[2023-04-08T15:25:18.802-0300] {logging_mixin.py:137} INFO - [2023-04-08T15:25:18.802-0300] {manager.py:504} INFO - Created Permission View: can read on DAG:example_external_task_marker_parent
[2023-04-08T15:25:18.905-0300] {logging_mixin.py:137} INFO - [2023-04-08T15:25:18.901-0300] {manager.py:504} INFO - Created Permission View: can delete on DAG:example_external_task_marker_child
[2023-04-08T15:25:18.968-0300] {logging_mixin.py:137} INFO - [2023-04-08T15:25:18.967-0300] {manager.py:504} INFO - Created Permission View: can edit on DAG:example_external_task_marker_child
[2023-04-08T15:25:19.008-0300] {logging_mixin.py:137} INFO - [2023-04-08T15:25:19.005-0300] {manager.py:504} INFO - Created Permission View: can read on DAG:example_external_task_marker_child
[2023-04-08T15:25:19.010-0300] {logging_mixin.py:137} INFO - [2023-04-08T15:25:19.009-0300] {dag.py:2705} INFO - Sync 2 DAGs
[2023-04-08T15:25:19.038-0300] {logging_mixin.py:137} INFO - [2023-04-08T15:25:19.038-0300] {dag.py:2726} INFO - Creating ORM DAG for example_external_task_marker_parent
[2023-04-08T15:25:19.041-0300] {logging_mixin.py:137} INFO - [2023-04-08T15:25:19.040-0300] {dag.py:2726} INFO - Creating ORM DAG for example_external_task_marker_child
[2023-04-08T15:25:19.072-0300] {logging_mixin.py:137} INFO - [2023-04-08T15:25:19.072-0300] {dag.py:3452} INFO - Setting next_dagrun for example_external_task_marker_child to None, run_after=None
[2023-04-08T15:25:19.073-0300] {logging_mixin.py:137} INFO - [2023-04-08T15:25:19.073-0300] {dag.py:3452} INFO - Setting next_dagrun for example_external_task_marker_parent to None, run_after=None
[2023-04-08T15:25:19.128-0300] {processor.py:175} INFO - Processing /home/kauanu/PycharmProjects/AirFLowEnade/venv/lib/python3.10/site-packages/airflow/example_dags/example_external_task_marker_dag.py took 1.525 seconds
[2023-04-08T15:26:14.979-0300] {processor.py:153} INFO - Started process (PID=13589) to work on /home/kauanu/PycharmProjects/AirFLowEnade/venv/lib/python3.10/site-packages/airflow/example_dags/example_external_task_marker_dag.py
[2023-04-08T15:26:14.987-0300] {processor.py:743} INFO - Processing file /home/kauanu/PycharmProjects/AirFLowEnade/venv/lib/python3.10/site-packages/airflow/example_dags/example_external_task_marker_dag.py for tasks to queue
[2023-04-08T15:26:14.988-0300] {logging_mixin.py:137} INFO - [2023-04-08T15:26:14.988-0300] {dagbag.py:532} INFO - Filling up the DagBag from /home/kauanu/PycharmProjects/AirFLowEnade/venv/lib/python3.10/site-packages/airflow/example_dags/example_external_task_marker_dag.py
[2023-04-08T15:26:15.014-0300] {processor.py:753} INFO - DAG(s) dict_keys(['example_external_task_marker_parent', 'example_external_task_marker_child']) retrieved from /home/kauanu/PycharmProjects/AirFLowEnade/venv/lib/python3.10/site-packages/airflow/example_dags/example_external_task_marker_dag.py
[2023-04-08T15:26:15.087-0300] {logging_mixin.py:137} INFO - [2023-04-08T15:26:15.087-0300] {dag.py:2705} INFO - Sync 2 DAGs
[2023-04-08T15:26:15.109-0300] {logging_mixin.py:137} INFO - [2023-04-08T15:26:15.109-0300] {dag.py:3452} INFO - Setting next_dagrun for example_external_task_marker_child to None, run_after=None
[2023-04-08T15:26:15.114-0300] {logging_mixin.py:137} INFO - [2023-04-08T15:26:15.113-0300] {dag.py:3452} INFO - Setting next_dagrun for example_external_task_marker_parent to None, run_after=None
[2023-04-08T15:26:15.150-0300] {processor.py:175} INFO - Processing /home/kauanu/PycharmProjects/AirFLowEnade/venv/lib/python3.10/site-packages/airflow/example_dags/example_external_task_marker_dag.py took 0.185 seconds
[2023-04-08T15:26:58.322-0300] {processor.py:153} INFO - Started process (PID=13816) to work on /home/kauanu/PycharmProjects/AirFLowEnade/venv/lib/python3.10/site-packages/airflow/example_dags/example_external_task_marker_dag.py
[2023-04-08T15:26:58.343-0300] {processor.py:743} INFO - Processing file /home/kauanu/PycharmProjects/AirFLowEnade/venv/lib/python3.10/site-packages/airflow/example_dags/example_external_task_marker_dag.py for tasks to queue
[2023-04-08T15:26:58.344-0300] {logging_mixin.py:137} INFO - [2023-04-08T15:26:58.343-0300] {dagbag.py:532} INFO - Filling up the DagBag from /home/kauanu/PycharmProjects/AirFLowEnade/venv/lib/python3.10/site-packages/airflow/example_dags/example_external_task_marker_dag.py
[2023-04-08T15:26:58.358-0300] {processor.py:753} INFO - DAG(s) dict_keys(['example_external_task_marker_child', 'example_external_task_marker_parent']) retrieved from /home/kauanu/PycharmProjects/AirFLowEnade/venv/lib/python3.10/site-packages/airflow/example_dags/example_external_task_marker_dag.py
[2023-04-08T15:26:58.381-0300] {logging_mixin.py:137} INFO - [2023-04-08T15:26:58.381-0300] {dag.py:2705} INFO - Sync 2 DAGs
[2023-04-08T15:26:58.399-0300] {logging_mixin.py:137} INFO - [2023-04-08T15:26:58.399-0300] {dag.py:3452} INFO - Setting next_dagrun for example_external_task_marker_child to None, run_after=None
[2023-04-08T15:26:58.402-0300] {logging_mixin.py:137} INFO - [2023-04-08T15:26:58.401-0300] {dag.py:3452} INFO - Setting next_dagrun for example_external_task_marker_parent to None, run_after=None
[2023-04-08T15:26:58.451-0300] {processor.py:175} INFO - Processing /home/kauanu/PycharmProjects/AirFLowEnade/venv/lib/python3.10/site-packages/airflow/example_dags/example_external_task_marker_dag.py took 0.133 seconds
[2023-04-08T15:27:46.449-0300] {processor.py:153} INFO - Started process (PID=14020) to work on /home/kauanu/PycharmProjects/AirFLowEnade/venv/lib/python3.10/site-packages/airflow/example_dags/example_external_task_marker_dag.py
[2023-04-08T15:27:46.458-0300] {processor.py:743} INFO - Processing file /home/kauanu/PycharmProjects/AirFLowEnade/venv/lib/python3.10/site-packages/airflow/example_dags/example_external_task_marker_dag.py for tasks to queue
[2023-04-08T15:27:46.458-0300] {logging_mixin.py:137} INFO - [2023-04-08T15:27:46.458-0300] {dagbag.py:532} INFO - Filling up the DagBag from /home/kauanu/PycharmProjects/AirFLowEnade/venv/lib/python3.10/site-packages/airflow/example_dags/example_external_task_marker_dag.py
[2023-04-08T15:27:46.470-0300] {processor.py:753} INFO - DAG(s) dict_keys(['example_external_task_marker_child', 'example_external_task_marker_parent']) retrieved from /home/kauanu/PycharmProjects/AirFLowEnade/venv/lib/python3.10/site-packages/airflow/example_dags/example_external_task_marker_dag.py
[2023-04-08T15:27:46.487-0300] {logging_mixin.py:137} INFO - [2023-04-08T15:27:46.486-0300] {dag.py:2705} INFO - Sync 2 DAGs
[2023-04-08T15:27:46.499-0300] {logging_mixin.py:137} INFO - [2023-04-08T15:27:46.499-0300] {dag.py:3452} INFO - Setting next_dagrun for example_external_task_marker_child to None, run_after=None
[2023-04-08T15:27:46.501-0300] {logging_mixin.py:137} INFO - [2023-04-08T15:27:46.501-0300] {dag.py:3452} INFO - Setting next_dagrun for example_external_task_marker_parent to None, run_after=None
[2023-04-08T15:27:46.556-0300] {processor.py:175} INFO - Processing /home/kauanu/PycharmProjects/AirFLowEnade/venv/lib/python3.10/site-packages/airflow/example_dags/example_external_task_marker_dag.py took 0.109 seconds
[2023-04-08T15:28:31.058-0300] {processor.py:153} INFO - Started process (PID=14236) to work on /home/kauanu/PycharmProjects/AirFLowEnade/venv/lib/python3.10/site-packages/airflow/example_dags/example_external_task_marker_dag.py
[2023-04-08T15:28:31.068-0300] {processor.py:743} INFO - Processing file /home/kauanu/PycharmProjects/AirFLowEnade/venv/lib/python3.10/site-packages/airflow/example_dags/example_external_task_marker_dag.py for tasks to queue
[2023-04-08T15:28:31.069-0300] {logging_mixin.py:137} INFO - [2023-04-08T15:28:31.069-0300] {dagbag.py:532} INFO - Filling up the DagBag from /home/kauanu/PycharmProjects/AirFLowEnade/venv/lib/python3.10/site-packages/airflow/example_dags/example_external_task_marker_dag.py
[2023-04-08T15:28:31.084-0300] {processor.py:753} INFO - DAG(s) dict_keys(['example_external_task_marker_parent', 'example_external_task_marker_child']) retrieved from /home/kauanu/PycharmProjects/AirFLowEnade/venv/lib/python3.10/site-packages/airflow/example_dags/example_external_task_marker_dag.py
[2023-04-08T15:28:31.105-0300] {logging_mixin.py:137} INFO - [2023-04-08T15:28:31.104-0300] {dag.py:2705} INFO - Sync 2 DAGs
[2023-04-08T15:28:31.131-0300] {logging_mixin.py:137} INFO - [2023-04-08T15:28:31.131-0300] {dag.py:3452} INFO - Setting next_dagrun for example_external_task_marker_child to None, run_after=None
[2023-04-08T15:28:31.140-0300] {logging_mixin.py:137} INFO - [2023-04-08T15:28:31.140-0300] {dag.py:3452} INFO - Setting next_dagrun for example_external_task_marker_parent to None, run_after=None
[2023-04-08T15:28:31.196-0300] {processor.py:175} INFO - Processing /home/kauanu/PycharmProjects/AirFLowEnade/venv/lib/python3.10/site-packages/airflow/example_dags/example_external_task_marker_dag.py took 0.149 seconds
[2023-04-08T15:29:19.631-0300] {processor.py:153} INFO - Started process (PID=14530) to work on /home/kauanu/PycharmProjects/AirFLowEnade/venv/lib/python3.10/site-packages/airflow/example_dags/example_external_task_marker_dag.py
[2023-04-08T15:29:19.645-0300] {processor.py:743} INFO - Processing file /home/kauanu/PycharmProjects/AirFLowEnade/venv/lib/python3.10/site-packages/airflow/example_dags/example_external_task_marker_dag.py for tasks to queue
[2023-04-08T15:29:19.646-0300] {logging_mixin.py:137} INFO - [2023-04-08T15:29:19.646-0300] {dagbag.py:532} INFO - Filling up the DagBag from /home/kauanu/PycharmProjects/AirFLowEnade/venv/lib/python3.10/site-packages/airflow/example_dags/example_external_task_marker_dag.py
[2023-04-08T15:29:19.658-0300] {processor.py:753} INFO - DAG(s) dict_keys(['example_external_task_marker_child', 'example_external_task_marker_parent']) retrieved from /home/kauanu/PycharmProjects/AirFLowEnade/venv/lib/python3.10/site-packages/airflow/example_dags/example_external_task_marker_dag.py
[2023-04-08T15:29:19.678-0300] {logging_mixin.py:137} INFO - [2023-04-08T15:29:19.677-0300] {dag.py:2705} INFO - Sync 2 DAGs
[2023-04-08T15:29:19.692-0300] {logging_mixin.py:137} INFO - [2023-04-08T15:29:19.692-0300] {dag.py:3452} INFO - Setting next_dagrun for example_external_task_marker_child to None, run_after=None
[2023-04-08T15:29:19.694-0300] {logging_mixin.py:137} INFO - [2023-04-08T15:29:19.694-0300] {dag.py:3452} INFO - Setting next_dagrun for example_external_task_marker_parent to None, run_after=None
[2023-04-08T15:29:19.741-0300] {processor.py:175} INFO - Processing /home/kauanu/PycharmProjects/AirFLowEnade/venv/lib/python3.10/site-packages/airflow/example_dags/example_external_task_marker_dag.py took 0.113 seconds
[2023-04-08T15:29:59.241-0300] {processor.py:153} INFO - Started process (PID=14719) to work on /home/kauanu/PycharmProjects/AirFLowEnade/venv/lib/python3.10/site-packages/airflow/example_dags/example_external_task_marker_dag.py
[2023-04-08T15:29:59.242-0300] {processor.py:743} INFO - Processing file /home/kauanu/PycharmProjects/AirFLowEnade/venv/lib/python3.10/site-packages/airflow/example_dags/example_external_task_marker_dag.py for tasks to queue
[2023-04-08T15:29:59.243-0300] {logging_mixin.py:137} INFO - [2023-04-08T15:29:59.243-0300] {dagbag.py:532} INFO - Filling up the DagBag from /home/kauanu/PycharmProjects/AirFLowEnade/venv/lib/python3.10/site-packages/airflow/example_dags/example_external_task_marker_dag.py
[2023-04-08T15:29:59.263-0300] {processor.py:753} INFO - DAG(s) dict_keys(['example_external_task_marker_child', 'example_external_task_marker_parent']) retrieved from /home/kauanu/PycharmProjects/AirFLowEnade/venv/lib/python3.10/site-packages/airflow/example_dags/example_external_task_marker_dag.py
[2023-04-08T15:29:59.305-0300] {logging_mixin.py:137} INFO - [2023-04-08T15:29:59.305-0300] {dag.py:2705} INFO - Sync 2 DAGs
[2023-04-08T15:29:59.339-0300] {logging_mixin.py:137} INFO - [2023-04-08T15:29:59.338-0300] {dag.py:3452} INFO - Setting next_dagrun for example_external_task_marker_child to None, run_after=None
[2023-04-08T15:29:59.344-0300] {logging_mixin.py:137} INFO - [2023-04-08T15:29:59.343-0300] {dag.py:3452} INFO - Setting next_dagrun for example_external_task_marker_parent to None, run_after=None
[2023-04-08T15:29:59.384-0300] {processor.py:175} INFO - Processing /home/kauanu/PycharmProjects/AirFLowEnade/venv/lib/python3.10/site-packages/airflow/example_dags/example_external_task_marker_dag.py took 0.146 seconds
[2023-04-08T15:30:42.154-0300] {processor.py:153} INFO - Started process (PID=14909) to work on /home/kauanu/PycharmProjects/AirFLowEnade/venv/lib/python3.10/site-packages/airflow/example_dags/example_external_task_marker_dag.py
[2023-04-08T15:30:42.156-0300] {processor.py:743} INFO - Processing file /home/kauanu/PycharmProjects/AirFLowEnade/venv/lib/python3.10/site-packages/airflow/example_dags/example_external_task_marker_dag.py for tasks to queue
[2023-04-08T15:30:42.156-0300] {logging_mixin.py:137} INFO - [2023-04-08T15:30:42.156-0300] {dagbag.py:532} INFO - Filling up the DagBag from /home/kauanu/PycharmProjects/AirFLowEnade/venv/lib/python3.10/site-packages/airflow/example_dags/example_external_task_marker_dag.py
[2023-04-08T15:30:42.172-0300] {processor.py:753} INFO - DAG(s) dict_keys(['example_external_task_marker_parent', 'example_external_task_marker_child']) retrieved from /home/kauanu/PycharmProjects/AirFLowEnade/venv/lib/python3.10/site-packages/airflow/example_dags/example_external_task_marker_dag.py
[2023-04-08T15:30:42.188-0300] {logging_mixin.py:137} INFO - [2023-04-08T15:30:42.188-0300] {dag.py:2705} INFO - Sync 2 DAGs
[2023-04-08T15:30:42.205-0300] {logging_mixin.py:137} INFO - [2023-04-08T15:30:42.205-0300] {dag.py:3452} INFO - Setting next_dagrun for example_external_task_marker_child to None, run_after=None
[2023-04-08T15:30:42.207-0300] {logging_mixin.py:137} INFO - [2023-04-08T15:30:42.207-0300] {dag.py:3452} INFO - Setting next_dagrun for example_external_task_marker_parent to None, run_after=None
[2023-04-08T15:30:42.235-0300] {processor.py:175} INFO - Processing /home/kauanu/PycharmProjects/AirFLowEnade/venv/lib/python3.10/site-packages/airflow/example_dags/example_external_task_marker_dag.py took 0.084 seconds
[2023-04-08T15:31:26.079-0300] {processor.py:153} INFO - Started process (PID=15123) to work on /home/kauanu/PycharmProjects/AirFLowEnade/venv/lib/python3.10/site-packages/airflow/example_dags/example_external_task_marker_dag.py
[2023-04-08T15:31:26.080-0300] {processor.py:743} INFO - Processing file /home/kauanu/PycharmProjects/AirFLowEnade/venv/lib/python3.10/site-packages/airflow/example_dags/example_external_task_marker_dag.py for tasks to queue
[2023-04-08T15:31:26.080-0300] {logging_mixin.py:137} INFO - [2023-04-08T15:31:26.080-0300] {dagbag.py:532} INFO - Filling up the DagBag from /home/kauanu/PycharmProjects/AirFLowEnade/venv/lib/python3.10/site-packages/airflow/example_dags/example_external_task_marker_dag.py
[2023-04-08T15:31:26.092-0300] {processor.py:753} INFO - DAG(s) dict_keys(['example_external_task_marker_parent', 'example_external_task_marker_child']) retrieved from /home/kauanu/PycharmProjects/AirFLowEnade/venv/lib/python3.10/site-packages/airflow/example_dags/example_external_task_marker_dag.py
[2023-04-08T15:31:26.111-0300] {logging_mixin.py:137} INFO - [2023-04-08T15:31:26.111-0300] {dag.py:2705} INFO - Sync 2 DAGs
[2023-04-08T15:31:26.125-0300] {logging_mixin.py:137} INFO - [2023-04-08T15:31:26.125-0300] {dag.py:3452} INFO - Setting next_dagrun for example_external_task_marker_child to None, run_after=None
[2023-04-08T15:31:26.127-0300] {logging_mixin.py:137} INFO - [2023-04-08T15:31:26.127-0300] {dag.py:3452} INFO - Setting next_dagrun for example_external_task_marker_parent to None, run_after=None
[2023-04-08T15:31:26.147-0300] {processor.py:175} INFO - Processing /home/kauanu/PycharmProjects/AirFLowEnade/venv/lib/python3.10/site-packages/airflow/example_dags/example_external_task_marker_dag.py took 0.070 seconds
[2023-04-08T15:32:02.068-0300] {processor.py:153} INFO - Started process (PID=15285) to work on /home/kauanu/PycharmProjects/AirFLowEnade/venv/lib/python3.10/site-packages/airflow/example_dags/example_external_task_marker_dag.py
[2023-04-08T15:32:02.069-0300] {processor.py:743} INFO - Processing file /home/kauanu/PycharmProjects/AirFLowEnade/venv/lib/python3.10/site-packages/airflow/example_dags/example_external_task_marker_dag.py for tasks to queue
[2023-04-08T15:32:02.069-0300] {logging_mixin.py:137} INFO - [2023-04-08T15:32:02.069-0300] {dagbag.py:532} INFO - Filling up the DagBag from /home/kauanu/PycharmProjects/AirFLowEnade/venv/lib/python3.10/site-packages/airflow/example_dags/example_external_task_marker_dag.py
[2023-04-08T15:32:02.081-0300] {processor.py:753} INFO - DAG(s) dict_keys(['example_external_task_marker_child', 'example_external_task_marker_parent']) retrieved from /home/kauanu/PycharmProjects/AirFLowEnade/venv/lib/python3.10/site-packages/airflow/example_dags/example_external_task_marker_dag.py
[2023-04-08T15:32:02.098-0300] {logging_mixin.py:137} INFO - [2023-04-08T15:32:02.098-0300] {dag.py:2705} INFO - Sync 2 DAGs
[2023-04-08T15:32:02.112-0300] {logging_mixin.py:137} INFO - [2023-04-08T15:32:02.112-0300] {dag.py:3452} INFO - Setting next_dagrun for example_external_task_marker_child to None, run_after=None
[2023-04-08T15:32:02.115-0300] {logging_mixin.py:137} INFO - [2023-04-08T15:32:02.114-0300] {dag.py:3452} INFO - Setting next_dagrun for example_external_task_marker_parent to None, run_after=None
[2023-04-08T15:32:02.136-0300] {processor.py:175} INFO - Processing /home/kauanu/PycharmProjects/AirFLowEnade/venv/lib/python3.10/site-packages/airflow/example_dags/example_external_task_marker_dag.py took 0.070 seconds
[2023-04-08T15:32:38.729-0300] {processor.py:153} INFO - Started process (PID=15471) to work on /home/kauanu/PycharmProjects/AirFLowEnade/venv/lib/python3.10/site-packages/airflow/example_dags/example_external_task_marker_dag.py
[2023-04-08T15:32:38.730-0300] {processor.py:743} INFO - Processing file /home/kauanu/PycharmProjects/AirFLowEnade/venv/lib/python3.10/site-packages/airflow/example_dags/example_external_task_marker_dag.py for tasks to queue
[2023-04-08T15:32:38.731-0300] {logging_mixin.py:137} INFO - [2023-04-08T15:32:38.731-0300] {dagbag.py:532} INFO - Filling up the DagBag from /home/kauanu/PycharmProjects/AirFLowEnade/venv/lib/python3.10/site-packages/airflow/example_dags/example_external_task_marker_dag.py
[2023-04-08T15:32:38.741-0300] {processor.py:753} INFO - DAG(s) dict_keys(['example_external_task_marker_child', 'example_external_task_marker_parent']) retrieved from /home/kauanu/PycharmProjects/AirFLowEnade/venv/lib/python3.10/site-packages/airflow/example_dags/example_external_task_marker_dag.py
[2023-04-08T15:32:38.757-0300] {logging_mixin.py:137} INFO - [2023-04-08T15:32:38.757-0300] {dag.py:2705} INFO - Sync 2 DAGs
[2023-04-08T15:32:38.770-0300] {logging_mixin.py:137} INFO - [2023-04-08T15:32:38.770-0300] {dag.py:3452} INFO - Setting next_dagrun for example_external_task_marker_child to None, run_after=None
[2023-04-08T15:32:38.772-0300] {logging_mixin.py:137} INFO - [2023-04-08T15:32:38.772-0300] {dag.py:3452} INFO - Setting next_dagrun for example_external_task_marker_parent to None, run_after=None
[2023-04-08T15:32:38.903-0300] {processor.py:175} INFO - Processing /home/kauanu/PycharmProjects/AirFLowEnade/venv/lib/python3.10/site-packages/airflow/example_dags/example_external_task_marker_dag.py took 0.176 seconds
[2023-04-08T15:33:18.179-0300] {processor.py:153} INFO - Started process (PID=15672) to work on /home/kauanu/PycharmProjects/AirFLowEnade/venv/lib/python3.10/site-packages/airflow/example_dags/example_external_task_marker_dag.py
[2023-04-08T15:33:18.180-0300] {processor.py:743} INFO - Processing file /home/kauanu/PycharmProjects/AirFLowEnade/venv/lib/python3.10/site-packages/airflow/example_dags/example_external_task_marker_dag.py for tasks to queue
[2023-04-08T15:33:18.181-0300] {logging_mixin.py:137} INFO - [2023-04-08T15:33:18.181-0300] {dagbag.py:532} INFO - Filling up the DagBag from /home/kauanu/PycharmProjects/AirFLowEnade/venv/lib/python3.10/site-packages/airflow/example_dags/example_external_task_marker_dag.py
[2023-04-08T15:33:18.193-0300] {processor.py:753} INFO - DAG(s) dict_keys(['example_external_task_marker_child', 'example_external_task_marker_parent']) retrieved from /home/kauanu/PycharmProjects/AirFLowEnade/venv/lib/python3.10/site-packages/airflow/example_dags/example_external_task_marker_dag.py
[2023-04-08T15:33:18.209-0300] {logging_mixin.py:137} INFO - [2023-04-08T15:33:18.209-0300] {dag.py:2705} INFO - Sync 2 DAGs
[2023-04-08T15:33:18.222-0300] {logging_mixin.py:137} INFO - [2023-04-08T15:33:18.222-0300] {dag.py:3452} INFO - Setting next_dagrun for example_external_task_marker_child to None, run_after=None
[2023-04-08T15:33:18.224-0300] {logging_mixin.py:137} INFO - [2023-04-08T15:33:18.224-0300] {dag.py:3452} INFO - Setting next_dagrun for example_external_task_marker_parent to None, run_after=None
[2023-04-08T15:33:18.256-0300] {processor.py:175} INFO - Processing /home/kauanu/PycharmProjects/AirFLowEnade/venv/lib/python3.10/site-packages/airflow/example_dags/example_external_task_marker_dag.py took 0.080 seconds
[2023-04-08T15:33:57.319-0300] {processor.py:153} INFO - Started process (PID=15843) to work on /home/kauanu/PycharmProjects/AirFLowEnade/venv/lib/python3.10/site-packages/airflow/example_dags/example_external_task_marker_dag.py
[2023-04-08T15:33:57.322-0300] {processor.py:743} INFO - Processing file /home/kauanu/PycharmProjects/AirFLowEnade/venv/lib/python3.10/site-packages/airflow/example_dags/example_external_task_marker_dag.py for tasks to queue
[2023-04-08T15:33:57.323-0300] {logging_mixin.py:137} INFO - [2023-04-08T15:33:57.323-0300] {dagbag.py:532} INFO - Filling up the DagBag from /home/kauanu/PycharmProjects/AirFLowEnade/venv/lib/python3.10/site-packages/airflow/example_dags/example_external_task_marker_dag.py
[2023-04-08T15:33:57.334-0300] {processor.py:753} INFO - DAG(s) dict_keys(['example_external_task_marker_child', 'example_external_task_marker_parent']) retrieved from /home/kauanu/PycharmProjects/AirFLowEnade/venv/lib/python3.10/site-packages/airflow/example_dags/example_external_task_marker_dag.py
[2023-04-08T15:33:57.349-0300] {logging_mixin.py:137} INFO - [2023-04-08T15:33:57.349-0300] {dag.py:2705} INFO - Sync 2 DAGs
[2023-04-08T15:33:57.363-0300] {logging_mixin.py:137} INFO - [2023-04-08T15:33:57.363-0300] {dag.py:3452} INFO - Setting next_dagrun for example_external_task_marker_child to None, run_after=None
[2023-04-08T15:33:57.365-0300] {logging_mixin.py:137} INFO - [2023-04-08T15:33:57.365-0300] {dag.py:3452} INFO - Setting next_dagrun for example_external_task_marker_parent to None, run_after=None
[2023-04-08T15:33:57.439-0300] {processor.py:175} INFO - Processing /home/kauanu/PycharmProjects/AirFLowEnade/venv/lib/python3.10/site-packages/airflow/example_dags/example_external_task_marker_dag.py took 0.122 seconds
[2023-04-08T15:34:33.466-0300] {processor.py:153} INFO - Started process (PID=16012) to work on /home/kauanu/PycharmProjects/AirFLowEnade/venv/lib/python3.10/site-packages/airflow/example_dags/example_external_task_marker_dag.py
[2023-04-08T15:34:33.474-0300] {processor.py:743} INFO - Processing file /home/kauanu/PycharmProjects/AirFLowEnade/venv/lib/python3.10/site-packages/airflow/example_dags/example_external_task_marker_dag.py for tasks to queue
[2023-04-08T15:34:33.475-0300] {logging_mixin.py:137} INFO - [2023-04-08T15:34:33.475-0300] {dagbag.py:532} INFO - Filling up the DagBag from /home/kauanu/PycharmProjects/AirFLowEnade/venv/lib/python3.10/site-packages/airflow/example_dags/example_external_task_marker_dag.py
[2023-04-08T15:34:33.492-0300] {processor.py:753} INFO - DAG(s) dict_keys(['example_external_task_marker_parent', 'example_external_task_marker_child']) retrieved from /home/kauanu/PycharmProjects/AirFLowEnade/venv/lib/python3.10/site-packages/airflow/example_dags/example_external_task_marker_dag.py
[2023-04-08T15:34:33.510-0300] {logging_mixin.py:137} INFO - [2023-04-08T15:34:33.510-0300] {dag.py:2705} INFO - Sync 2 DAGs
[2023-04-08T15:34:33.525-0300] {logging_mixin.py:137} INFO - [2023-04-08T15:34:33.525-0300] {dag.py:3452} INFO - Setting next_dagrun for example_external_task_marker_child to None, run_after=None
[2023-04-08T15:34:33.527-0300] {logging_mixin.py:137} INFO - [2023-04-08T15:34:33.527-0300] {dag.py:3452} INFO - Setting next_dagrun for example_external_task_marker_parent to None, run_after=None
[2023-04-08T15:34:33.554-0300] {processor.py:175} INFO - Processing /home/kauanu/PycharmProjects/AirFLowEnade/venv/lib/python3.10/site-packages/airflow/example_dags/example_external_task_marker_dag.py took 0.094 seconds
[2023-04-08T15:35:15.209-0300] {processor.py:153} INFO - Started process (PID=16204) to work on /home/kauanu/PycharmProjects/AirFLowEnade/venv/lib/python3.10/site-packages/airflow/example_dags/example_external_task_marker_dag.py
[2023-04-08T15:35:15.224-0300] {processor.py:743} INFO - Processing file /home/kauanu/PycharmProjects/AirFLowEnade/venv/lib/python3.10/site-packages/airflow/example_dags/example_external_task_marker_dag.py for tasks to queue
[2023-04-08T15:35:15.224-0300] {logging_mixin.py:137} INFO - [2023-04-08T15:35:15.224-0300] {dagbag.py:532} INFO - Filling up the DagBag from /home/kauanu/PycharmProjects/AirFLowEnade/venv/lib/python3.10/site-packages/airflow/example_dags/example_external_task_marker_dag.py
[2023-04-08T15:35:15.236-0300] {processor.py:753} INFO - DAG(s) dict_keys(['example_external_task_marker_parent', 'example_external_task_marker_child']) retrieved from /home/kauanu/PycharmProjects/AirFLowEnade/venv/lib/python3.10/site-packages/airflow/example_dags/example_external_task_marker_dag.py
[2023-04-08T15:35:15.254-0300] {logging_mixin.py:137} INFO - [2023-04-08T15:35:15.254-0300] {dag.py:2705} INFO - Sync 2 DAGs
[2023-04-08T15:35:15.269-0300] {logging_mixin.py:137} INFO - [2023-04-08T15:35:15.268-0300] {dag.py:3452} INFO - Setting next_dagrun for example_external_task_marker_child to None, run_after=None
[2023-04-08T15:35:15.271-0300] {logging_mixin.py:137} INFO - [2023-04-08T15:35:15.271-0300] {dag.py:3452} INFO - Setting next_dagrun for example_external_task_marker_parent to None, run_after=None
[2023-04-08T15:35:15.307-0300] {processor.py:175} INFO - Processing /home/kauanu/PycharmProjects/AirFLowEnade/venv/lib/python3.10/site-packages/airflow/example_dags/example_external_task_marker_dag.py took 0.101 seconds
[2023-04-08T15:35:57.118-0300] {processor.py:153} INFO - Started process (PID=16397) to work on /home/kauanu/PycharmProjects/AirFLowEnade/venv/lib/python3.10/site-packages/airflow/example_dags/example_external_task_marker_dag.py
[2023-04-08T15:35:57.136-0300] {processor.py:743} INFO - Processing file /home/kauanu/PycharmProjects/AirFLowEnade/venv/lib/python3.10/site-packages/airflow/example_dags/example_external_task_marker_dag.py for tasks to queue
[2023-04-08T15:35:57.137-0300] {logging_mixin.py:137} INFO - [2023-04-08T15:35:57.137-0300] {dagbag.py:532} INFO - Filling up the DagBag from /home/kauanu/PycharmProjects/AirFLowEnade/venv/lib/python3.10/site-packages/airflow/example_dags/example_external_task_marker_dag.py
[2023-04-08T15:35:57.157-0300] {processor.py:753} INFO - DAG(s) dict_keys(['example_external_task_marker_parent', 'example_external_task_marker_child']) retrieved from /home/kauanu/PycharmProjects/AirFLowEnade/venv/lib/python3.10/site-packages/airflow/example_dags/example_external_task_marker_dag.py
[2023-04-08T15:35:57.188-0300] {logging_mixin.py:137} INFO - [2023-04-08T15:35:57.187-0300] {dag.py:2705} INFO - Sync 2 DAGs
[2023-04-08T15:35:57.209-0300] {logging_mixin.py:137} INFO - [2023-04-08T15:35:57.209-0300] {dag.py:3452} INFO - Setting next_dagrun for example_external_task_marker_child to None, run_after=None
[2023-04-08T15:35:57.214-0300] {logging_mixin.py:137} INFO - [2023-04-08T15:35:57.213-0300] {dag.py:3452} INFO - Setting next_dagrun for example_external_task_marker_parent to None, run_after=None
[2023-04-08T15:35:57.259-0300] {processor.py:175} INFO - Processing /home/kauanu/PycharmProjects/AirFLowEnade/venv/lib/python3.10/site-packages/airflow/example_dags/example_external_task_marker_dag.py took 0.144 seconds
[2023-04-08T15:36:28.093-0300] {processor.py:153} INFO - Started process (PID=16534) to work on /home/kauanu/PycharmProjects/AirFLowEnade/venv/lib/python3.10/site-packages/airflow/example_dags/example_external_task_marker_dag.py
[2023-04-08T15:36:28.095-0300] {processor.py:743} INFO - Processing file /home/kauanu/PycharmProjects/AirFLowEnade/venv/lib/python3.10/site-packages/airflow/example_dags/example_external_task_marker_dag.py for tasks to queue
[2023-04-08T15:36:28.095-0300] {logging_mixin.py:137} INFO - [2023-04-08T15:36:28.095-0300] {dagbag.py:532} INFO - Filling up the DagBag from /home/kauanu/PycharmProjects/AirFLowEnade/venv/lib/python3.10/site-packages/airflow/example_dags/example_external_task_marker_dag.py
[2023-04-08T15:36:28.106-0300] {processor.py:753} INFO - DAG(s) dict_keys(['example_external_task_marker_child', 'example_external_task_marker_parent']) retrieved from /home/kauanu/PycharmProjects/AirFLowEnade/venv/lib/python3.10/site-packages/airflow/example_dags/example_external_task_marker_dag.py
[2023-04-08T15:36:28.125-0300] {logging_mixin.py:137} INFO - [2023-04-08T15:36:28.125-0300] {dag.py:2705} INFO - Sync 2 DAGs
[2023-04-08T15:36:28.144-0300] {logging_mixin.py:137} INFO - [2023-04-08T15:36:28.143-0300] {dag.py:3452} INFO - Setting next_dagrun for example_external_task_marker_child to None, run_after=None
[2023-04-08T15:36:28.146-0300] {logging_mixin.py:137} INFO - [2023-04-08T15:36:28.146-0300] {dag.py:3452} INFO - Setting next_dagrun for example_external_task_marker_parent to None, run_after=None
[2023-04-08T15:36:28.283-0300] {processor.py:175} INFO - Processing /home/kauanu/PycharmProjects/AirFLowEnade/venv/lib/python3.10/site-packages/airflow/example_dags/example_external_task_marker_dag.py took 0.192 seconds
