[2023-04-08T15:25:45.200-0300] {processor.py:153} INFO - Started process (PID=13442) to work on /home/kauanu/PycharmProjects/AirFLowEnade/venv/lib/python3.10/site-packages/airflow/example_dags/example_time_delta_sensor_async.py
[2023-04-08T15:25:45.218-0300] {processor.py:743} INFO - Processing file /home/kauanu/PycharmProjects/AirFLowEnade/venv/lib/python3.10/site-packages/airflow/example_dags/example_time_delta_sensor_async.py for tasks to queue
[2023-04-08T15:25:45.220-0300] {logging_mixin.py:137} INFO - [2023-04-08T15:25:45.219-0300] {dagbag.py:532} INFO - Filling up the DagBag from /home/kauanu/PycharmProjects/AirFLowEnade/venv/lib/python3.10/site-packages/airflow/example_dags/example_time_delta_sensor_async.py
[2023-04-08T15:25:45.295-0300] {processor.py:753} INFO - DAG(s) dict_keys(['example_time_delta_sensor_async']) retrieved from /home/kauanu/PycharmProjects/AirFLowEnade/venv/lib/python3.10/site-packages/airflow/example_dags/example_time_delta_sensor_async.py
[2023-04-08T15:25:45.551-0300] {logging_mixin.py:137} INFO - [2023-04-08T15:25:45.550-0300] {manager.py:504} INFO - Created Permission View: can delete on DAG:example_time_delta_sensor_async
[2023-04-08T15:25:45.586-0300] {logging_mixin.py:137} INFO - [2023-04-08T15:25:45.586-0300] {manager.py:504} INFO - Created Permission View: can edit on DAG:example_time_delta_sensor_async
[2023-04-08T15:25:45.650-0300] {logging_mixin.py:137} INFO - [2023-04-08T15:25:45.650-0300] {manager.py:504} INFO - Created Permission View: can read on DAG:example_time_delta_sensor_async
[2023-04-08T15:25:45.651-0300] {logging_mixin.py:137} INFO - [2023-04-08T15:25:45.651-0300] {dag.py:2705} INFO - Sync 1 DAGs
[2023-04-08T15:25:45.712-0300] {logging_mixin.py:137} INFO - [2023-04-08T15:25:45.711-0300] {dag.py:2726} INFO - Creating ORM DAG for example_time_delta_sensor_async
[2023-04-08T15:25:45.754-0300] {logging_mixin.py:137} INFO - [2023-04-08T15:25:45.754-0300] {dag.py:3452} INFO - Setting next_dagrun for example_time_delta_sensor_async to None, run_after=None
[2023-04-08T15:25:45.874-0300] {processor.py:175} INFO - Processing /home/kauanu/PycharmProjects/AirFLowEnade/venv/lib/python3.10/site-packages/airflow/example_dags/example_time_delta_sensor_async.py took 0.677 seconds
[2023-04-08T15:26:36.994-0300] {processor.py:153} INFO - Started process (PID=13708) to work on /home/kauanu/PycharmProjects/AirFLowEnade/venv/lib/python3.10/site-packages/airflow/example_dags/example_time_delta_sensor_async.py
[2023-04-08T15:26:37.008-0300] {processor.py:743} INFO - Processing file /home/kauanu/PycharmProjects/AirFLowEnade/venv/lib/python3.10/site-packages/airflow/example_dags/example_time_delta_sensor_async.py for tasks to queue
[2023-04-08T15:26:37.009-0300] {logging_mixin.py:137} INFO - [2023-04-08T15:26:37.009-0300] {dagbag.py:532} INFO - Filling up the DagBag from /home/kauanu/PycharmProjects/AirFLowEnade/venv/lib/python3.10/site-packages/airflow/example_dags/example_time_delta_sensor_async.py
[2023-04-08T15:26:37.026-0300] {processor.py:753} INFO - DAG(s) dict_keys(['example_time_delta_sensor_async']) retrieved from /home/kauanu/PycharmProjects/AirFLowEnade/venv/lib/python3.10/site-packages/airflow/example_dags/example_time_delta_sensor_async.py
[2023-04-08T15:26:37.054-0300] {logging_mixin.py:137} INFO - [2023-04-08T15:26:37.054-0300] {dag.py:2705} INFO - Sync 1 DAGs
[2023-04-08T15:26:37.083-0300] {logging_mixin.py:137} INFO - [2023-04-08T15:26:37.082-0300] {dag.py:3452} INFO - Setting next_dagrun for example_time_delta_sensor_async to None, run_after=None
[2023-04-08T15:26:37.127-0300] {processor.py:175} INFO - Processing /home/kauanu/PycharmProjects/AirFLowEnade/venv/lib/python3.10/site-packages/airflow/example_dags/example_time_delta_sensor_async.py took 0.136 seconds
[2023-04-08T15:27:31.125-0300] {processor.py:153} INFO - Started process (PID=13955) to work on /home/kauanu/PycharmProjects/AirFLowEnade/venv/lib/python3.10/site-packages/airflow/example_dags/example_time_delta_sensor_async.py
[2023-04-08T15:27:31.272-0300] {processor.py:743} INFO - Processing file /home/kauanu/PycharmProjects/AirFLowEnade/venv/lib/python3.10/site-packages/airflow/example_dags/example_time_delta_sensor_async.py for tasks to queue
[2023-04-08T15:27:31.274-0300] {logging_mixin.py:137} INFO - [2023-04-08T15:27:31.274-0300] {dagbag.py:532} INFO - Filling up the DagBag from /home/kauanu/PycharmProjects/AirFLowEnade/venv/lib/python3.10/site-packages/airflow/example_dags/example_time_delta_sensor_async.py
[2023-04-08T15:27:31.292-0300] {processor.py:753} INFO - DAG(s) dict_keys(['example_time_delta_sensor_async']) retrieved from /home/kauanu/PycharmProjects/AirFLowEnade/venv/lib/python3.10/site-packages/airflow/example_dags/example_time_delta_sensor_async.py
[2023-04-08T15:27:31.307-0300] {logging_mixin.py:137} INFO - [2023-04-08T15:27:31.307-0300] {dag.py:2705} INFO - Sync 1 DAGs
[2023-04-08T15:27:31.321-0300] {logging_mixin.py:137} INFO - [2023-04-08T15:27:31.321-0300] {dag.py:3452} INFO - Setting next_dagrun for example_time_delta_sensor_async to None, run_after=None
[2023-04-08T15:27:31.386-0300] {processor.py:175} INFO - Processing /home/kauanu/PycharmProjects/AirFLowEnade/venv/lib/python3.10/site-packages/airflow/example_dags/example_time_delta_sensor_async.py took 0.266 seconds
[2023-04-08T15:28:16.890-0300] {processor.py:153} INFO - Started process (PID=14169) to work on /home/kauanu/PycharmProjects/AirFLowEnade/venv/lib/python3.10/site-packages/airflow/example_dags/example_time_delta_sensor_async.py
[2023-04-08T15:28:16.901-0300] {processor.py:743} INFO - Processing file /home/kauanu/PycharmProjects/AirFLowEnade/venv/lib/python3.10/site-packages/airflow/example_dags/example_time_delta_sensor_async.py for tasks to queue
[2023-04-08T15:28:16.902-0300] {logging_mixin.py:137} INFO - [2023-04-08T15:28:16.902-0300] {dagbag.py:532} INFO - Filling up the DagBag from /home/kauanu/PycharmProjects/AirFLowEnade/venv/lib/python3.10/site-packages/airflow/example_dags/example_time_delta_sensor_async.py
[2023-04-08T15:28:16.913-0300] {processor.py:753} INFO - DAG(s) dict_keys(['example_time_delta_sensor_async']) retrieved from /home/kauanu/PycharmProjects/AirFLowEnade/venv/lib/python3.10/site-packages/airflow/example_dags/example_time_delta_sensor_async.py
[2023-04-08T15:28:16.933-0300] {logging_mixin.py:137} INFO - [2023-04-08T15:28:16.932-0300] {dag.py:2705} INFO - Sync 1 DAGs
[2023-04-08T15:28:17.057-0300] {logging_mixin.py:137} INFO - [2023-04-08T15:28:17.056-0300] {dag.py:3452} INFO - Setting next_dagrun for example_time_delta_sensor_async to None, run_after=None
[2023-04-08T15:28:17.660-0300] {processor.py:175} INFO - Processing /home/kauanu/PycharmProjects/AirFLowEnade/venv/lib/python3.10/site-packages/airflow/example_dags/example_time_delta_sensor_async.py took 0.773 seconds
[2023-04-08T15:29:05.722-0300] {processor.py:153} INFO - Started process (PID=14463) to work on /home/kauanu/PycharmProjects/AirFLowEnade/venv/lib/python3.10/site-packages/airflow/example_dags/example_time_delta_sensor_async.py
[2023-04-08T15:29:05.736-0300] {processor.py:743} INFO - Processing file /home/kauanu/PycharmProjects/AirFLowEnade/venv/lib/python3.10/site-packages/airflow/example_dags/example_time_delta_sensor_async.py for tasks to queue
[2023-04-08T15:29:05.738-0300] {logging_mixin.py:137} INFO - [2023-04-08T15:29:05.737-0300] {dagbag.py:532} INFO - Filling up the DagBag from /home/kauanu/PycharmProjects/AirFLowEnade/venv/lib/python3.10/site-packages/airflow/example_dags/example_time_delta_sensor_async.py
[2023-04-08T15:29:05.768-0300] {processor.py:753} INFO - DAG(s) dict_keys(['example_time_delta_sensor_async']) retrieved from /home/kauanu/PycharmProjects/AirFLowEnade/venv/lib/python3.10/site-packages/airflow/example_dags/example_time_delta_sensor_async.py
[2023-04-08T15:29:05.805-0300] {logging_mixin.py:137} INFO - [2023-04-08T15:29:05.805-0300] {dag.py:2705} INFO - Sync 1 DAGs
[2023-04-08T15:29:05.831-0300] {logging_mixin.py:137} INFO - [2023-04-08T15:29:05.831-0300] {dag.py:3452} INFO - Setting next_dagrun for example_time_delta_sensor_async to None, run_after=None
[2023-04-08T15:29:06.952-0300] {processor.py:175} INFO - Processing /home/kauanu/PycharmProjects/AirFLowEnade/venv/lib/python3.10/site-packages/airflow/example_dags/example_time_delta_sensor_async.py took 1.232 seconds
[2023-04-08T15:29:51.649-0300] {processor.py:153} INFO - Started process (PID=14675) to work on /home/kauanu/PycharmProjects/AirFLowEnade/venv/lib/python3.10/site-packages/airflow/example_dags/example_time_delta_sensor_async.py
[2023-04-08T15:29:51.651-0300] {processor.py:743} INFO - Processing file /home/kauanu/PycharmProjects/AirFLowEnade/venv/lib/python3.10/site-packages/airflow/example_dags/example_time_delta_sensor_async.py for tasks to queue
[2023-04-08T15:29:51.652-0300] {logging_mixin.py:137} INFO - [2023-04-08T15:29:51.651-0300] {dagbag.py:532} INFO - Filling up the DagBag from /home/kauanu/PycharmProjects/AirFLowEnade/venv/lib/python3.10/site-packages/airflow/example_dags/example_time_delta_sensor_async.py
[2023-04-08T15:29:51.661-0300] {processor.py:753} INFO - DAG(s) dict_keys(['example_time_delta_sensor_async']) retrieved from /home/kauanu/PycharmProjects/AirFLowEnade/venv/lib/python3.10/site-packages/airflow/example_dags/example_time_delta_sensor_async.py
[2023-04-08T15:29:51.676-0300] {logging_mixin.py:137} INFO - [2023-04-08T15:29:51.676-0300] {dag.py:2705} INFO - Sync 1 DAGs
[2023-04-08T15:29:51.689-0300] {logging_mixin.py:137} INFO - [2023-04-08T15:29:51.689-0300] {dag.py:3452} INFO - Setting next_dagrun for example_time_delta_sensor_async to None, run_after=None
[2023-04-08T15:29:51.711-0300] {processor.py:175} INFO - Processing /home/kauanu/PycharmProjects/AirFLowEnade/venv/lib/python3.10/site-packages/airflow/example_dags/example_time_delta_sensor_async.py took 0.065 seconds
[2023-04-08T15:30:35.676-0300] {processor.py:153} INFO - Started process (PID=14884) to work on /home/kauanu/PycharmProjects/AirFLowEnade/venv/lib/python3.10/site-packages/airflow/example_dags/example_time_delta_sensor_async.py
[2023-04-08T15:30:35.677-0300] {processor.py:743} INFO - Processing file /home/kauanu/PycharmProjects/AirFLowEnade/venv/lib/python3.10/site-packages/airflow/example_dags/example_time_delta_sensor_async.py for tasks to queue
[2023-04-08T15:30:35.678-0300] {logging_mixin.py:137} INFO - [2023-04-08T15:30:35.678-0300] {dagbag.py:532} INFO - Filling up the DagBag from /home/kauanu/PycharmProjects/AirFLowEnade/venv/lib/python3.10/site-packages/airflow/example_dags/example_time_delta_sensor_async.py
[2023-04-08T15:30:35.688-0300] {processor.py:753} INFO - DAG(s) dict_keys(['example_time_delta_sensor_async']) retrieved from /home/kauanu/PycharmProjects/AirFLowEnade/venv/lib/python3.10/site-packages/airflow/example_dags/example_time_delta_sensor_async.py
[2023-04-08T15:30:35.703-0300] {logging_mixin.py:137} INFO - [2023-04-08T15:30:35.702-0300] {dag.py:2705} INFO - Sync 1 DAGs
[2023-04-08T15:30:35.717-0300] {logging_mixin.py:137} INFO - [2023-04-08T15:30:35.717-0300] {dag.py:3452} INFO - Setting next_dagrun for example_time_delta_sensor_async to None, run_after=None
[2023-04-08T15:30:35.743-0300] {processor.py:175} INFO - Processing /home/kauanu/PycharmProjects/AirFLowEnade/venv/lib/python3.10/site-packages/airflow/example_dags/example_time_delta_sensor_async.py took 0.069 seconds
[2023-04-08T15:31:19.078-0300] {processor.py:153} INFO - Started process (PID=15098) to work on /home/kauanu/PycharmProjects/AirFLowEnade/venv/lib/python3.10/site-packages/airflow/example_dags/example_time_delta_sensor_async.py
[2023-04-08T15:31:19.079-0300] {processor.py:743} INFO - Processing file /home/kauanu/PycharmProjects/AirFLowEnade/venv/lib/python3.10/site-packages/airflow/example_dags/example_time_delta_sensor_async.py for tasks to queue
[2023-04-08T15:31:19.079-0300] {logging_mixin.py:137} INFO - [2023-04-08T15:31:19.079-0300] {dagbag.py:532} INFO - Filling up the DagBag from /home/kauanu/PycharmProjects/AirFLowEnade/venv/lib/python3.10/site-packages/airflow/example_dags/example_time_delta_sensor_async.py
[2023-04-08T15:31:19.089-0300] {processor.py:753} INFO - DAG(s) dict_keys(['example_time_delta_sensor_async']) retrieved from /home/kauanu/PycharmProjects/AirFLowEnade/venv/lib/python3.10/site-packages/airflow/example_dags/example_time_delta_sensor_async.py
[2023-04-08T15:31:19.103-0300] {logging_mixin.py:137} INFO - [2023-04-08T15:31:19.103-0300] {dag.py:2705} INFO - Sync 1 DAGs
[2023-04-08T15:31:19.116-0300] {logging_mixin.py:137} INFO - [2023-04-08T15:31:19.116-0300] {dag.py:3452} INFO - Setting next_dagrun for example_time_delta_sensor_async to None, run_after=None
[2023-04-08T15:31:19.140-0300] {processor.py:175} INFO - Processing /home/kauanu/PycharmProjects/AirFLowEnade/venv/lib/python3.10/site-packages/airflow/example_dags/example_time_delta_sensor_async.py took 0.064 seconds
[2023-04-08T15:32:07.140-0300] {processor.py:153} INFO - Started process (PID=15323) to work on /home/kauanu/PycharmProjects/AirFLowEnade/venv/lib/python3.10/site-packages/airflow/example_dags/example_time_delta_sensor_async.py
[2023-04-08T15:32:07.157-0300] {processor.py:743} INFO - Processing file /home/kauanu/PycharmProjects/AirFLowEnade/venv/lib/python3.10/site-packages/airflow/example_dags/example_time_delta_sensor_async.py for tasks to queue
[2023-04-08T15:32:07.158-0300] {logging_mixin.py:137} INFO - [2023-04-08T15:32:07.157-0300] {dagbag.py:532} INFO - Filling up the DagBag from /home/kauanu/PycharmProjects/AirFLowEnade/venv/lib/python3.10/site-packages/airflow/example_dags/example_time_delta_sensor_async.py
[2023-04-08T15:32:07.170-0300] {processor.py:753} INFO - DAG(s) dict_keys(['example_time_delta_sensor_async']) retrieved from /home/kauanu/PycharmProjects/AirFLowEnade/venv/lib/python3.10/site-packages/airflow/example_dags/example_time_delta_sensor_async.py
[2023-04-08T15:32:07.185-0300] {logging_mixin.py:137} INFO - [2023-04-08T15:32:07.185-0300] {dag.py:2705} INFO - Sync 1 DAGs
[2023-04-08T15:32:07.198-0300] {logging_mixin.py:137} INFO - [2023-04-08T15:32:07.198-0300] {dag.py:3452} INFO - Setting next_dagrun for example_time_delta_sensor_async to None, run_after=None
[2023-04-08T15:32:07.224-0300] {processor.py:175} INFO - Processing /home/kauanu/PycharmProjects/AirFLowEnade/venv/lib/python3.10/site-packages/airflow/example_dags/example_time_delta_sensor_async.py took 0.087 seconds
[2023-04-08T15:32:47.847-0300] {processor.py:153} INFO - Started process (PID=15520) to work on /home/kauanu/PycharmProjects/AirFLowEnade/venv/lib/python3.10/site-packages/airflow/example_dags/example_time_delta_sensor_async.py
[2023-04-08T15:32:47.848-0300] {processor.py:743} INFO - Processing file /home/kauanu/PycharmProjects/AirFLowEnade/venv/lib/python3.10/site-packages/airflow/example_dags/example_time_delta_sensor_async.py for tasks to queue
[2023-04-08T15:32:47.848-0300] {logging_mixin.py:137} INFO - [2023-04-08T15:32:47.848-0300] {dagbag.py:532} INFO - Filling up the DagBag from /home/kauanu/PycharmProjects/AirFLowEnade/venv/lib/python3.10/site-packages/airflow/example_dags/example_time_delta_sensor_async.py
[2023-04-08T15:32:47.858-0300] {processor.py:753} INFO - DAG(s) dict_keys(['example_time_delta_sensor_async']) retrieved from /home/kauanu/PycharmProjects/AirFLowEnade/venv/lib/python3.10/site-packages/airflow/example_dags/example_time_delta_sensor_async.py
[2023-04-08T15:32:47.873-0300] {logging_mixin.py:137} INFO - [2023-04-08T15:32:47.872-0300] {dag.py:2705} INFO - Sync 1 DAGs
[2023-04-08T15:32:47.885-0300] {logging_mixin.py:137} INFO - [2023-04-08T15:32:47.885-0300] {dag.py:3452} INFO - Setting next_dagrun for example_time_delta_sensor_async to None, run_after=None
[2023-04-08T15:32:47.907-0300] {processor.py:175} INFO - Processing /home/kauanu/PycharmProjects/AirFLowEnade/venv/lib/python3.10/site-packages/airflow/example_dags/example_time_delta_sensor_async.py took 0.063 seconds
[2023-04-08T15:33:35.674-0300] {processor.py:153} INFO - Started process (PID=15725) to work on /home/kauanu/PycharmProjects/AirFLowEnade/venv/lib/python3.10/site-packages/airflow/example_dags/example_time_delta_sensor_async.py
[2023-04-08T15:33:35.689-0300] {processor.py:743} INFO - Processing file /home/kauanu/PycharmProjects/AirFLowEnade/venv/lib/python3.10/site-packages/airflow/example_dags/example_time_delta_sensor_async.py for tasks to queue
[2023-04-08T15:33:35.690-0300] {logging_mixin.py:137} INFO - [2023-04-08T15:33:35.689-0300] {dagbag.py:532} INFO - Filling up the DagBag from /home/kauanu/PycharmProjects/AirFLowEnade/venv/lib/python3.10/site-packages/airflow/example_dags/example_time_delta_sensor_async.py
[2023-04-08T15:33:35.699-0300] {processor.py:753} INFO - DAG(s) dict_keys(['example_time_delta_sensor_async']) retrieved from /home/kauanu/PycharmProjects/AirFLowEnade/venv/lib/python3.10/site-packages/airflow/example_dags/example_time_delta_sensor_async.py
[2023-04-08T15:33:35.715-0300] {logging_mixin.py:137} INFO - [2023-04-08T15:33:35.715-0300] {dag.py:2705} INFO - Sync 1 DAGs
[2023-04-08T15:33:35.729-0300] {logging_mixin.py:137} INFO - [2023-04-08T15:33:35.729-0300] {dag.py:3452} INFO - Setting next_dagrun for example_time_delta_sensor_async to None, run_after=None
[2023-04-08T15:33:35.791-0300] {processor.py:175} INFO - Processing /home/kauanu/PycharmProjects/AirFLowEnade/venv/lib/python3.10/site-packages/airflow/example_dags/example_time_delta_sensor_async.py took 0.120 seconds
[2023-04-08T15:34:13.993-0300] {processor.py:153} INFO - Started process (PID=15915) to work on /home/kauanu/PycharmProjects/AirFLowEnade/venv/lib/python3.10/site-packages/airflow/example_dags/example_time_delta_sensor_async.py
[2023-04-08T15:34:13.995-0300] {processor.py:743} INFO - Processing file /home/kauanu/PycharmProjects/AirFLowEnade/venv/lib/python3.10/site-packages/airflow/example_dags/example_time_delta_sensor_async.py for tasks to queue
[2023-04-08T15:34:13.996-0300] {logging_mixin.py:137} INFO - [2023-04-08T15:34:13.996-0300] {dagbag.py:532} INFO - Filling up the DagBag from /home/kauanu/PycharmProjects/AirFLowEnade/venv/lib/python3.10/site-packages/airflow/example_dags/example_time_delta_sensor_async.py
[2023-04-08T15:34:14.005-0300] {processor.py:753} INFO - DAG(s) dict_keys(['example_time_delta_sensor_async']) retrieved from /home/kauanu/PycharmProjects/AirFLowEnade/venv/lib/python3.10/site-packages/airflow/example_dags/example_time_delta_sensor_async.py
[2023-04-08T15:34:14.019-0300] {logging_mixin.py:137} INFO - [2023-04-08T15:34:14.018-0300] {dag.py:2705} INFO - Sync 1 DAGs
[2023-04-08T15:34:14.035-0300] {logging_mixin.py:137} INFO - [2023-04-08T15:34:14.035-0300] {dag.py:3452} INFO - Setting next_dagrun for example_time_delta_sensor_async to None, run_after=None
[2023-04-08T15:34:14.056-0300] {processor.py:175} INFO - Processing /home/kauanu/PycharmProjects/AirFLowEnade/venv/lib/python3.10/site-packages/airflow/example_dags/example_time_delta_sensor_async.py took 0.066 seconds
[2023-04-08T15:34:52.033-0300] {processor.py:153} INFO - Started process (PID=16108) to work on /home/kauanu/PycharmProjects/AirFLowEnade/venv/lib/python3.10/site-packages/airflow/example_dags/example_time_delta_sensor_async.py
[2023-04-08T15:34:52.040-0300] {processor.py:743} INFO - Processing file /home/kauanu/PycharmProjects/AirFLowEnade/venv/lib/python3.10/site-packages/airflow/example_dags/example_time_delta_sensor_async.py for tasks to queue
[2023-04-08T15:34:52.040-0300] {logging_mixin.py:137} INFO - [2023-04-08T15:34:52.040-0300] {dagbag.py:532} INFO - Filling up the DagBag from /home/kauanu/PycharmProjects/AirFLowEnade/venv/lib/python3.10/site-packages/airflow/example_dags/example_time_delta_sensor_async.py
[2023-04-08T15:34:52.050-0300] {processor.py:753} INFO - DAG(s) dict_keys(['example_time_delta_sensor_async']) retrieved from /home/kauanu/PycharmProjects/AirFLowEnade/venv/lib/python3.10/site-packages/airflow/example_dags/example_time_delta_sensor_async.py
[2023-04-08T15:34:52.070-0300] {logging_mixin.py:137} INFO - [2023-04-08T15:34:52.070-0300] {dag.py:2705} INFO - Sync 1 DAGs
[2023-04-08T15:34:52.086-0300] {logging_mixin.py:137} INFO - [2023-04-08T15:34:52.086-0300] {dag.py:3452} INFO - Setting next_dagrun for example_time_delta_sensor_async to None, run_after=None
[2023-04-08T15:34:52.487-0300] {processor.py:175} INFO - Processing /home/kauanu/PycharmProjects/AirFLowEnade/venv/lib/python3.10/site-packages/airflow/example_dags/example_time_delta_sensor_async.py took 0.456 seconds
[2023-04-08T15:35:35.979-0300] {processor.py:153} INFO - Started process (PID=16298) to work on /home/kauanu/PycharmProjects/AirFLowEnade/venv/lib/python3.10/site-packages/airflow/example_dags/example_time_delta_sensor_async.py
[2023-04-08T15:35:35.981-0300] {processor.py:743} INFO - Processing file /home/kauanu/PycharmProjects/AirFLowEnade/venv/lib/python3.10/site-packages/airflow/example_dags/example_time_delta_sensor_async.py for tasks to queue
[2023-04-08T15:35:35.981-0300] {logging_mixin.py:137} INFO - [2023-04-08T15:35:35.981-0300] {dagbag.py:532} INFO - Filling up the DagBag from /home/kauanu/PycharmProjects/AirFLowEnade/venv/lib/python3.10/site-packages/airflow/example_dags/example_time_delta_sensor_async.py
[2023-04-08T15:35:35.995-0300] {processor.py:753} INFO - DAG(s) dict_keys(['example_time_delta_sensor_async']) retrieved from /home/kauanu/PycharmProjects/AirFLowEnade/venv/lib/python3.10/site-packages/airflow/example_dags/example_time_delta_sensor_async.py
[2023-04-08T15:35:36.012-0300] {logging_mixin.py:137} INFO - [2023-04-08T15:35:36.012-0300] {dag.py:2705} INFO - Sync 1 DAGs
[2023-04-08T15:35:36.025-0300] {logging_mixin.py:137} INFO - [2023-04-08T15:35:36.025-0300] {dag.py:3452} INFO - Setting next_dagrun for example_time_delta_sensor_async to None, run_after=None
[2023-04-08T15:35:36.051-0300] {processor.py:175} INFO - Processing /home/kauanu/PycharmProjects/AirFLowEnade/venv/lib/python3.10/site-packages/airflow/example_dags/example_time_delta_sensor_async.py took 0.076 seconds
[2023-04-08T15:36:18.937-0300] {processor.py:153} INFO - Started process (PID=16490) to work on /home/kauanu/PycharmProjects/AirFLowEnade/venv/lib/python3.10/site-packages/airflow/example_dags/example_time_delta_sensor_async.py
[2023-04-08T15:36:18.944-0300] {processor.py:743} INFO - Processing file /home/kauanu/PycharmProjects/AirFLowEnade/venv/lib/python3.10/site-packages/airflow/example_dags/example_time_delta_sensor_async.py for tasks to queue
[2023-04-08T15:36:18.944-0300] {logging_mixin.py:137} INFO - [2023-04-08T15:36:18.944-0300] {dagbag.py:532} INFO - Filling up the DagBag from /home/kauanu/PycharmProjects/AirFLowEnade/venv/lib/python3.10/site-packages/airflow/example_dags/example_time_delta_sensor_async.py
[2023-04-08T15:36:18.962-0300] {processor.py:753} INFO - DAG(s) dict_keys(['example_time_delta_sensor_async']) retrieved from /home/kauanu/PycharmProjects/AirFLowEnade/venv/lib/python3.10/site-packages/airflow/example_dags/example_time_delta_sensor_async.py
[2023-04-08T15:36:18.980-0300] {logging_mixin.py:137} INFO - [2023-04-08T15:36:18.980-0300] {dag.py:2705} INFO - Sync 1 DAGs
[2023-04-08T15:36:19.002-0300] {logging_mixin.py:137} INFO - [2023-04-08T15:36:19.002-0300] {dag.py:3452} INFO - Setting next_dagrun for example_time_delta_sensor_async to None, run_after=None
[2023-04-08T15:36:19.032-0300] {processor.py:175} INFO - Processing /home/kauanu/PycharmProjects/AirFLowEnade/venv/lib/python3.10/site-packages/airflow/example_dags/example_time_delta_sensor_async.py took 0.100 seconds
