[2023-04-08T15:25:55.892-0300] {processor.py:153} INFO - Started process (PID=13506) to work on /home/kauanu/PycharmProjects/AirFLowEnade/venv/lib/python3.10/site-packages/airflow/example_dags/example_sensors.py
[2023-04-08T15:25:55.894-0300] {processor.py:743} INFO - Processing file /home/kauanu/PycharmProjects/AirFLowEnade/venv/lib/python3.10/site-packages/airflow/example_dags/example_sensors.py for tasks to queue
[2023-04-08T15:25:55.894-0300] {logging_mixin.py:137} INFO - [2023-04-08T15:25:55.894-0300] {dagbag.py:532} INFO - Filling up the DagBag from /home/kauanu/PycharmProjects/AirFLowEnade/venv/lib/python3.10/site-packages/airflow/example_dags/example_sensors.py
[2023-04-08T15:25:55.932-0300] {processor.py:753} INFO - DAG(s) dict_keys(['example_sensors']) retrieved from /home/kauanu/PycharmProjects/AirFLowEnade/venv/lib/python3.10/site-packages/airflow/example_dags/example_sensors.py
[2023-04-08T15:25:56.027-0300] {logging_mixin.py:137} INFO - [2023-04-08T15:25:56.027-0300] {manager.py:504} INFO - Created Permission View: can delete on DAG:example_sensors
[2023-04-08T15:25:56.049-0300] {logging_mixin.py:137} INFO - [2023-04-08T15:25:56.049-0300] {manager.py:504} INFO - Created Permission View: can edit on DAG:example_sensors
[2023-04-08T15:25:56.065-0300] {logging_mixin.py:137} INFO - [2023-04-08T15:25:56.065-0300] {manager.py:504} INFO - Created Permission View: can read on DAG:example_sensors
[2023-04-08T15:25:56.066-0300] {logging_mixin.py:137} INFO - [2023-04-08T15:25:56.066-0300] {dag.py:2705} INFO - Sync 1 DAGs
[2023-04-08T15:25:56.073-0300] {logging_mixin.py:137} INFO - [2023-04-08T15:25:56.073-0300] {dag.py:2726} INFO - Creating ORM DAG for example_sensors
[2023-04-08T15:25:56.080-0300] {logging_mixin.py:137} INFO - [2023-04-08T15:25:56.080-0300] {dag.py:3452} INFO - Setting next_dagrun for example_sensors to None, run_after=None
[2023-04-08T15:25:56.109-0300] {processor.py:175} INFO - Processing /home/kauanu/PycharmProjects/AirFLowEnade/venv/lib/python3.10/site-packages/airflow/example_dags/example_sensors.py took 0.221 seconds
[2023-04-08T15:26:45.841-0300] {processor.py:153} INFO - Started process (PID=13739) to work on /home/kauanu/PycharmProjects/AirFLowEnade/venv/lib/python3.10/site-packages/airflow/example_dags/example_sensors.py
[2023-04-08T15:26:45.843-0300] {processor.py:743} INFO - Processing file /home/kauanu/PycharmProjects/AirFLowEnade/venv/lib/python3.10/site-packages/airflow/example_dags/example_sensors.py for tasks to queue
[2023-04-08T15:26:45.844-0300] {logging_mixin.py:137} INFO - [2023-04-08T15:26:45.843-0300] {dagbag.py:532} INFO - Filling up the DagBag from /home/kauanu/PycharmProjects/AirFLowEnade/venv/lib/python3.10/site-packages/airflow/example_dags/example_sensors.py
[2023-04-08T15:26:45.862-0300] {processor.py:753} INFO - DAG(s) dict_keys(['example_sensors']) retrieved from /home/kauanu/PycharmProjects/AirFLowEnade/venv/lib/python3.10/site-packages/airflow/example_dags/example_sensors.py
[2023-04-08T15:26:45.883-0300] {logging_mixin.py:137} INFO - [2023-04-08T15:26:45.883-0300] {dag.py:2705} INFO - Sync 1 DAGs
[2023-04-08T15:26:45.897-0300] {logging_mixin.py:137} INFO - [2023-04-08T15:26:45.897-0300] {dag.py:3452} INFO - Setting next_dagrun for example_sensors to None, run_after=None
[2023-04-08T15:26:45.937-0300] {processor.py:175} INFO - Processing /home/kauanu/PycharmProjects/AirFLowEnade/venv/lib/python3.10/site-packages/airflow/example_dags/example_sensors.py took 0.100 seconds
[2023-04-08T15:27:41.312-0300] {processor.py:153} INFO - Started process (PID=13998) to work on /home/kauanu/PycharmProjects/AirFLowEnade/venv/lib/python3.10/site-packages/airflow/example_dags/example_sensors.py
[2023-04-08T15:27:41.314-0300] {processor.py:743} INFO - Processing file /home/kauanu/PycharmProjects/AirFLowEnade/venv/lib/python3.10/site-packages/airflow/example_dags/example_sensors.py for tasks to queue
[2023-04-08T15:27:41.315-0300] {logging_mixin.py:137} INFO - [2023-04-08T15:27:41.314-0300] {dagbag.py:532} INFO - Filling up the DagBag from /home/kauanu/PycharmProjects/AirFLowEnade/venv/lib/python3.10/site-packages/airflow/example_dags/example_sensors.py
[2023-04-08T15:27:41.330-0300] {processor.py:753} INFO - DAG(s) dict_keys(['example_sensors']) retrieved from /home/kauanu/PycharmProjects/AirFLowEnade/venv/lib/python3.10/site-packages/airflow/example_dags/example_sensors.py
[2023-04-08T15:27:41.347-0300] {logging_mixin.py:137} INFO - [2023-04-08T15:27:41.347-0300] {dag.py:2705} INFO - Sync 1 DAGs
[2023-04-08T15:27:41.360-0300] {logging_mixin.py:137} INFO - [2023-04-08T15:27:41.360-0300] {dag.py:3452} INFO - Setting next_dagrun for example_sensors to None, run_after=None
[2023-04-08T15:27:41.383-0300] {processor.py:175} INFO - Processing /home/kauanu/PycharmProjects/AirFLowEnade/venv/lib/python3.10/site-packages/airflow/example_dags/example_sensors.py took 0.074 seconds
[2023-04-08T15:28:43.463-0300] {processor.py:153} INFO - Started process (PID=14301) to work on /home/kauanu/PycharmProjects/AirFLowEnade/venv/lib/python3.10/site-packages/airflow/example_dags/example_sensors.py
[2023-04-08T15:28:43.484-0300] {processor.py:743} INFO - Processing file /home/kauanu/PycharmProjects/AirFLowEnade/venv/lib/python3.10/site-packages/airflow/example_dags/example_sensors.py for tasks to queue
[2023-04-08T15:28:43.485-0300] {logging_mixin.py:137} INFO - [2023-04-08T15:28:43.485-0300] {dagbag.py:532} INFO - Filling up the DagBag from /home/kauanu/PycharmProjects/AirFLowEnade/venv/lib/python3.10/site-packages/airflow/example_dags/example_sensors.py
[2023-04-08T15:28:43.520-0300] {processor.py:753} INFO - DAG(s) dict_keys(['example_sensors']) retrieved from /home/kauanu/PycharmProjects/AirFLowEnade/venv/lib/python3.10/site-packages/airflow/example_dags/example_sensors.py
[2023-04-08T15:28:43.559-0300] {logging_mixin.py:137} INFO - [2023-04-08T15:28:43.559-0300] {dag.py:2705} INFO - Sync 1 DAGs
[2023-04-08T15:28:43.591-0300] {logging_mixin.py:137} INFO - [2023-04-08T15:28:43.591-0300] {dag.py:3452} INFO - Setting next_dagrun for example_sensors to None, run_after=None
[2023-04-08T15:28:43.661-0300] {processor.py:175} INFO - Processing /home/kauanu/PycharmProjects/AirFLowEnade/venv/lib/python3.10/site-packages/airflow/example_dags/example_sensors.py took 0.203 seconds
[2023-04-08T15:29:35.950-0300] {processor.py:153} INFO - Started process (PID=14622) to work on /home/kauanu/PycharmProjects/AirFLowEnade/venv/lib/python3.10/site-packages/airflow/example_dags/example_sensors.py
[2023-04-08T15:29:35.952-0300] {processor.py:743} INFO - Processing file /home/kauanu/PycharmProjects/AirFLowEnade/venv/lib/python3.10/site-packages/airflow/example_dags/example_sensors.py for tasks to queue
[2023-04-08T15:29:35.953-0300] {logging_mixin.py:137} INFO - [2023-04-08T15:29:35.952-0300] {dagbag.py:532} INFO - Filling up the DagBag from /home/kauanu/PycharmProjects/AirFLowEnade/venv/lib/python3.10/site-packages/airflow/example_dags/example_sensors.py
[2023-04-08T15:29:35.970-0300] {processor.py:753} INFO - DAG(s) dict_keys(['example_sensors']) retrieved from /home/kauanu/PycharmProjects/AirFLowEnade/venv/lib/python3.10/site-packages/airflow/example_dags/example_sensors.py
[2023-04-08T15:29:35.989-0300] {logging_mixin.py:137} INFO - [2023-04-08T15:29:35.989-0300] {dag.py:2705} INFO - Sync 1 DAGs
[2023-04-08T15:29:36.003-0300] {logging_mixin.py:137} INFO - [2023-04-08T15:29:36.003-0300] {dag.py:3452} INFO - Setting next_dagrun for example_sensors to None, run_after=None
[2023-04-08T15:29:36.031-0300] {processor.py:175} INFO - Processing /home/kauanu/PycharmProjects/AirFLowEnade/venv/lib/python3.10/site-packages/airflow/example_dags/example_sensors.py took 0.083 seconds
[2023-04-08T15:30:17.795-0300] {processor.py:153} INFO - Started process (PID=14811) to work on /home/kauanu/PycharmProjects/AirFLowEnade/venv/lib/python3.10/site-packages/airflow/example_dags/example_sensors.py
[2023-04-08T15:30:17.796-0300] {processor.py:743} INFO - Processing file /home/kauanu/PycharmProjects/AirFLowEnade/venv/lib/python3.10/site-packages/airflow/example_dags/example_sensors.py for tasks to queue
[2023-04-08T15:30:17.797-0300] {logging_mixin.py:137} INFO - [2023-04-08T15:30:17.796-0300] {dagbag.py:532} INFO - Filling up the DagBag from /home/kauanu/PycharmProjects/AirFLowEnade/venv/lib/python3.10/site-packages/airflow/example_dags/example_sensors.py
[2023-04-08T15:30:17.813-0300] {processor.py:753} INFO - DAG(s) dict_keys(['example_sensors']) retrieved from /home/kauanu/PycharmProjects/AirFLowEnade/venv/lib/python3.10/site-packages/airflow/example_dags/example_sensors.py
[2023-04-08T15:30:17.833-0300] {logging_mixin.py:137} INFO - [2023-04-08T15:30:17.832-0300] {dag.py:2705} INFO - Sync 1 DAGs
[2023-04-08T15:30:17.847-0300] {logging_mixin.py:137} INFO - [2023-04-08T15:30:17.846-0300] {dag.py:3452} INFO - Setting next_dagrun for example_sensors to None, run_after=None
[2023-04-08T15:30:17.870-0300] {processor.py:175} INFO - Processing /home/kauanu/PycharmProjects/AirFLowEnade/venv/lib/python3.10/site-packages/airflow/example_dags/example_sensors.py took 0.080 seconds
[2023-04-08T15:31:03.926-0300] {processor.py:153} INFO - Started process (PID=15001) to work on /home/kauanu/PycharmProjects/AirFLowEnade/venv/lib/python3.10/site-packages/airflow/example_dags/example_sensors.py
[2023-04-08T15:31:03.928-0300] {processor.py:743} INFO - Processing file /home/kauanu/PycharmProjects/AirFLowEnade/venv/lib/python3.10/site-packages/airflow/example_dags/example_sensors.py for tasks to queue
[2023-04-08T15:31:03.929-0300] {logging_mixin.py:137} INFO - [2023-04-08T15:31:03.928-0300] {dagbag.py:532} INFO - Filling up the DagBag from /home/kauanu/PycharmProjects/AirFLowEnade/venv/lib/python3.10/site-packages/airflow/example_dags/example_sensors.py
[2023-04-08T15:31:03.943-0300] {processor.py:753} INFO - DAG(s) dict_keys(['example_sensors']) retrieved from /home/kauanu/PycharmProjects/AirFLowEnade/venv/lib/python3.10/site-packages/airflow/example_dags/example_sensors.py
[2023-04-08T15:31:03.961-0300] {logging_mixin.py:137} INFO - [2023-04-08T15:31:03.960-0300] {dag.py:2705} INFO - Sync 1 DAGs
[2023-04-08T15:31:03.974-0300] {logging_mixin.py:137} INFO - [2023-04-08T15:31:03.974-0300] {dag.py:3452} INFO - Setting next_dagrun for example_sensors to None, run_after=None
[2023-04-08T15:31:04.000-0300] {processor.py:175} INFO - Processing /home/kauanu/PycharmProjects/AirFLowEnade/venv/lib/python3.10/site-packages/airflow/example_dags/example_sensors.py took 0.078 seconds
[2023-04-08T15:31:46.674-0300] {processor.py:153} INFO - Started process (PID=15214) to work on /home/kauanu/PycharmProjects/AirFLowEnade/venv/lib/python3.10/site-packages/airflow/example_dags/example_sensors.py
[2023-04-08T15:31:46.675-0300] {processor.py:743} INFO - Processing file /home/kauanu/PycharmProjects/AirFLowEnade/venv/lib/python3.10/site-packages/airflow/example_dags/example_sensors.py for tasks to queue
[2023-04-08T15:31:46.676-0300] {logging_mixin.py:137} INFO - [2023-04-08T15:31:46.676-0300] {dagbag.py:532} INFO - Filling up the DagBag from /home/kauanu/PycharmProjects/AirFLowEnade/venv/lib/python3.10/site-packages/airflow/example_dags/example_sensors.py
[2023-04-08T15:31:46.691-0300] {processor.py:753} INFO - DAG(s) dict_keys(['example_sensors']) retrieved from /home/kauanu/PycharmProjects/AirFLowEnade/venv/lib/python3.10/site-packages/airflow/example_dags/example_sensors.py
[2023-04-08T15:31:46.707-0300] {logging_mixin.py:137} INFO - [2023-04-08T15:31:46.707-0300] {dag.py:2705} INFO - Sync 1 DAGs
[2023-04-08T15:31:46.719-0300] {logging_mixin.py:137} INFO - [2023-04-08T15:31:46.719-0300] {dag.py:3452} INFO - Setting next_dagrun for example_sensors to None, run_after=None
[2023-04-08T15:31:46.756-0300] {processor.py:175} INFO - Processing /home/kauanu/PycharmProjects/AirFLowEnade/venv/lib/python3.10/site-packages/airflow/example_dags/example_sensors.py took 0.084 seconds
[2023-04-08T15:32:34.731-0300] {processor.py:153} INFO - Started process (PID=15427) to work on /home/kauanu/PycharmProjects/AirFLowEnade/venv/lib/python3.10/site-packages/airflow/example_dags/example_sensors.py
[2023-04-08T15:32:34.732-0300] {processor.py:743} INFO - Processing file /home/kauanu/PycharmProjects/AirFLowEnade/venv/lib/python3.10/site-packages/airflow/example_dags/example_sensors.py for tasks to queue
[2023-04-08T15:32:34.733-0300] {logging_mixin.py:137} INFO - [2023-04-08T15:32:34.733-0300] {dagbag.py:532} INFO - Filling up the DagBag from /home/kauanu/PycharmProjects/AirFLowEnade/venv/lib/python3.10/site-packages/airflow/example_dags/example_sensors.py
[2023-04-08T15:32:34.749-0300] {processor.py:753} INFO - DAG(s) dict_keys(['example_sensors']) retrieved from /home/kauanu/PycharmProjects/AirFLowEnade/venv/lib/python3.10/site-packages/airflow/example_dags/example_sensors.py
[2023-04-08T15:32:34.767-0300] {logging_mixin.py:137} INFO - [2023-04-08T15:32:34.767-0300] {dag.py:2705} INFO - Sync 1 DAGs
[2023-04-08T15:32:34.781-0300] {logging_mixin.py:137} INFO - [2023-04-08T15:32:34.781-0300] {dag.py:3452} INFO - Setting next_dagrun for example_sensors to None, run_after=None
[2023-04-08T15:32:34.805-0300] {processor.py:175} INFO - Processing /home/kauanu/PycharmProjects/AirFLowEnade/venv/lib/python3.10/site-packages/airflow/example_dags/example_sensors.py took 0.076 seconds
[2023-04-08T15:33:28.003-0300] {processor.py:153} INFO - Started process (PID=15717) to work on /home/kauanu/PycharmProjects/AirFLowEnade/venv/lib/python3.10/site-packages/airflow/example_dags/example_sensors.py
[2023-04-08T15:33:28.004-0300] {processor.py:743} INFO - Processing file /home/kauanu/PycharmProjects/AirFLowEnade/venv/lib/python3.10/site-packages/airflow/example_dags/example_sensors.py for tasks to queue
[2023-04-08T15:33:28.004-0300] {logging_mixin.py:137} INFO - [2023-04-08T15:33:28.004-0300] {dagbag.py:532} INFO - Filling up the DagBag from /home/kauanu/PycharmProjects/AirFLowEnade/venv/lib/python3.10/site-packages/airflow/example_dags/example_sensors.py
[2023-04-08T15:33:28.022-0300] {processor.py:753} INFO - DAG(s) dict_keys(['example_sensors']) retrieved from /home/kauanu/PycharmProjects/AirFLowEnade/venv/lib/python3.10/site-packages/airflow/example_dags/example_sensors.py
[2023-04-08T15:33:28.040-0300] {logging_mixin.py:137} INFO - [2023-04-08T15:33:28.040-0300] {dag.py:2705} INFO - Sync 1 DAGs
[2023-04-08T15:33:28.056-0300] {logging_mixin.py:137} INFO - [2023-04-08T15:33:28.055-0300] {dag.py:3452} INFO - Setting next_dagrun for example_sensors to None, run_after=None
[2023-04-08T15:33:28.096-0300] {processor.py:175} INFO - Processing /home/kauanu/PycharmProjects/AirFLowEnade/venv/lib/python3.10/site-packages/airflow/example_dags/example_sensors.py took 0.097 seconds
[2023-04-08T15:34:17.992-0300] {processor.py:153} INFO - Started process (PID=15940) to work on /home/kauanu/PycharmProjects/AirFLowEnade/venv/lib/python3.10/site-packages/airflow/example_dags/example_sensors.py
[2023-04-08T15:34:17.993-0300] {processor.py:743} INFO - Processing file /home/kauanu/PycharmProjects/AirFLowEnade/venv/lib/python3.10/site-packages/airflow/example_dags/example_sensors.py for tasks to queue
[2023-04-08T15:34:17.994-0300] {logging_mixin.py:137} INFO - [2023-04-08T15:34:17.994-0300] {dagbag.py:532} INFO - Filling up the DagBag from /home/kauanu/PycharmProjects/AirFLowEnade/venv/lib/python3.10/site-packages/airflow/example_dags/example_sensors.py
[2023-04-08T15:34:18.009-0300] {processor.py:753} INFO - DAG(s) dict_keys(['example_sensors']) retrieved from /home/kauanu/PycharmProjects/AirFLowEnade/venv/lib/python3.10/site-packages/airflow/example_dags/example_sensors.py
[2023-04-08T15:34:18.025-0300] {logging_mixin.py:137} INFO - [2023-04-08T15:34:18.025-0300] {dag.py:2705} INFO - Sync 1 DAGs
[2023-04-08T15:34:18.038-0300] {logging_mixin.py:137} INFO - [2023-04-08T15:34:18.038-0300] {dag.py:3452} INFO - Setting next_dagrun for example_sensors to None, run_after=None
[2023-04-08T15:34:18.058-0300] {processor.py:175} INFO - Processing /home/kauanu/PycharmProjects/AirFLowEnade/venv/lib/python3.10/site-packages/airflow/example_dags/example_sensors.py took 0.069 seconds
[2023-04-08T15:35:08.815-0300] {processor.py:153} INFO - Started process (PID=16180) to work on /home/kauanu/PycharmProjects/AirFLowEnade/venv/lib/python3.10/site-packages/airflow/example_dags/example_sensors.py
[2023-04-08T15:35:08.832-0300] {processor.py:743} INFO - Processing file /home/kauanu/PycharmProjects/AirFLowEnade/venv/lib/python3.10/site-packages/airflow/example_dags/example_sensors.py for tasks to queue
[2023-04-08T15:35:08.833-0300] {logging_mixin.py:137} INFO - [2023-04-08T15:35:08.833-0300] {dagbag.py:532} INFO - Filling up the DagBag from /home/kauanu/PycharmProjects/AirFLowEnade/venv/lib/python3.10/site-packages/airflow/example_dags/example_sensors.py
[2023-04-08T15:35:08.847-0300] {processor.py:753} INFO - DAG(s) dict_keys(['example_sensors']) retrieved from /home/kauanu/PycharmProjects/AirFLowEnade/venv/lib/python3.10/site-packages/airflow/example_dags/example_sensors.py
[2023-04-08T15:35:08.867-0300] {logging_mixin.py:137} INFO - [2023-04-08T15:35:08.866-0300] {dag.py:2705} INFO - Sync 1 DAGs
[2023-04-08T15:35:08.880-0300] {logging_mixin.py:137} INFO - [2023-04-08T15:35:08.879-0300] {dag.py:3452} INFO - Setting next_dagrun for example_sensors to None, run_after=None
[2023-04-08T15:35:09.411-0300] {processor.py:175} INFO - Processing /home/kauanu/PycharmProjects/AirFLowEnade/venv/lib/python3.10/site-packages/airflow/example_dags/example_sensors.py took 0.600 seconds
[2023-04-08T15:35:53.110-0300] {processor.py:153} INFO - Started process (PID=16389) to work on /home/kauanu/PycharmProjects/AirFLowEnade/venv/lib/python3.10/site-packages/airflow/example_dags/example_sensors.py
[2023-04-08T15:35:53.120-0300] {processor.py:743} INFO - Processing file /home/kauanu/PycharmProjects/AirFLowEnade/venv/lib/python3.10/site-packages/airflow/example_dags/example_sensors.py for tasks to queue
[2023-04-08T15:35:53.120-0300] {logging_mixin.py:137} INFO - [2023-04-08T15:35:53.120-0300] {dagbag.py:532} INFO - Filling up the DagBag from /home/kauanu/PycharmProjects/AirFLowEnade/venv/lib/python3.10/site-packages/airflow/example_dags/example_sensors.py
[2023-04-08T15:35:53.134-0300] {processor.py:753} INFO - DAG(s) dict_keys(['example_sensors']) retrieved from /home/kauanu/PycharmProjects/AirFLowEnade/venv/lib/python3.10/site-packages/airflow/example_dags/example_sensors.py
[2023-04-08T15:35:53.151-0300] {logging_mixin.py:137} INFO - [2023-04-08T15:35:53.151-0300] {dag.py:2705} INFO - Sync 1 DAGs
[2023-04-08T15:35:53.163-0300] {logging_mixin.py:137} INFO - [2023-04-08T15:35:53.163-0300] {dag.py:3452} INFO - Setting next_dagrun for example_sensors to None, run_after=None
[2023-04-08T15:35:53.197-0300] {processor.py:175} INFO - Processing /home/kauanu/PycharmProjects/AirFLowEnade/venv/lib/python3.10/site-packages/airflow/example_dags/example_sensors.py took 0.089 seconds
[2023-04-08T15:36:46.952-0300] {processor.py:153} INFO - Started process (PID=16617) to work on /home/kauanu/PycharmProjects/AirFLowEnade/venv/lib/python3.10/site-packages/airflow/example_dags/example_sensors.py
[2023-04-08T15:36:46.971-0300] {processor.py:743} INFO - Processing file /home/kauanu/PycharmProjects/AirFLowEnade/venv/lib/python3.10/site-packages/airflow/example_dags/example_sensors.py for tasks to queue
[2023-04-08T15:36:46.973-0300] {logging_mixin.py:137} INFO - [2023-04-08T15:36:46.972-0300] {dagbag.py:532} INFO - Filling up the DagBag from /home/kauanu/PycharmProjects/AirFLowEnade/venv/lib/python3.10/site-packages/airflow/example_dags/example_sensors.py
[2023-04-08T15:36:47.255-0300] {processor.py:753} INFO - DAG(s) dict_keys(['example_sensors']) retrieved from /home/kauanu/PycharmProjects/AirFLowEnade/venv/lib/python3.10/site-packages/airflow/example_dags/example_sensors.py
[2023-04-08T15:36:47.290-0300] {logging_mixin.py:137} INFO - [2023-04-08T15:36:47.289-0300] {dag.py:2705} INFO - Sync 1 DAGs
[2023-04-08T15:36:47.336-0300] {logging_mixin.py:137} INFO - [2023-04-08T15:36:47.336-0300] {dag.py:3452} INFO - Setting next_dagrun for example_sensors to None, run_after=None
[2023-04-08T15:36:47.418-0300] {processor.py:175} INFO - Processing /home/kauanu/PycharmProjects/AirFLowEnade/venv/lib/python3.10/site-packages/airflow/example_dags/example_sensors.py took 0.485 seconds
