[2023-04-08T15:25:21.615-0300] {processor.py:153} INFO - Started process (PID=13337) to work on /home/kauanu/PycharmProjects/AirFLowEnade/venv/lib/python3.10/site-packages/airflow/example_dags/example_skip_dag.py
[2023-04-08T15:25:21.616-0300] {processor.py:743} INFO - Processing file /home/kauanu/PycharmProjects/AirFLowEnade/venv/lib/python3.10/site-packages/airflow/example_dags/example_skip_dag.py for tasks to queue
[2023-04-08T15:25:21.617-0300] {logging_mixin.py:137} INFO - [2023-04-08T15:25:21.617-0300] {dagbag.py:532} INFO - Filling up the DagBag from /home/kauanu/PycharmProjects/AirFLowEnade/venv/lib/python3.10/site-packages/airflow/example_dags/example_skip_dag.py
[2023-04-08T15:25:21.632-0300] {processor.py:753} INFO - DAG(s) dict_keys(['example_skip_dag']) retrieved from /home/kauanu/PycharmProjects/AirFLowEnade/venv/lib/python3.10/site-packages/airflow/example_dags/example_skip_dag.py
[2023-04-08T15:25:22.285-0300] {logging_mixin.py:137} INFO - [2023-04-08T15:25:22.285-0300] {manager.py:504} INFO - Created Permission View: can delete on DAG:example_skip_dag
[2023-04-08T15:25:22.309-0300] {logging_mixin.py:137} INFO - [2023-04-08T15:25:22.308-0300] {manager.py:504} INFO - Created Permission View: can edit on DAG:example_skip_dag
[2023-04-08T15:25:22.359-0300] {logging_mixin.py:137} INFO - [2023-04-08T15:25:22.357-0300] {manager.py:504} INFO - Created Permission View: can read on DAG:example_skip_dag
[2023-04-08T15:25:22.360-0300] {logging_mixin.py:137} INFO - [2023-04-08T15:25:22.359-0300] {dag.py:2705} INFO - Sync 1 DAGs
[2023-04-08T15:25:22.371-0300] {logging_mixin.py:137} INFO - [2023-04-08T15:25:22.371-0300] {dag.py:2726} INFO - Creating ORM DAG for example_skip_dag
[2023-04-08T15:25:22.382-0300] {logging_mixin.py:137} INFO - [2023-04-08T15:25:22.382-0300] {dag.py:3452} INFO - Setting next_dagrun for example_skip_dag to 2023-04-07T18:25:22.382084+00:00, run_after=2023-04-08T18:25:22.382084+00:00
[2023-04-08T15:25:22.415-0300] {processor.py:175} INFO - Processing /home/kauanu/PycharmProjects/AirFLowEnade/venv/lib/python3.10/site-packages/airflow/example_dags/example_skip_dag.py took 0.813 seconds
[2023-04-08T15:26:18.045-0300] {processor.py:153} INFO - Started process (PID=13614) to work on /home/kauanu/PycharmProjects/AirFLowEnade/venv/lib/python3.10/site-packages/airflow/example_dags/example_skip_dag.py
[2023-04-08T15:26:18.056-0300] {processor.py:743} INFO - Processing file /home/kauanu/PycharmProjects/AirFLowEnade/venv/lib/python3.10/site-packages/airflow/example_dags/example_skip_dag.py for tasks to queue
[2023-04-08T15:26:18.061-0300] {logging_mixin.py:137} INFO - [2023-04-08T15:26:18.060-0300] {dagbag.py:532} INFO - Filling up the DagBag from /home/kauanu/PycharmProjects/AirFLowEnade/venv/lib/python3.10/site-packages/airflow/example_dags/example_skip_dag.py
[2023-04-08T15:26:18.088-0300] {processor.py:753} INFO - DAG(s) dict_keys(['example_skip_dag']) retrieved from /home/kauanu/PycharmProjects/AirFLowEnade/venv/lib/python3.10/site-packages/airflow/example_dags/example_skip_dag.py
[2023-04-08T15:26:18.108-0300] {logging_mixin.py:137} INFO - [2023-04-08T15:26:18.107-0300] {dag.py:2705} INFO - Sync 1 DAGs
[2023-04-08T15:26:18.147-0300] {logging_mixin.py:137} INFO - [2023-04-08T15:26:18.147-0300] {dag.py:3452} INFO - Setting next_dagrun for example_skip_dag to 2023-04-07T18:26:18.147048+00:00, run_after=2023-04-08T18:26:18.147048+00:00
[2023-04-08T15:26:18.186-0300] {processor.py:175} INFO - Processing /home/kauanu/PycharmProjects/AirFLowEnade/venv/lib/python3.10/site-packages/airflow/example_dags/example_skip_dag.py took 0.155 seconds
[2023-04-08T15:27:00.179-0300] {processor.py:153} INFO - Started process (PID=13818) to work on /home/kauanu/PycharmProjects/AirFLowEnade/venv/lib/python3.10/site-packages/airflow/example_dags/example_skip_dag.py
[2023-04-08T15:27:00.200-0300] {processor.py:743} INFO - Processing file /home/kauanu/PycharmProjects/AirFLowEnade/venv/lib/python3.10/site-packages/airflow/example_dags/example_skip_dag.py for tasks to queue
[2023-04-08T15:27:00.201-0300] {logging_mixin.py:137} INFO - [2023-04-08T15:27:00.200-0300] {dagbag.py:532} INFO - Filling up the DagBag from /home/kauanu/PycharmProjects/AirFLowEnade/venv/lib/python3.10/site-packages/airflow/example_dags/example_skip_dag.py
[2023-04-08T15:27:00.220-0300] {processor.py:753} INFO - DAG(s) dict_keys(['example_skip_dag']) retrieved from /home/kauanu/PycharmProjects/AirFLowEnade/venv/lib/python3.10/site-packages/airflow/example_dags/example_skip_dag.py
[2023-04-08T15:27:00.242-0300] {logging_mixin.py:137} INFO - [2023-04-08T15:27:00.242-0300] {dag.py:2705} INFO - Sync 1 DAGs
[2023-04-08T15:27:00.261-0300] {logging_mixin.py:137} INFO - [2023-04-08T15:27:00.261-0300] {dag.py:3452} INFO - Setting next_dagrun for example_skip_dag to 2023-04-07T18:27:00.261423+00:00, run_after=2023-04-08T18:27:00.261423+00:00
[2023-04-08T15:27:00.300-0300] {processor.py:175} INFO - Processing /home/kauanu/PycharmProjects/AirFLowEnade/venv/lib/python3.10/site-packages/airflow/example_dags/example_skip_dag.py took 0.134 seconds
[2023-04-08T15:27:48.378-0300] {processor.py:153} INFO - Started process (PID=14043) to work on /home/kauanu/PycharmProjects/AirFLowEnade/venv/lib/python3.10/site-packages/airflow/example_dags/example_skip_dag.py
[2023-04-08T15:27:48.381-0300] {processor.py:743} INFO - Processing file /home/kauanu/PycharmProjects/AirFLowEnade/venv/lib/python3.10/site-packages/airflow/example_dags/example_skip_dag.py for tasks to queue
[2023-04-08T15:27:48.382-0300] {logging_mixin.py:137} INFO - [2023-04-08T15:27:48.381-0300] {dagbag.py:532} INFO - Filling up the DagBag from /home/kauanu/PycharmProjects/AirFLowEnade/venv/lib/python3.10/site-packages/airflow/example_dags/example_skip_dag.py
[2023-04-08T15:27:48.414-0300] {processor.py:753} INFO - DAG(s) dict_keys(['example_skip_dag']) retrieved from /home/kauanu/PycharmProjects/AirFLowEnade/venv/lib/python3.10/site-packages/airflow/example_dags/example_skip_dag.py
[2023-04-08T15:27:48.450-0300] {logging_mixin.py:137} INFO - [2023-04-08T15:27:48.450-0300] {dag.py:2705} INFO - Sync 1 DAGs
[2023-04-08T15:27:48.483-0300] {logging_mixin.py:137} INFO - [2023-04-08T15:27:48.483-0300] {dag.py:3452} INFO - Setting next_dagrun for example_skip_dag to 2023-04-07T18:27:48.483103+00:00, run_after=2023-04-08T18:27:48.483103+00:00
[2023-04-08T15:27:49.527-0300] {processor.py:175} INFO - Processing /home/kauanu/PycharmProjects/AirFLowEnade/venv/lib/python3.10/site-packages/airflow/example_dags/example_skip_dag.py took 1.164 seconds
[2023-04-08T15:28:33.190-0300] {processor.py:153} INFO - Started process (PID=14253) to work on /home/kauanu/PycharmProjects/AirFLowEnade/venv/lib/python3.10/site-packages/airflow/example_dags/example_skip_dag.py
[2023-04-08T15:28:33.192-0300] {processor.py:743} INFO - Processing file /home/kauanu/PycharmProjects/AirFLowEnade/venv/lib/python3.10/site-packages/airflow/example_dags/example_skip_dag.py for tasks to queue
[2023-04-08T15:28:33.193-0300] {logging_mixin.py:137} INFO - [2023-04-08T15:28:33.192-0300] {dagbag.py:532} INFO - Filling up the DagBag from /home/kauanu/PycharmProjects/AirFLowEnade/venv/lib/python3.10/site-packages/airflow/example_dags/example_skip_dag.py
[2023-04-08T15:28:33.215-0300] {processor.py:753} INFO - DAG(s) dict_keys(['example_skip_dag']) retrieved from /home/kauanu/PycharmProjects/AirFLowEnade/venv/lib/python3.10/site-packages/airflow/example_dags/example_skip_dag.py
[2023-04-08T15:28:33.236-0300] {logging_mixin.py:137} INFO - [2023-04-08T15:28:33.236-0300] {dag.py:2705} INFO - Sync 1 DAGs
[2023-04-08T15:28:33.249-0300] {logging_mixin.py:137} INFO - [2023-04-08T15:28:33.249-0300] {dag.py:3452} INFO - Setting next_dagrun for example_skip_dag to 2023-04-07T18:28:33.249355+00:00, run_after=2023-04-08T18:28:33.249355+00:00
[2023-04-08T15:28:33.274-0300] {processor.py:175} INFO - Processing /home/kauanu/PycharmProjects/AirFLowEnade/venv/lib/python3.10/site-packages/airflow/example_dags/example_skip_dag.py took 0.086 seconds
[2023-04-08T15:29:21.751-0300] {processor.py:153} INFO - Started process (PID=14532) to work on /home/kauanu/PycharmProjects/AirFLowEnade/venv/lib/python3.10/site-packages/airflow/example_dags/example_skip_dag.py
[2023-04-08T15:29:21.760-0300] {processor.py:743} INFO - Processing file /home/kauanu/PycharmProjects/AirFLowEnade/venv/lib/python3.10/site-packages/airflow/example_dags/example_skip_dag.py for tasks to queue
[2023-04-08T15:29:21.760-0300] {logging_mixin.py:137} INFO - [2023-04-08T15:29:21.760-0300] {dagbag.py:532} INFO - Filling up the DagBag from /home/kauanu/PycharmProjects/AirFLowEnade/venv/lib/python3.10/site-packages/airflow/example_dags/example_skip_dag.py
[2023-04-08T15:29:21.772-0300] {processor.py:753} INFO - DAG(s) dict_keys(['example_skip_dag']) retrieved from /home/kauanu/PycharmProjects/AirFLowEnade/venv/lib/python3.10/site-packages/airflow/example_dags/example_skip_dag.py
[2023-04-08T15:29:21.787-0300] {logging_mixin.py:137} INFO - [2023-04-08T15:29:21.787-0300] {dag.py:2705} INFO - Sync 1 DAGs
[2023-04-08T15:29:21.801-0300] {logging_mixin.py:137} INFO - [2023-04-08T15:29:21.801-0300] {dag.py:3452} INFO - Setting next_dagrun for example_skip_dag to 2023-04-07T18:29:21.800854+00:00, run_after=2023-04-08T18:29:21.800854+00:00
[2023-04-08T15:29:21.823-0300] {processor.py:175} INFO - Processing /home/kauanu/PycharmProjects/AirFLowEnade/venv/lib/python3.10/site-packages/airflow/example_dags/example_skip_dag.py took 0.075 seconds
[2023-04-08T15:30:00.898-0300] {processor.py:153} INFO - Started process (PID=14721) to work on /home/kauanu/PycharmProjects/AirFLowEnade/venv/lib/python3.10/site-packages/airflow/example_dags/example_skip_dag.py
[2023-04-08T15:30:00.899-0300] {processor.py:743} INFO - Processing file /home/kauanu/PycharmProjects/AirFLowEnade/venv/lib/python3.10/site-packages/airflow/example_dags/example_skip_dag.py for tasks to queue
[2023-04-08T15:30:00.900-0300] {logging_mixin.py:137} INFO - [2023-04-08T15:30:00.900-0300] {dagbag.py:532} INFO - Filling up the DagBag from /home/kauanu/PycharmProjects/AirFLowEnade/venv/lib/python3.10/site-packages/airflow/example_dags/example_skip_dag.py
[2023-04-08T15:30:00.911-0300] {processor.py:753} INFO - DAG(s) dict_keys(['example_skip_dag']) retrieved from /home/kauanu/PycharmProjects/AirFLowEnade/venv/lib/python3.10/site-packages/airflow/example_dags/example_skip_dag.py
[2023-04-08T15:30:00.925-0300] {logging_mixin.py:137} INFO - [2023-04-08T15:30:00.925-0300] {dag.py:2705} INFO - Sync 1 DAGs
[2023-04-08T15:30:00.938-0300] {logging_mixin.py:137} INFO - [2023-04-08T15:30:00.938-0300] {dag.py:3452} INFO - Setting next_dagrun for example_skip_dag to 2023-04-07T18:30:00.938424+00:00, run_after=2023-04-08T18:30:00.938424+00:00
[2023-04-08T15:30:00.959-0300] {processor.py:175} INFO - Processing /home/kauanu/PycharmProjects/AirFLowEnade/venv/lib/python3.10/site-packages/airflow/example_dags/example_skip_dag.py took 0.063 seconds
[2023-04-08T15:30:44.426-0300] {processor.py:153} INFO - Started process (PID=14929) to work on /home/kauanu/PycharmProjects/AirFLowEnade/venv/lib/python3.10/site-packages/airflow/example_dags/example_skip_dag.py
[2023-04-08T15:30:44.427-0300] {processor.py:743} INFO - Processing file /home/kauanu/PycharmProjects/AirFLowEnade/venv/lib/python3.10/site-packages/airflow/example_dags/example_skip_dag.py for tasks to queue
[2023-04-08T15:30:44.429-0300] {logging_mixin.py:137} INFO - [2023-04-08T15:30:44.428-0300] {dagbag.py:532} INFO - Filling up the DagBag from /home/kauanu/PycharmProjects/AirFLowEnade/venv/lib/python3.10/site-packages/airflow/example_dags/example_skip_dag.py
[2023-04-08T15:30:44.443-0300] {processor.py:753} INFO - DAG(s) dict_keys(['example_skip_dag']) retrieved from /home/kauanu/PycharmProjects/AirFLowEnade/venv/lib/python3.10/site-packages/airflow/example_dags/example_skip_dag.py
[2023-04-08T15:30:44.459-0300] {logging_mixin.py:137} INFO - [2023-04-08T15:30:44.459-0300] {dag.py:2705} INFO - Sync 1 DAGs
[2023-04-08T15:30:44.475-0300] {logging_mixin.py:137} INFO - [2023-04-08T15:30:44.475-0300] {dag.py:3452} INFO - Setting next_dagrun for example_skip_dag to 2023-04-07T18:30:44.475448+00:00, run_after=2023-04-08T18:30:44.475448+00:00
[2023-04-08T15:30:44.498-0300] {processor.py:175} INFO - Processing /home/kauanu/PycharmProjects/AirFLowEnade/venv/lib/python3.10/site-packages/airflow/example_dags/example_skip_dag.py took 0.074 seconds
[2023-04-08T15:31:27.704-0300] {processor.py:153} INFO - Started process (PID=15142) to work on /home/kauanu/PycharmProjects/AirFLowEnade/venv/lib/python3.10/site-packages/airflow/example_dags/example_skip_dag.py
[2023-04-08T15:31:27.705-0300] {processor.py:743} INFO - Processing file /home/kauanu/PycharmProjects/AirFLowEnade/venv/lib/python3.10/site-packages/airflow/example_dags/example_skip_dag.py for tasks to queue
[2023-04-08T15:31:27.705-0300] {logging_mixin.py:137} INFO - [2023-04-08T15:31:27.705-0300] {dagbag.py:532} INFO - Filling up the DagBag from /home/kauanu/PycharmProjects/AirFLowEnade/venv/lib/python3.10/site-packages/airflow/example_dags/example_skip_dag.py
[2023-04-08T15:31:27.716-0300] {processor.py:753} INFO - DAG(s) dict_keys(['example_skip_dag']) retrieved from /home/kauanu/PycharmProjects/AirFLowEnade/venv/lib/python3.10/site-packages/airflow/example_dags/example_skip_dag.py
[2023-04-08T15:31:27.731-0300] {logging_mixin.py:137} INFO - [2023-04-08T15:31:27.731-0300] {dag.py:2705} INFO - Sync 1 DAGs
[2023-04-08T15:31:27.744-0300] {logging_mixin.py:137} INFO - [2023-04-08T15:31:27.744-0300] {dag.py:3452} INFO - Setting next_dagrun for example_skip_dag to 2023-04-07T18:31:27.744064+00:00, run_after=2023-04-08T18:31:27.744064+00:00
[2023-04-08T15:31:27.765-0300] {processor.py:175} INFO - Processing /home/kauanu/PycharmProjects/AirFLowEnade/venv/lib/python3.10/site-packages/airflow/example_dags/example_skip_dag.py took 0.064 seconds
[2023-04-08T15:32:03.813-0300] {processor.py:153} INFO - Started process (PID=15287) to work on /home/kauanu/PycharmProjects/AirFLowEnade/venv/lib/python3.10/site-packages/airflow/example_dags/example_skip_dag.py
[2023-04-08T15:32:03.814-0300] {processor.py:743} INFO - Processing file /home/kauanu/PycharmProjects/AirFLowEnade/venv/lib/python3.10/site-packages/airflow/example_dags/example_skip_dag.py for tasks to queue
[2023-04-08T15:32:03.814-0300] {logging_mixin.py:137} INFO - [2023-04-08T15:32:03.814-0300] {dagbag.py:532} INFO - Filling up the DagBag from /home/kauanu/PycharmProjects/AirFLowEnade/venv/lib/python3.10/site-packages/airflow/example_dags/example_skip_dag.py
[2023-04-08T15:32:03.825-0300] {processor.py:753} INFO - DAG(s) dict_keys(['example_skip_dag']) retrieved from /home/kauanu/PycharmProjects/AirFLowEnade/venv/lib/python3.10/site-packages/airflow/example_dags/example_skip_dag.py
[2023-04-08T15:32:03.839-0300] {logging_mixin.py:137} INFO - [2023-04-08T15:32:03.839-0300] {dag.py:2705} INFO - Sync 1 DAGs
[2023-04-08T15:32:03.852-0300] {logging_mixin.py:137} INFO - [2023-04-08T15:32:03.851-0300] {dag.py:3452} INFO - Setting next_dagrun for example_skip_dag to 2023-04-07T18:32:03.851687+00:00, run_after=2023-04-08T18:32:03.851687+00:00
[2023-04-08T15:32:03.873-0300] {processor.py:175} INFO - Processing /home/kauanu/PycharmProjects/AirFLowEnade/venv/lib/python3.10/site-packages/airflow/example_dags/example_skip_dag.py took 0.063 seconds
[2023-04-08T15:32:41.154-0300] {processor.py:153} INFO - Started process (PID=15473) to work on /home/kauanu/PycharmProjects/AirFLowEnade/venv/lib/python3.10/site-packages/airflow/example_dags/example_skip_dag.py
[2023-04-08T15:32:41.155-0300] {processor.py:743} INFO - Processing file /home/kauanu/PycharmProjects/AirFLowEnade/venv/lib/python3.10/site-packages/airflow/example_dags/example_skip_dag.py for tasks to queue
[2023-04-08T15:32:41.155-0300] {logging_mixin.py:137} INFO - [2023-04-08T15:32:41.155-0300] {dagbag.py:532} INFO - Filling up the DagBag from /home/kauanu/PycharmProjects/AirFLowEnade/venv/lib/python3.10/site-packages/airflow/example_dags/example_skip_dag.py
[2023-04-08T15:32:41.167-0300] {processor.py:753} INFO - DAG(s) dict_keys(['example_skip_dag']) retrieved from /home/kauanu/PycharmProjects/AirFLowEnade/venv/lib/python3.10/site-packages/airflow/example_dags/example_skip_dag.py
[2023-04-08T15:32:41.181-0300] {logging_mixin.py:137} INFO - [2023-04-08T15:32:41.181-0300] {dag.py:2705} INFO - Sync 1 DAGs
[2023-04-08T15:32:41.194-0300] {logging_mixin.py:137} INFO - [2023-04-08T15:32:41.194-0300] {dag.py:3452} INFO - Setting next_dagrun for example_skip_dag to 2023-04-07T18:32:41.194494+00:00, run_after=2023-04-08T18:32:41.194494+00:00
[2023-04-08T15:32:41.236-0300] {processor.py:175} INFO - Processing /home/kauanu/PycharmProjects/AirFLowEnade/venv/lib/python3.10/site-packages/airflow/example_dags/example_skip_dag.py took 0.085 seconds
[2023-04-08T15:33:20.433-0300] {processor.py:153} INFO - Started process (PID=15674) to work on /home/kauanu/PycharmProjects/AirFLowEnade/venv/lib/python3.10/site-packages/airflow/example_dags/example_skip_dag.py
[2023-04-08T15:33:20.434-0300] {processor.py:743} INFO - Processing file /home/kauanu/PycharmProjects/AirFLowEnade/venv/lib/python3.10/site-packages/airflow/example_dags/example_skip_dag.py for tasks to queue
[2023-04-08T15:33:20.435-0300] {logging_mixin.py:137} INFO - [2023-04-08T15:33:20.435-0300] {dagbag.py:532} INFO - Filling up the DagBag from /home/kauanu/PycharmProjects/AirFLowEnade/venv/lib/python3.10/site-packages/airflow/example_dags/example_skip_dag.py
[2023-04-08T15:33:20.446-0300] {processor.py:753} INFO - DAG(s) dict_keys(['example_skip_dag']) retrieved from /home/kauanu/PycharmProjects/AirFLowEnade/venv/lib/python3.10/site-packages/airflow/example_dags/example_skip_dag.py
[2023-04-08T15:33:20.462-0300] {logging_mixin.py:137} INFO - [2023-04-08T15:33:20.462-0300] {dag.py:2705} INFO - Sync 1 DAGs
[2023-04-08T15:33:20.475-0300] {logging_mixin.py:137} INFO - [2023-04-08T15:33:20.475-0300] {dag.py:3452} INFO - Setting next_dagrun for example_skip_dag to 2023-04-07T18:33:20.475418+00:00, run_after=2023-04-08T18:33:20.475418+00:00
[2023-04-08T15:33:20.505-0300] {processor.py:175} INFO - Processing /home/kauanu/PycharmProjects/AirFLowEnade/venv/lib/python3.10/site-packages/airflow/example_dags/example_skip_dag.py took 0.074 seconds
[2023-04-08T15:33:58.935-0300] {processor.py:153} INFO - Started process (PID=15863) to work on /home/kauanu/PycharmProjects/AirFLowEnade/venv/lib/python3.10/site-packages/airflow/example_dags/example_skip_dag.py
[2023-04-08T15:33:58.936-0300] {processor.py:743} INFO - Processing file /home/kauanu/PycharmProjects/AirFLowEnade/venv/lib/python3.10/site-packages/airflow/example_dags/example_skip_dag.py for tasks to queue
[2023-04-08T15:33:58.936-0300] {logging_mixin.py:137} INFO - [2023-04-08T15:33:58.936-0300] {dagbag.py:532} INFO - Filling up the DagBag from /home/kauanu/PycharmProjects/AirFLowEnade/venv/lib/python3.10/site-packages/airflow/example_dags/example_skip_dag.py
[2023-04-08T15:33:58.947-0300] {processor.py:753} INFO - DAG(s) dict_keys(['example_skip_dag']) retrieved from /home/kauanu/PycharmProjects/AirFLowEnade/venv/lib/python3.10/site-packages/airflow/example_dags/example_skip_dag.py
[2023-04-08T15:33:58.961-0300] {logging_mixin.py:137} INFO - [2023-04-08T15:33:58.961-0300] {dag.py:2705} INFO - Sync 1 DAGs
[2023-04-08T15:33:58.975-0300] {logging_mixin.py:137} INFO - [2023-04-08T15:33:58.975-0300] {dag.py:3452} INFO - Setting next_dagrun for example_skip_dag to 2023-04-07T18:33:58.975126+00:00, run_after=2023-04-08T18:33:58.975126+00:00
[2023-04-08T15:33:58.997-0300] {processor.py:175} INFO - Processing /home/kauanu/PycharmProjects/AirFLowEnade/venv/lib/python3.10/site-packages/airflow/example_dags/example_skip_dag.py took 0.065 seconds
[2023-04-08T15:34:34.998-0300] {processor.py:153} INFO - Started process (PID=16017) to work on /home/kauanu/PycharmProjects/AirFLowEnade/venv/lib/python3.10/site-packages/airflow/example_dags/example_skip_dag.py
[2023-04-08T15:34:35.017-0300] {processor.py:743} INFO - Processing file /home/kauanu/PycharmProjects/AirFLowEnade/venv/lib/python3.10/site-packages/airflow/example_dags/example_skip_dag.py for tasks to queue
[2023-04-08T15:34:35.019-0300] {logging_mixin.py:137} INFO - [2023-04-08T15:34:35.018-0300] {dagbag.py:532} INFO - Filling up the DagBag from /home/kauanu/PycharmProjects/AirFLowEnade/venv/lib/python3.10/site-packages/airflow/example_dags/example_skip_dag.py
[2023-04-08T15:34:35.031-0300] {processor.py:753} INFO - DAG(s) dict_keys(['example_skip_dag']) retrieved from /home/kauanu/PycharmProjects/AirFLowEnade/venv/lib/python3.10/site-packages/airflow/example_dags/example_skip_dag.py
[2023-04-08T15:34:35.046-0300] {logging_mixin.py:137} INFO - [2023-04-08T15:34:35.046-0300] {dag.py:2705} INFO - Sync 1 DAGs
[2023-04-08T15:34:35.061-0300] {logging_mixin.py:137} INFO - [2023-04-08T15:34:35.061-0300] {dag.py:3452} INFO - Setting next_dagrun for example_skip_dag to 2023-04-07T18:34:35.061221+00:00, run_after=2023-04-08T18:34:35.061221+00:00
[2023-04-08T15:34:35.208-0300] {processor.py:175} INFO - Processing /home/kauanu/PycharmProjects/AirFLowEnade/venv/lib/python3.10/site-packages/airflow/example_dags/example_skip_dag.py took 0.213 seconds
[2023-04-08T15:35:17.703-0300] {processor.py:153} INFO - Started process (PID=16206) to work on /home/kauanu/PycharmProjects/AirFLowEnade/venv/lib/python3.10/site-packages/airflow/example_dags/example_skip_dag.py
[2023-04-08T15:35:17.718-0300] {processor.py:743} INFO - Processing file /home/kauanu/PycharmProjects/AirFLowEnade/venv/lib/python3.10/site-packages/airflow/example_dags/example_skip_dag.py for tasks to queue
[2023-04-08T15:35:17.719-0300] {logging_mixin.py:137} INFO - [2023-04-08T15:35:17.719-0300] {dagbag.py:532} INFO - Filling up the DagBag from /home/kauanu/PycharmProjects/AirFLowEnade/venv/lib/python3.10/site-packages/airflow/example_dags/example_skip_dag.py
[2023-04-08T15:35:17.734-0300] {processor.py:753} INFO - DAG(s) dict_keys(['example_skip_dag']) retrieved from /home/kauanu/PycharmProjects/AirFLowEnade/venv/lib/python3.10/site-packages/airflow/example_dags/example_skip_dag.py
[2023-04-08T15:35:17.751-0300] {logging_mixin.py:137} INFO - [2023-04-08T15:35:17.751-0300] {dag.py:2705} INFO - Sync 1 DAGs
[2023-04-08T15:35:17.766-0300] {logging_mixin.py:137} INFO - [2023-04-08T15:35:17.766-0300] {dag.py:3452} INFO - Setting next_dagrun for example_skip_dag to 2023-04-07T18:35:17.766626+00:00, run_after=2023-04-08T18:35:17.766626+00:00
[2023-04-08T15:35:17.849-0300] {processor.py:175} INFO - Processing /home/kauanu/PycharmProjects/AirFLowEnade/venv/lib/python3.10/site-packages/airflow/example_dags/example_skip_dag.py took 0.148 seconds
[2023-04-08T15:36:00.143-0300] {processor.py:153} INFO - Started process (PID=16435) to work on /home/kauanu/PycharmProjects/AirFLowEnade/venv/lib/python3.10/site-packages/airflow/example_dags/example_skip_dag.py
[2023-04-08T15:36:00.164-0300] {processor.py:743} INFO - Processing file /home/kauanu/PycharmProjects/AirFLowEnade/venv/lib/python3.10/site-packages/airflow/example_dags/example_skip_dag.py for tasks to queue
[2023-04-08T15:36:00.164-0300] {logging_mixin.py:137} INFO - [2023-04-08T15:36:00.164-0300] {dagbag.py:532} INFO - Filling up the DagBag from /home/kauanu/PycharmProjects/AirFLowEnade/venv/lib/python3.10/site-packages/airflow/example_dags/example_skip_dag.py
[2023-04-08T15:36:00.175-0300] {processor.py:753} INFO - DAG(s) dict_keys(['example_skip_dag']) retrieved from /home/kauanu/PycharmProjects/AirFLowEnade/venv/lib/python3.10/site-packages/airflow/example_dags/example_skip_dag.py
[2023-04-08T15:36:00.192-0300] {logging_mixin.py:137} INFO - [2023-04-08T15:36:00.192-0300] {dag.py:2705} INFO - Sync 1 DAGs
[2023-04-08T15:36:00.206-0300] {logging_mixin.py:137} INFO - [2023-04-08T15:36:00.205-0300] {dag.py:3452} INFO - Setting next_dagrun for example_skip_dag to 2023-04-07T18:36:00.205616+00:00, run_after=2023-04-08T18:36:00.205616+00:00
[2023-04-08T15:36:00.233-0300] {processor.py:175} INFO - Processing /home/kauanu/PycharmProjects/AirFLowEnade/venv/lib/python3.10/site-packages/airflow/example_dags/example_skip_dag.py took 0.093 seconds
[2023-04-08T15:36:52.917-0300] {processor.py:153} INFO - Started process (PID=16662) to work on /home/kauanu/PycharmProjects/AirFLowEnade/venv/lib/python3.10/site-packages/airflow/example_dags/example_skip_dag.py
[2023-04-08T15:36:52.926-0300] {processor.py:743} INFO - Processing file /home/kauanu/PycharmProjects/AirFLowEnade/venv/lib/python3.10/site-packages/airflow/example_dags/example_skip_dag.py for tasks to queue
[2023-04-08T15:36:52.926-0300] {logging_mixin.py:137} INFO - [2023-04-08T15:36:52.926-0300] {dagbag.py:532} INFO - Filling up the DagBag from /home/kauanu/PycharmProjects/AirFLowEnade/venv/lib/python3.10/site-packages/airflow/example_dags/example_skip_dag.py
[2023-04-08T15:36:52.941-0300] {processor.py:753} INFO - DAG(s) dict_keys(['example_skip_dag']) retrieved from /home/kauanu/PycharmProjects/AirFLowEnade/venv/lib/python3.10/site-packages/airflow/example_dags/example_skip_dag.py
[2023-04-08T15:36:52.958-0300] {logging_mixin.py:137} INFO - [2023-04-08T15:36:52.958-0300] {dag.py:2705} INFO - Sync 1 DAGs
[2023-04-08T15:36:52.973-0300] {logging_mixin.py:137} INFO - [2023-04-08T15:36:52.973-0300] {dag.py:3452} INFO - Setting next_dagrun for example_skip_dag to 2023-04-07T18:36:52.973459+00:00, run_after=2023-04-08T18:36:52.973459+00:00
[2023-04-08T15:36:52.996-0300] {processor.py:175} INFO - Processing /home/kauanu/PycharmProjects/AirFLowEnade/venv/lib/python3.10/site-packages/airflow/example_dags/example_skip_dag.py took 0.083 seconds
