[2023-04-08T15:25:34.211-0300] {processor.py:153} INFO - Started process (PID=13382) to work on /home/kauanu/PycharmProjects/AirFLowEnade/venv/lib/python3.10/site-packages/airflow/example_dags/example_branch_datetime_operator.py
[2023-04-08T15:25:34.212-0300] {processor.py:743} INFO - Processing file /home/kauanu/PycharmProjects/AirFLowEnade/venv/lib/python3.10/site-packages/airflow/example_dags/example_branch_datetime_operator.py for tasks to queue
[2023-04-08T15:25:34.213-0300] {logging_mixin.py:137} INFO - [2023-04-08T15:25:34.213-0300] {dagbag.py:532} INFO - Filling up the DagBag from /home/kauanu/PycharmProjects/AirFLowEnade/venv/lib/python3.10/site-packages/airflow/example_dags/example_branch_datetime_operator.py
[2023-04-08T15:25:34.282-0300] {processor.py:753} INFO - DAG(s) dict_keys(['example_branch_datetime_operator_3', 'example_branch_datetime_operator', 'example_branch_datetime_operator_2']) retrieved from /home/kauanu/PycharmProjects/AirFLowEnade/venv/lib/python3.10/site-packages/airflow/example_dags/example_branch_datetime_operator.py
[2023-04-08T15:25:34.459-0300] {logging_mixin.py:137} INFO - [2023-04-08T15:25:34.458-0300] {manager.py:504} INFO - Created Permission View: can delete on DAG:example_branch_datetime_operator_3
[2023-04-08T15:25:34.483-0300] {logging_mixin.py:137} INFO - [2023-04-08T15:25:34.483-0300] {manager.py:504} INFO - Created Permission View: can edit on DAG:example_branch_datetime_operator_3
[2023-04-08T15:25:34.514-0300] {logging_mixin.py:137} INFO - [2023-04-08T15:25:34.514-0300] {manager.py:504} INFO - Created Permission View: can read on DAG:example_branch_datetime_operator_3
[2023-04-08T15:25:34.633-0300] {logging_mixin.py:137} INFO - [2023-04-08T15:25:34.633-0300] {manager.py:504} INFO - Created Permission View: can delete on DAG:example_branch_datetime_operator
[2023-04-08T15:25:34.700-0300] {logging_mixin.py:137} INFO - [2023-04-08T15:25:34.697-0300] {manager.py:504} INFO - Created Permission View: can edit on DAG:example_branch_datetime_operator
[2023-04-08T15:25:34.756-0300] {logging_mixin.py:137} INFO - [2023-04-08T15:25:34.755-0300] {manager.py:504} INFO - Created Permission View: can read on DAG:example_branch_datetime_operator
[2023-04-08T15:25:34.883-0300] {logging_mixin.py:137} INFO - [2023-04-08T15:25:34.883-0300] {manager.py:504} INFO - Created Permission View: can delete on DAG:example_branch_datetime_operator_2
[2023-04-08T15:25:34.956-0300] {logging_mixin.py:137} INFO - [2023-04-08T15:25:34.956-0300] {manager.py:504} INFO - Created Permission View: can edit on DAG:example_branch_datetime_operator_2
[2023-04-08T15:25:35.062-0300] {logging_mixin.py:137} INFO - [2023-04-08T15:25:35.061-0300] {manager.py:504} INFO - Created Permission View: can read on DAG:example_branch_datetime_operator_2
[2023-04-08T15:25:35.063-0300] {logging_mixin.py:137} INFO - [2023-04-08T15:25:35.063-0300] {dag.py:2705} INFO - Sync 3 DAGs
[2023-04-08T15:25:35.079-0300] {logging_mixin.py:137} INFO - [2023-04-08T15:25:35.078-0300] {dag.py:2726} INFO - Creating ORM DAG for example_branch_datetime_operator_2
[2023-04-08T15:25:35.081-0300] {logging_mixin.py:137} INFO - [2023-04-08T15:25:35.081-0300] {dag.py:2726} INFO - Creating ORM DAG for example_branch_datetime_operator
[2023-04-08T15:25:35.082-0300] {logging_mixin.py:137} INFO - [2023-04-08T15:25:35.082-0300] {dag.py:2726} INFO - Creating ORM DAG for example_branch_datetime_operator_3
[2023-04-08T15:25:35.109-0300] {logging_mixin.py:137} INFO - [2023-04-08T15:25:35.109-0300] {dag.py:3452} INFO - Setting next_dagrun for example_branch_datetime_operator to 2023-04-07T00:00:00+00:00, run_after=2023-04-08T00:00:00+00:00
[2023-04-08T15:25:35.111-0300] {logging_mixin.py:137} INFO - [2023-04-08T15:25:35.111-0300] {dag.py:3452} INFO - Setting next_dagrun for example_branch_datetime_operator_2 to 2023-04-07T00:00:00+00:00, run_after=2023-04-08T00:00:00+00:00
[2023-04-08T15:25:35.112-0300] {logging_mixin.py:137} INFO - [2023-04-08T15:25:35.112-0300] {dag.py:3452} INFO - Setting next_dagrun for example_branch_datetime_operator_3 to 2023-04-07T00:00:00+00:00, run_after=2023-04-08T00:00:00+00:00
[2023-04-08T15:25:35.202-0300] {processor.py:175} INFO - Processing /home/kauanu/PycharmProjects/AirFLowEnade/venv/lib/python3.10/site-packages/airflow/example_dags/example_branch_datetime_operator.py took 1.002 seconds
[2023-04-08T15:26:29.298-0300] {processor.py:153} INFO - Started process (PID=13668) to work on /home/kauanu/PycharmProjects/AirFLowEnade/venv/lib/python3.10/site-packages/airflow/example_dags/example_branch_datetime_operator.py
[2023-04-08T15:26:29.302-0300] {processor.py:743} INFO - Processing file /home/kauanu/PycharmProjects/AirFLowEnade/venv/lib/python3.10/site-packages/airflow/example_dags/example_branch_datetime_operator.py for tasks to queue
[2023-04-08T15:26:29.304-0300] {logging_mixin.py:137} INFO - [2023-04-08T15:26:29.303-0300] {dagbag.py:532} INFO - Filling up the DagBag from /home/kauanu/PycharmProjects/AirFLowEnade/venv/lib/python3.10/site-packages/airflow/example_dags/example_branch_datetime_operator.py
[2023-04-08T15:26:29.341-0300] {processor.py:753} INFO - DAG(s) dict_keys(['example_branch_datetime_operator', 'example_branch_datetime_operator_3', 'example_branch_datetime_operator_2']) retrieved from /home/kauanu/PycharmProjects/AirFLowEnade/venv/lib/python3.10/site-packages/airflow/example_dags/example_branch_datetime_operator.py
[2023-04-08T15:26:29.384-0300] {logging_mixin.py:137} INFO - [2023-04-08T15:26:29.384-0300] {dag.py:2705} INFO - Sync 3 DAGs
[2023-04-08T15:26:29.414-0300] {logging_mixin.py:137} INFO - [2023-04-08T15:26:29.414-0300] {dag.py:3452} INFO - Setting next_dagrun for example_branch_datetime_operator to 2023-04-07T00:00:00+00:00, run_after=2023-04-08T00:00:00+00:00
[2023-04-08T15:26:29.418-0300] {logging_mixin.py:137} INFO - [2023-04-08T15:26:29.417-0300] {dag.py:3452} INFO - Setting next_dagrun for example_branch_datetime_operator_2 to 2023-04-07T00:00:00+00:00, run_after=2023-04-08T00:00:00+00:00
[2023-04-08T15:26:29.420-0300] {logging_mixin.py:137} INFO - [2023-04-08T15:26:29.419-0300] {dag.py:3452} INFO - Setting next_dagrun for example_branch_datetime_operator_3 to 2023-04-07T00:00:00+00:00, run_after=2023-04-08T00:00:00+00:00
[2023-04-08T15:26:29.459-0300] {processor.py:175} INFO - Processing /home/kauanu/PycharmProjects/AirFLowEnade/venv/lib/python3.10/site-packages/airflow/example_dags/example_branch_datetime_operator.py took 0.168 seconds
[2023-04-08T15:27:23.735-0300] {processor.py:153} INFO - Started process (PID=13929) to work on /home/kauanu/PycharmProjects/AirFLowEnade/venv/lib/python3.10/site-packages/airflow/example_dags/example_branch_datetime_operator.py
[2023-04-08T15:27:23.754-0300] {processor.py:743} INFO - Processing file /home/kauanu/PycharmProjects/AirFLowEnade/venv/lib/python3.10/site-packages/airflow/example_dags/example_branch_datetime_operator.py for tasks to queue
[2023-04-08T15:27:23.756-0300] {logging_mixin.py:137} INFO - [2023-04-08T15:27:23.756-0300] {dagbag.py:532} INFO - Filling up the DagBag from /home/kauanu/PycharmProjects/AirFLowEnade/venv/lib/python3.10/site-packages/airflow/example_dags/example_branch_datetime_operator.py
[2023-04-08T15:27:23.778-0300] {processor.py:753} INFO - DAG(s) dict_keys(['example_branch_datetime_operator_2', 'example_branch_datetime_operator', 'example_branch_datetime_operator_3']) retrieved from /home/kauanu/PycharmProjects/AirFLowEnade/venv/lib/python3.10/site-packages/airflow/example_dags/example_branch_datetime_operator.py
[2023-04-08T15:27:23.805-0300] {logging_mixin.py:137} INFO - [2023-04-08T15:27:23.805-0300] {dag.py:2705} INFO - Sync 3 DAGs
[2023-04-08T15:27:23.858-0300] {logging_mixin.py:137} INFO - [2023-04-08T15:27:23.858-0300] {dag.py:3452} INFO - Setting next_dagrun for example_branch_datetime_operator to 2023-04-07T00:00:00+00:00, run_after=2023-04-08T00:00:00+00:00
[2023-04-08T15:27:23.872-0300] {logging_mixin.py:137} INFO - [2023-04-08T15:27:23.872-0300] {dag.py:3452} INFO - Setting next_dagrun for example_branch_datetime_operator_2 to 2023-04-07T00:00:00+00:00, run_after=2023-04-08T00:00:00+00:00
[2023-04-08T15:27:23.877-0300] {logging_mixin.py:137} INFO - [2023-04-08T15:27:23.877-0300] {dag.py:3452} INFO - Setting next_dagrun for example_branch_datetime_operator_3 to 2023-04-07T00:00:00+00:00, run_after=2023-04-08T00:00:00+00:00
[2023-04-08T15:27:24.027-0300] {processor.py:175} INFO - Processing /home/kauanu/PycharmProjects/AirFLowEnade/venv/lib/python3.10/site-packages/airflow/example_dags/example_branch_datetime_operator.py took 0.296 seconds
[2023-04-08T15:28:10.831-0300] {processor.py:153} INFO - Started process (PID=14141) to work on /home/kauanu/PycharmProjects/AirFLowEnade/venv/lib/python3.10/site-packages/airflow/example_dags/example_branch_datetime_operator.py
[2023-04-08T15:28:10.834-0300] {processor.py:743} INFO - Processing file /home/kauanu/PycharmProjects/AirFLowEnade/venv/lib/python3.10/site-packages/airflow/example_dags/example_branch_datetime_operator.py for tasks to queue
[2023-04-08T15:28:10.834-0300] {logging_mixin.py:137} INFO - [2023-04-08T15:28:10.834-0300] {dagbag.py:532} INFO - Filling up the DagBag from /home/kauanu/PycharmProjects/AirFLowEnade/venv/lib/python3.10/site-packages/airflow/example_dags/example_branch_datetime_operator.py
[2023-04-08T15:28:10.848-0300] {processor.py:753} INFO - DAG(s) dict_keys(['example_branch_datetime_operator', 'example_branch_datetime_operator_3', 'example_branch_datetime_operator_2']) retrieved from /home/kauanu/PycharmProjects/AirFLowEnade/venv/lib/python3.10/site-packages/airflow/example_dags/example_branch_datetime_operator.py
[2023-04-08T15:28:10.867-0300] {logging_mixin.py:137} INFO - [2023-04-08T15:28:10.866-0300] {dag.py:2705} INFO - Sync 3 DAGs
[2023-04-08T15:28:10.881-0300] {logging_mixin.py:137} INFO - [2023-04-08T15:28:10.881-0300] {dag.py:3452} INFO - Setting next_dagrun for example_branch_datetime_operator to 2023-04-07T00:00:00+00:00, run_after=2023-04-08T00:00:00+00:00
[2023-04-08T15:28:10.884-0300] {logging_mixin.py:137} INFO - [2023-04-08T15:28:10.884-0300] {dag.py:3452} INFO - Setting next_dagrun for example_branch_datetime_operator_2 to 2023-04-07T00:00:00+00:00, run_after=2023-04-08T00:00:00+00:00
[2023-04-08T15:28:10.885-0300] {logging_mixin.py:137} INFO - [2023-04-08T15:28:10.885-0300] {dag.py:3452} INFO - Setting next_dagrun for example_branch_datetime_operator_3 to 2023-04-07T00:00:00+00:00, run_after=2023-04-08T00:00:00+00:00
[2023-04-08T15:28:10.925-0300] {processor.py:175} INFO - Processing /home/kauanu/PycharmProjects/AirFLowEnade/venv/lib/python3.10/site-packages/airflow/example_dags/example_branch_datetime_operator.py took 0.096 seconds
[2023-04-08T15:28:54.510-0300] {processor.py:153} INFO - Started process (PID=14367) to work on /home/kauanu/PycharmProjects/AirFLowEnade/venv/lib/python3.10/site-packages/airflow/example_dags/example_branch_datetime_operator.py
[2023-04-08T15:28:54.807-0300] {processor.py:743} INFO - Processing file /home/kauanu/PycharmProjects/AirFLowEnade/venv/lib/python3.10/site-packages/airflow/example_dags/example_branch_datetime_operator.py for tasks to queue
[2023-04-08T15:28:54.809-0300] {logging_mixin.py:137} INFO - [2023-04-08T15:28:54.808-0300] {dagbag.py:532} INFO - Filling up the DagBag from /home/kauanu/PycharmProjects/AirFLowEnade/venv/lib/python3.10/site-packages/airflow/example_dags/example_branch_datetime_operator.py
[2023-04-08T15:28:54.823-0300] {processor.py:753} INFO - DAG(s) dict_keys(['example_branch_datetime_operator_3', 'example_branch_datetime_operator_2', 'example_branch_datetime_operator']) retrieved from /home/kauanu/PycharmProjects/AirFLowEnade/venv/lib/python3.10/site-packages/airflow/example_dags/example_branch_datetime_operator.py
[2023-04-08T15:28:56.742-0300] {logging_mixin.py:137} INFO - [2023-04-08T15:28:56.742-0300] {dag.py:2705} INFO - Sync 3 DAGs
[2023-04-08T15:28:58.628-0300] {logging_mixin.py:137} INFO - [2023-04-08T15:28:58.628-0300] {dag.py:3452} INFO - Setting next_dagrun for example_branch_datetime_operator to 2023-04-07T00:00:00+00:00, run_after=2023-04-08T00:00:00+00:00
[2023-04-08T15:28:58.632-0300] {logging_mixin.py:137} INFO - [2023-04-08T15:28:58.632-0300] {dag.py:3452} INFO - Setting next_dagrun for example_branch_datetime_operator_2 to 2023-04-07T00:00:00+00:00, run_after=2023-04-08T00:00:00+00:00
[2023-04-08T15:28:58.634-0300] {logging_mixin.py:137} INFO - [2023-04-08T15:28:58.634-0300] {dag.py:3452} INFO - Setting next_dagrun for example_branch_datetime_operator_3 to 2023-04-07T00:00:00+00:00, run_after=2023-04-08T00:00:00+00:00
[2023-04-08T15:28:58.899-0300] {processor.py:175} INFO - Processing /home/kauanu/PycharmProjects/AirFLowEnade/venv/lib/python3.10/site-packages/airflow/example_dags/example_branch_datetime_operator.py took 4.394 seconds
[2023-04-08T15:29:45.755-0300] {processor.py:153} INFO - Started process (PID=14669) to work on /home/kauanu/PycharmProjects/AirFLowEnade/venv/lib/python3.10/site-packages/airflow/example_dags/example_branch_datetime_operator.py
[2023-04-08T15:29:45.757-0300] {processor.py:743} INFO - Processing file /home/kauanu/PycharmProjects/AirFLowEnade/venv/lib/python3.10/site-packages/airflow/example_dags/example_branch_datetime_operator.py for tasks to queue
[2023-04-08T15:29:45.757-0300] {logging_mixin.py:137} INFO - [2023-04-08T15:29:45.757-0300] {dagbag.py:532} INFO - Filling up the DagBag from /home/kauanu/PycharmProjects/AirFLowEnade/venv/lib/python3.10/site-packages/airflow/example_dags/example_branch_datetime_operator.py
[2023-04-08T15:29:45.770-0300] {processor.py:753} INFO - DAG(s) dict_keys(['example_branch_datetime_operator_3', 'example_branch_datetime_operator', 'example_branch_datetime_operator_2']) retrieved from /home/kauanu/PycharmProjects/AirFLowEnade/venv/lib/python3.10/site-packages/airflow/example_dags/example_branch_datetime_operator.py
[2023-04-08T15:29:45.788-0300] {logging_mixin.py:137} INFO - [2023-04-08T15:29:45.788-0300] {dag.py:2705} INFO - Sync 3 DAGs
[2023-04-08T15:29:45.803-0300] {logging_mixin.py:137} INFO - [2023-04-08T15:29:45.802-0300] {dag.py:3452} INFO - Setting next_dagrun for example_branch_datetime_operator to 2023-04-07T00:00:00+00:00, run_after=2023-04-08T00:00:00+00:00
[2023-04-08T15:29:45.805-0300] {logging_mixin.py:137} INFO - [2023-04-08T15:29:45.805-0300] {dag.py:3452} INFO - Setting next_dagrun for example_branch_datetime_operator_2 to 2023-04-07T00:00:00+00:00, run_after=2023-04-08T00:00:00+00:00
[2023-04-08T15:29:45.806-0300] {logging_mixin.py:137} INFO - [2023-04-08T15:29:45.806-0300] {dag.py:3452} INFO - Setting next_dagrun for example_branch_datetime_operator_3 to 2023-04-07T00:00:00+00:00, run_after=2023-04-08T00:00:00+00:00
[2023-04-08T15:29:45.829-0300] {processor.py:175} INFO - Processing /home/kauanu/PycharmProjects/AirFLowEnade/venv/lib/python3.10/site-packages/airflow/example_dags/example_branch_datetime_operator.py took 0.077 seconds
[2023-04-08T15:30:29.169-0300] {processor.py:153} INFO - Started process (PID=14856) to work on /home/kauanu/PycharmProjects/AirFLowEnade/venv/lib/python3.10/site-packages/airflow/example_dags/example_branch_datetime_operator.py
[2023-04-08T15:30:29.182-0300] {processor.py:743} INFO - Processing file /home/kauanu/PycharmProjects/AirFLowEnade/venv/lib/python3.10/site-packages/airflow/example_dags/example_branch_datetime_operator.py for tasks to queue
[2023-04-08T15:30:29.183-0300] {logging_mixin.py:137} INFO - [2023-04-08T15:30:29.183-0300] {dagbag.py:532} INFO - Filling up the DagBag from /home/kauanu/PycharmProjects/AirFLowEnade/venv/lib/python3.10/site-packages/airflow/example_dags/example_branch_datetime_operator.py
[2023-04-08T15:30:29.199-0300] {processor.py:753} INFO - DAG(s) dict_keys(['example_branch_datetime_operator', 'example_branch_datetime_operator_2', 'example_branch_datetime_operator_3']) retrieved from /home/kauanu/PycharmProjects/AirFLowEnade/venv/lib/python3.10/site-packages/airflow/example_dags/example_branch_datetime_operator.py
[2023-04-08T15:30:29.222-0300] {logging_mixin.py:137} INFO - [2023-04-08T15:30:29.221-0300] {dag.py:2705} INFO - Sync 3 DAGs
[2023-04-08T15:30:29.240-0300] {logging_mixin.py:137} INFO - [2023-04-08T15:30:29.240-0300] {dag.py:3452} INFO - Setting next_dagrun for example_branch_datetime_operator to 2023-04-07T00:00:00+00:00, run_after=2023-04-08T00:00:00+00:00
[2023-04-08T15:30:29.244-0300] {logging_mixin.py:137} INFO - [2023-04-08T15:30:29.243-0300] {dag.py:3452} INFO - Setting next_dagrun for example_branch_datetime_operator_2 to 2023-04-07T00:00:00+00:00, run_after=2023-04-08T00:00:00+00:00
[2023-04-08T15:30:29.245-0300] {logging_mixin.py:137} INFO - [2023-04-08T15:30:29.245-0300] {dag.py:3452} INFO - Setting next_dagrun for example_branch_datetime_operator_3 to 2023-04-07T00:00:00+00:00, run_after=2023-04-08T00:00:00+00:00
[2023-04-08T15:30:29.336-0300] {processor.py:175} INFO - Processing /home/kauanu/PycharmProjects/AirFLowEnade/venv/lib/python3.10/site-packages/airflow/example_dags/example_branch_datetime_operator.py took 0.175 seconds
[2023-04-08T15:31:14.170-0300] {processor.py:153} INFO - Started process (PID=15055) to work on /home/kauanu/PycharmProjects/AirFLowEnade/venv/lib/python3.10/site-packages/airflow/example_dags/example_branch_datetime_operator.py
[2023-04-08T15:31:14.171-0300] {processor.py:743} INFO - Processing file /home/kauanu/PycharmProjects/AirFLowEnade/venv/lib/python3.10/site-packages/airflow/example_dags/example_branch_datetime_operator.py for tasks to queue
[2023-04-08T15:31:14.172-0300] {logging_mixin.py:137} INFO - [2023-04-08T15:31:14.172-0300] {dagbag.py:532} INFO - Filling up the DagBag from /home/kauanu/PycharmProjects/AirFLowEnade/venv/lib/python3.10/site-packages/airflow/example_dags/example_branch_datetime_operator.py
[2023-04-08T15:31:14.186-0300] {processor.py:753} INFO - DAG(s) dict_keys(['example_branch_datetime_operator_2', 'example_branch_datetime_operator', 'example_branch_datetime_operator_3']) retrieved from /home/kauanu/PycharmProjects/AirFLowEnade/venv/lib/python3.10/site-packages/airflow/example_dags/example_branch_datetime_operator.py
[2023-04-08T15:31:14.206-0300] {logging_mixin.py:137} INFO - [2023-04-08T15:31:14.206-0300] {dag.py:2705} INFO - Sync 3 DAGs
[2023-04-08T15:31:14.220-0300] {logging_mixin.py:137} INFO - [2023-04-08T15:31:14.220-0300] {dag.py:3452} INFO - Setting next_dagrun for example_branch_datetime_operator to 2023-04-07T00:00:00+00:00, run_after=2023-04-08T00:00:00+00:00
[2023-04-08T15:31:14.223-0300] {logging_mixin.py:137} INFO - [2023-04-08T15:31:14.223-0300] {dag.py:3452} INFO - Setting next_dagrun for example_branch_datetime_operator_2 to 2023-04-07T00:00:00+00:00, run_after=2023-04-08T00:00:00+00:00
[2023-04-08T15:31:14.225-0300] {logging_mixin.py:137} INFO - [2023-04-08T15:31:14.225-0300] {dag.py:3452} INFO - Setting next_dagrun for example_branch_datetime_operator_3 to 2023-04-07T00:00:00+00:00, run_after=2023-04-08T00:00:00+00:00
[2023-04-08T15:31:14.245-0300] {processor.py:175} INFO - Processing /home/kauanu/PycharmProjects/AirFLowEnade/venv/lib/python3.10/site-packages/airflow/example_dags/example_branch_datetime_operator.py took 0.078 seconds
[2023-04-08T15:31:52.344-0300] {processor.py:153} INFO - Started process (PID=15240) to work on /home/kauanu/PycharmProjects/AirFLowEnade/venv/lib/python3.10/site-packages/airflow/example_dags/example_branch_datetime_operator.py
[2023-04-08T15:31:52.346-0300] {processor.py:743} INFO - Processing file /home/kauanu/PycharmProjects/AirFLowEnade/venv/lib/python3.10/site-packages/airflow/example_dags/example_branch_datetime_operator.py for tasks to queue
[2023-04-08T15:31:52.346-0300] {logging_mixin.py:137} INFO - [2023-04-08T15:31:52.346-0300] {dagbag.py:532} INFO - Filling up the DagBag from /home/kauanu/PycharmProjects/AirFLowEnade/venv/lib/python3.10/site-packages/airflow/example_dags/example_branch_datetime_operator.py
[2023-04-08T15:31:52.359-0300] {processor.py:753} INFO - DAG(s) dict_keys(['example_branch_datetime_operator_3', 'example_branch_datetime_operator', 'example_branch_datetime_operator_2']) retrieved from /home/kauanu/PycharmProjects/AirFLowEnade/venv/lib/python3.10/site-packages/airflow/example_dags/example_branch_datetime_operator.py
[2023-04-08T15:31:52.379-0300] {logging_mixin.py:137} INFO - [2023-04-08T15:31:52.379-0300] {dag.py:2705} INFO - Sync 3 DAGs
[2023-04-08T15:31:52.394-0300] {logging_mixin.py:137} INFO - [2023-04-08T15:31:52.394-0300] {dag.py:3452} INFO - Setting next_dagrun for example_branch_datetime_operator to 2023-04-07T00:00:00+00:00, run_after=2023-04-08T00:00:00+00:00
[2023-04-08T15:31:52.396-0300] {logging_mixin.py:137} INFO - [2023-04-08T15:31:52.396-0300] {dag.py:3452} INFO - Setting next_dagrun for example_branch_datetime_operator_2 to 2023-04-07T00:00:00+00:00, run_after=2023-04-08T00:00:00+00:00
[2023-04-08T15:31:52.398-0300] {logging_mixin.py:137} INFO - [2023-04-08T15:31:52.398-0300] {dag.py:3452} INFO - Setting next_dagrun for example_branch_datetime_operator_3 to 2023-04-07T00:00:00+00:00, run_after=2023-04-08T00:00:00+00:00
[2023-04-08T15:31:52.418-0300] {processor.py:175} INFO - Processing /home/kauanu/PycharmProjects/AirFLowEnade/venv/lib/python3.10/site-packages/airflow/example_dags/example_branch_datetime_operator.py took 0.077 seconds
[2023-04-08T15:32:28.477-0300] {processor.py:153} INFO - Started process (PID=15421) to work on /home/kauanu/PycharmProjects/AirFLowEnade/venv/lib/python3.10/site-packages/airflow/example_dags/example_branch_datetime_operator.py
[2023-04-08T15:32:28.478-0300] {processor.py:743} INFO - Processing file /home/kauanu/PycharmProjects/AirFLowEnade/venv/lib/python3.10/site-packages/airflow/example_dags/example_branch_datetime_operator.py for tasks to queue
[2023-04-08T15:32:28.478-0300] {logging_mixin.py:137} INFO - [2023-04-08T15:32:28.478-0300] {dagbag.py:532} INFO - Filling up the DagBag from /home/kauanu/PycharmProjects/AirFLowEnade/venv/lib/python3.10/site-packages/airflow/example_dags/example_branch_datetime_operator.py
[2023-04-08T15:32:28.494-0300] {processor.py:753} INFO - DAG(s) dict_keys(['example_branch_datetime_operator', 'example_branch_datetime_operator_3', 'example_branch_datetime_operator_2']) retrieved from /home/kauanu/PycharmProjects/AirFLowEnade/venv/lib/python3.10/site-packages/airflow/example_dags/example_branch_datetime_operator.py
[2023-04-08T15:32:28.514-0300] {logging_mixin.py:137} INFO - [2023-04-08T15:32:28.514-0300] {dag.py:2705} INFO - Sync 3 DAGs
[2023-04-08T15:32:28.530-0300] {logging_mixin.py:137} INFO - [2023-04-08T15:32:28.530-0300] {dag.py:3452} INFO - Setting next_dagrun for example_branch_datetime_operator to 2023-04-07T00:00:00+00:00, run_after=2023-04-08T00:00:00+00:00
[2023-04-08T15:32:28.533-0300] {logging_mixin.py:137} INFO - [2023-04-08T15:32:28.533-0300] {dag.py:3452} INFO - Setting next_dagrun for example_branch_datetime_operator_2 to 2023-04-07T00:00:00+00:00, run_after=2023-04-08T00:00:00+00:00
[2023-04-08T15:32:28.535-0300] {logging_mixin.py:137} INFO - [2023-04-08T15:32:28.534-0300] {dag.py:3452} INFO - Setting next_dagrun for example_branch_datetime_operator_3 to 2023-04-07T00:00:00+00:00, run_after=2023-04-08T00:00:00+00:00
[2023-04-08T15:32:28.554-0300] {processor.py:175} INFO - Processing /home/kauanu/PycharmProjects/AirFLowEnade/venv/lib/python3.10/site-packages/airflow/example_dags/example_branch_datetime_operator.py took 0.080 seconds
[2023-04-08T15:33:08.030-0300] {processor.py:153} INFO - Started process (PID=15628) to work on /home/kauanu/PycharmProjects/AirFLowEnade/venv/lib/python3.10/site-packages/airflow/example_dags/example_branch_datetime_operator.py
[2023-04-08T15:33:08.031-0300] {processor.py:743} INFO - Processing file /home/kauanu/PycharmProjects/AirFLowEnade/venv/lib/python3.10/site-packages/airflow/example_dags/example_branch_datetime_operator.py for tasks to queue
[2023-04-08T15:33:08.032-0300] {logging_mixin.py:137} INFO - [2023-04-08T15:33:08.032-0300] {dagbag.py:532} INFO - Filling up the DagBag from /home/kauanu/PycharmProjects/AirFLowEnade/venv/lib/python3.10/site-packages/airflow/example_dags/example_branch_datetime_operator.py
[2023-04-08T15:33:08.044-0300] {processor.py:753} INFO - DAG(s) dict_keys(['example_branch_datetime_operator_2', 'example_branch_datetime_operator_3', 'example_branch_datetime_operator']) retrieved from /home/kauanu/PycharmProjects/AirFLowEnade/venv/lib/python3.10/site-packages/airflow/example_dags/example_branch_datetime_operator.py
[2023-04-08T15:33:08.062-0300] {logging_mixin.py:137} INFO - [2023-04-08T15:33:08.062-0300] {dag.py:2705} INFO - Sync 3 DAGs
[2023-04-08T15:33:08.076-0300] {logging_mixin.py:137} INFO - [2023-04-08T15:33:08.076-0300] {dag.py:3452} INFO - Setting next_dagrun for example_branch_datetime_operator to 2023-04-07T00:00:00+00:00, run_after=2023-04-08T00:00:00+00:00
[2023-04-08T15:33:08.079-0300] {logging_mixin.py:137} INFO - [2023-04-08T15:33:08.079-0300] {dag.py:3452} INFO - Setting next_dagrun for example_branch_datetime_operator_2 to 2023-04-07T00:00:00+00:00, run_after=2023-04-08T00:00:00+00:00
[2023-04-08T15:33:08.080-0300] {logging_mixin.py:137} INFO - [2023-04-08T15:33:08.080-0300] {dag.py:3452} INFO - Setting next_dagrun for example_branch_datetime_operator_3 to 2023-04-07T00:00:00+00:00, run_after=2023-04-08T00:00:00+00:00
[2023-04-08T15:33:08.100-0300] {processor.py:175} INFO - Processing /home/kauanu/PycharmProjects/AirFLowEnade/venv/lib/python3.10/site-packages/airflow/example_dags/example_branch_datetime_operator.py took 0.074 seconds
[2023-04-08T15:33:48.067-0300] {processor.py:153} INFO - Started process (PID=15797) to work on /home/kauanu/PycharmProjects/AirFLowEnade/venv/lib/python3.10/site-packages/airflow/example_dags/example_branch_datetime_operator.py
[2023-04-08T15:33:48.080-0300] {processor.py:743} INFO - Processing file /home/kauanu/PycharmProjects/AirFLowEnade/venv/lib/python3.10/site-packages/airflow/example_dags/example_branch_datetime_operator.py for tasks to queue
[2023-04-08T15:33:48.081-0300] {logging_mixin.py:137} INFO - [2023-04-08T15:33:48.081-0300] {dagbag.py:532} INFO - Filling up the DagBag from /home/kauanu/PycharmProjects/AirFLowEnade/venv/lib/python3.10/site-packages/airflow/example_dags/example_branch_datetime_operator.py
[2023-04-08T15:33:48.094-0300] {processor.py:753} INFO - DAG(s) dict_keys(['example_branch_datetime_operator', 'example_branch_datetime_operator_3', 'example_branch_datetime_operator_2']) retrieved from /home/kauanu/PycharmProjects/AirFLowEnade/venv/lib/python3.10/site-packages/airflow/example_dags/example_branch_datetime_operator.py
[2023-04-08T15:33:48.113-0300] {logging_mixin.py:137} INFO - [2023-04-08T15:33:48.112-0300] {dag.py:2705} INFO - Sync 3 DAGs
[2023-04-08T15:33:48.135-0300] {logging_mixin.py:137} INFO - [2023-04-08T15:33:48.135-0300] {dag.py:3452} INFO - Setting next_dagrun for example_branch_datetime_operator to 2023-04-07T00:00:00+00:00, run_after=2023-04-08T00:00:00+00:00
[2023-04-08T15:33:48.138-0300] {logging_mixin.py:137} INFO - [2023-04-08T15:33:48.138-0300] {dag.py:3452} INFO - Setting next_dagrun for example_branch_datetime_operator_2 to 2023-04-07T00:00:00+00:00, run_after=2023-04-08T00:00:00+00:00
[2023-04-08T15:33:48.139-0300] {logging_mixin.py:137} INFO - [2023-04-08T15:33:48.139-0300] {dag.py:3452} INFO - Setting next_dagrun for example_branch_datetime_operator_3 to 2023-04-07T00:00:00+00:00, run_after=2023-04-08T00:00:00+00:00
[2023-04-08T15:33:48.195-0300] {processor.py:175} INFO - Processing /home/kauanu/PycharmProjects/AirFLowEnade/venv/lib/python3.10/site-packages/airflow/example_dags/example_branch_datetime_operator.py took 0.131 seconds
[2023-04-08T15:34:24.297-0300] {processor.py:153} INFO - Started process (PID=15966) to work on /home/kauanu/PycharmProjects/AirFLowEnade/venv/lib/python3.10/site-packages/airflow/example_dags/example_branch_datetime_operator.py
[2023-04-08T15:34:24.300-0300] {processor.py:743} INFO - Processing file /home/kauanu/PycharmProjects/AirFLowEnade/venv/lib/python3.10/site-packages/airflow/example_dags/example_branch_datetime_operator.py for tasks to queue
[2023-04-08T15:34:24.300-0300] {logging_mixin.py:137} INFO - [2023-04-08T15:34:24.300-0300] {dagbag.py:532} INFO - Filling up the DagBag from /home/kauanu/PycharmProjects/AirFLowEnade/venv/lib/python3.10/site-packages/airflow/example_dags/example_branch_datetime_operator.py
[2023-04-08T15:34:24.313-0300] {processor.py:753} INFO - DAG(s) dict_keys(['example_branch_datetime_operator_3', 'example_branch_datetime_operator_2', 'example_branch_datetime_operator']) retrieved from /home/kauanu/PycharmProjects/AirFLowEnade/venv/lib/python3.10/site-packages/airflow/example_dags/example_branch_datetime_operator.py
[2023-04-08T15:34:24.339-0300] {logging_mixin.py:137} INFO - [2023-04-08T15:34:24.339-0300] {dag.py:2705} INFO - Sync 3 DAGs
[2023-04-08T15:34:24.358-0300] {logging_mixin.py:137} INFO - [2023-04-08T15:34:24.357-0300] {dag.py:3452} INFO - Setting next_dagrun for example_branch_datetime_operator to 2023-04-07T00:00:00+00:00, run_after=2023-04-08T00:00:00+00:00
[2023-04-08T15:34:24.360-0300] {logging_mixin.py:137} INFO - [2023-04-08T15:34:24.360-0300] {dag.py:3452} INFO - Setting next_dagrun for example_branch_datetime_operator_2 to 2023-04-07T00:00:00+00:00, run_after=2023-04-08T00:00:00+00:00
[2023-04-08T15:34:24.362-0300] {logging_mixin.py:137} INFO - [2023-04-08T15:34:24.361-0300] {dag.py:3452} INFO - Setting next_dagrun for example_branch_datetime_operator_3 to 2023-04-07T00:00:00+00:00, run_after=2023-04-08T00:00:00+00:00
[2023-04-08T15:34:24.381-0300] {processor.py:175} INFO - Processing /home/kauanu/PycharmProjects/AirFLowEnade/venv/lib/python3.10/site-packages/airflow/example_dags/example_branch_datetime_operator.py took 0.086 seconds
[2023-04-08T15:35:01.137-0300] {processor.py:153} INFO - Started process (PID=16154) to work on /home/kauanu/PycharmProjects/AirFLowEnade/venv/lib/python3.10/site-packages/airflow/example_dags/example_branch_datetime_operator.py
[2023-04-08T15:35:01.148-0300] {processor.py:743} INFO - Processing file /home/kauanu/PycharmProjects/AirFLowEnade/venv/lib/python3.10/site-packages/airflow/example_dags/example_branch_datetime_operator.py for tasks to queue
[2023-04-08T15:35:01.149-0300] {logging_mixin.py:137} INFO - [2023-04-08T15:35:01.149-0300] {dagbag.py:532} INFO - Filling up the DagBag from /home/kauanu/PycharmProjects/AirFLowEnade/venv/lib/python3.10/site-packages/airflow/example_dags/example_branch_datetime_operator.py
[2023-04-08T15:35:01.163-0300] {processor.py:753} INFO - DAG(s) dict_keys(['example_branch_datetime_operator_2', 'example_branch_datetime_operator_3', 'example_branch_datetime_operator']) retrieved from /home/kauanu/PycharmProjects/AirFLowEnade/venv/lib/python3.10/site-packages/airflow/example_dags/example_branch_datetime_operator.py
[2023-04-08T15:35:01.182-0300] {logging_mixin.py:137} INFO - [2023-04-08T15:35:01.182-0300] {dag.py:2705} INFO - Sync 3 DAGs
[2023-04-08T15:35:01.197-0300] {logging_mixin.py:137} INFO - [2023-04-08T15:35:01.196-0300] {dag.py:3452} INFO - Setting next_dagrun for example_branch_datetime_operator to 2023-04-07T00:00:00+00:00, run_after=2023-04-08T00:00:00+00:00
[2023-04-08T15:35:01.199-0300] {logging_mixin.py:137} INFO - [2023-04-08T15:35:01.199-0300] {dag.py:3452} INFO - Setting next_dagrun for example_branch_datetime_operator_2 to 2023-04-07T00:00:00+00:00, run_after=2023-04-08T00:00:00+00:00
[2023-04-08T15:35:01.201-0300] {logging_mixin.py:137} INFO - [2023-04-08T15:35:01.201-0300] {dag.py:3452} INFO - Setting next_dagrun for example_branch_datetime_operator_3 to 2023-04-07T00:00:00+00:00, run_after=2023-04-08T00:00:00+00:00
[2023-04-08T15:35:01.249-0300] {processor.py:175} INFO - Processing /home/kauanu/PycharmProjects/AirFLowEnade/venv/lib/python3.10/site-packages/airflow/example_dags/example_branch_datetime_operator.py took 0.115 seconds
[2023-04-08T15:35:46.566-0300] {processor.py:153} INFO - Started process (PID=16345) to work on /home/kauanu/PycharmProjects/AirFLowEnade/venv/lib/python3.10/site-packages/airflow/example_dags/example_branch_datetime_operator.py
[2023-04-08T15:35:46.567-0300] {processor.py:743} INFO - Processing file /home/kauanu/PycharmProjects/AirFLowEnade/venv/lib/python3.10/site-packages/airflow/example_dags/example_branch_datetime_operator.py for tasks to queue
[2023-04-08T15:35:46.568-0300] {logging_mixin.py:137} INFO - [2023-04-08T15:35:46.567-0300] {dagbag.py:532} INFO - Filling up the DagBag from /home/kauanu/PycharmProjects/AirFLowEnade/venv/lib/python3.10/site-packages/airflow/example_dags/example_branch_datetime_operator.py
[2023-04-08T15:35:46.588-0300] {processor.py:753} INFO - DAG(s) dict_keys(['example_branch_datetime_operator', 'example_branch_datetime_operator_2', 'example_branch_datetime_operator_3']) retrieved from /home/kauanu/PycharmProjects/AirFLowEnade/venv/lib/python3.10/site-packages/airflow/example_dags/example_branch_datetime_operator.py
[2023-04-08T15:35:46.621-0300] {logging_mixin.py:137} INFO - [2023-04-08T15:35:46.621-0300] {dag.py:2705} INFO - Sync 3 DAGs
[2023-04-08T15:35:46.641-0300] {logging_mixin.py:137} INFO - [2023-04-08T15:35:46.640-0300] {dag.py:3452} INFO - Setting next_dagrun for example_branch_datetime_operator to 2023-04-07T00:00:00+00:00, run_after=2023-04-08T00:00:00+00:00
[2023-04-08T15:35:46.647-0300] {logging_mixin.py:137} INFO - [2023-04-08T15:35:46.647-0300] {dag.py:3452} INFO - Setting next_dagrun for example_branch_datetime_operator_2 to 2023-04-07T00:00:00+00:00, run_after=2023-04-08T00:00:00+00:00
[2023-04-08T15:35:46.650-0300] {logging_mixin.py:137} INFO - [2023-04-08T15:35:46.650-0300] {dag.py:3452} INFO - Setting next_dagrun for example_branch_datetime_operator_3 to 2023-04-07T00:00:00+00:00, run_after=2023-04-08T00:00:00+00:00
[2023-04-08T15:35:46.678-0300] {processor.py:175} INFO - Processing /home/kauanu/PycharmProjects/AirFLowEnade/venv/lib/python3.10/site-packages/airflow/example_dags/example_branch_datetime_operator.py took 0.115 seconds
[2023-04-08T15:36:33.339-0300] {processor.py:153} INFO - Started process (PID=16572) to work on /home/kauanu/PycharmProjects/AirFLowEnade/venv/lib/python3.10/site-packages/airflow/example_dags/example_branch_datetime_operator.py
[2023-04-08T15:36:33.391-0300] {processor.py:743} INFO - Processing file /home/kauanu/PycharmProjects/AirFLowEnade/venv/lib/python3.10/site-packages/airflow/example_dags/example_branch_datetime_operator.py for tasks to queue
[2023-04-08T15:36:33.392-0300] {logging_mixin.py:137} INFO - [2023-04-08T15:36:33.392-0300] {dagbag.py:532} INFO - Filling up the DagBag from /home/kauanu/PycharmProjects/AirFLowEnade/venv/lib/python3.10/site-packages/airflow/example_dags/example_branch_datetime_operator.py
[2023-04-08T15:36:33.425-0300] {processor.py:753} INFO - DAG(s) dict_keys(['example_branch_datetime_operator', 'example_branch_datetime_operator_3', 'example_branch_datetime_operator_2']) retrieved from /home/kauanu/PycharmProjects/AirFLowEnade/venv/lib/python3.10/site-packages/airflow/example_dags/example_branch_datetime_operator.py
[2023-04-08T15:36:33.452-0300] {logging_mixin.py:137} INFO - [2023-04-08T15:36:33.452-0300] {dag.py:2705} INFO - Sync 3 DAGs
[2023-04-08T15:36:33.470-0300] {logging_mixin.py:137} INFO - [2023-04-08T15:36:33.470-0300] {dag.py:3452} INFO - Setting next_dagrun for example_branch_datetime_operator to 2023-04-07T00:00:00+00:00, run_after=2023-04-08T00:00:00+00:00
[2023-04-08T15:36:33.474-0300] {logging_mixin.py:137} INFO - [2023-04-08T15:36:33.474-0300] {dag.py:3452} INFO - Setting next_dagrun for example_branch_datetime_operator_2 to 2023-04-07T00:00:00+00:00, run_after=2023-04-08T00:00:00+00:00
[2023-04-08T15:36:33.476-0300] {logging_mixin.py:137} INFO - [2023-04-08T15:36:33.476-0300] {dag.py:3452} INFO - Setting next_dagrun for example_branch_datetime_operator_3 to 2023-04-07T00:00:00+00:00, run_after=2023-04-08T00:00:00+00:00
[2023-04-08T15:36:33.855-0300] {processor.py:175} INFO - Processing /home/kauanu/PycharmProjects/AirFLowEnade/venv/lib/python3.10/site-packages/airflow/example_dags/example_branch_datetime_operator.py took 0.533 seconds
