[2023-04-08T15:25:54.537-0300] {processor.py:153} INFO - Started process (PID=13486) to work on /home/kauanu/PycharmProjects/AirFLowEnade/venv/lib/python3.10/site-packages/airflow/example_dags/example_branch_python_dop_operator_3.py
[2023-04-08T15:25:54.538-0300] {processor.py:743} INFO - Processing file /home/kauanu/PycharmProjects/AirFLowEnade/venv/lib/python3.10/site-packages/airflow/example_dags/example_branch_python_dop_operator_3.py for tasks to queue
[2023-04-08T15:25:54.538-0300] {logging_mixin.py:137} INFO - [2023-04-08T15:25:54.538-0300] {dagbag.py:532} INFO - Filling up the DagBag from /home/kauanu/PycharmProjects/AirFLowEnade/venv/lib/python3.10/site-packages/airflow/example_dags/example_branch_python_dop_operator_3.py
[2023-04-08T15:25:54.556-0300] {processor.py:753} INFO - DAG(s) dict_keys(['example_branch_dop_operator_v3']) retrieved from /home/kauanu/PycharmProjects/AirFLowEnade/venv/lib/python3.10/site-packages/airflow/example_dags/example_branch_python_dop_operator_3.py
[2023-04-08T15:25:54.673-0300] {logging_mixin.py:137} INFO - [2023-04-08T15:25:54.672-0300] {manager.py:504} INFO - Created Permission View: can delete on DAG:example_branch_dop_operator_v3
[2023-04-08T15:25:54.694-0300] {logging_mixin.py:137} INFO - [2023-04-08T15:25:54.694-0300] {manager.py:504} INFO - Created Permission View: can edit on DAG:example_branch_dop_operator_v3
[2023-04-08T15:25:54.711-0300] {logging_mixin.py:137} INFO - [2023-04-08T15:25:54.711-0300] {manager.py:504} INFO - Created Permission View: can read on DAG:example_branch_dop_operator_v3
[2023-04-08T15:25:54.711-0300] {logging_mixin.py:137} INFO - [2023-04-08T15:25:54.711-0300] {dag.py:2705} INFO - Sync 1 DAGs
[2023-04-08T15:25:54.725-0300] {logging_mixin.py:137} INFO - [2023-04-08T15:25:54.724-0300] {dag.py:2726} INFO - Creating ORM DAG for example_branch_dop_operator_v3
[2023-04-08T15:25:54.735-0300] {logging_mixin.py:137} INFO - [2023-04-08T15:25:54.735-0300] {dag.py:3452} INFO - Setting next_dagrun for example_branch_dop_operator_v3 to 2023-04-08T18:24:00+00:00, run_after=2023-04-08T18:25:00+00:00
[2023-04-08T15:25:54.766-0300] {processor.py:175} INFO - Processing /home/kauanu/PycharmProjects/AirFLowEnade/venv/lib/python3.10/site-packages/airflow/example_dags/example_branch_python_dop_operator_3.py took 0.232 seconds
[2023-04-08T15:26:44.594-0300] {processor.py:153} INFO - Started process (PID=13738) to work on /home/kauanu/PycharmProjects/AirFLowEnade/venv/lib/python3.10/site-packages/airflow/example_dags/example_branch_python_dop_operator_3.py
[2023-04-08T15:26:44.596-0300] {processor.py:743} INFO - Processing file /home/kauanu/PycharmProjects/AirFLowEnade/venv/lib/python3.10/site-packages/airflow/example_dags/example_branch_python_dop_operator_3.py for tasks to queue
[2023-04-08T15:26:44.597-0300] {logging_mixin.py:137} INFO - [2023-04-08T15:26:44.597-0300] {dagbag.py:532} INFO - Filling up the DagBag from /home/kauanu/PycharmProjects/AirFLowEnade/venv/lib/python3.10/site-packages/airflow/example_dags/example_branch_python_dop_operator_3.py
[2023-04-08T15:26:44.621-0300] {processor.py:753} INFO - DAG(s) dict_keys(['example_branch_dop_operator_v3']) retrieved from /home/kauanu/PycharmProjects/AirFLowEnade/venv/lib/python3.10/site-packages/airflow/example_dags/example_branch_python_dop_operator_3.py
[2023-04-08T15:26:44.646-0300] {logging_mixin.py:137} INFO - [2023-04-08T15:26:44.646-0300] {dag.py:2705} INFO - Sync 1 DAGs
[2023-04-08T15:26:44.671-0300] {logging_mixin.py:137} INFO - [2023-04-08T15:26:44.670-0300] {dag.py:3452} INFO - Setting next_dagrun for example_branch_dop_operator_v3 to 2023-04-08T18:25:00+00:00, run_after=2023-04-08T18:26:00+00:00
[2023-04-08T15:26:44.712-0300] {processor.py:175} INFO - Processing /home/kauanu/PycharmProjects/AirFLowEnade/venv/lib/python3.10/site-packages/airflow/example_dags/example_branch_python_dop_operator_3.py took 0.123 seconds
[2023-04-08T15:27:40.061-0300] {processor.py:153} INFO - Started process (PID=13997) to work on /home/kauanu/PycharmProjects/AirFLowEnade/venv/lib/python3.10/site-packages/airflow/example_dags/example_branch_python_dop_operator_3.py
[2023-04-08T15:27:40.064-0300] {processor.py:743} INFO - Processing file /home/kauanu/PycharmProjects/AirFLowEnade/venv/lib/python3.10/site-packages/airflow/example_dags/example_branch_python_dop_operator_3.py for tasks to queue
[2023-04-08T15:27:40.064-0300] {logging_mixin.py:137} INFO - [2023-04-08T15:27:40.064-0300] {dagbag.py:532} INFO - Filling up the DagBag from /home/kauanu/PycharmProjects/AirFLowEnade/venv/lib/python3.10/site-packages/airflow/example_dags/example_branch_python_dop_operator_3.py
[2023-04-08T15:27:40.083-0300] {processor.py:753} INFO - DAG(s) dict_keys(['example_branch_dop_operator_v3']) retrieved from /home/kauanu/PycharmProjects/AirFLowEnade/venv/lib/python3.10/site-packages/airflow/example_dags/example_branch_python_dop_operator_3.py
[2023-04-08T15:27:40.101-0300] {logging_mixin.py:137} INFO - [2023-04-08T15:27:40.101-0300] {dag.py:2705} INFO - Sync 1 DAGs
[2023-04-08T15:27:40.122-0300] {logging_mixin.py:137} INFO - [2023-04-08T15:27:40.122-0300] {dag.py:3452} INFO - Setting next_dagrun for example_branch_dop_operator_v3 to 2023-04-08T18:26:00+00:00, run_after=2023-04-08T18:27:00+00:00
[2023-04-08T15:27:40.154-0300] {processor.py:175} INFO - Processing /home/kauanu/PycharmProjects/AirFLowEnade/venv/lib/python3.10/site-packages/airflow/example_dags/example_branch_python_dop_operator_3.py took 0.096 seconds
[2023-04-08T15:28:42.199-0300] {processor.py:153} INFO - Started process (PID=14282) to work on /home/kauanu/PycharmProjects/AirFLowEnade/venv/lib/python3.10/site-packages/airflow/example_dags/example_branch_python_dop_operator_3.py
[2023-04-08T15:28:42.201-0300] {processor.py:743} INFO - Processing file /home/kauanu/PycharmProjects/AirFLowEnade/venv/lib/python3.10/site-packages/airflow/example_dags/example_branch_python_dop_operator_3.py for tasks to queue
[2023-04-08T15:28:42.203-0300] {logging_mixin.py:137} INFO - [2023-04-08T15:28:42.202-0300] {dagbag.py:532} INFO - Filling up the DagBag from /home/kauanu/PycharmProjects/AirFLowEnade/venv/lib/python3.10/site-packages/airflow/example_dags/example_branch_python_dop_operator_3.py
[2023-04-08T15:28:42.231-0300] {processor.py:753} INFO - DAG(s) dict_keys(['example_branch_dop_operator_v3']) retrieved from /home/kauanu/PycharmProjects/AirFLowEnade/venv/lib/python3.10/site-packages/airflow/example_dags/example_branch_python_dop_operator_3.py
[2023-04-08T15:28:42.250-0300] {logging_mixin.py:137} INFO - [2023-04-08T15:28:42.249-0300] {dag.py:2705} INFO - Sync 1 DAGs
[2023-04-08T15:28:42.306-0300] {logging_mixin.py:137} INFO - [2023-04-08T15:28:42.306-0300] {dag.py:3452} INFO - Setting next_dagrun for example_branch_dop_operator_v3 to 2023-04-08T18:27:00+00:00, run_after=2023-04-08T18:28:00+00:00
[2023-04-08T15:28:42.345-0300] {processor.py:175} INFO - Processing /home/kauanu/PycharmProjects/AirFLowEnade/venv/lib/python3.10/site-packages/airflow/example_dags/example_branch_python_dop_operator_3.py took 0.149 seconds
[2023-04-08T15:29:34.697-0300] {processor.py:153} INFO - Started process (PID=14620) to work on /home/kauanu/PycharmProjects/AirFLowEnade/venv/lib/python3.10/site-packages/airflow/example_dags/example_branch_python_dop_operator_3.py
[2023-04-08T15:29:34.710-0300] {processor.py:743} INFO - Processing file /home/kauanu/PycharmProjects/AirFLowEnade/venv/lib/python3.10/site-packages/airflow/example_dags/example_branch_python_dop_operator_3.py for tasks to queue
[2023-04-08T15:29:34.713-0300] {logging_mixin.py:137} INFO - [2023-04-08T15:29:34.712-0300] {dagbag.py:532} INFO - Filling up the DagBag from /home/kauanu/PycharmProjects/AirFLowEnade/venv/lib/python3.10/site-packages/airflow/example_dags/example_branch_python_dop_operator_3.py
[2023-04-08T15:29:34.761-0300] {processor.py:753} INFO - DAG(s) dict_keys(['example_branch_dop_operator_v3']) retrieved from /home/kauanu/PycharmProjects/AirFLowEnade/venv/lib/python3.10/site-packages/airflow/example_dags/example_branch_python_dop_operator_3.py
[2023-04-08T15:29:34.780-0300] {logging_mixin.py:137} INFO - [2023-04-08T15:29:34.780-0300] {dag.py:2705} INFO - Sync 1 DAGs
[2023-04-08T15:29:34.806-0300] {logging_mixin.py:137} INFO - [2023-04-08T15:29:34.806-0300] {dag.py:3452} INFO - Setting next_dagrun for example_branch_dop_operator_v3 to 2023-04-08T18:28:00+00:00, run_after=2023-04-08T18:29:00+00:00
[2023-04-08T15:29:34.858-0300] {processor.py:175} INFO - Processing /home/kauanu/PycharmProjects/AirFLowEnade/venv/lib/python3.10/site-packages/airflow/example_dags/example_branch_python_dop_operator_3.py took 0.175 seconds
[2023-04-08T15:30:17.322-0300] {processor.py:153} INFO - Started process (PID=14810) to work on /home/kauanu/PycharmProjects/AirFLowEnade/venv/lib/python3.10/site-packages/airflow/example_dags/example_branch_python_dop_operator_3.py
[2023-04-08T15:30:17.324-0300] {processor.py:743} INFO - Processing file /home/kauanu/PycharmProjects/AirFLowEnade/venv/lib/python3.10/site-packages/airflow/example_dags/example_branch_python_dop_operator_3.py for tasks to queue
[2023-04-08T15:30:17.325-0300] {logging_mixin.py:137} INFO - [2023-04-08T15:30:17.325-0300] {dagbag.py:532} INFO - Filling up the DagBag from /home/kauanu/PycharmProjects/AirFLowEnade/venv/lib/python3.10/site-packages/airflow/example_dags/example_branch_python_dop_operator_3.py
[2023-04-08T15:30:17.353-0300] {processor.py:753} INFO - DAG(s) dict_keys(['example_branch_dop_operator_v3']) retrieved from /home/kauanu/PycharmProjects/AirFLowEnade/venv/lib/python3.10/site-packages/airflow/example_dags/example_branch_python_dop_operator_3.py
[2023-04-08T15:30:17.378-0300] {logging_mixin.py:137} INFO - [2023-04-08T15:30:17.378-0300] {dag.py:2705} INFO - Sync 1 DAGs
[2023-04-08T15:30:17.399-0300] {logging_mixin.py:137} INFO - [2023-04-08T15:30:17.399-0300] {dag.py:3452} INFO - Setting next_dagrun for example_branch_dop_operator_v3 to 2023-04-08T18:29:00+00:00, run_after=2023-04-08T18:30:00+00:00
[2023-04-08T15:30:17.461-0300] {processor.py:175} INFO - Processing /home/kauanu/PycharmProjects/AirFLowEnade/venv/lib/python3.10/site-packages/airflow/example_dags/example_branch_python_dop_operator_3.py took 0.142 seconds
[2023-04-08T15:31:02.774-0300] {processor.py:153} INFO - Started process (PID=15000) to work on /home/kauanu/PycharmProjects/AirFLowEnade/venv/lib/python3.10/site-packages/airflow/example_dags/example_branch_python_dop_operator_3.py
[2023-04-08T15:31:02.776-0300] {processor.py:743} INFO - Processing file /home/kauanu/PycharmProjects/AirFLowEnade/venv/lib/python3.10/site-packages/airflow/example_dags/example_branch_python_dop_operator_3.py for tasks to queue
[2023-04-08T15:31:02.776-0300] {logging_mixin.py:137} INFO - [2023-04-08T15:31:02.776-0300] {dagbag.py:532} INFO - Filling up the DagBag from /home/kauanu/PycharmProjects/AirFLowEnade/venv/lib/python3.10/site-packages/airflow/example_dags/example_branch_python_dop_operator_3.py
[2023-04-08T15:31:02.795-0300] {processor.py:753} INFO - DAG(s) dict_keys(['example_branch_dop_operator_v3']) retrieved from /home/kauanu/PycharmProjects/AirFLowEnade/venv/lib/python3.10/site-packages/airflow/example_dags/example_branch_python_dop_operator_3.py
[2023-04-08T15:31:02.811-0300] {logging_mixin.py:137} INFO - [2023-04-08T15:31:02.811-0300] {dag.py:2705} INFO - Sync 1 DAGs
[2023-04-08T15:31:02.828-0300] {logging_mixin.py:137} INFO - [2023-04-08T15:31:02.827-0300] {dag.py:3452} INFO - Setting next_dagrun for example_branch_dop_operator_v3 to 2023-04-08T18:30:00+00:00, run_after=2023-04-08T18:31:00+00:00
[2023-04-08T15:31:02.855-0300] {processor.py:175} INFO - Processing /home/kauanu/PycharmProjects/AirFLowEnade/venv/lib/python3.10/site-packages/airflow/example_dags/example_branch_python_dop_operator_3.py took 0.084 seconds
[2023-04-08T15:31:45.526-0300] {processor.py:153} INFO - Started process (PID=15213) to work on /home/kauanu/PycharmProjects/AirFLowEnade/venv/lib/python3.10/site-packages/airflow/example_dags/example_branch_python_dop_operator_3.py
[2023-04-08T15:31:45.527-0300] {processor.py:743} INFO - Processing file /home/kauanu/PycharmProjects/AirFLowEnade/venv/lib/python3.10/site-packages/airflow/example_dags/example_branch_python_dop_operator_3.py for tasks to queue
[2023-04-08T15:31:45.528-0300] {logging_mixin.py:137} INFO - [2023-04-08T15:31:45.527-0300] {dagbag.py:532} INFO - Filling up the DagBag from /home/kauanu/PycharmProjects/AirFLowEnade/venv/lib/python3.10/site-packages/airflow/example_dags/example_branch_python_dop_operator_3.py
[2023-04-08T15:31:45.546-0300] {processor.py:753} INFO - DAG(s) dict_keys(['example_branch_dop_operator_v3']) retrieved from /home/kauanu/PycharmProjects/AirFLowEnade/venv/lib/python3.10/site-packages/airflow/example_dags/example_branch_python_dop_operator_3.py
[2023-04-08T15:31:45.560-0300] {logging_mixin.py:137} INFO - [2023-04-08T15:31:45.560-0300] {dag.py:2705} INFO - Sync 1 DAGs
[2023-04-08T15:31:45.575-0300] {logging_mixin.py:137} INFO - [2023-04-08T15:31:45.575-0300] {dag.py:3452} INFO - Setting next_dagrun for example_branch_dop_operator_v3 to 2023-04-08T18:30:00+00:00, run_after=2023-04-08T18:31:00+00:00
[2023-04-08T15:31:45.597-0300] {processor.py:175} INFO - Processing /home/kauanu/PycharmProjects/AirFLowEnade/venv/lib/python3.10/site-packages/airflow/example_dags/example_branch_python_dop_operator_3.py took 0.074 seconds
[2023-04-08T15:32:33.573-0300] {processor.py:153} INFO - Started process (PID=15426) to work on /home/kauanu/PycharmProjects/AirFLowEnade/venv/lib/python3.10/site-packages/airflow/example_dags/example_branch_python_dop_operator_3.py
[2023-04-08T15:32:33.580-0300] {processor.py:743} INFO - Processing file /home/kauanu/PycharmProjects/AirFLowEnade/venv/lib/python3.10/site-packages/airflow/example_dags/example_branch_python_dop_operator_3.py for tasks to queue
[2023-04-08T15:32:33.581-0300] {logging_mixin.py:137} INFO - [2023-04-08T15:32:33.581-0300] {dagbag.py:532} INFO - Filling up the DagBag from /home/kauanu/PycharmProjects/AirFLowEnade/venv/lib/python3.10/site-packages/airflow/example_dags/example_branch_python_dop_operator_3.py
[2023-04-08T15:32:33.601-0300] {processor.py:753} INFO - DAG(s) dict_keys(['example_branch_dop_operator_v3']) retrieved from /home/kauanu/PycharmProjects/AirFLowEnade/venv/lib/python3.10/site-packages/airflow/example_dags/example_branch_python_dop_operator_3.py
[2023-04-08T15:32:33.616-0300] {logging_mixin.py:137} INFO - [2023-04-08T15:32:33.616-0300] {dag.py:2705} INFO - Sync 1 DAGs
[2023-04-08T15:32:33.633-0300] {logging_mixin.py:137} INFO - [2023-04-08T15:32:33.633-0300] {dag.py:3452} INFO - Setting next_dagrun for example_branch_dop_operator_v3 to 2023-04-08T18:31:00+00:00, run_after=2023-04-08T18:32:00+00:00
[2023-04-08T15:32:33.656-0300] {processor.py:175} INFO - Processing /home/kauanu/PycharmProjects/AirFLowEnade/venv/lib/python3.10/site-packages/airflow/example_dags/example_branch_python_dop_operator_3.py took 0.085 seconds
[2023-04-08T15:33:13.425-0300] {processor.py:153} INFO - Started process (PID=15633) to work on /home/kauanu/PycharmProjects/AirFLowEnade/venv/lib/python3.10/site-packages/airflow/example_dags/example_branch_python_dop_operator_3.py
[2023-04-08T15:33:13.426-0300] {processor.py:743} INFO - Processing file /home/kauanu/PycharmProjects/AirFLowEnade/venv/lib/python3.10/site-packages/airflow/example_dags/example_branch_python_dop_operator_3.py for tasks to queue
[2023-04-08T15:33:13.426-0300] {logging_mixin.py:137} INFO - [2023-04-08T15:33:13.426-0300] {dagbag.py:532} INFO - Filling up the DagBag from /home/kauanu/PycharmProjects/AirFLowEnade/venv/lib/python3.10/site-packages/airflow/example_dags/example_branch_python_dop_operator_3.py
[2023-04-08T15:33:13.444-0300] {processor.py:753} INFO - DAG(s) dict_keys(['example_branch_dop_operator_v3']) retrieved from /home/kauanu/PycharmProjects/AirFLowEnade/venv/lib/python3.10/site-packages/airflow/example_dags/example_branch_python_dop_operator_3.py
[2023-04-08T15:33:13.459-0300] {logging_mixin.py:137} INFO - [2023-04-08T15:33:13.459-0300] {dag.py:2705} INFO - Sync 1 DAGs
[2023-04-08T15:33:13.476-0300] {logging_mixin.py:137} INFO - [2023-04-08T15:33:13.476-0300] {dag.py:3452} INFO - Setting next_dagrun for example_branch_dop_operator_v3 to 2023-04-08T18:32:00+00:00, run_after=2023-04-08T18:33:00+00:00
[2023-04-08T15:33:13.500-0300] {processor.py:175} INFO - Processing /home/kauanu/PycharmProjects/AirFLowEnade/venv/lib/python3.10/site-packages/airflow/example_dags/example_branch_python_dop_operator_3.py took 0.078 seconds
[2023-04-08T15:33:52.064-0300] {processor.py:153} INFO - Started process (PID=15820) to work on /home/kauanu/PycharmProjects/AirFLowEnade/venv/lib/python3.10/site-packages/airflow/example_dags/example_branch_python_dop_operator_3.py
[2023-04-08T15:33:52.066-0300] {processor.py:743} INFO - Processing file /home/kauanu/PycharmProjects/AirFLowEnade/venv/lib/python3.10/site-packages/airflow/example_dags/example_branch_python_dop_operator_3.py for tasks to queue
[2023-04-08T15:33:52.066-0300] {logging_mixin.py:137} INFO - [2023-04-08T15:33:52.066-0300] {dagbag.py:532} INFO - Filling up the DagBag from /home/kauanu/PycharmProjects/AirFLowEnade/venv/lib/python3.10/site-packages/airflow/example_dags/example_branch_python_dop_operator_3.py
[2023-04-08T15:33:52.086-0300] {processor.py:753} INFO - DAG(s) dict_keys(['example_branch_dop_operator_v3']) retrieved from /home/kauanu/PycharmProjects/AirFLowEnade/venv/lib/python3.10/site-packages/airflow/example_dags/example_branch_python_dop_operator_3.py
[2023-04-08T15:33:52.101-0300] {logging_mixin.py:137} INFO - [2023-04-08T15:33:52.101-0300] {dag.py:2705} INFO - Sync 1 DAGs
[2023-04-08T15:33:52.118-0300] {logging_mixin.py:137} INFO - [2023-04-08T15:33:52.118-0300] {dag.py:3452} INFO - Setting next_dagrun for example_branch_dop_operator_v3 to 2023-04-08T18:32:00+00:00, run_after=2023-04-08T18:33:00+00:00
[2023-04-08T15:33:52.181-0300] {processor.py:175} INFO - Processing /home/kauanu/PycharmProjects/AirFLowEnade/venv/lib/python3.10/site-packages/airflow/example_dags/example_branch_python_dop_operator_3.py took 0.120 seconds
[2023-04-08T15:34:40.650-0300] {processor.py:153} INFO - Started process (PID=16058) to work on /home/kauanu/PycharmProjects/AirFLowEnade/venv/lib/python3.10/site-packages/airflow/example_dags/example_branch_python_dop_operator_3.py
[2023-04-08T15:34:40.657-0300] {processor.py:743} INFO - Processing file /home/kauanu/PycharmProjects/AirFLowEnade/venv/lib/python3.10/site-packages/airflow/example_dags/example_branch_python_dop_operator_3.py for tasks to queue
[2023-04-08T15:34:40.658-0300] {logging_mixin.py:137} INFO - [2023-04-08T15:34:40.658-0300] {dagbag.py:532} INFO - Filling up the DagBag from /home/kauanu/PycharmProjects/AirFLowEnade/venv/lib/python3.10/site-packages/airflow/example_dags/example_branch_python_dop_operator_3.py
[2023-04-08T15:34:40.675-0300] {processor.py:753} INFO - DAG(s) dict_keys(['example_branch_dop_operator_v3']) retrieved from /home/kauanu/PycharmProjects/AirFLowEnade/venv/lib/python3.10/site-packages/airflow/example_dags/example_branch_python_dop_operator_3.py
[2023-04-08T15:34:40.690-0300] {logging_mixin.py:137} INFO - [2023-04-08T15:34:40.690-0300] {dag.py:2705} INFO - Sync 1 DAGs
[2023-04-08T15:34:40.705-0300] {logging_mixin.py:137} INFO - [2023-04-08T15:34:40.705-0300] {dag.py:3452} INFO - Setting next_dagrun for example_branch_dop_operator_v3 to 2023-04-08T18:33:00+00:00, run_after=2023-04-08T18:34:00+00:00
[2023-04-08T15:34:40.727-0300] {processor.py:175} INFO - Processing /home/kauanu/PycharmProjects/AirFLowEnade/venv/lib/python3.10/site-packages/airflow/example_dags/example_branch_python_dop_operator_3.py took 0.080 seconds
[2023-04-08T15:35:22.758-0300] {processor.py:153} INFO - Started process (PID=16245) to work on /home/kauanu/PycharmProjects/AirFLowEnade/venv/lib/python3.10/site-packages/airflow/example_dags/example_branch_python_dop_operator_3.py
[2023-04-08T15:35:22.768-0300] {processor.py:743} INFO - Processing file /home/kauanu/PycharmProjects/AirFLowEnade/venv/lib/python3.10/site-packages/airflow/example_dags/example_branch_python_dop_operator_3.py for tasks to queue
[2023-04-08T15:35:22.768-0300] {logging_mixin.py:137} INFO - [2023-04-08T15:35:22.768-0300] {dagbag.py:532} INFO - Filling up the DagBag from /home/kauanu/PycharmProjects/AirFLowEnade/venv/lib/python3.10/site-packages/airflow/example_dags/example_branch_python_dop_operator_3.py
[2023-04-08T15:35:22.786-0300] {processor.py:753} INFO - DAG(s) dict_keys(['example_branch_dop_operator_v3']) retrieved from /home/kauanu/PycharmProjects/AirFLowEnade/venv/lib/python3.10/site-packages/airflow/example_dags/example_branch_python_dop_operator_3.py
[2023-04-08T15:35:22.801-0300] {logging_mixin.py:137} INFO - [2023-04-08T15:35:22.800-0300] {dag.py:2705} INFO - Sync 1 DAGs
[2023-04-08T15:35:22.816-0300] {logging_mixin.py:137} INFO - [2023-04-08T15:35:22.816-0300] {dag.py:3452} INFO - Setting next_dagrun for example_branch_dop_operator_v3 to 2023-04-08T18:34:00+00:00, run_after=2023-04-08T18:35:00+00:00
[2023-04-08T15:35:22.857-0300] {processor.py:175} INFO - Processing /home/kauanu/PycharmProjects/AirFLowEnade/venv/lib/python3.10/site-packages/airflow/example_dags/example_branch_python_dop_operator_3.py took 0.102 seconds
[2023-04-08T15:36:06.355-0300] {processor.py:153} INFO - Started process (PID=16441) to work on /home/kauanu/PycharmProjects/AirFLowEnade/venv/lib/python3.10/site-packages/airflow/example_dags/example_branch_python_dop_operator_3.py
[2023-04-08T15:36:06.367-0300] {processor.py:743} INFO - Processing file /home/kauanu/PycharmProjects/AirFLowEnade/venv/lib/python3.10/site-packages/airflow/example_dags/example_branch_python_dop_operator_3.py for tasks to queue
[2023-04-08T15:36:06.368-0300] {logging_mixin.py:137} INFO - [2023-04-08T15:36:06.367-0300] {dagbag.py:532} INFO - Filling up the DagBag from /home/kauanu/PycharmProjects/AirFLowEnade/venv/lib/python3.10/site-packages/airflow/example_dags/example_branch_python_dop_operator_3.py
[2023-04-08T15:36:06.387-0300] {processor.py:753} INFO - DAG(s) dict_keys(['example_branch_dop_operator_v3']) retrieved from /home/kauanu/PycharmProjects/AirFLowEnade/venv/lib/python3.10/site-packages/airflow/example_dags/example_branch_python_dop_operator_3.py
[2023-04-08T15:36:06.402-0300] {logging_mixin.py:137} INFO - [2023-04-08T15:36:06.402-0300] {dag.py:2705} INFO - Sync 1 DAGs
[2023-04-08T15:36:06.417-0300] {logging_mixin.py:137} INFO - [2023-04-08T15:36:06.417-0300] {dag.py:3452} INFO - Setting next_dagrun for example_branch_dop_operator_v3 to 2023-04-08T18:35:00+00:00, run_after=2023-04-08T18:36:00+00:00
[2023-04-08T15:36:06.439-0300] {processor.py:175} INFO - Processing /home/kauanu/PycharmProjects/AirFLowEnade/venv/lib/python3.10/site-packages/airflow/example_dags/example_branch_python_dop_operator_3.py took 0.086 seconds
