[2023-04-08T15:25:46.989-0300] {processor.py:153} INFO - Started process (PID=13446) to work on /home/kauanu/PycharmProjects/AirFLowEnade/venv/lib/python3.10/site-packages/airflow/example_dags/example_short_circuit_operator.py
[2023-04-08T15:25:46.990-0300] {processor.py:743} INFO - Processing file /home/kauanu/PycharmProjects/AirFLowEnade/venv/lib/python3.10/site-packages/airflow/example_dags/example_short_circuit_operator.py for tasks to queue
[2023-04-08T15:25:46.991-0300] {logging_mixin.py:137} INFO - [2023-04-08T15:25:46.991-0300] {dagbag.py:532} INFO - Filling up the DagBag from /home/kauanu/PycharmProjects/AirFLowEnade/venv/lib/python3.10/site-packages/airflow/example_dags/example_short_circuit_operator.py
[2023-04-08T15:25:47.021-0300] {processor.py:753} INFO - DAG(s) dict_keys(['example_short_circuit_operator']) retrieved from /home/kauanu/PycharmProjects/AirFLowEnade/venv/lib/python3.10/site-packages/airflow/example_dags/example_short_circuit_operator.py
[2023-04-08T15:25:47.607-0300] {logging_mixin.py:137} INFO - [2023-04-08T15:25:47.607-0300] {manager.py:504} INFO - Created Permission View: can delete on DAG:example_short_circuit_operator
[2023-04-08T15:25:47.654-0300] {logging_mixin.py:137} INFO - [2023-04-08T15:25:47.654-0300] {manager.py:504} INFO - Created Permission View: can edit on DAG:example_short_circuit_operator
[2023-04-08T15:25:47.671-0300] {logging_mixin.py:137} INFO - [2023-04-08T15:25:47.671-0300] {manager.py:504} INFO - Created Permission View: can read on DAG:example_short_circuit_operator
[2023-04-08T15:25:47.671-0300] {logging_mixin.py:137} INFO - [2023-04-08T15:25:47.671-0300] {dag.py:2705} INFO - Sync 1 DAGs
[2023-04-08T15:25:47.682-0300] {logging_mixin.py:137} INFO - [2023-04-08T15:25:47.682-0300] {dag.py:2726} INFO - Creating ORM DAG for example_short_circuit_operator
[2023-04-08T15:25:47.690-0300] {logging_mixin.py:137} INFO - [2023-04-08T15:25:47.690-0300] {dag.py:3452} INFO - Setting next_dagrun for example_short_circuit_operator to 2023-04-07T18:25:47.689896+00:00, run_after=2023-04-08T18:25:47.689896+00:00
[2023-04-08T15:25:47.856-0300] {processor.py:175} INFO - Processing /home/kauanu/PycharmProjects/AirFLowEnade/venv/lib/python3.10/site-packages/airflow/example_dags/example_short_circuit_operator.py took 0.876 seconds
[2023-04-08T15:26:37.763-0300] {processor.py:153} INFO - Started process (PID=13709) to work on /home/kauanu/PycharmProjects/AirFLowEnade/venv/lib/python3.10/site-packages/airflow/example_dags/example_short_circuit_operator.py
[2023-04-08T15:26:37.766-0300] {processor.py:743} INFO - Processing file /home/kauanu/PycharmProjects/AirFLowEnade/venv/lib/python3.10/site-packages/airflow/example_dags/example_short_circuit_operator.py for tasks to queue
[2023-04-08T15:26:37.767-0300] {logging_mixin.py:137} INFO - [2023-04-08T15:26:37.766-0300] {dagbag.py:532} INFO - Filling up the DagBag from /home/kauanu/PycharmProjects/AirFLowEnade/venv/lib/python3.10/site-packages/airflow/example_dags/example_short_circuit_operator.py
[2023-04-08T15:26:37.793-0300] {processor.py:753} INFO - DAG(s) dict_keys(['example_short_circuit_operator']) retrieved from /home/kauanu/PycharmProjects/AirFLowEnade/venv/lib/python3.10/site-packages/airflow/example_dags/example_short_circuit_operator.py
[2023-04-08T15:26:37.821-0300] {logging_mixin.py:137} INFO - [2023-04-08T15:26:37.821-0300] {dag.py:2705} INFO - Sync 1 DAGs
[2023-04-08T15:26:37.845-0300] {logging_mixin.py:137} INFO - [2023-04-08T15:26:37.844-0300] {dag.py:3452} INFO - Setting next_dagrun for example_short_circuit_operator to 2023-04-07T18:26:37.844725+00:00, run_after=2023-04-08T18:26:37.844725+00:00
[2023-04-08T15:26:37.881-0300] {processor.py:175} INFO - Processing /home/kauanu/PycharmProjects/AirFLowEnade/venv/lib/python3.10/site-packages/airflow/example_dags/example_short_circuit_operator.py took 0.123 seconds
[2023-04-08T15:27:32.512-0300] {processor.py:153} INFO - Started process (PID=13973) to work on /home/kauanu/PycharmProjects/AirFLowEnade/venv/lib/python3.10/site-packages/airflow/example_dags/example_short_circuit_operator.py
[2023-04-08T15:27:32.515-0300] {processor.py:743} INFO - Processing file /home/kauanu/PycharmProjects/AirFLowEnade/venv/lib/python3.10/site-packages/airflow/example_dags/example_short_circuit_operator.py for tasks to queue
[2023-04-08T15:27:32.516-0300] {logging_mixin.py:137} INFO - [2023-04-08T15:27:32.515-0300] {dagbag.py:532} INFO - Filling up the DagBag from /home/kauanu/PycharmProjects/AirFLowEnade/venv/lib/python3.10/site-packages/airflow/example_dags/example_short_circuit_operator.py
[2023-04-08T15:27:32.536-0300] {processor.py:753} INFO - DAG(s) dict_keys(['example_short_circuit_operator']) retrieved from /home/kauanu/PycharmProjects/AirFLowEnade/venv/lib/python3.10/site-packages/airflow/example_dags/example_short_circuit_operator.py
[2023-04-08T15:27:32.556-0300] {logging_mixin.py:137} INFO - [2023-04-08T15:27:32.556-0300] {dag.py:2705} INFO - Sync 1 DAGs
[2023-04-08T15:27:32.573-0300] {logging_mixin.py:137} INFO - [2023-04-08T15:27:32.573-0300] {dag.py:3452} INFO - Setting next_dagrun for example_short_circuit_operator to 2023-04-07T18:27:32.573496+00:00, run_after=2023-04-08T18:27:32.573496+00:00
[2023-04-08T15:27:32.610-0300] {processor.py:175} INFO - Processing /home/kauanu/PycharmProjects/AirFLowEnade/venv/lib/python3.10/site-packages/airflow/example_dags/example_short_circuit_operator.py took 0.102 seconds
[2023-04-08T15:28:18.732-0300] {processor.py:153} INFO - Started process (PID=14188) to work on /home/kauanu/PycharmProjects/AirFLowEnade/venv/lib/python3.10/site-packages/airflow/example_dags/example_short_circuit_operator.py
[2023-04-08T15:28:18.741-0300] {processor.py:743} INFO - Processing file /home/kauanu/PycharmProjects/AirFLowEnade/venv/lib/python3.10/site-packages/airflow/example_dags/example_short_circuit_operator.py for tasks to queue
[2023-04-08T15:28:18.741-0300] {logging_mixin.py:137} INFO - [2023-04-08T15:28:18.741-0300] {dagbag.py:532} INFO - Filling up the DagBag from /home/kauanu/PycharmProjects/AirFLowEnade/venv/lib/python3.10/site-packages/airflow/example_dags/example_short_circuit_operator.py
[2023-04-08T15:28:18.758-0300] {processor.py:753} INFO - DAG(s) dict_keys(['example_short_circuit_operator']) retrieved from /home/kauanu/PycharmProjects/AirFLowEnade/venv/lib/python3.10/site-packages/airflow/example_dags/example_short_circuit_operator.py
[2023-04-08T15:28:18.776-0300] {logging_mixin.py:137} INFO - [2023-04-08T15:28:18.775-0300] {dag.py:2705} INFO - Sync 1 DAGs
[2023-04-08T15:28:18.790-0300] {logging_mixin.py:137} INFO - [2023-04-08T15:28:18.790-0300] {dag.py:3452} INFO - Setting next_dagrun for example_short_circuit_operator to 2023-04-07T18:28:18.789825+00:00, run_after=2023-04-08T18:28:18.789825+00:00
[2023-04-08T15:28:19.137-0300] {processor.py:175} INFO - Processing /home/kauanu/PycharmProjects/AirFLowEnade/venv/lib/python3.10/site-packages/airflow/example_dags/example_short_circuit_operator.py took 0.408 seconds
[2023-04-08T15:29:29.213-0300] {processor.py:153} INFO - Started process (PID=14579) to work on /home/kauanu/PycharmProjects/AirFLowEnade/venv/lib/python3.10/site-packages/airflow/example_dags/example_short_circuit_operator.py
[2023-04-08T15:29:29.224-0300] {processor.py:743} INFO - Processing file /home/kauanu/PycharmProjects/AirFLowEnade/venv/lib/python3.10/site-packages/airflow/example_dags/example_short_circuit_operator.py for tasks to queue
[2023-04-08T15:29:29.224-0300] {logging_mixin.py:137} INFO - [2023-04-08T15:29:29.224-0300] {dagbag.py:532} INFO - Filling up the DagBag from /home/kauanu/PycharmProjects/AirFLowEnade/venv/lib/python3.10/site-packages/airflow/example_dags/example_short_circuit_operator.py
[2023-04-08T15:29:29.236-0300] {processor.py:753} INFO - DAG(s) dict_keys(['example_short_circuit_operator']) retrieved from /home/kauanu/PycharmProjects/AirFLowEnade/venv/lib/python3.10/site-packages/airflow/example_dags/example_short_circuit_operator.py
[2023-04-08T15:29:29.251-0300] {logging_mixin.py:137} INFO - [2023-04-08T15:29:29.251-0300] {dag.py:2705} INFO - Sync 1 DAGs
[2023-04-08T15:29:29.266-0300] {logging_mixin.py:137} INFO - [2023-04-08T15:29:29.266-0300] {dag.py:3452} INFO - Setting next_dagrun for example_short_circuit_operator to 2023-04-07T18:29:29.266121+00:00, run_after=2023-04-08T18:29:29.266121+00:00
[2023-04-08T15:29:29.287-0300] {processor.py:175} INFO - Processing /home/kauanu/PycharmProjects/AirFLowEnade/venv/lib/python3.10/site-packages/airflow/example_dags/example_short_circuit_operator.py took 0.077 seconds
[2023-04-08T15:30:11.645-0300] {processor.py:153} INFO - Started process (PID=14768) to work on /home/kauanu/PycharmProjects/AirFLowEnade/venv/lib/python3.10/site-packages/airflow/example_dags/example_short_circuit_operator.py
[2023-04-08T15:30:11.646-0300] {processor.py:743} INFO - Processing file /home/kauanu/PycharmProjects/AirFLowEnade/venv/lib/python3.10/site-packages/airflow/example_dags/example_short_circuit_operator.py for tasks to queue
[2023-04-08T15:30:11.647-0300] {logging_mixin.py:137} INFO - [2023-04-08T15:30:11.647-0300] {dagbag.py:532} INFO - Filling up the DagBag from /home/kauanu/PycharmProjects/AirFLowEnade/venv/lib/python3.10/site-packages/airflow/example_dags/example_short_circuit_operator.py
[2023-04-08T15:30:11.660-0300] {processor.py:753} INFO - DAG(s) dict_keys(['example_short_circuit_operator']) retrieved from /home/kauanu/PycharmProjects/AirFLowEnade/venv/lib/python3.10/site-packages/airflow/example_dags/example_short_circuit_operator.py
[2023-04-08T15:30:11.676-0300] {logging_mixin.py:137} INFO - [2023-04-08T15:30:11.676-0300] {dag.py:2705} INFO - Sync 1 DAGs
[2023-04-08T15:30:11.692-0300] {logging_mixin.py:137} INFO - [2023-04-08T15:30:11.692-0300] {dag.py:3452} INFO - Setting next_dagrun for example_short_circuit_operator to 2023-04-07T18:30:11.692130+00:00, run_after=2023-04-08T18:30:11.692130+00:00
[2023-04-08T15:30:11.744-0300] {processor.py:175} INFO - Processing /home/kauanu/PycharmProjects/AirFLowEnade/venv/lib/python3.10/site-packages/airflow/example_dags/example_short_circuit_operator.py took 0.101 seconds
[2023-04-08T15:30:56.174-0300] {processor.py:153} INFO - Started process (PID=14994) to work on /home/kauanu/PycharmProjects/AirFLowEnade/venv/lib/python3.10/site-packages/airflow/example_dags/example_short_circuit_operator.py
[2023-04-08T15:30:56.179-0300] {processor.py:743} INFO - Processing file /home/kauanu/PycharmProjects/AirFLowEnade/venv/lib/python3.10/site-packages/airflow/example_dags/example_short_circuit_operator.py for tasks to queue
[2023-04-08T15:30:56.180-0300] {logging_mixin.py:137} INFO - [2023-04-08T15:30:56.180-0300] {dagbag.py:532} INFO - Filling up the DagBag from /home/kauanu/PycharmProjects/AirFLowEnade/venv/lib/python3.10/site-packages/airflow/example_dags/example_short_circuit_operator.py
[2023-04-08T15:30:56.193-0300] {processor.py:753} INFO - DAG(s) dict_keys(['example_short_circuit_operator']) retrieved from /home/kauanu/PycharmProjects/AirFLowEnade/venv/lib/python3.10/site-packages/airflow/example_dags/example_short_circuit_operator.py
[2023-04-08T15:30:56.210-0300] {logging_mixin.py:137} INFO - [2023-04-08T15:30:56.210-0300] {dag.py:2705} INFO - Sync 1 DAGs
[2023-04-08T15:30:56.223-0300] {logging_mixin.py:137} INFO - [2023-04-08T15:30:56.223-0300] {dag.py:3452} INFO - Setting next_dagrun for example_short_circuit_operator to 2023-04-07T18:30:56.223682+00:00, run_after=2023-04-08T18:30:56.223682+00:00
[2023-04-08T15:30:56.254-0300] {processor.py:175} INFO - Processing /home/kauanu/PycharmProjects/AirFLowEnade/venv/lib/python3.10/site-packages/airflow/example_dags/example_short_circuit_operator.py took 0.083 seconds
[2023-04-08T15:31:39.057-0300] {processor.py:153} INFO - Started process (PID=15188) to work on /home/kauanu/PycharmProjects/AirFLowEnade/venv/lib/python3.10/site-packages/airflow/example_dags/example_short_circuit_operator.py
[2023-04-08T15:31:39.058-0300] {processor.py:743} INFO - Processing file /home/kauanu/PycharmProjects/AirFLowEnade/venv/lib/python3.10/site-packages/airflow/example_dags/example_short_circuit_operator.py for tasks to queue
[2023-04-08T15:31:39.058-0300] {logging_mixin.py:137} INFO - [2023-04-08T15:31:39.058-0300] {dagbag.py:532} INFO - Filling up the DagBag from /home/kauanu/PycharmProjects/AirFLowEnade/venv/lib/python3.10/site-packages/airflow/example_dags/example_short_circuit_operator.py
[2023-04-08T15:31:39.071-0300] {processor.py:753} INFO - DAG(s) dict_keys(['example_short_circuit_operator']) retrieved from /home/kauanu/PycharmProjects/AirFLowEnade/venv/lib/python3.10/site-packages/airflow/example_dags/example_short_circuit_operator.py
[2023-04-08T15:31:39.086-0300] {logging_mixin.py:137} INFO - [2023-04-08T15:31:39.086-0300] {dag.py:2705} INFO - Sync 1 DAGs
[2023-04-08T15:31:39.099-0300] {logging_mixin.py:137} INFO - [2023-04-08T15:31:39.099-0300] {dag.py:3452} INFO - Setting next_dagrun for example_short_circuit_operator to 2023-04-07T18:31:39.099371+00:00, run_after=2023-04-08T18:31:39.099371+00:00
[2023-04-08T15:31:39.129-0300] {processor.py:175} INFO - Processing /home/kauanu/PycharmProjects/AirFLowEnade/venv/lib/python3.10/site-packages/airflow/example_dags/example_short_circuit_operator.py took 0.075 seconds
[2023-04-08T15:32:16.464-0300] {processor.py:153} INFO - Started process (PID=15351) to work on /home/kauanu/PycharmProjects/AirFLowEnade/venv/lib/python3.10/site-packages/airflow/example_dags/example_short_circuit_operator.py
[2023-04-08T15:32:16.465-0300] {processor.py:743} INFO - Processing file /home/kauanu/PycharmProjects/AirFLowEnade/venv/lib/python3.10/site-packages/airflow/example_dags/example_short_circuit_operator.py for tasks to queue
[2023-04-08T15:32:16.466-0300] {logging_mixin.py:137} INFO - [2023-04-08T15:32:16.466-0300] {dagbag.py:532} INFO - Filling up the DagBag from /home/kauanu/PycharmProjects/AirFLowEnade/venv/lib/python3.10/site-packages/airflow/example_dags/example_short_circuit_operator.py
[2023-04-08T15:32:16.482-0300] {processor.py:753} INFO - DAG(s) dict_keys(['example_short_circuit_operator']) retrieved from /home/kauanu/PycharmProjects/AirFLowEnade/venv/lib/python3.10/site-packages/airflow/example_dags/example_short_circuit_operator.py
[2023-04-08T15:32:16.498-0300] {logging_mixin.py:137} INFO - [2023-04-08T15:32:16.498-0300] {dag.py:2705} INFO - Sync 1 DAGs
[2023-04-08T15:32:16.511-0300] {logging_mixin.py:137} INFO - [2023-04-08T15:32:16.511-0300] {dag.py:3452} INFO - Setting next_dagrun for example_short_circuit_operator to 2023-04-07T18:32:16.511549+00:00, run_after=2023-04-08T18:32:16.511549+00:00
[2023-04-08T15:32:16.533-0300] {processor.py:175} INFO - Processing /home/kauanu/PycharmProjects/AirFLowEnade/venv/lib/python3.10/site-packages/airflow/example_dags/example_short_circuit_operator.py took 0.072 seconds
[2023-04-08T15:32:55.616-0300] {processor.py:153} INFO - Started process (PID=15546) to work on /home/kauanu/PycharmProjects/AirFLowEnade/venv/lib/python3.10/site-packages/airflow/example_dags/example_short_circuit_operator.py
[2023-04-08T15:32:55.626-0300] {processor.py:743} INFO - Processing file /home/kauanu/PycharmProjects/AirFLowEnade/venv/lib/python3.10/site-packages/airflow/example_dags/example_short_circuit_operator.py for tasks to queue
[2023-04-08T15:32:55.627-0300] {logging_mixin.py:137} INFO - [2023-04-08T15:32:55.626-0300] {dagbag.py:532} INFO - Filling up the DagBag from /home/kauanu/PycharmProjects/AirFLowEnade/venv/lib/python3.10/site-packages/airflow/example_dags/example_short_circuit_operator.py
[2023-04-08T15:32:55.640-0300] {processor.py:753} INFO - DAG(s) dict_keys(['example_short_circuit_operator']) retrieved from /home/kauanu/PycharmProjects/AirFLowEnade/venv/lib/python3.10/site-packages/airflow/example_dags/example_short_circuit_operator.py
[2023-04-08T15:32:55.657-0300] {logging_mixin.py:137} INFO - [2023-04-08T15:32:55.657-0300] {dag.py:2705} INFO - Sync 1 DAGs
[2023-04-08T15:32:55.670-0300] {logging_mixin.py:137} INFO - [2023-04-08T15:32:55.670-0300] {dag.py:3452} INFO - Setting next_dagrun for example_short_circuit_operator to 2023-04-07T18:32:55.670602+00:00, run_after=2023-04-08T18:32:55.670602+00:00
[2023-04-08T15:32:55.708-0300] {processor.py:175} INFO - Processing /home/kauanu/PycharmProjects/AirFLowEnade/venv/lib/python3.10/site-packages/airflow/example_dags/example_short_circuit_operator.py took 0.095 seconds
[2023-04-08T15:33:36.278-0300] {processor.py:153} INFO - Started process (PID=15726) to work on /home/kauanu/PycharmProjects/AirFLowEnade/venv/lib/python3.10/site-packages/airflow/example_dags/example_short_circuit_operator.py
[2023-04-08T15:33:36.290-0300] {processor.py:743} INFO - Processing file /home/kauanu/PycharmProjects/AirFLowEnade/venv/lib/python3.10/site-packages/airflow/example_dags/example_short_circuit_operator.py for tasks to queue
[2023-04-08T15:33:36.291-0300] {logging_mixin.py:137} INFO - [2023-04-08T15:33:36.290-0300] {dagbag.py:532} INFO - Filling up the DagBag from /home/kauanu/PycharmProjects/AirFLowEnade/venv/lib/python3.10/site-packages/airflow/example_dags/example_short_circuit_operator.py
[2023-04-08T15:33:36.303-0300] {processor.py:753} INFO - DAG(s) dict_keys(['example_short_circuit_operator']) retrieved from /home/kauanu/PycharmProjects/AirFLowEnade/venv/lib/python3.10/site-packages/airflow/example_dags/example_short_circuit_operator.py
[2023-04-08T15:33:36.320-0300] {logging_mixin.py:137} INFO - [2023-04-08T15:33:36.320-0300] {dag.py:2705} INFO - Sync 1 DAGs
[2023-04-08T15:33:36.339-0300] {logging_mixin.py:137} INFO - [2023-04-08T15:33:36.338-0300] {dag.py:3452} INFO - Setting next_dagrun for example_short_circuit_operator to 2023-04-07T18:33:36.338680+00:00, run_after=2023-04-08T18:33:36.338680+00:00
[2023-04-08T15:33:36.381-0300] {processor.py:175} INFO - Processing /home/kauanu/PycharmProjects/AirFLowEnade/venv/lib/python3.10/site-packages/airflow/example_dags/example_short_circuit_operator.py took 0.105 seconds
[2023-04-08T15:34:15.141-0300] {processor.py:153} INFO - Started process (PID=15917) to work on /home/kauanu/PycharmProjects/AirFLowEnade/venv/lib/python3.10/site-packages/airflow/example_dags/example_short_circuit_operator.py
[2023-04-08T15:34:15.142-0300] {processor.py:743} INFO - Processing file /home/kauanu/PycharmProjects/AirFLowEnade/venv/lib/python3.10/site-packages/airflow/example_dags/example_short_circuit_operator.py for tasks to queue
[2023-04-08T15:34:15.142-0300] {logging_mixin.py:137} INFO - [2023-04-08T15:34:15.142-0300] {dagbag.py:532} INFO - Filling up the DagBag from /home/kauanu/PycharmProjects/AirFLowEnade/venv/lib/python3.10/site-packages/airflow/example_dags/example_short_circuit_operator.py
[2023-04-08T15:34:15.154-0300] {processor.py:753} INFO - DAG(s) dict_keys(['example_short_circuit_operator']) retrieved from /home/kauanu/PycharmProjects/AirFLowEnade/venv/lib/python3.10/site-packages/airflow/example_dags/example_short_circuit_operator.py
[2023-04-08T15:34:15.168-0300] {logging_mixin.py:137} INFO - [2023-04-08T15:34:15.168-0300] {dag.py:2705} INFO - Sync 1 DAGs
[2023-04-08T15:34:15.182-0300] {logging_mixin.py:137} INFO - [2023-04-08T15:34:15.182-0300] {dag.py:3452} INFO - Setting next_dagrun for example_short_circuit_operator to 2023-04-07T18:34:15.182080+00:00, run_after=2023-04-08T18:34:15.182080+00:00
[2023-04-08T15:34:15.218-0300] {processor.py:175} INFO - Processing /home/kauanu/PycharmProjects/AirFLowEnade/venv/lib/python3.10/site-packages/airflow/example_dags/example_short_circuit_operator.py took 0.080 seconds
[2023-04-08T15:35:03.624-0300] {processor.py:153} INFO - Started process (PID=16157) to work on /home/kauanu/PycharmProjects/AirFLowEnade/venv/lib/python3.10/site-packages/airflow/example_dags/example_short_circuit_operator.py
[2023-04-08T15:35:03.638-0300] {processor.py:743} INFO - Processing file /home/kauanu/PycharmProjects/AirFLowEnade/venv/lib/python3.10/site-packages/airflow/example_dags/example_short_circuit_operator.py for tasks to queue
[2023-04-08T15:35:03.638-0300] {logging_mixin.py:137} INFO - [2023-04-08T15:35:03.638-0300] {dagbag.py:532} INFO - Filling up the DagBag from /home/kauanu/PycharmProjects/AirFLowEnade/venv/lib/python3.10/site-packages/airflow/example_dags/example_short_circuit_operator.py
[2023-04-08T15:35:03.650-0300] {processor.py:753} INFO - DAG(s) dict_keys(['example_short_circuit_operator']) retrieved from /home/kauanu/PycharmProjects/AirFLowEnade/venv/lib/python3.10/site-packages/airflow/example_dags/example_short_circuit_operator.py
[2023-04-08T15:35:03.667-0300] {logging_mixin.py:137} INFO - [2023-04-08T15:35:03.667-0300] {dag.py:2705} INFO - Sync 1 DAGs
[2023-04-08T15:35:03.687-0300] {logging_mixin.py:137} INFO - [2023-04-08T15:35:03.687-0300] {dag.py:3452} INFO - Setting next_dagrun for example_short_circuit_operator to 2023-04-07T18:35:03.687279+00:00, run_after=2023-04-08T18:35:03.687279+00:00
[2023-04-08T15:35:04.521-0300] {processor.py:175} INFO - Processing /home/kauanu/PycharmProjects/AirFLowEnade/venv/lib/python3.10/site-packages/airflow/example_dags/example_short_circuit_operator.py took 0.899 seconds
[2023-04-08T15:35:48.966-0300] {processor.py:153} INFO - Started process (PID=16347) to work on /home/kauanu/PycharmProjects/AirFLowEnade/venv/lib/python3.10/site-packages/airflow/example_dags/example_short_circuit_operator.py
[2023-04-08T15:35:48.968-0300] {processor.py:743} INFO - Processing file /home/kauanu/PycharmProjects/AirFLowEnade/venv/lib/python3.10/site-packages/airflow/example_dags/example_short_circuit_operator.py for tasks to queue
[2023-04-08T15:35:48.969-0300] {logging_mixin.py:137} INFO - [2023-04-08T15:35:48.968-0300] {dagbag.py:532} INFO - Filling up the DagBag from /home/kauanu/PycharmProjects/AirFLowEnade/venv/lib/python3.10/site-packages/airflow/example_dags/example_short_circuit_operator.py
[2023-04-08T15:35:48.981-0300] {processor.py:753} INFO - DAG(s) dict_keys(['example_short_circuit_operator']) retrieved from /home/kauanu/PycharmProjects/AirFLowEnade/venv/lib/python3.10/site-packages/airflow/example_dags/example_short_circuit_operator.py
[2023-04-08T15:35:48.999-0300] {logging_mixin.py:137} INFO - [2023-04-08T15:35:48.999-0300] {dag.py:2705} INFO - Sync 1 DAGs
[2023-04-08T15:35:49.012-0300] {logging_mixin.py:137} INFO - [2023-04-08T15:35:49.012-0300] {dag.py:3452} INFO - Setting next_dagrun for example_short_circuit_operator to 2023-04-07T18:35:49.012525+00:00, run_after=2023-04-08T18:35:49.012525+00:00
[2023-04-08T15:35:49.035-0300] {processor.py:175} INFO - Processing /home/kauanu/PycharmProjects/AirFLowEnade/venv/lib/python3.10/site-packages/airflow/example_dags/example_short_circuit_operator.py took 0.072 seconds
[2023-04-08T15:36:37.040-0300] {processor.py:153} INFO - Started process (PID=16575) to work on /home/kauanu/PycharmProjects/AirFLowEnade/venv/lib/python3.10/site-packages/airflow/example_dags/example_short_circuit_operator.py
[2023-04-08T15:36:37.054-0300] {processor.py:743} INFO - Processing file /home/kauanu/PycharmProjects/AirFLowEnade/venv/lib/python3.10/site-packages/airflow/example_dags/example_short_circuit_operator.py for tasks to queue
[2023-04-08T15:36:37.055-0300] {logging_mixin.py:137} INFO - [2023-04-08T15:36:37.055-0300] {dagbag.py:532} INFO - Filling up the DagBag from /home/kauanu/PycharmProjects/AirFLowEnade/venv/lib/python3.10/site-packages/airflow/example_dags/example_short_circuit_operator.py
[2023-04-08T15:36:37.139-0300] {processor.py:753} INFO - DAG(s) dict_keys(['example_short_circuit_operator']) retrieved from /home/kauanu/PycharmProjects/AirFLowEnade/venv/lib/python3.10/site-packages/airflow/example_dags/example_short_circuit_operator.py
[2023-04-08T15:36:37.165-0300] {logging_mixin.py:137} INFO - [2023-04-08T15:36:37.165-0300] {dag.py:2705} INFO - Sync 1 DAGs
[2023-04-08T15:36:37.195-0300] {logging_mixin.py:137} INFO - [2023-04-08T15:36:37.194-0300] {dag.py:3452} INFO - Setting next_dagrun for example_short_circuit_operator to 2023-04-07T18:36:37.194663+00:00, run_after=2023-04-08T18:36:37.194663+00:00
[2023-04-08T15:36:37.401-0300] {processor.py:175} INFO - Processing /home/kauanu/PycharmProjects/AirFLowEnade/venv/lib/python3.10/site-packages/airflow/example_dags/example_short_circuit_operator.py took 0.368 seconds
