[2023-04-08T15:25:50.538-0300] {processor.py:153} INFO - Started process (PID=13467) to work on /home/kauanu/PycharmProjects/AirFLowEnade/venv/lib/python3.10/site-packages/airflow/example_dags/example_nested_branch_dag.py
[2023-04-08T15:25:50.539-0300] {processor.py:743} INFO - Processing file /home/kauanu/PycharmProjects/AirFLowEnade/venv/lib/python3.10/site-packages/airflow/example_dags/example_nested_branch_dag.py for tasks to queue
[2023-04-08T15:25:50.539-0300] {logging_mixin.py:137} INFO - [2023-04-08T15:25:50.539-0300] {dagbag.py:532} INFO - Filling up the DagBag from /home/kauanu/PycharmProjects/AirFLowEnade/venv/lib/python3.10/site-packages/airflow/example_dags/example_nested_branch_dag.py
[2023-04-08T15:25:50.560-0300] {processor.py:753} INFO - DAG(s) dict_keys(['example_nested_branch_dag']) retrieved from /home/kauanu/PycharmProjects/AirFLowEnade/venv/lib/python3.10/site-packages/airflow/example_dags/example_nested_branch_dag.py
[2023-04-08T15:25:50.657-0300] {logging_mixin.py:137} INFO - [2023-04-08T15:25:50.657-0300] {manager.py:504} INFO - Created Permission View: can delete on DAG:example_nested_branch_dag
[2023-04-08T15:25:50.678-0300] {logging_mixin.py:137} INFO - [2023-04-08T15:25:50.677-0300] {manager.py:504} INFO - Created Permission View: can edit on DAG:example_nested_branch_dag
[2023-04-08T15:25:50.696-0300] {logging_mixin.py:137} INFO - [2023-04-08T15:25:50.696-0300] {manager.py:504} INFO - Created Permission View: can read on DAG:example_nested_branch_dag
[2023-04-08T15:25:50.696-0300] {logging_mixin.py:137} INFO - [2023-04-08T15:25:50.696-0300] {dag.py:2705} INFO - Sync 1 DAGs
[2023-04-08T15:25:50.704-0300] {logging_mixin.py:137} INFO - [2023-04-08T15:25:50.704-0300] {dag.py:2726} INFO - Creating ORM DAG for example_nested_branch_dag
[2023-04-08T15:25:50.718-0300] {logging_mixin.py:137} INFO - [2023-04-08T15:25:50.718-0300] {dag.py:3452} INFO - Setting next_dagrun for example_nested_branch_dag to 2023-04-07T00:00:00+00:00, run_after=2023-04-08T00:00:00+00:00
[2023-04-08T15:25:50.757-0300] {processor.py:175} INFO - Processing /home/kauanu/PycharmProjects/AirFLowEnade/venv/lib/python3.10/site-packages/airflow/example_dags/example_nested_branch_dag.py took 0.221 seconds
[2023-04-08T15:26:40.421-0300] {processor.py:153} INFO - Started process (PID=13717) to work on /home/kauanu/PycharmProjects/AirFLowEnade/venv/lib/python3.10/site-packages/airflow/example_dags/example_nested_branch_dag.py
[2023-04-08T15:26:40.423-0300] {processor.py:743} INFO - Processing file /home/kauanu/PycharmProjects/AirFLowEnade/venv/lib/python3.10/site-packages/airflow/example_dags/example_nested_branch_dag.py for tasks to queue
[2023-04-08T15:26:40.423-0300] {logging_mixin.py:137} INFO - [2023-04-08T15:26:40.423-0300] {dagbag.py:532} INFO - Filling up the DagBag from /home/kauanu/PycharmProjects/AirFLowEnade/venv/lib/python3.10/site-packages/airflow/example_dags/example_nested_branch_dag.py
[2023-04-08T15:26:40.491-0300] {processor.py:753} INFO - DAG(s) dict_keys(['example_nested_branch_dag']) retrieved from /home/kauanu/PycharmProjects/AirFLowEnade/venv/lib/python3.10/site-packages/airflow/example_dags/example_nested_branch_dag.py
[2023-04-08T15:26:40.564-0300] {logging_mixin.py:137} INFO - [2023-04-08T15:26:40.563-0300] {dag.py:2705} INFO - Sync 1 DAGs
[2023-04-08T15:26:40.615-0300] {logging_mixin.py:137} INFO - [2023-04-08T15:26:40.614-0300] {dag.py:3452} INFO - Setting next_dagrun for example_nested_branch_dag to 2023-04-07T00:00:00+00:00, run_after=2023-04-08T00:00:00+00:00
[2023-04-08T15:26:40.660-0300] {processor.py:175} INFO - Processing /home/kauanu/PycharmProjects/AirFLowEnade/venv/lib/python3.10/site-packages/airflow/example_dags/example_nested_branch_dag.py took 0.243 seconds
[2023-04-08T15:27:34.887-0300] {processor.py:153} INFO - Started process (PID=13975) to work on /home/kauanu/PycharmProjects/AirFLowEnade/venv/lib/python3.10/site-packages/airflow/example_dags/example_nested_branch_dag.py
[2023-04-08T15:27:34.889-0300] {processor.py:743} INFO - Processing file /home/kauanu/PycharmProjects/AirFLowEnade/venv/lib/python3.10/site-packages/airflow/example_dags/example_nested_branch_dag.py for tasks to queue
[2023-04-08T15:27:34.890-0300] {logging_mixin.py:137} INFO - [2023-04-08T15:27:34.890-0300] {dagbag.py:532} INFO - Filling up the DagBag from /home/kauanu/PycharmProjects/AirFLowEnade/venv/lib/python3.10/site-packages/airflow/example_dags/example_nested_branch_dag.py
[2023-04-08T15:27:34.919-0300] {processor.py:753} INFO - DAG(s) dict_keys(['example_nested_branch_dag']) retrieved from /home/kauanu/PycharmProjects/AirFLowEnade/venv/lib/python3.10/site-packages/airflow/example_dags/example_nested_branch_dag.py
[2023-04-08T15:27:34.969-0300] {logging_mixin.py:137} INFO - [2023-04-08T15:27:34.969-0300] {dag.py:2705} INFO - Sync 1 DAGs
[2023-04-08T15:27:35.553-0300] {logging_mixin.py:137} INFO - [2023-04-08T15:27:35.553-0300] {dag.py:3452} INFO - Setting next_dagrun for example_nested_branch_dag to 2023-04-07T00:00:00+00:00, run_after=2023-04-08T00:00:00+00:00
[2023-04-08T15:27:35.603-0300] {processor.py:175} INFO - Processing /home/kauanu/PycharmProjects/AirFLowEnade/venv/lib/python3.10/site-packages/airflow/example_dags/example_nested_branch_dag.py took 0.720 seconds
[2023-04-08T15:28:20.997-0300] {processor.py:153} INFO - Started process (PID=14191) to work on /home/kauanu/PycharmProjects/AirFLowEnade/venv/lib/python3.10/site-packages/airflow/example_dags/example_nested_branch_dag.py
[2023-04-08T15:28:21.011-0300] {processor.py:743} INFO - Processing file /home/kauanu/PycharmProjects/AirFLowEnade/venv/lib/python3.10/site-packages/airflow/example_dags/example_nested_branch_dag.py for tasks to queue
[2023-04-08T15:28:21.013-0300] {logging_mixin.py:137} INFO - [2023-04-08T15:28:21.013-0300] {dagbag.py:532} INFO - Filling up the DagBag from /home/kauanu/PycharmProjects/AirFLowEnade/venv/lib/python3.10/site-packages/airflow/example_dags/example_nested_branch_dag.py
[2023-04-08T15:28:21.083-0300] {processor.py:753} INFO - DAG(s) dict_keys(['example_nested_branch_dag']) retrieved from /home/kauanu/PycharmProjects/AirFLowEnade/venv/lib/python3.10/site-packages/airflow/example_dags/example_nested_branch_dag.py
[2023-04-08T15:28:21.114-0300] {logging_mixin.py:137} INFO - [2023-04-08T15:28:21.114-0300] {dag.py:2705} INFO - Sync 1 DAGs
[2023-04-08T15:28:21.152-0300] {logging_mixin.py:137} INFO - [2023-04-08T15:28:21.151-0300] {dag.py:3452} INFO - Setting next_dagrun for example_nested_branch_dag to 2023-04-07T00:00:00+00:00, run_after=2023-04-08T00:00:00+00:00
[2023-04-08T15:28:21.864-0300] {processor.py:175} INFO - Processing /home/kauanu/PycharmProjects/AirFLowEnade/venv/lib/python3.10/site-packages/airflow/example_dags/example_nested_branch_dag.py took 0.880 seconds
[2023-04-08T15:29:30.608-0300] {processor.py:153} INFO - Started process (PID=14582) to work on /home/kauanu/PycharmProjects/AirFLowEnade/venv/lib/python3.10/site-packages/airflow/example_dags/example_nested_branch_dag.py
[2023-04-08T15:29:30.610-0300] {processor.py:743} INFO - Processing file /home/kauanu/PycharmProjects/AirFLowEnade/venv/lib/python3.10/site-packages/airflow/example_dags/example_nested_branch_dag.py for tasks to queue
[2023-04-08T15:29:30.611-0300] {logging_mixin.py:137} INFO - [2023-04-08T15:29:30.610-0300] {dagbag.py:532} INFO - Filling up the DagBag from /home/kauanu/PycharmProjects/AirFLowEnade/venv/lib/python3.10/site-packages/airflow/example_dags/example_nested_branch_dag.py
[2023-04-08T15:29:30.628-0300] {processor.py:753} INFO - DAG(s) dict_keys(['example_nested_branch_dag']) retrieved from /home/kauanu/PycharmProjects/AirFLowEnade/venv/lib/python3.10/site-packages/airflow/example_dags/example_nested_branch_dag.py
[2023-04-08T15:29:30.643-0300] {logging_mixin.py:137} INFO - [2023-04-08T15:29:30.643-0300] {dag.py:2705} INFO - Sync 1 DAGs
[2023-04-08T15:29:30.671-0300] {logging_mixin.py:137} INFO - [2023-04-08T15:29:30.671-0300] {dag.py:3452} INFO - Setting next_dagrun for example_nested_branch_dag to 2023-04-07T00:00:00+00:00, run_after=2023-04-08T00:00:00+00:00
[2023-04-08T15:29:30.694-0300] {processor.py:175} INFO - Processing /home/kauanu/PycharmProjects/AirFLowEnade/venv/lib/python3.10/site-packages/airflow/example_dags/example_nested_branch_dag.py took 0.088 seconds
[2023-04-08T15:30:13.777-0300] {processor.py:153} INFO - Started process (PID=14789) to work on /home/kauanu/PycharmProjects/AirFLowEnade/venv/lib/python3.10/site-packages/airflow/example_dags/example_nested_branch_dag.py
[2023-04-08T15:30:13.778-0300] {processor.py:743} INFO - Processing file /home/kauanu/PycharmProjects/AirFLowEnade/venv/lib/python3.10/site-packages/airflow/example_dags/example_nested_branch_dag.py for tasks to queue
[2023-04-08T15:30:13.778-0300] {logging_mixin.py:137} INFO - [2023-04-08T15:30:13.778-0300] {dagbag.py:532} INFO - Filling up the DagBag from /home/kauanu/PycharmProjects/AirFLowEnade/venv/lib/python3.10/site-packages/airflow/example_dags/example_nested_branch_dag.py
[2023-04-08T15:30:13.826-0300] {processor.py:753} INFO - DAG(s) dict_keys(['example_nested_branch_dag']) retrieved from /home/kauanu/PycharmProjects/AirFLowEnade/venv/lib/python3.10/site-packages/airflow/example_dags/example_nested_branch_dag.py
[2023-04-08T15:30:13.865-0300] {logging_mixin.py:137} INFO - [2023-04-08T15:30:13.865-0300] {dag.py:2705} INFO - Sync 1 DAGs
[2023-04-08T15:30:13.887-0300] {logging_mixin.py:137} INFO - [2023-04-08T15:30:13.887-0300] {dag.py:3452} INFO - Setting next_dagrun for example_nested_branch_dag to 2023-04-07T00:00:00+00:00, run_after=2023-04-08T00:00:00+00:00
[2023-04-08T15:30:13.919-0300] {processor.py:175} INFO - Processing /home/kauanu/PycharmProjects/AirFLowEnade/venv/lib/python3.10/site-packages/airflow/example_dags/example_nested_branch_dag.py took 0.145 seconds
[2023-04-08T15:30:58.451-0300] {processor.py:153} INFO - Started process (PID=14996) to work on /home/kauanu/PycharmProjects/AirFLowEnade/venv/lib/python3.10/site-packages/airflow/example_dags/example_nested_branch_dag.py
[2023-04-08T15:30:58.462-0300] {processor.py:743} INFO - Processing file /home/kauanu/PycharmProjects/AirFLowEnade/venv/lib/python3.10/site-packages/airflow/example_dags/example_nested_branch_dag.py for tasks to queue
[2023-04-08T15:30:58.463-0300] {logging_mixin.py:137} INFO - [2023-04-08T15:30:58.462-0300] {dagbag.py:532} INFO - Filling up the DagBag from /home/kauanu/PycharmProjects/AirFLowEnade/venv/lib/python3.10/site-packages/airflow/example_dags/example_nested_branch_dag.py
[2023-04-08T15:30:58.481-0300] {processor.py:753} INFO - DAG(s) dict_keys(['example_nested_branch_dag']) retrieved from /home/kauanu/PycharmProjects/AirFLowEnade/venv/lib/python3.10/site-packages/airflow/example_dags/example_nested_branch_dag.py
[2023-04-08T15:30:58.497-0300] {logging_mixin.py:137} INFO - [2023-04-08T15:30:58.497-0300] {dag.py:2705} INFO - Sync 1 DAGs
[2023-04-08T15:30:58.511-0300] {logging_mixin.py:137} INFO - [2023-04-08T15:30:58.511-0300] {dag.py:3452} INFO - Setting next_dagrun for example_nested_branch_dag to 2023-04-07T00:00:00+00:00, run_after=2023-04-08T00:00:00+00:00
[2023-04-08T15:30:58.545-0300] {processor.py:175} INFO - Processing /home/kauanu/PycharmProjects/AirFLowEnade/venv/lib/python3.10/site-packages/airflow/example_dags/example_nested_branch_dag.py took 0.098 seconds
[2023-04-08T15:31:41.356-0300] {processor.py:153} INFO - Started process (PID=15191) to work on /home/kauanu/PycharmProjects/AirFLowEnade/venv/lib/python3.10/site-packages/airflow/example_dags/example_nested_branch_dag.py
[2023-04-08T15:31:41.357-0300] {processor.py:743} INFO - Processing file /home/kauanu/PycharmProjects/AirFLowEnade/venv/lib/python3.10/site-packages/airflow/example_dags/example_nested_branch_dag.py for tasks to queue
[2023-04-08T15:31:41.358-0300] {logging_mixin.py:137} INFO - [2023-04-08T15:31:41.358-0300] {dagbag.py:532} INFO - Filling up the DagBag from /home/kauanu/PycharmProjects/AirFLowEnade/venv/lib/python3.10/site-packages/airflow/example_dags/example_nested_branch_dag.py
[2023-04-08T15:31:41.376-0300] {processor.py:753} INFO - DAG(s) dict_keys(['example_nested_branch_dag']) retrieved from /home/kauanu/PycharmProjects/AirFLowEnade/venv/lib/python3.10/site-packages/airflow/example_dags/example_nested_branch_dag.py
[2023-04-08T15:31:41.391-0300] {logging_mixin.py:137} INFO - [2023-04-08T15:31:41.391-0300] {dag.py:2705} INFO - Sync 1 DAGs
[2023-04-08T15:31:41.406-0300] {logging_mixin.py:137} INFO - [2023-04-08T15:31:41.406-0300] {dag.py:3452} INFO - Setting next_dagrun for example_nested_branch_dag to 2023-04-07T00:00:00+00:00, run_after=2023-04-08T00:00:00+00:00
[2023-04-08T15:31:41.427-0300] {processor.py:175} INFO - Processing /home/kauanu/PycharmProjects/AirFLowEnade/venv/lib/python3.10/site-packages/airflow/example_dags/example_nested_branch_dag.py took 0.074 seconds
[2023-04-08T15:32:18.171-0300] {processor.py:153} INFO - Started process (PID=15372) to work on /home/kauanu/PycharmProjects/AirFLowEnade/venv/lib/python3.10/site-packages/airflow/example_dags/example_nested_branch_dag.py
[2023-04-08T15:32:18.172-0300] {processor.py:743} INFO - Processing file /home/kauanu/PycharmProjects/AirFLowEnade/venv/lib/python3.10/site-packages/airflow/example_dags/example_nested_branch_dag.py for tasks to queue
[2023-04-08T15:32:18.173-0300] {logging_mixin.py:137} INFO - [2023-04-08T15:32:18.172-0300] {dagbag.py:532} INFO - Filling up the DagBag from /home/kauanu/PycharmProjects/AirFLowEnade/venv/lib/python3.10/site-packages/airflow/example_dags/example_nested_branch_dag.py
[2023-04-08T15:32:18.197-0300] {processor.py:753} INFO - DAG(s) dict_keys(['example_nested_branch_dag']) retrieved from /home/kauanu/PycharmProjects/AirFLowEnade/venv/lib/python3.10/site-packages/airflow/example_dags/example_nested_branch_dag.py
[2023-04-08T15:32:18.216-0300] {logging_mixin.py:137} INFO - [2023-04-08T15:32:18.216-0300] {dag.py:2705} INFO - Sync 1 DAGs
[2023-04-08T15:32:18.235-0300] {logging_mixin.py:137} INFO - [2023-04-08T15:32:18.235-0300] {dag.py:3452} INFO - Setting next_dagrun for example_nested_branch_dag to 2023-04-07T00:00:00+00:00, run_after=2023-04-08T00:00:00+00:00
[2023-04-08T15:32:18.261-0300] {processor.py:175} INFO - Processing /home/kauanu/PycharmProjects/AirFLowEnade/venv/lib/python3.10/site-packages/airflow/example_dags/example_nested_branch_dag.py took 0.094 seconds
[2023-04-08T15:32:57.891-0300] {processor.py:153} INFO - Started process (PID=15583) to work on /home/kauanu/PycharmProjects/AirFLowEnade/venv/lib/python3.10/site-packages/airflow/example_dags/example_nested_branch_dag.py
[2023-04-08T15:32:57.903-0300] {processor.py:743} INFO - Processing file /home/kauanu/PycharmProjects/AirFLowEnade/venv/lib/python3.10/site-packages/airflow/example_dags/example_nested_branch_dag.py for tasks to queue
[2023-04-08T15:32:57.904-0300] {logging_mixin.py:137} INFO - [2023-04-08T15:32:57.904-0300] {dagbag.py:532} INFO - Filling up the DagBag from /home/kauanu/PycharmProjects/AirFLowEnade/venv/lib/python3.10/site-packages/airflow/example_dags/example_nested_branch_dag.py
[2023-04-08T15:32:57.923-0300] {processor.py:753} INFO - DAG(s) dict_keys(['example_nested_branch_dag']) retrieved from /home/kauanu/PycharmProjects/AirFLowEnade/venv/lib/python3.10/site-packages/airflow/example_dags/example_nested_branch_dag.py
[2023-04-08T15:32:57.938-0300] {logging_mixin.py:137} INFO - [2023-04-08T15:32:57.937-0300] {dag.py:2705} INFO - Sync 1 DAGs
[2023-04-08T15:32:57.951-0300] {logging_mixin.py:137} INFO - [2023-04-08T15:32:57.951-0300] {dag.py:3452} INFO - Setting next_dagrun for example_nested_branch_dag to 2023-04-07T00:00:00+00:00, run_after=2023-04-08T00:00:00+00:00
[2023-04-08T15:32:57.975-0300] {processor.py:175} INFO - Processing /home/kauanu/PycharmProjects/AirFLowEnade/venv/lib/python3.10/site-packages/airflow/example_dags/example_nested_branch_dag.py took 0.086 seconds
[2023-04-08T15:33:38.458-0300] {processor.py:153} INFO - Started process (PID=15766) to work on /home/kauanu/PycharmProjects/AirFLowEnade/venv/lib/python3.10/site-packages/airflow/example_dags/example_nested_branch_dag.py
[2023-04-08T15:33:38.479-0300] {processor.py:743} INFO - Processing file /home/kauanu/PycharmProjects/AirFLowEnade/venv/lib/python3.10/site-packages/airflow/example_dags/example_nested_branch_dag.py for tasks to queue
[2023-04-08T15:33:38.480-0300] {logging_mixin.py:137} INFO - [2023-04-08T15:33:38.480-0300] {dagbag.py:532} INFO - Filling up the DagBag from /home/kauanu/PycharmProjects/AirFLowEnade/venv/lib/python3.10/site-packages/airflow/example_dags/example_nested_branch_dag.py
[2023-04-08T15:33:38.516-0300] {processor.py:753} INFO - DAG(s) dict_keys(['example_nested_branch_dag']) retrieved from /home/kauanu/PycharmProjects/AirFLowEnade/venv/lib/python3.10/site-packages/airflow/example_dags/example_nested_branch_dag.py
[2023-04-08T15:33:38.533-0300] {logging_mixin.py:137} INFO - [2023-04-08T15:33:38.532-0300] {dag.py:2705} INFO - Sync 1 DAGs
[2023-04-08T15:33:38.551-0300] {logging_mixin.py:137} INFO - [2023-04-08T15:33:38.551-0300] {dag.py:3452} INFO - Setting next_dagrun for example_nested_branch_dag to 2023-04-07T00:00:00+00:00, run_after=2023-04-08T00:00:00+00:00
[2023-04-08T15:33:38.577-0300] {processor.py:175} INFO - Processing /home/kauanu/PycharmProjects/AirFLowEnade/venv/lib/python3.10/site-packages/airflow/example_dags/example_nested_branch_dag.py took 0.129 seconds
[2023-04-08T15:34:17.486-0300] {processor.py:153} INFO - Started process (PID=15939) to work on /home/kauanu/PycharmProjects/AirFLowEnade/venv/lib/python3.10/site-packages/airflow/example_dags/example_nested_branch_dag.py
[2023-04-08T15:34:17.488-0300] {processor.py:743} INFO - Processing file /home/kauanu/PycharmProjects/AirFLowEnade/venv/lib/python3.10/site-packages/airflow/example_dags/example_nested_branch_dag.py for tasks to queue
[2023-04-08T15:34:17.488-0300] {logging_mixin.py:137} INFO - [2023-04-08T15:34:17.488-0300] {dagbag.py:532} INFO - Filling up the DagBag from /home/kauanu/PycharmProjects/AirFLowEnade/venv/lib/python3.10/site-packages/airflow/example_dags/example_nested_branch_dag.py
[2023-04-08T15:34:17.506-0300] {processor.py:753} INFO - DAG(s) dict_keys(['example_nested_branch_dag']) retrieved from /home/kauanu/PycharmProjects/AirFLowEnade/venv/lib/python3.10/site-packages/airflow/example_dags/example_nested_branch_dag.py
[2023-04-08T15:34:17.521-0300] {logging_mixin.py:137} INFO - [2023-04-08T15:34:17.521-0300] {dag.py:2705} INFO - Sync 1 DAGs
[2023-04-08T15:34:17.536-0300] {logging_mixin.py:137} INFO - [2023-04-08T15:34:17.536-0300] {dag.py:3452} INFO - Setting next_dagrun for example_nested_branch_dag to 2023-04-07T00:00:00+00:00, run_after=2023-04-08T00:00:00+00:00
[2023-04-08T15:34:17.558-0300] {processor.py:175} INFO - Processing /home/kauanu/PycharmProjects/AirFLowEnade/venv/lib/python3.10/site-packages/airflow/example_dags/example_nested_branch_dag.py took 0.074 seconds
[2023-04-08T15:35:05.931-0300] {processor.py:153} INFO - Started process (PID=16159) to work on /home/kauanu/PycharmProjects/AirFLowEnade/venv/lib/python3.10/site-packages/airflow/example_dags/example_nested_branch_dag.py
[2023-04-08T15:35:05.942-0300] {processor.py:743} INFO - Processing file /home/kauanu/PycharmProjects/AirFLowEnade/venv/lib/python3.10/site-packages/airflow/example_dags/example_nested_branch_dag.py for tasks to queue
[2023-04-08T15:35:05.943-0300] {logging_mixin.py:137} INFO - [2023-04-08T15:35:05.942-0300] {dagbag.py:532} INFO - Filling up the DagBag from /home/kauanu/PycharmProjects/AirFLowEnade/venv/lib/python3.10/site-packages/airflow/example_dags/example_nested_branch_dag.py
[2023-04-08T15:35:05.969-0300] {processor.py:753} INFO - DAG(s) dict_keys(['example_nested_branch_dag']) retrieved from /home/kauanu/PycharmProjects/AirFLowEnade/venv/lib/python3.10/site-packages/airflow/example_dags/example_nested_branch_dag.py
[2023-04-08T15:35:05.990-0300] {logging_mixin.py:137} INFO - [2023-04-08T15:35:05.990-0300] {dag.py:2705} INFO - Sync 1 DAGs
[2023-04-08T15:35:06.006-0300] {logging_mixin.py:137} INFO - [2023-04-08T15:35:06.006-0300] {dag.py:3452} INFO - Setting next_dagrun for example_nested_branch_dag to 2023-04-07T00:00:00+00:00, run_after=2023-04-08T00:00:00+00:00
[2023-04-08T15:35:06.491-0300] {processor.py:175} INFO - Processing /home/kauanu/PycharmProjects/AirFLowEnade/venv/lib/python3.10/site-packages/airflow/example_dags/example_nested_branch_dag.py took 0.562 seconds
[2023-04-08T15:35:50.742-0300] {processor.py:153} INFO - Started process (PID=16387) to work on /home/kauanu/PycharmProjects/AirFLowEnade/venv/lib/python3.10/site-packages/airflow/example_dags/example_nested_branch_dag.py
[2023-04-08T15:35:50.752-0300] {processor.py:743} INFO - Processing file /home/kauanu/PycharmProjects/AirFLowEnade/venv/lib/python3.10/site-packages/airflow/example_dags/example_nested_branch_dag.py for tasks to queue
[2023-04-08T15:35:50.753-0300] {logging_mixin.py:137} INFO - [2023-04-08T15:35:50.752-0300] {dagbag.py:532} INFO - Filling up the DagBag from /home/kauanu/PycharmProjects/AirFLowEnade/venv/lib/python3.10/site-packages/airflow/example_dags/example_nested_branch_dag.py
[2023-04-08T15:35:50.777-0300] {processor.py:753} INFO - DAG(s) dict_keys(['example_nested_branch_dag']) retrieved from /home/kauanu/PycharmProjects/AirFLowEnade/venv/lib/python3.10/site-packages/airflow/example_dags/example_nested_branch_dag.py
[2023-04-08T15:35:50.796-0300] {logging_mixin.py:137} INFO - [2023-04-08T15:35:50.796-0300] {dag.py:2705} INFO - Sync 1 DAGs
[2023-04-08T15:35:50.812-0300] {logging_mixin.py:137} INFO - [2023-04-08T15:35:50.812-0300] {dag.py:3452} INFO - Setting next_dagrun for example_nested_branch_dag to 2023-04-07T00:00:00+00:00, run_after=2023-04-08T00:00:00+00:00
[2023-04-08T15:35:50.834-0300] {processor.py:175} INFO - Processing /home/kauanu/PycharmProjects/AirFLowEnade/venv/lib/python3.10/site-packages/airflow/example_dags/example_nested_branch_dag.py took 0.095 seconds
[2023-04-08T15:36:43.627-0300] {processor.py:153} INFO - Started process (PID=16614) to work on /home/kauanu/PycharmProjects/AirFLowEnade/venv/lib/python3.10/site-packages/airflow/example_dags/example_nested_branch_dag.py
[2023-04-08T15:36:43.646-0300] {processor.py:743} INFO - Processing file /home/kauanu/PycharmProjects/AirFLowEnade/venv/lib/python3.10/site-packages/airflow/example_dags/example_nested_branch_dag.py for tasks to queue
[2023-04-08T15:36:43.647-0300] {logging_mixin.py:137} INFO - [2023-04-08T15:36:43.647-0300] {dagbag.py:532} INFO - Filling up the DagBag from /home/kauanu/PycharmProjects/AirFLowEnade/venv/lib/python3.10/site-packages/airflow/example_dags/example_nested_branch_dag.py
[2023-04-08T15:36:43.819-0300] {processor.py:753} INFO - DAG(s) dict_keys(['example_nested_branch_dag']) retrieved from /home/kauanu/PycharmProjects/AirFLowEnade/venv/lib/python3.10/site-packages/airflow/example_dags/example_nested_branch_dag.py
[2023-04-08T15:36:43.838-0300] {logging_mixin.py:137} INFO - [2023-04-08T15:36:43.838-0300] {dag.py:2705} INFO - Sync 1 DAGs
[2023-04-08T15:36:43.889-0300] {logging_mixin.py:137} INFO - [2023-04-08T15:36:43.889-0300] {dag.py:3452} INFO - Setting next_dagrun for example_nested_branch_dag to 2023-04-07T00:00:00+00:00, run_after=2023-04-08T00:00:00+00:00
[2023-04-08T15:36:43.982-0300] {processor.py:175} INFO - Processing /home/kauanu/PycharmProjects/AirFLowEnade/venv/lib/python3.10/site-packages/airflow/example_dags/example_nested_branch_dag.py took 0.378 seconds
