[2023-04-08T15:25:29.041-0300] {processor.py:153} INFO - Started process (PID=13361) to work on /home/kauanu/PycharmProjects/AirFLowEnade/venv/lib/python3.10/site-packages/airflow/example_dags/example_dynamic_task_mapping.py
[2023-04-08T15:25:29.043-0300] {processor.py:743} INFO - Processing file /home/kauanu/PycharmProjects/AirFLowEnade/venv/lib/python3.10/site-packages/airflow/example_dags/example_dynamic_task_mapping.py for tasks to queue
[2023-04-08T15:25:29.044-0300] {logging_mixin.py:137} INFO - [2023-04-08T15:25:29.043-0300] {dagbag.py:532} INFO - Filling up the DagBag from /home/kauanu/PycharmProjects/AirFLowEnade/venv/lib/python3.10/site-packages/airflow/example_dags/example_dynamic_task_mapping.py
[2023-04-08T15:25:29.092-0300] {processor.py:753} INFO - DAG(s) dict_keys(['example_dynamic_task_mapping']) retrieved from /home/kauanu/PycharmProjects/AirFLowEnade/venv/lib/python3.10/site-packages/airflow/example_dags/example_dynamic_task_mapping.py
[2023-04-08T15:25:29.260-0300] {logging_mixin.py:137} INFO - [2023-04-08T15:25:29.260-0300] {manager.py:504} INFO - Created Permission View: can delete on DAG:example_dynamic_task_mapping
[2023-04-08T15:25:29.281-0300] {logging_mixin.py:137} INFO - [2023-04-08T15:25:29.281-0300] {manager.py:504} INFO - Created Permission View: can edit on DAG:example_dynamic_task_mapping
[2023-04-08T15:25:29.295-0300] {logging_mixin.py:137} INFO - [2023-04-08T15:25:29.295-0300] {manager.py:504} INFO - Created Permission View: can read on DAG:example_dynamic_task_mapping
[2023-04-08T15:25:29.295-0300] {logging_mixin.py:137} INFO - [2023-04-08T15:25:29.295-0300] {dag.py:2705} INFO - Sync 1 DAGs
[2023-04-08T15:25:29.303-0300] {logging_mixin.py:137} INFO - [2023-04-08T15:25:29.303-0300] {dag.py:2726} INFO - Creating ORM DAG for example_dynamic_task_mapping
[2023-04-08T15:25:29.317-0300] {logging_mixin.py:137} INFO - [2023-04-08T15:25:29.317-0300] {dag.py:3452} INFO - Setting next_dagrun for example_dynamic_task_mapping to 2022-03-04T00:00:00+00:00, run_after=2022-03-05T00:00:00+00:00
[2023-04-08T15:25:29.372-0300] {processor.py:175} INFO - Processing /home/kauanu/PycharmProjects/AirFLowEnade/venv/lib/python3.10/site-packages/airflow/example_dags/example_dynamic_task_mapping.py took 0.341 seconds
[2023-04-08T15:26:25.079-0300] {processor.py:153} INFO - Started process (PID=13645) to work on /home/kauanu/PycharmProjects/AirFLowEnade/venv/lib/python3.10/site-packages/airflow/example_dags/example_dynamic_task_mapping.py
[2023-04-08T15:26:25.088-0300] {processor.py:743} INFO - Processing file /home/kauanu/PycharmProjects/AirFLowEnade/venv/lib/python3.10/site-packages/airflow/example_dags/example_dynamic_task_mapping.py for tasks to queue
[2023-04-08T15:26:25.092-0300] {logging_mixin.py:137} INFO - [2023-04-08T15:26:25.092-0300] {dagbag.py:532} INFO - Filling up the DagBag from /home/kauanu/PycharmProjects/AirFLowEnade/venv/lib/python3.10/site-packages/airflow/example_dags/example_dynamic_task_mapping.py
[2023-04-08T15:26:25.138-0300] {processor.py:753} INFO - DAG(s) dict_keys(['example_dynamic_task_mapping']) retrieved from /home/kauanu/PycharmProjects/AirFLowEnade/venv/lib/python3.10/site-packages/airflow/example_dags/example_dynamic_task_mapping.py
[2023-04-08T15:26:25.188-0300] {logging_mixin.py:137} INFO - [2023-04-08T15:26:25.188-0300] {dag.py:2705} INFO - Sync 1 DAGs
[2023-04-08T15:26:25.217-0300] {logging_mixin.py:137} INFO - [2023-04-08T15:26:25.217-0300] {dag.py:3452} INFO - Setting next_dagrun for example_dynamic_task_mapping to 2022-03-04T00:00:00+00:00, run_after=2022-03-05T00:00:00+00:00
[2023-04-08T15:26:25.271-0300] {processor.py:175} INFO - Processing /home/kauanu/PycharmProjects/AirFLowEnade/venv/lib/python3.10/site-packages/airflow/example_dags/example_dynamic_task_mapping.py took 0.201 seconds
[2023-04-08T15:27:10.577-0300] {processor.py:153} INFO - Started process (PID=13862) to work on /home/kauanu/PycharmProjects/AirFLowEnade/venv/lib/python3.10/site-packages/airflow/example_dags/example_dynamic_task_mapping.py
[2023-04-08T15:27:10.587-0300] {processor.py:743} INFO - Processing file /home/kauanu/PycharmProjects/AirFLowEnade/venv/lib/python3.10/site-packages/airflow/example_dags/example_dynamic_task_mapping.py for tasks to queue
[2023-04-08T15:27:10.589-0300] {logging_mixin.py:137} INFO - [2023-04-08T15:27:10.589-0300] {dagbag.py:532} INFO - Filling up the DagBag from /home/kauanu/PycharmProjects/AirFLowEnade/venv/lib/python3.10/site-packages/airflow/example_dags/example_dynamic_task_mapping.py
[2023-04-08T15:27:10.631-0300] {processor.py:753} INFO - DAG(s) dict_keys(['example_dynamic_task_mapping']) retrieved from /home/kauanu/PycharmProjects/AirFLowEnade/venv/lib/python3.10/site-packages/airflow/example_dags/example_dynamic_task_mapping.py
[2023-04-08T15:27:10.664-0300] {logging_mixin.py:137} INFO - [2023-04-08T15:27:10.664-0300] {dag.py:2705} INFO - Sync 1 DAGs
[2023-04-08T15:27:10.712-0300] {logging_mixin.py:137} INFO - [2023-04-08T15:27:10.712-0300] {dag.py:3452} INFO - Setting next_dagrun for example_dynamic_task_mapping to 2022-03-04T00:00:00+00:00, run_after=2022-03-05T00:00:00+00:00
[2023-04-08T15:27:10.782-0300] {processor.py:175} INFO - Processing /home/kauanu/PycharmProjects/AirFLowEnade/venv/lib/python3.10/site-packages/airflow/example_dags/example_dynamic_task_mapping.py took 0.208 seconds
[2023-04-08T15:27:56.851-0300] {processor.py:153} INFO - Started process (PID=14073) to work on /home/kauanu/PycharmProjects/AirFLowEnade/venv/lib/python3.10/site-packages/airflow/example_dags/example_dynamic_task_mapping.py
[2023-04-08T15:27:56.853-0300] {processor.py:743} INFO - Processing file /home/kauanu/PycharmProjects/AirFLowEnade/venv/lib/python3.10/site-packages/airflow/example_dags/example_dynamic_task_mapping.py for tasks to queue
[2023-04-08T15:27:56.854-0300] {logging_mixin.py:137} INFO - [2023-04-08T15:27:56.853-0300] {dagbag.py:532} INFO - Filling up the DagBag from /home/kauanu/PycharmProjects/AirFLowEnade/venv/lib/python3.10/site-packages/airflow/example_dags/example_dynamic_task_mapping.py
[2023-04-08T15:27:56.883-0300] {processor.py:753} INFO - DAG(s) dict_keys(['example_dynamic_task_mapping']) retrieved from /home/kauanu/PycharmProjects/AirFLowEnade/venv/lib/python3.10/site-packages/airflow/example_dags/example_dynamic_task_mapping.py
[2023-04-08T15:27:56.903-0300] {logging_mixin.py:137} INFO - [2023-04-08T15:27:56.902-0300] {dag.py:2705} INFO - Sync 1 DAGs
[2023-04-08T15:27:56.923-0300] {logging_mixin.py:137} INFO - [2023-04-08T15:27:56.923-0300] {dag.py:3452} INFO - Setting next_dagrun for example_dynamic_task_mapping to 2022-03-04T00:00:00+00:00, run_after=2022-03-05T00:00:00+00:00
[2023-04-08T15:27:56.957-0300] {processor.py:175} INFO - Processing /home/kauanu/PycharmProjects/AirFLowEnade/venv/lib/python3.10/site-packages/airflow/example_dags/example_dynamic_task_mapping.py took 0.110 seconds
[2023-04-08T15:28:39.920-0300] {processor.py:153} INFO - Started process (PID=14279) to work on /home/kauanu/PycharmProjects/AirFLowEnade/venv/lib/python3.10/site-packages/airflow/example_dags/example_dynamic_task_mapping.py
[2023-04-08T15:28:39.922-0300] {processor.py:743} INFO - Processing file /home/kauanu/PycharmProjects/AirFLowEnade/venv/lib/python3.10/site-packages/airflow/example_dags/example_dynamic_task_mapping.py for tasks to queue
[2023-04-08T15:28:39.923-0300] {logging_mixin.py:137} INFO - [2023-04-08T15:28:39.922-0300] {dagbag.py:532} INFO - Filling up the DagBag from /home/kauanu/PycharmProjects/AirFLowEnade/venv/lib/python3.10/site-packages/airflow/example_dags/example_dynamic_task_mapping.py
[2023-04-08T15:28:39.940-0300] {processor.py:753} INFO - DAG(s) dict_keys(['example_dynamic_task_mapping']) retrieved from /home/kauanu/PycharmProjects/AirFLowEnade/venv/lib/python3.10/site-packages/airflow/example_dags/example_dynamic_task_mapping.py
[2023-04-08T15:28:39.953-0300] {logging_mixin.py:137} INFO - [2023-04-08T15:28:39.953-0300] {dag.py:2705} INFO - Sync 1 DAGs
[2023-04-08T15:28:39.967-0300] {logging_mixin.py:137} INFO - [2023-04-08T15:28:39.967-0300] {dag.py:3452} INFO - Setting next_dagrun for example_dynamic_task_mapping to 2022-03-04T00:00:00+00:00, run_after=2022-03-05T00:00:00+00:00
[2023-04-08T15:28:39.988-0300] {processor.py:175} INFO - Processing /home/kauanu/PycharmProjects/AirFLowEnade/venv/lib/python3.10/site-packages/airflow/example_dags/example_dynamic_task_mapping.py took 0.071 seconds
[2023-04-08T15:29:27.971-0300] {processor.py:153} INFO - Started process (PID=14578) to work on /home/kauanu/PycharmProjects/AirFLowEnade/venv/lib/python3.10/site-packages/airflow/example_dags/example_dynamic_task_mapping.py
[2023-04-08T15:29:27.973-0300] {processor.py:743} INFO - Processing file /home/kauanu/PycharmProjects/AirFLowEnade/venv/lib/python3.10/site-packages/airflow/example_dags/example_dynamic_task_mapping.py for tasks to queue
[2023-04-08T15:29:27.974-0300] {logging_mixin.py:137} INFO - [2023-04-08T15:29:27.974-0300] {dagbag.py:532} INFO - Filling up the DagBag from /home/kauanu/PycharmProjects/AirFLowEnade/venv/lib/python3.10/site-packages/airflow/example_dags/example_dynamic_task_mapping.py
[2023-04-08T15:29:28.001-0300] {processor.py:753} INFO - DAG(s) dict_keys(['example_dynamic_task_mapping']) retrieved from /home/kauanu/PycharmProjects/AirFLowEnade/venv/lib/python3.10/site-packages/airflow/example_dags/example_dynamic_task_mapping.py
[2023-04-08T15:29:28.018-0300] {logging_mixin.py:137} INFO - [2023-04-08T15:29:28.018-0300] {dag.py:2705} INFO - Sync 1 DAGs
[2023-04-08T15:29:28.036-0300] {logging_mixin.py:137} INFO - [2023-04-08T15:29:28.035-0300] {dag.py:3452} INFO - Setting next_dagrun for example_dynamic_task_mapping to 2022-03-04T00:00:00+00:00, run_after=2022-03-05T00:00:00+00:00
[2023-04-08T15:29:28.074-0300] {processor.py:175} INFO - Processing /home/kauanu/PycharmProjects/AirFLowEnade/venv/lib/python3.10/site-packages/airflow/example_dags/example_dynamic_task_mapping.py took 0.108 seconds
[2023-04-08T15:30:10.495-0300] {processor.py:153} INFO - Started process (PID=14767) to work on /home/kauanu/PycharmProjects/AirFLowEnade/venv/lib/python3.10/site-packages/airflow/example_dags/example_dynamic_task_mapping.py
[2023-04-08T15:30:10.496-0300] {processor.py:743} INFO - Processing file /home/kauanu/PycharmProjects/AirFLowEnade/venv/lib/python3.10/site-packages/airflow/example_dags/example_dynamic_task_mapping.py for tasks to queue
[2023-04-08T15:30:10.497-0300] {logging_mixin.py:137} INFO - [2023-04-08T15:30:10.497-0300] {dagbag.py:532} INFO - Filling up the DagBag from /home/kauanu/PycharmProjects/AirFLowEnade/venv/lib/python3.10/site-packages/airflow/example_dags/example_dynamic_task_mapping.py
[2023-04-08T15:30:10.514-0300] {processor.py:753} INFO - DAG(s) dict_keys(['example_dynamic_task_mapping']) retrieved from /home/kauanu/PycharmProjects/AirFLowEnade/venv/lib/python3.10/site-packages/airflow/example_dags/example_dynamic_task_mapping.py
[2023-04-08T15:30:10.529-0300] {logging_mixin.py:137} INFO - [2023-04-08T15:30:10.529-0300] {dag.py:2705} INFO - Sync 1 DAGs
[2023-04-08T15:30:10.543-0300] {logging_mixin.py:137} INFO - [2023-04-08T15:30:10.542-0300] {dag.py:3452} INFO - Setting next_dagrun for example_dynamic_task_mapping to 2022-03-04T00:00:00+00:00, run_after=2022-03-05T00:00:00+00:00
[2023-04-08T15:30:10.565-0300] {processor.py:175} INFO - Processing /home/kauanu/PycharmProjects/AirFLowEnade/venv/lib/python3.10/site-packages/airflow/example_dags/example_dynamic_task_mapping.py took 0.073 seconds
[2023-04-08T15:30:55.298-0300] {processor.py:153} INFO - Started process (PID=14977) to work on /home/kauanu/PycharmProjects/AirFLowEnade/venv/lib/python3.10/site-packages/airflow/example_dags/example_dynamic_task_mapping.py
[2023-04-08T15:30:55.299-0300] {processor.py:743} INFO - Processing file /home/kauanu/PycharmProjects/AirFLowEnade/venv/lib/python3.10/site-packages/airflow/example_dags/example_dynamic_task_mapping.py for tasks to queue
[2023-04-08T15:30:55.300-0300] {logging_mixin.py:137} INFO - [2023-04-08T15:30:55.300-0300] {dagbag.py:532} INFO - Filling up the DagBag from /home/kauanu/PycharmProjects/AirFLowEnade/venv/lib/python3.10/site-packages/airflow/example_dags/example_dynamic_task_mapping.py
[2023-04-08T15:30:55.327-0300] {processor.py:753} INFO - DAG(s) dict_keys(['example_dynamic_task_mapping']) retrieved from /home/kauanu/PycharmProjects/AirFLowEnade/venv/lib/python3.10/site-packages/airflow/example_dags/example_dynamic_task_mapping.py
[2023-04-08T15:30:55.343-0300] {logging_mixin.py:137} INFO - [2023-04-08T15:30:55.343-0300] {dag.py:2705} INFO - Sync 1 DAGs
[2023-04-08T15:30:55.362-0300] {logging_mixin.py:137} INFO - [2023-04-08T15:30:55.362-0300] {dag.py:3452} INFO - Setting next_dagrun for example_dynamic_task_mapping to 2022-03-04T00:00:00+00:00, run_after=2022-03-05T00:00:00+00:00
[2023-04-08T15:30:55.383-0300] {processor.py:175} INFO - Processing /home/kauanu/PycharmProjects/AirFLowEnade/venv/lib/python3.10/site-packages/airflow/example_dags/example_dynamic_task_mapping.py took 0.091 seconds
[2023-04-08T15:31:37.922-0300] {processor.py:153} INFO - Started process (PID=15187) to work on /home/kauanu/PycharmProjects/AirFLowEnade/venv/lib/python3.10/site-packages/airflow/example_dags/example_dynamic_task_mapping.py
[2023-04-08T15:31:37.923-0300] {processor.py:743} INFO - Processing file /home/kauanu/PycharmProjects/AirFLowEnade/venv/lib/python3.10/site-packages/airflow/example_dags/example_dynamic_task_mapping.py for tasks to queue
[2023-04-08T15:31:37.924-0300] {logging_mixin.py:137} INFO - [2023-04-08T15:31:37.924-0300] {dagbag.py:532} INFO - Filling up the DagBag from /home/kauanu/PycharmProjects/AirFLowEnade/venv/lib/python3.10/site-packages/airflow/example_dags/example_dynamic_task_mapping.py
[2023-04-08T15:31:37.941-0300] {processor.py:753} INFO - DAG(s) dict_keys(['example_dynamic_task_mapping']) retrieved from /home/kauanu/PycharmProjects/AirFLowEnade/venv/lib/python3.10/site-packages/airflow/example_dags/example_dynamic_task_mapping.py
[2023-04-08T15:31:37.954-0300] {logging_mixin.py:137} INFO - [2023-04-08T15:31:37.954-0300] {dag.py:2705} INFO - Sync 1 DAGs
[2023-04-08T15:31:37.970-0300] {logging_mixin.py:137} INFO - [2023-04-08T15:31:37.969-0300] {dag.py:3452} INFO - Setting next_dagrun for example_dynamic_task_mapping to 2022-03-04T00:00:00+00:00, run_after=2022-03-05T00:00:00+00:00
[2023-04-08T15:31:37.993-0300] {processor.py:175} INFO - Processing /home/kauanu/PycharmProjects/AirFLowEnade/venv/lib/python3.10/site-packages/airflow/example_dags/example_dynamic_task_mapping.py took 0.074 seconds
[2023-04-08T15:32:15.328-0300] {processor.py:153} INFO - Started process (PID=15333) to work on /home/kauanu/PycharmProjects/AirFLowEnade/venv/lib/python3.10/site-packages/airflow/example_dags/example_dynamic_task_mapping.py
[2023-04-08T15:32:15.330-0300] {processor.py:743} INFO - Processing file /home/kauanu/PycharmProjects/AirFLowEnade/venv/lib/python3.10/site-packages/airflow/example_dags/example_dynamic_task_mapping.py for tasks to queue
[2023-04-08T15:32:15.330-0300] {logging_mixin.py:137} INFO - [2023-04-08T15:32:15.330-0300] {dagbag.py:532} INFO - Filling up the DagBag from /home/kauanu/PycharmProjects/AirFLowEnade/venv/lib/python3.10/site-packages/airflow/example_dags/example_dynamic_task_mapping.py
[2023-04-08T15:32:15.348-0300] {processor.py:753} INFO - DAG(s) dict_keys(['example_dynamic_task_mapping']) retrieved from /home/kauanu/PycharmProjects/AirFLowEnade/venv/lib/python3.10/site-packages/airflow/example_dags/example_dynamic_task_mapping.py
[2023-04-08T15:32:15.362-0300] {logging_mixin.py:137} INFO - [2023-04-08T15:32:15.362-0300] {dag.py:2705} INFO - Sync 1 DAGs
[2023-04-08T15:32:15.376-0300] {logging_mixin.py:137} INFO - [2023-04-08T15:32:15.376-0300] {dag.py:3452} INFO - Setting next_dagrun for example_dynamic_task_mapping to 2022-03-04T00:00:00+00:00, run_after=2022-03-05T00:00:00+00:00
[2023-04-08T15:32:15.401-0300] {processor.py:175} INFO - Processing /home/kauanu/PycharmProjects/AirFLowEnade/venv/lib/python3.10/site-packages/airflow/example_dags/example_dynamic_task_mapping.py took 0.075 seconds
[2023-04-08T15:32:54.438-0300] {processor.py:153} INFO - Started process (PID=15545) to work on /home/kauanu/PycharmProjects/AirFLowEnade/venv/lib/python3.10/site-packages/airflow/example_dags/example_dynamic_task_mapping.py
[2023-04-08T15:32:54.447-0300] {processor.py:743} INFO - Processing file /home/kauanu/PycharmProjects/AirFLowEnade/venv/lib/python3.10/site-packages/airflow/example_dags/example_dynamic_task_mapping.py for tasks to queue
[2023-04-08T15:32:54.448-0300] {logging_mixin.py:137} INFO - [2023-04-08T15:32:54.448-0300] {dagbag.py:532} INFO - Filling up the DagBag from /home/kauanu/PycharmProjects/AirFLowEnade/venv/lib/python3.10/site-packages/airflow/example_dags/example_dynamic_task_mapping.py
[2023-04-08T15:32:54.467-0300] {processor.py:753} INFO - DAG(s) dict_keys(['example_dynamic_task_mapping']) retrieved from /home/kauanu/PycharmProjects/AirFLowEnade/venv/lib/python3.10/site-packages/airflow/example_dags/example_dynamic_task_mapping.py
[2023-04-08T15:32:54.484-0300] {logging_mixin.py:137} INFO - [2023-04-08T15:32:54.484-0300] {dag.py:2705} INFO - Sync 1 DAGs
[2023-04-08T15:32:54.503-0300] {logging_mixin.py:137} INFO - [2023-04-08T15:32:54.502-0300] {dag.py:3452} INFO - Setting next_dagrun for example_dynamic_task_mapping to 2022-03-04T00:00:00+00:00, run_after=2022-03-05T00:00:00+00:00
[2023-04-08T15:32:54.531-0300] {processor.py:175} INFO - Processing /home/kauanu/PycharmProjects/AirFLowEnade/venv/lib/python3.10/site-packages/airflow/example_dags/example_dynamic_task_mapping.py took 0.095 seconds
[2023-04-08T15:33:34.336-0300] {processor.py:153} INFO - Started process (PID=15723) to work on /home/kauanu/PycharmProjects/AirFLowEnade/venv/lib/python3.10/site-packages/airflow/example_dags/example_dynamic_task_mapping.py
[2023-04-08T15:33:34.359-0300] {processor.py:743} INFO - Processing file /home/kauanu/PycharmProjects/AirFLowEnade/venv/lib/python3.10/site-packages/airflow/example_dags/example_dynamic_task_mapping.py for tasks to queue
[2023-04-08T15:33:34.360-0300] {logging_mixin.py:137} INFO - [2023-04-08T15:33:34.359-0300] {dagbag.py:532} INFO - Filling up the DagBag from /home/kauanu/PycharmProjects/AirFLowEnade/venv/lib/python3.10/site-packages/airflow/example_dags/example_dynamic_task_mapping.py
[2023-04-08T15:33:34.379-0300] {processor.py:753} INFO - DAG(s) dict_keys(['example_dynamic_task_mapping']) retrieved from /home/kauanu/PycharmProjects/AirFLowEnade/venv/lib/python3.10/site-packages/airflow/example_dags/example_dynamic_task_mapping.py
[2023-04-08T15:33:34.396-0300] {logging_mixin.py:137} INFO - [2023-04-08T15:33:34.395-0300] {dag.py:2705} INFO - Sync 1 DAGs
[2023-04-08T15:33:34.411-0300] {logging_mixin.py:137} INFO - [2023-04-08T15:33:34.411-0300] {dag.py:3452} INFO - Setting next_dagrun for example_dynamic_task_mapping to 2022-03-04T00:00:00+00:00, run_after=2022-03-05T00:00:00+00:00
[2023-04-08T15:33:34.534-0300] {processor.py:175} INFO - Processing /home/kauanu/PycharmProjects/AirFLowEnade/venv/lib/python3.10/site-packages/airflow/example_dags/example_dynamic_task_mapping.py took 0.201 seconds
[2023-04-08T15:34:12.424-0300] {processor.py:153} INFO - Started process (PID=15913) to work on /home/kauanu/PycharmProjects/AirFLowEnade/venv/lib/python3.10/site-packages/airflow/example_dags/example_dynamic_task_mapping.py
[2023-04-08T15:34:12.425-0300] {processor.py:743} INFO - Processing file /home/kauanu/PycharmProjects/AirFLowEnade/venv/lib/python3.10/site-packages/airflow/example_dags/example_dynamic_task_mapping.py for tasks to queue
[2023-04-08T15:34:12.426-0300] {logging_mixin.py:137} INFO - [2023-04-08T15:34:12.426-0300] {dagbag.py:532} INFO - Filling up the DagBag from /home/kauanu/PycharmProjects/AirFLowEnade/venv/lib/python3.10/site-packages/airflow/example_dags/example_dynamic_task_mapping.py
[2023-04-08T15:34:12.442-0300] {processor.py:753} INFO - DAG(s) dict_keys(['example_dynamic_task_mapping']) retrieved from /home/kauanu/PycharmProjects/AirFLowEnade/venv/lib/python3.10/site-packages/airflow/example_dags/example_dynamic_task_mapping.py
[2023-04-08T15:34:12.456-0300] {logging_mixin.py:137} INFO - [2023-04-08T15:34:12.456-0300] {dag.py:2705} INFO - Sync 1 DAGs
[2023-04-08T15:34:12.469-0300] {logging_mixin.py:137} INFO - [2023-04-08T15:34:12.469-0300] {dag.py:3452} INFO - Setting next_dagrun for example_dynamic_task_mapping to 2022-03-04T00:00:00+00:00, run_after=2022-03-05T00:00:00+00:00
[2023-04-08T15:34:12.491-0300] {processor.py:175} INFO - Processing /home/kauanu/PycharmProjects/AirFLowEnade/venv/lib/python3.10/site-packages/airflow/example_dags/example_dynamic_task_mapping.py took 0.069 seconds
[2023-04-08T15:34:48.766-0300] {processor.py:153} INFO - Started process (PID=16092) to work on /home/kauanu/PycharmProjects/AirFLowEnade/venv/lib/python3.10/site-packages/airflow/example_dags/example_dynamic_task_mapping.py
[2023-04-08T15:34:48.769-0300] {processor.py:743} INFO - Processing file /home/kauanu/PycharmProjects/AirFLowEnade/venv/lib/python3.10/site-packages/airflow/example_dags/example_dynamic_task_mapping.py for tasks to queue
[2023-04-08T15:34:48.771-0300] {logging_mixin.py:137} INFO - [2023-04-08T15:34:48.771-0300] {dagbag.py:532} INFO - Filling up the DagBag from /home/kauanu/PycharmProjects/AirFLowEnade/venv/lib/python3.10/site-packages/airflow/example_dags/example_dynamic_task_mapping.py
[2023-04-08T15:34:48.792-0300] {processor.py:753} INFO - DAG(s) dict_keys(['example_dynamic_task_mapping']) retrieved from /home/kauanu/PycharmProjects/AirFLowEnade/venv/lib/python3.10/site-packages/airflow/example_dags/example_dynamic_task_mapping.py
[2023-04-08T15:34:48.815-0300] {logging_mixin.py:137} INFO - [2023-04-08T15:34:48.814-0300] {dag.py:2705} INFO - Sync 1 DAGs
[2023-04-08T15:34:48.852-0300] {logging_mixin.py:137} INFO - [2023-04-08T15:34:48.852-0300] {dag.py:3452} INFO - Setting next_dagrun for example_dynamic_task_mapping to 2022-03-04T00:00:00+00:00, run_after=2022-03-05T00:00:00+00:00
[2023-04-08T15:34:48.898-0300] {processor.py:175} INFO - Processing /home/kauanu/PycharmProjects/AirFLowEnade/venv/lib/python3.10/site-packages/airflow/example_dags/example_dynamic_task_mapping.py took 0.146 seconds
[2023-04-08T15:35:32.142-0300] {processor.py:153} INFO - Started process (PID=16293) to work on /home/kauanu/PycharmProjects/AirFLowEnade/venv/lib/python3.10/site-packages/airflow/example_dags/example_dynamic_task_mapping.py
[2023-04-08T15:35:32.155-0300] {processor.py:743} INFO - Processing file /home/kauanu/PycharmProjects/AirFLowEnade/venv/lib/python3.10/site-packages/airflow/example_dags/example_dynamic_task_mapping.py for tasks to queue
[2023-04-08T15:35:32.156-0300] {logging_mixin.py:137} INFO - [2023-04-08T15:35:32.156-0300] {dagbag.py:532} INFO - Filling up the DagBag from /home/kauanu/PycharmProjects/AirFLowEnade/venv/lib/python3.10/site-packages/airflow/example_dags/example_dynamic_task_mapping.py
[2023-04-08T15:35:32.173-0300] {processor.py:753} INFO - DAG(s) dict_keys(['example_dynamic_task_mapping']) retrieved from /home/kauanu/PycharmProjects/AirFLowEnade/venv/lib/python3.10/site-packages/airflow/example_dags/example_dynamic_task_mapping.py
[2023-04-08T15:35:32.187-0300] {logging_mixin.py:137} INFO - [2023-04-08T15:35:32.187-0300] {dag.py:2705} INFO - Sync 1 DAGs
[2023-04-08T15:35:32.200-0300] {logging_mixin.py:137} INFO - [2023-04-08T15:35:32.200-0300] {dag.py:3452} INFO - Setting next_dagrun for example_dynamic_task_mapping to 2022-03-04T00:00:00+00:00, run_after=2022-03-05T00:00:00+00:00
[2023-04-08T15:35:32.222-0300] {processor.py:175} INFO - Processing /home/kauanu/PycharmProjects/AirFLowEnade/venv/lib/python3.10/site-packages/airflow/example_dags/example_dynamic_task_mapping.py took 0.083 seconds
[2023-04-08T15:36:14.828-0300] {processor.py:153} INFO - Started process (PID=16485) to work on /home/kauanu/PycharmProjects/AirFLowEnade/venv/lib/python3.10/site-packages/airflow/example_dags/example_dynamic_task_mapping.py
[2023-04-08T15:36:14.830-0300] {processor.py:743} INFO - Processing file /home/kauanu/PycharmProjects/AirFLowEnade/venv/lib/python3.10/site-packages/airflow/example_dags/example_dynamic_task_mapping.py for tasks to queue
[2023-04-08T15:36:14.831-0300] {logging_mixin.py:137} INFO - [2023-04-08T15:36:14.831-0300] {dagbag.py:532} INFO - Filling up the DagBag from /home/kauanu/PycharmProjects/AirFLowEnade/venv/lib/python3.10/site-packages/airflow/example_dags/example_dynamic_task_mapping.py
[2023-04-08T15:36:14.848-0300] {processor.py:753} INFO - DAG(s) dict_keys(['example_dynamic_task_mapping']) retrieved from /home/kauanu/PycharmProjects/AirFLowEnade/venv/lib/python3.10/site-packages/airflow/example_dags/example_dynamic_task_mapping.py
[2023-04-08T15:36:14.862-0300] {logging_mixin.py:137} INFO - [2023-04-08T15:36:14.862-0300] {dag.py:2705} INFO - Sync 1 DAGs
[2023-04-08T15:36:14.875-0300] {logging_mixin.py:137} INFO - [2023-04-08T15:36:14.874-0300] {dag.py:3452} INFO - Setting next_dagrun for example_dynamic_task_mapping to 2022-03-04T00:00:00+00:00, run_after=2022-03-05T00:00:00+00:00
[2023-04-08T15:36:14.895-0300] {processor.py:175} INFO - Processing /home/kauanu/PycharmProjects/AirFLowEnade/venv/lib/python3.10/site-packages/airflow/example_dags/example_dynamic_task_mapping.py took 0.069 seconds
[2023-04-08T15:36:59.556-0300] {processor.py:153} INFO - Started process (PID=16678) to work on /home/kauanu/PycharmProjects/AirFLowEnade/venv/lib/python3.10/site-packages/airflow/example_dags/example_dynamic_task_mapping.py
[2023-04-08T15:36:59.576-0300] {processor.py:743} INFO - Processing file /home/kauanu/PycharmProjects/AirFLowEnade/venv/lib/python3.10/site-packages/airflow/example_dags/example_dynamic_task_mapping.py for tasks to queue
[2023-04-08T15:36:59.577-0300] {logging_mixin.py:137} INFO - [2023-04-08T15:36:59.577-0300] {dagbag.py:532} INFO - Filling up the DagBag from /home/kauanu/PycharmProjects/AirFLowEnade/venv/lib/python3.10/site-packages/airflow/example_dags/example_dynamic_task_mapping.py
[2023-04-08T15:36:59.595-0300] {processor.py:753} INFO - DAG(s) dict_keys(['example_dynamic_task_mapping']) retrieved from /home/kauanu/PycharmProjects/AirFLowEnade/venv/lib/python3.10/site-packages/airflow/example_dags/example_dynamic_task_mapping.py
[2023-04-08T15:36:59.631-0300] {logging_mixin.py:137} INFO - [2023-04-08T15:36:59.630-0300] {dag.py:2705} INFO - Sync 1 DAGs
[2023-04-08T15:36:59.646-0300] {logging_mixin.py:137} INFO - [2023-04-08T15:36:59.646-0300] {dag.py:3452} INFO - Setting next_dagrun for example_dynamic_task_mapping to 2022-03-04T00:00:00+00:00, run_after=2022-03-05T00:00:00+00:00
[2023-04-08T15:36:59.912-0300] {processor.py:175} INFO - Processing /home/kauanu/PycharmProjects/AirFLowEnade/venv/lib/python3.10/site-packages/airflow/example_dags/example_dynamic_task_mapping.py took 0.358 seconds
