[2023-04-08T15:26:01.907-0300] {processor.py:153} INFO - Started process (PID=13530) to work on /home/kauanu/PycharmProjects/AirFLowEnade/venv/lib/python3.10/site-packages/airflow/example_dags/example_branch_operator_decorator.py
[2023-04-08T15:26:01.908-0300] {processor.py:743} INFO - Processing file /home/kauanu/PycharmProjects/AirFLowEnade/venv/lib/python3.10/site-packages/airflow/example_dags/example_branch_operator_decorator.py for tasks to queue
[2023-04-08T15:26:01.908-0300] {logging_mixin.py:137} INFO - [2023-04-08T15:26:01.908-0300] {dagbag.py:532} INFO - Filling up the DagBag from /home/kauanu/PycharmProjects/AirFLowEnade/venv/lib/python3.10/site-packages/airflow/example_dags/example_branch_operator_decorator.py
[2023-04-08T15:26:01.927-0300] {processor.py:753} INFO - DAG(s) dict_keys(['example_branch_python_operator_decorator']) retrieved from /home/kauanu/PycharmProjects/AirFLowEnade/venv/lib/python3.10/site-packages/airflow/example_dags/example_branch_operator_decorator.py
[2023-04-08T15:26:02.023-0300] {logging_mixin.py:137} INFO - [2023-04-08T15:26:02.023-0300] {manager.py:504} INFO - Created Permission View: can delete on DAG:example_branch_python_operator_decorator
[2023-04-08T15:26:02.076-0300] {logging_mixin.py:137} INFO - [2023-04-08T15:26:02.076-0300] {manager.py:504} INFO - Created Permission View: can edit on DAG:example_branch_python_operator_decorator
[2023-04-08T15:26:02.188-0300] {logging_mixin.py:137} INFO - [2023-04-08T15:26:02.188-0300] {manager.py:504} INFO - Created Permission View: can read on DAG:example_branch_python_operator_decorator
[2023-04-08T15:26:02.188-0300] {logging_mixin.py:137} INFO - [2023-04-08T15:26:02.188-0300] {dag.py:2705} INFO - Sync 1 DAGs
[2023-04-08T15:26:02.196-0300] {logging_mixin.py:137} INFO - [2023-04-08T15:26:02.196-0300] {dag.py:2726} INFO - Creating ORM DAG for example_branch_python_operator_decorator
[2023-04-08T15:26:02.202-0300] {logging_mixin.py:137} INFO - [2023-04-08T15:26:02.202-0300] {dag.py:3452} INFO - Setting next_dagrun for example_branch_python_operator_decorator to 2023-04-07T00:00:00+00:00, run_after=2023-04-08T00:00:00+00:00
[2023-04-08T15:26:02.501-0300] {processor.py:175} INFO - Processing /home/kauanu/PycharmProjects/AirFLowEnade/venv/lib/python3.10/site-packages/airflow/example_dags/example_branch_operator_decorator.py took 0.597 seconds
[2023-04-08T15:26:52.210-0300] {processor.py:153} INFO - Started process (PID=13791) to work on /home/kauanu/PycharmProjects/AirFLowEnade/venv/lib/python3.10/site-packages/airflow/example_dags/example_branch_operator_decorator.py
[2023-04-08T15:26:52.211-0300] {processor.py:743} INFO - Processing file /home/kauanu/PycharmProjects/AirFLowEnade/venv/lib/python3.10/site-packages/airflow/example_dags/example_branch_operator_decorator.py for tasks to queue
[2023-04-08T15:26:52.213-0300] {logging_mixin.py:137} INFO - [2023-04-08T15:26:52.212-0300] {dagbag.py:532} INFO - Filling up the DagBag from /home/kauanu/PycharmProjects/AirFLowEnade/venv/lib/python3.10/site-packages/airflow/example_dags/example_branch_operator_decorator.py
[2023-04-08T15:26:52.284-0300] {processor.py:753} INFO - DAG(s) dict_keys(['example_branch_python_operator_decorator']) retrieved from /home/kauanu/PycharmProjects/AirFLowEnade/venv/lib/python3.10/site-packages/airflow/example_dags/example_branch_operator_decorator.py
[2023-04-08T15:26:52.320-0300] {logging_mixin.py:137} INFO - [2023-04-08T15:26:52.319-0300] {dag.py:2705} INFO - Sync 1 DAGs
[2023-04-08T15:26:52.352-0300] {logging_mixin.py:137} INFO - [2023-04-08T15:26:52.352-0300] {dag.py:3452} INFO - Setting next_dagrun for example_branch_python_operator_decorator to 2023-04-07T00:00:00+00:00, run_after=2023-04-08T00:00:00+00:00
[2023-04-08T15:26:52.389-0300] {processor.py:175} INFO - Processing /home/kauanu/PycharmProjects/AirFLowEnade/venv/lib/python3.10/site-packages/airflow/example_dags/example_branch_operator_decorator.py took 0.194 seconds
[2023-04-08T15:28:00.396-0300] {processor.py:153} INFO - Started process (PID=14095) to work on /home/kauanu/PycharmProjects/AirFLowEnade/venv/lib/python3.10/site-packages/airflow/example_dags/example_branch_operator_decorator.py
[2023-04-08T15:28:00.422-0300] {processor.py:743} INFO - Processing file /home/kauanu/PycharmProjects/AirFLowEnade/venv/lib/python3.10/site-packages/airflow/example_dags/example_branch_operator_decorator.py for tasks to queue
[2023-04-08T15:28:00.423-0300] {logging_mixin.py:137} INFO - [2023-04-08T15:28:00.423-0300] {dagbag.py:532} INFO - Filling up the DagBag from /home/kauanu/PycharmProjects/AirFLowEnade/venv/lib/python3.10/site-packages/airflow/example_dags/example_branch_operator_decorator.py
[2023-04-08T15:28:00.499-0300] {processor.py:753} INFO - DAG(s) dict_keys(['example_branch_python_operator_decorator']) retrieved from /home/kauanu/PycharmProjects/AirFLowEnade/venv/lib/python3.10/site-packages/airflow/example_dags/example_branch_operator_decorator.py
[2023-04-08T15:28:00.597-0300] {logging_mixin.py:137} INFO - [2023-04-08T15:28:00.597-0300] {dag.py:2705} INFO - Sync 1 DAGs
[2023-04-08T15:28:00.676-0300] {logging_mixin.py:137} INFO - [2023-04-08T15:28:00.675-0300] {dag.py:3452} INFO - Setting next_dagrun for example_branch_python_operator_decorator to 2023-04-07T00:00:00+00:00, run_after=2023-04-08T00:00:00+00:00
[2023-04-08T15:28:00.726-0300] {processor.py:175} INFO - Processing /home/kauanu/PycharmProjects/AirFLowEnade/venv/lib/python3.10/site-packages/airflow/example_dags/example_branch_operator_decorator.py took 0.334 seconds
[2023-04-08T15:29:09.553-0300] {processor.py:153} INFO - Started process (PID=14473) to work on /home/kauanu/PycharmProjects/AirFLowEnade/venv/lib/python3.10/site-packages/airflow/example_dags/example_branch_operator_decorator.py
[2023-04-08T15:29:09.563-0300] {processor.py:743} INFO - Processing file /home/kauanu/PycharmProjects/AirFLowEnade/venv/lib/python3.10/site-packages/airflow/example_dags/example_branch_operator_decorator.py for tasks to queue
[2023-04-08T15:29:09.564-0300] {logging_mixin.py:137} INFO - [2023-04-08T15:29:09.564-0300] {dagbag.py:532} INFO - Filling up the DagBag from /home/kauanu/PycharmProjects/AirFLowEnade/venv/lib/python3.10/site-packages/airflow/example_dags/example_branch_operator_decorator.py
[2023-04-08T15:29:09.585-0300] {processor.py:753} INFO - DAG(s) dict_keys(['example_branch_python_operator_decorator']) retrieved from /home/kauanu/PycharmProjects/AirFLowEnade/venv/lib/python3.10/site-packages/airflow/example_dags/example_branch_operator_decorator.py
[2023-04-08T15:29:09.622-0300] {logging_mixin.py:137} INFO - [2023-04-08T15:29:09.622-0300] {dag.py:2705} INFO - Sync 1 DAGs
[2023-04-08T15:29:09.637-0300] {logging_mixin.py:137} INFO - [2023-04-08T15:29:09.637-0300] {dag.py:3452} INFO - Setting next_dagrun for example_branch_python_operator_decorator to 2023-04-07T00:00:00+00:00, run_after=2023-04-08T00:00:00+00:00
[2023-04-08T15:29:09.782-0300] {processor.py:175} INFO - Processing /home/kauanu/PycharmProjects/AirFLowEnade/venv/lib/python3.10/site-packages/airflow/example_dags/example_branch_operator_decorator.py took 0.231 seconds
[2023-04-08T15:29:55.016-0300] {processor.py:153} INFO - Started process (PID=14712) to work on /home/kauanu/PycharmProjects/AirFLowEnade/venv/lib/python3.10/site-packages/airflow/example_dags/example_branch_operator_decorator.py
[2023-04-08T15:29:55.019-0300] {processor.py:743} INFO - Processing file /home/kauanu/PycharmProjects/AirFLowEnade/venv/lib/python3.10/site-packages/airflow/example_dags/example_branch_operator_decorator.py for tasks to queue
[2023-04-08T15:29:55.020-0300] {logging_mixin.py:137} INFO - [2023-04-08T15:29:55.019-0300] {dagbag.py:532} INFO - Filling up the DagBag from /home/kauanu/PycharmProjects/AirFLowEnade/venv/lib/python3.10/site-packages/airflow/example_dags/example_branch_operator_decorator.py
[2023-04-08T15:29:55.054-0300] {processor.py:753} INFO - DAG(s) dict_keys(['example_branch_python_operator_decorator']) retrieved from /home/kauanu/PycharmProjects/AirFLowEnade/venv/lib/python3.10/site-packages/airflow/example_dags/example_branch_operator_decorator.py
[2023-04-08T15:29:55.075-0300] {logging_mixin.py:137} INFO - [2023-04-08T15:29:55.075-0300] {dag.py:2705} INFO - Sync 1 DAGs
[2023-04-08T15:29:55.104-0300] {logging_mixin.py:137} INFO - [2023-04-08T15:29:55.103-0300] {dag.py:3452} INFO - Setting next_dagrun for example_branch_python_operator_decorator to 2023-04-07T00:00:00+00:00, run_after=2023-04-08T00:00:00+00:00
[2023-04-08T15:29:55.128-0300] {processor.py:175} INFO - Processing /home/kauanu/PycharmProjects/AirFLowEnade/venv/lib/python3.10/site-packages/airflow/example_dags/example_branch_operator_decorator.py took 0.114 seconds
[2023-04-08T15:30:48.973-0300] {processor.py:153} INFO - Started process (PID=14952) to work on /home/kauanu/PycharmProjects/AirFLowEnade/venv/lib/python3.10/site-packages/airflow/example_dags/example_branch_operator_decorator.py
[2023-04-08T15:30:48.980-0300] {processor.py:743} INFO - Processing file /home/kauanu/PycharmProjects/AirFLowEnade/venv/lib/python3.10/site-packages/airflow/example_dags/example_branch_operator_decorator.py for tasks to queue
[2023-04-08T15:30:48.980-0300] {logging_mixin.py:137} INFO - [2023-04-08T15:30:48.980-0300] {dagbag.py:532} INFO - Filling up the DagBag from /home/kauanu/PycharmProjects/AirFLowEnade/venv/lib/python3.10/site-packages/airflow/example_dags/example_branch_operator_decorator.py
[2023-04-08T15:30:49.000-0300] {processor.py:753} INFO - DAG(s) dict_keys(['example_branch_python_operator_decorator']) retrieved from /home/kauanu/PycharmProjects/AirFLowEnade/venv/lib/python3.10/site-packages/airflow/example_dags/example_branch_operator_decorator.py
[2023-04-08T15:30:49.016-0300] {logging_mixin.py:137} INFO - [2023-04-08T15:30:49.016-0300] {dag.py:2705} INFO - Sync 1 DAGs
[2023-04-08T15:30:49.032-0300] {logging_mixin.py:137} INFO - [2023-04-08T15:30:49.032-0300] {dag.py:3452} INFO - Setting next_dagrun for example_branch_python_operator_decorator to 2023-04-07T00:00:00+00:00, run_after=2023-04-08T00:00:00+00:00
[2023-04-08T15:30:49.077-0300] {processor.py:175} INFO - Processing /home/kauanu/PycharmProjects/AirFLowEnade/venv/lib/python3.10/site-packages/airflow/example_dags/example_branch_operator_decorator.py took 0.107 seconds
[2023-04-08T15:31:31.916-0300] {processor.py:153} INFO - Started process (PID=15147) to work on /home/kauanu/PycharmProjects/AirFLowEnade/venv/lib/python3.10/site-packages/airflow/example_dags/example_branch_operator_decorator.py
[2023-04-08T15:31:31.917-0300] {processor.py:743} INFO - Processing file /home/kauanu/PycharmProjects/AirFLowEnade/venv/lib/python3.10/site-packages/airflow/example_dags/example_branch_operator_decorator.py for tasks to queue
[2023-04-08T15:31:31.917-0300] {logging_mixin.py:137} INFO - [2023-04-08T15:31:31.917-0300] {dagbag.py:532} INFO - Filling up the DagBag from /home/kauanu/PycharmProjects/AirFLowEnade/venv/lib/python3.10/site-packages/airflow/example_dags/example_branch_operator_decorator.py
[2023-04-08T15:31:31.937-0300] {processor.py:753} INFO - DAG(s) dict_keys(['example_branch_python_operator_decorator']) retrieved from /home/kauanu/PycharmProjects/AirFLowEnade/venv/lib/python3.10/site-packages/airflow/example_dags/example_branch_operator_decorator.py
[2023-04-08T15:31:31.953-0300] {logging_mixin.py:137} INFO - [2023-04-08T15:31:31.953-0300] {dag.py:2705} INFO - Sync 1 DAGs
[2023-04-08T15:31:31.971-0300] {logging_mixin.py:137} INFO - [2023-04-08T15:31:31.971-0300] {dag.py:3452} INFO - Setting next_dagrun for example_branch_python_operator_decorator to 2023-04-07T00:00:00+00:00, run_after=2023-04-08T00:00:00+00:00
[2023-04-08T15:31:31.992-0300] {processor.py:175} INFO - Processing /home/kauanu/PycharmProjects/AirFLowEnade/venv/lib/python3.10/site-packages/airflow/example_dags/example_branch_operator_decorator.py took 0.080 seconds
[2023-04-08T15:32:19.331-0300] {processor.py:153} INFO - Started process (PID=15373) to work on /home/kauanu/PycharmProjects/AirFLowEnade/venv/lib/python3.10/site-packages/airflow/example_dags/example_branch_operator_decorator.py
[2023-04-08T15:32:19.333-0300] {processor.py:743} INFO - Processing file /home/kauanu/PycharmProjects/AirFLowEnade/venv/lib/python3.10/site-packages/airflow/example_dags/example_branch_operator_decorator.py for tasks to queue
[2023-04-08T15:32:19.333-0300] {logging_mixin.py:137} INFO - [2023-04-08T15:32:19.333-0300] {dagbag.py:532} INFO - Filling up the DagBag from /home/kauanu/PycharmProjects/AirFLowEnade/venv/lib/python3.10/site-packages/airflow/example_dags/example_branch_operator_decorator.py
[2023-04-08T15:32:19.360-0300] {processor.py:753} INFO - DAG(s) dict_keys(['example_branch_python_operator_decorator']) retrieved from /home/kauanu/PycharmProjects/AirFLowEnade/venv/lib/python3.10/site-packages/airflow/example_dags/example_branch_operator_decorator.py
[2023-04-08T15:32:19.380-0300] {logging_mixin.py:137} INFO - [2023-04-08T15:32:19.380-0300] {dag.py:2705} INFO - Sync 1 DAGs
[2023-04-08T15:32:19.399-0300] {logging_mixin.py:137} INFO - [2023-04-08T15:32:19.399-0300] {dag.py:3452} INFO - Setting next_dagrun for example_branch_python_operator_decorator to 2023-04-07T00:00:00+00:00, run_after=2023-04-08T00:00:00+00:00
[2023-04-08T15:32:19.426-0300] {processor.py:175} INFO - Processing /home/kauanu/PycharmProjects/AirFLowEnade/venv/lib/python3.10/site-packages/airflow/example_dags/example_branch_operator_decorator.py took 0.098 seconds
[2023-04-08T15:33:00.865-0300] {processor.py:153} INFO - Started process (PID=15586) to work on /home/kauanu/PycharmProjects/AirFLowEnade/venv/lib/python3.10/site-packages/airflow/example_dags/example_branch_operator_decorator.py
[2023-04-08T15:33:00.868-0300] {processor.py:743} INFO - Processing file /home/kauanu/PycharmProjects/AirFLowEnade/venv/lib/python3.10/site-packages/airflow/example_dags/example_branch_operator_decorator.py for tasks to queue
[2023-04-08T15:33:00.869-0300] {logging_mixin.py:137} INFO - [2023-04-08T15:33:00.869-0300] {dagbag.py:532} INFO - Filling up the DagBag from /home/kauanu/PycharmProjects/AirFLowEnade/venv/lib/python3.10/site-packages/airflow/example_dags/example_branch_operator_decorator.py
[2023-04-08T15:33:00.888-0300] {processor.py:753} INFO - DAG(s) dict_keys(['example_branch_python_operator_decorator']) retrieved from /home/kauanu/PycharmProjects/AirFLowEnade/venv/lib/python3.10/site-packages/airflow/example_dags/example_branch_operator_decorator.py
[2023-04-08T15:33:00.903-0300] {logging_mixin.py:137} INFO - [2023-04-08T15:33:00.903-0300] {dag.py:2705} INFO - Sync 1 DAGs
[2023-04-08T15:33:00.917-0300] {logging_mixin.py:137} INFO - [2023-04-08T15:33:00.917-0300] {dag.py:3452} INFO - Setting next_dagrun for example_branch_python_operator_decorator to 2023-04-07T00:00:00+00:00, run_after=2023-04-08T00:00:00+00:00
[2023-04-08T15:33:00.944-0300] {processor.py:175} INFO - Processing /home/kauanu/PycharmProjects/AirFLowEnade/venv/lib/python3.10/site-packages/airflow/example_dags/example_branch_operator_decorator.py took 0.082 seconds
[2023-04-08T15:33:53.326-0300] {processor.py:153} INFO - Started process (PID=15821) to work on /home/kauanu/PycharmProjects/AirFLowEnade/venv/lib/python3.10/site-packages/airflow/example_dags/example_branch_operator_decorator.py
[2023-04-08T15:33:53.340-0300] {processor.py:743} INFO - Processing file /home/kauanu/PycharmProjects/AirFLowEnade/venv/lib/python3.10/site-packages/airflow/example_dags/example_branch_operator_decorator.py for tasks to queue
[2023-04-08T15:33:53.341-0300] {logging_mixin.py:137} INFO - [2023-04-08T15:33:53.341-0300] {dagbag.py:532} INFO - Filling up the DagBag from /home/kauanu/PycharmProjects/AirFLowEnade/venv/lib/python3.10/site-packages/airflow/example_dags/example_branch_operator_decorator.py
[2023-04-08T15:33:53.359-0300] {processor.py:753} INFO - DAG(s) dict_keys(['example_branch_python_operator_decorator']) retrieved from /home/kauanu/PycharmProjects/AirFLowEnade/venv/lib/python3.10/site-packages/airflow/example_dags/example_branch_operator_decorator.py
[2023-04-08T15:33:53.375-0300] {logging_mixin.py:137} INFO - [2023-04-08T15:33:53.375-0300] {dag.py:2705} INFO - Sync 1 DAGs
[2023-04-08T15:33:53.391-0300] {logging_mixin.py:137} INFO - [2023-04-08T15:33:53.391-0300] {dag.py:3452} INFO - Setting next_dagrun for example_branch_python_operator_decorator to 2023-04-07T00:00:00+00:00, run_after=2023-04-08T00:00:00+00:00
[2023-04-08T15:33:53.414-0300] {processor.py:175} INFO - Processing /home/kauanu/PycharmProjects/AirFLowEnade/venv/lib/python3.10/site-packages/airflow/example_dags/example_branch_operator_decorator.py took 0.091 seconds
[2023-04-08T15:34:41.788-0300] {processor.py:153} INFO - Started process (PID=16059) to work on /home/kauanu/PycharmProjects/AirFLowEnade/venv/lib/python3.10/site-packages/airflow/example_dags/example_branch_operator_decorator.py
[2023-04-08T15:34:41.793-0300] {processor.py:743} INFO - Processing file /home/kauanu/PycharmProjects/AirFLowEnade/venv/lib/python3.10/site-packages/airflow/example_dags/example_branch_operator_decorator.py for tasks to queue
[2023-04-08T15:34:41.794-0300] {logging_mixin.py:137} INFO - [2023-04-08T15:34:41.794-0300] {dagbag.py:532} INFO - Filling up the DagBag from /home/kauanu/PycharmProjects/AirFLowEnade/venv/lib/python3.10/site-packages/airflow/example_dags/example_branch_operator_decorator.py
[2023-04-08T15:34:41.812-0300] {processor.py:753} INFO - DAG(s) dict_keys(['example_branch_python_operator_decorator']) retrieved from /home/kauanu/PycharmProjects/AirFLowEnade/venv/lib/python3.10/site-packages/airflow/example_dags/example_branch_operator_decorator.py
[2023-04-08T15:34:41.827-0300] {logging_mixin.py:137} INFO - [2023-04-08T15:34:41.827-0300] {dag.py:2705} INFO - Sync 1 DAGs
[2023-04-08T15:34:41.840-0300] {logging_mixin.py:137} INFO - [2023-04-08T15:34:41.840-0300] {dag.py:3452} INFO - Setting next_dagrun for example_branch_python_operator_decorator to 2023-04-07T00:00:00+00:00, run_after=2023-04-08T00:00:00+00:00
[2023-04-08T15:34:41.865-0300] {processor.py:175} INFO - Processing /home/kauanu/PycharmProjects/AirFLowEnade/venv/lib/python3.10/site-packages/airflow/example_dags/example_branch_operator_decorator.py took 0.080 seconds
[2023-04-08T15:35:36.151-0300] {processor.py:153} INFO - Started process (PID=16299) to work on /home/kauanu/PycharmProjects/AirFLowEnade/venv/lib/python3.10/site-packages/airflow/example_dags/example_branch_operator_decorator.py
[2023-04-08T15:35:36.164-0300] {processor.py:743} INFO - Processing file /home/kauanu/PycharmProjects/AirFLowEnade/venv/lib/python3.10/site-packages/airflow/example_dags/example_branch_operator_decorator.py for tasks to queue
[2023-04-08T15:35:36.165-0300] {logging_mixin.py:137} INFO - [2023-04-08T15:35:36.165-0300] {dagbag.py:532} INFO - Filling up the DagBag from /home/kauanu/PycharmProjects/AirFLowEnade/venv/lib/python3.10/site-packages/airflow/example_dags/example_branch_operator_decorator.py
[2023-04-08T15:35:36.189-0300] {processor.py:753} INFO - DAG(s) dict_keys(['example_branch_python_operator_decorator']) retrieved from /home/kauanu/PycharmProjects/AirFLowEnade/venv/lib/python3.10/site-packages/airflow/example_dags/example_branch_operator_decorator.py
[2023-04-08T15:35:36.210-0300] {logging_mixin.py:137} INFO - [2023-04-08T15:35:36.210-0300] {dag.py:2705} INFO - Sync 1 DAGs
[2023-04-08T15:35:36.230-0300] {logging_mixin.py:137} INFO - [2023-04-08T15:35:36.229-0300] {dag.py:3452} INFO - Setting next_dagrun for example_branch_python_operator_decorator to 2023-04-07T00:00:00+00:00, run_after=2023-04-08T00:00:00+00:00
[2023-04-08T15:35:36.253-0300] {processor.py:175} INFO - Processing /home/kauanu/PycharmProjects/AirFLowEnade/venv/lib/python3.10/site-packages/airflow/example_dags/example_branch_operator_decorator.py took 0.105 seconds
[2023-04-08T15:36:20.166-0300] {processor.py:153} INFO - Started process (PID=16510) to work on /home/kauanu/PycharmProjects/AirFLowEnade/venv/lib/python3.10/site-packages/airflow/example_dags/example_branch_operator_decorator.py
[2023-04-08T15:36:20.191-0300] {processor.py:743} INFO - Processing file /home/kauanu/PycharmProjects/AirFLowEnade/venv/lib/python3.10/site-packages/airflow/example_dags/example_branch_operator_decorator.py for tasks to queue
[2023-04-08T15:36:20.192-0300] {logging_mixin.py:137} INFO - [2023-04-08T15:36:20.192-0300] {dagbag.py:532} INFO - Filling up the DagBag from /home/kauanu/PycharmProjects/AirFLowEnade/venv/lib/python3.10/site-packages/airflow/example_dags/example_branch_operator_decorator.py
[2023-04-08T15:36:20.237-0300] {processor.py:753} INFO - DAG(s) dict_keys(['example_branch_python_operator_decorator']) retrieved from /home/kauanu/PycharmProjects/AirFLowEnade/venv/lib/python3.10/site-packages/airflow/example_dags/example_branch_operator_decorator.py
[2023-04-08T15:36:20.254-0300] {logging_mixin.py:137} INFO - [2023-04-08T15:36:20.254-0300] {dag.py:2705} INFO - Sync 1 DAGs
[2023-04-08T15:36:20.274-0300] {logging_mixin.py:137} INFO - [2023-04-08T15:36:20.274-0300] {dag.py:3452} INFO - Setting next_dagrun for example_branch_python_operator_decorator to 2023-04-07T00:00:00+00:00, run_after=2023-04-08T00:00:00+00:00
[2023-04-08T15:36:20.368-0300] {processor.py:175} INFO - Processing /home/kauanu/PycharmProjects/AirFLowEnade/venv/lib/python3.10/site-packages/airflow/example_dags/example_branch_operator_decorator.py took 0.204 seconds
