[2023-04-08T15:25:23.582-0300] {processor.py:153} INFO - Started process (PID=13338) to work on /home/kauanu/PycharmProjects/AirFLowEnade/venv/lib/python3.10/site-packages/airflow/example_dags/example_subdag_operator.py
[2023-04-08T15:25:23.584-0300] {processor.py:743} INFO - Processing file /home/kauanu/PycharmProjects/AirFLowEnade/venv/lib/python3.10/site-packages/airflow/example_dags/example_subdag_operator.py for tasks to queue
[2023-04-08T15:25:23.585-0300] {logging_mixin.py:137} INFO - [2023-04-08T15:25:23.585-0300] {dagbag.py:532} INFO - Filling up the DagBag from /home/kauanu/PycharmProjects/AirFLowEnade/venv/lib/python3.10/site-packages/airflow/example_dags/example_subdag_operator.py
[2023-04-08T15:25:23.632-0300] {processor.py:753} INFO - DAG(s) dict_keys(['example_subdag_operator.section-1', 'example_subdag_operator.section-2', 'example_subdag_operator']) retrieved from /home/kauanu/PycharmProjects/AirFLowEnade/venv/lib/python3.10/site-packages/airflow/example_dags/example_subdag_operator.py
[2023-04-08T15:25:23.795-0300] {logging_mixin.py:137} INFO - [2023-04-08T15:25:23.794-0300] {manager.py:504} INFO - Created Permission View: can delete on DAG:example_subdag_operator
[2023-04-08T15:25:23.822-0300] {logging_mixin.py:137} INFO - [2023-04-08T15:25:23.822-0300] {manager.py:504} INFO - Created Permission View: can edit on DAG:example_subdag_operator
[2023-04-08T15:25:23.845-0300] {logging_mixin.py:137} INFO - [2023-04-08T15:25:23.845-0300] {manager.py:504} INFO - Created Permission View: can read on DAG:example_subdag_operator
[2023-04-08T15:25:23.845-0300] {logging_mixin.py:137} INFO - [2023-04-08T15:25:23.845-0300] {dag.py:2705} INFO - Sync 3 DAGs
[2023-04-08T15:25:23.856-0300] {logging_mixin.py:137} INFO - [2023-04-08T15:25:23.856-0300] {dag.py:2726} INFO - Creating ORM DAG for example_subdag_operator.section-1
[2023-04-08T15:25:23.857-0300] {logging_mixin.py:137} INFO - [2023-04-08T15:25:23.857-0300] {dag.py:2726} INFO - Creating ORM DAG for example_subdag_operator
[2023-04-08T15:25:23.857-0300] {logging_mixin.py:137} INFO - [2023-04-08T15:25:23.857-0300] {dag.py:2726} INFO - Creating ORM DAG for example_subdag_operator.section-2
[2023-04-08T15:25:23.872-0300] {logging_mixin.py:137} INFO - [2023-04-08T15:25:23.871-0300] {dag.py:3452} INFO - Setting next_dagrun for example_subdag_operator to 2022-01-01T00:00:00+00:00, run_after=2022-01-01T00:00:00+00:00
[2023-04-08T15:25:23.872-0300] {logging_mixin.py:137} INFO - [2023-04-08T15:25:23.872-0300] {dag.py:3452} INFO - Setting next_dagrun for example_subdag_operator.section-1 to None, run_after=None
[2023-04-08T15:25:23.873-0300] {logging_mixin.py:137} INFO - [2023-04-08T15:25:23.873-0300] {dag.py:3452} INFO - Setting next_dagrun for example_subdag_operator.section-2 to None, run_after=None
[2023-04-08T15:25:23.880-0300] {logging_mixin.py:137} INFO - [2023-04-08T15:25:23.879-0300] {dag.py:2705} INFO - Sync 2 DAGs
[2023-04-08T15:25:23.883-0300] {logging_mixin.py:137} INFO - [2023-04-08T15:25:23.883-0300] {dag.py:3452} INFO - Setting next_dagrun for example_subdag_operator.section-1 to None, run_after=None
[2023-04-08T15:25:23.886-0300] {logging_mixin.py:137} INFO - [2023-04-08T15:25:23.886-0300] {dag.py:3452} INFO - Setting next_dagrun for example_subdag_operator.section-2 to None, run_after=None
[2023-04-08T15:25:23.932-0300] {processor.py:175} INFO - Processing /home/kauanu/PycharmProjects/AirFLowEnade/venv/lib/python3.10/site-packages/airflow/example_dags/example_subdag_operator.py took 0.358 seconds
[2023-04-08T15:26:19.348-0300] {processor.py:153} INFO - Started process (PID=13615) to work on /home/kauanu/PycharmProjects/AirFLowEnade/venv/lib/python3.10/site-packages/airflow/example_dags/example_subdag_operator.py
[2023-04-08T15:26:19.365-0300] {processor.py:743} INFO - Processing file /home/kauanu/PycharmProjects/AirFLowEnade/venv/lib/python3.10/site-packages/airflow/example_dags/example_subdag_operator.py for tasks to queue
[2023-04-08T15:26:19.367-0300] {logging_mixin.py:137} INFO - [2023-04-08T15:26:19.367-0300] {dagbag.py:532} INFO - Filling up the DagBag from /home/kauanu/PycharmProjects/AirFLowEnade/venv/lib/python3.10/site-packages/airflow/example_dags/example_subdag_operator.py
[2023-04-08T15:26:19.509-0300] {processor.py:753} INFO - DAG(s) dict_keys(['example_subdag_operator.section-1', 'example_subdag_operator.section-2', 'example_subdag_operator']) retrieved from /home/kauanu/PycharmProjects/AirFLowEnade/venv/lib/python3.10/site-packages/airflow/example_dags/example_subdag_operator.py
[2023-04-08T15:26:19.607-0300] {logging_mixin.py:137} INFO - [2023-04-08T15:26:19.607-0300] {dag.py:2705} INFO - Sync 3 DAGs
[2023-04-08T15:26:19.699-0300] {logging_mixin.py:137} INFO - [2023-04-08T15:26:19.699-0300] {dag.py:3452} INFO - Setting next_dagrun for example_subdag_operator to 2022-01-01T00:00:00+00:00, run_after=2022-01-01T00:00:00+00:00
[2023-04-08T15:26:19.719-0300] {logging_mixin.py:137} INFO - [2023-04-08T15:26:19.709-0300] {dag.py:3452} INFO - Setting next_dagrun for example_subdag_operator.section-1 to None, run_after=None
[2023-04-08T15:26:19.720-0300] {logging_mixin.py:137} INFO - [2023-04-08T15:26:19.720-0300] {dag.py:3452} INFO - Setting next_dagrun for example_subdag_operator.section-2 to None, run_after=None
[2023-04-08T15:26:19.732-0300] {logging_mixin.py:137} INFO - [2023-04-08T15:26:19.732-0300] {dag.py:2705} INFO - Sync 2 DAGs
[2023-04-08T15:26:19.774-0300] {logging_mixin.py:137} INFO - [2023-04-08T15:26:19.773-0300] {dag.py:3452} INFO - Setting next_dagrun for example_subdag_operator.section-1 to None, run_after=None
[2023-04-08T15:26:19.774-0300] {logging_mixin.py:137} INFO - [2023-04-08T15:26:19.774-0300] {dag.py:3452} INFO - Setting next_dagrun for example_subdag_operator.section-2 to None, run_after=None
[2023-04-08T15:26:19.886-0300] {processor.py:175} INFO - Processing /home/kauanu/PycharmProjects/AirFLowEnade/venv/lib/python3.10/site-packages/airflow/example_dags/example_subdag_operator.py took 0.558 seconds
[2023-04-08T15:27:01.477-0300] {processor.py:153} INFO - Started process (PID=13832) to work on /home/kauanu/PycharmProjects/AirFLowEnade/venv/lib/python3.10/site-packages/airflow/example_dags/example_subdag_operator.py
[2023-04-08T15:27:01.509-0300] {processor.py:743} INFO - Processing file /home/kauanu/PycharmProjects/AirFLowEnade/venv/lib/python3.10/site-packages/airflow/example_dags/example_subdag_operator.py for tasks to queue
[2023-04-08T15:27:01.515-0300] {logging_mixin.py:137} INFO - [2023-04-08T15:27:01.514-0300] {dagbag.py:532} INFO - Filling up the DagBag from /home/kauanu/PycharmProjects/AirFLowEnade/venv/lib/python3.10/site-packages/airflow/example_dags/example_subdag_operator.py
[2023-04-08T15:27:01.566-0300] {processor.py:753} INFO - DAG(s) dict_keys(['example_subdag_operator.section-1', 'example_subdag_operator.section-2', 'example_subdag_operator']) retrieved from /home/kauanu/PycharmProjects/AirFLowEnade/venv/lib/python3.10/site-packages/airflow/example_dags/example_subdag_operator.py
[2023-04-08T15:27:01.600-0300] {logging_mixin.py:137} INFO - [2023-04-08T15:27:01.600-0300] {dag.py:2705} INFO - Sync 3 DAGs
[2023-04-08T15:27:01.629-0300] {logging_mixin.py:137} INFO - [2023-04-08T15:27:01.628-0300] {dag.py:3452} INFO - Setting next_dagrun for example_subdag_operator to 2022-01-01T00:00:00+00:00, run_after=2022-01-01T00:00:00+00:00
[2023-04-08T15:27:01.638-0300] {logging_mixin.py:137} INFO - [2023-04-08T15:27:01.638-0300] {dag.py:3452} INFO - Setting next_dagrun for example_subdag_operator.section-1 to None, run_after=None
[2023-04-08T15:27:01.639-0300] {logging_mixin.py:137} INFO - [2023-04-08T15:27:01.639-0300] {dag.py:3452} INFO - Setting next_dagrun for example_subdag_operator.section-2 to None, run_after=None
[2023-04-08T15:27:01.645-0300] {logging_mixin.py:137} INFO - [2023-04-08T15:27:01.645-0300] {dag.py:2705} INFO - Sync 2 DAGs
[2023-04-08T15:27:01.648-0300] {logging_mixin.py:137} INFO - [2023-04-08T15:27:01.648-0300] {dag.py:3452} INFO - Setting next_dagrun for example_subdag_operator.section-1 to None, run_after=None
[2023-04-08T15:27:01.648-0300] {logging_mixin.py:137} INFO - [2023-04-08T15:27:01.648-0300] {dag.py:3452} INFO - Setting next_dagrun for example_subdag_operator.section-2 to None, run_after=None
[2023-04-08T15:27:01.686-0300] {processor.py:175} INFO - Processing /home/kauanu/PycharmProjects/AirFLowEnade/venv/lib/python3.10/site-packages/airflow/example_dags/example_subdag_operator.py took 0.226 seconds
[2023-04-08T15:27:50.313-0300] {processor.py:153} INFO - Started process (PID=14048) to work on /home/kauanu/PycharmProjects/AirFLowEnade/venv/lib/python3.10/site-packages/airflow/example_dags/example_subdag_operator.py
[2023-04-08T15:27:50.330-0300] {processor.py:743} INFO - Processing file /home/kauanu/PycharmProjects/AirFLowEnade/venv/lib/python3.10/site-packages/airflow/example_dags/example_subdag_operator.py for tasks to queue
[2023-04-08T15:27:50.332-0300] {logging_mixin.py:137} INFO - [2023-04-08T15:27:50.332-0300] {dagbag.py:532} INFO - Filling up the DagBag from /home/kauanu/PycharmProjects/AirFLowEnade/venv/lib/python3.10/site-packages/airflow/example_dags/example_subdag_operator.py
[2023-04-08T15:27:50.374-0300] {processor.py:753} INFO - DAG(s) dict_keys(['example_subdag_operator.section-1', 'example_subdag_operator.section-2', 'example_subdag_operator']) retrieved from /home/kauanu/PycharmProjects/AirFLowEnade/venv/lib/python3.10/site-packages/airflow/example_dags/example_subdag_operator.py
[2023-04-08T15:27:50.401-0300] {logging_mixin.py:137} INFO - [2023-04-08T15:27:50.400-0300] {dag.py:2705} INFO - Sync 3 DAGs
[2023-04-08T15:27:50.423-0300] {logging_mixin.py:137} INFO - [2023-04-08T15:27:50.422-0300] {dag.py:3452} INFO - Setting next_dagrun for example_subdag_operator to 2022-01-01T00:00:00+00:00, run_after=2022-01-01T00:00:00+00:00
[2023-04-08T15:27:50.427-0300] {logging_mixin.py:137} INFO - [2023-04-08T15:27:50.427-0300] {dag.py:3452} INFO - Setting next_dagrun for example_subdag_operator.section-1 to None, run_after=None
[2023-04-08T15:27:50.428-0300] {logging_mixin.py:137} INFO - [2023-04-08T15:27:50.428-0300] {dag.py:3452} INFO - Setting next_dagrun for example_subdag_operator.section-2 to None, run_after=None
[2023-04-08T15:27:50.433-0300] {logging_mixin.py:137} INFO - [2023-04-08T15:27:50.433-0300] {dag.py:2705} INFO - Sync 2 DAGs
[2023-04-08T15:27:50.443-0300] {logging_mixin.py:137} INFO - [2023-04-08T15:27:50.443-0300] {dag.py:3452} INFO - Setting next_dagrun for example_subdag_operator.section-1 to None, run_after=None
[2023-04-08T15:27:50.443-0300] {logging_mixin.py:137} INFO - [2023-04-08T15:27:50.443-0300] {dag.py:3452} INFO - Setting next_dagrun for example_subdag_operator.section-2 to None, run_after=None
[2023-04-08T15:27:50.490-0300] {processor.py:175} INFO - Processing /home/kauanu/PycharmProjects/AirFLowEnade/venv/lib/python3.10/site-packages/airflow/example_dags/example_subdag_operator.py took 0.186 seconds
[2023-04-08T15:28:34.340-0300] {processor.py:153} INFO - Started process (PID=14254) to work on /home/kauanu/PycharmProjects/AirFLowEnade/venv/lib/python3.10/site-packages/airflow/example_dags/example_subdag_operator.py
[2023-04-08T15:28:34.347-0300] {processor.py:743} INFO - Processing file /home/kauanu/PycharmProjects/AirFLowEnade/venv/lib/python3.10/site-packages/airflow/example_dags/example_subdag_operator.py for tasks to queue
[2023-04-08T15:28:34.350-0300] {logging_mixin.py:137} INFO - [2023-04-08T15:28:34.349-0300] {dagbag.py:532} INFO - Filling up the DagBag from /home/kauanu/PycharmProjects/AirFLowEnade/venv/lib/python3.10/site-packages/airflow/example_dags/example_subdag_operator.py
[2023-04-08T15:28:34.384-0300] {processor.py:753} INFO - DAG(s) dict_keys(['example_subdag_operator.section-1', 'example_subdag_operator.section-2', 'example_subdag_operator']) retrieved from /home/kauanu/PycharmProjects/AirFLowEnade/venv/lib/python3.10/site-packages/airflow/example_dags/example_subdag_operator.py
[2023-04-08T15:28:34.402-0300] {logging_mixin.py:137} INFO - [2023-04-08T15:28:34.402-0300] {dag.py:2705} INFO - Sync 3 DAGs
[2023-04-08T15:28:34.418-0300] {logging_mixin.py:137} INFO - [2023-04-08T15:28:34.417-0300] {dag.py:3452} INFO - Setting next_dagrun for example_subdag_operator to 2022-01-01T00:00:00+00:00, run_after=2022-01-01T00:00:00+00:00
[2023-04-08T15:28:34.419-0300] {logging_mixin.py:137} INFO - [2023-04-08T15:28:34.419-0300] {dag.py:3452} INFO - Setting next_dagrun for example_subdag_operator.section-1 to None, run_after=None
[2023-04-08T15:28:34.420-0300] {logging_mixin.py:137} INFO - [2023-04-08T15:28:34.420-0300] {dag.py:3452} INFO - Setting next_dagrun for example_subdag_operator.section-2 to None, run_after=None
[2023-04-08T15:28:34.426-0300] {logging_mixin.py:137} INFO - [2023-04-08T15:28:34.425-0300] {dag.py:2705} INFO - Sync 2 DAGs
[2023-04-08T15:28:34.430-0300] {logging_mixin.py:137} INFO - [2023-04-08T15:28:34.429-0300] {dag.py:3452} INFO - Setting next_dagrun for example_subdag_operator.section-1 to None, run_after=None
[2023-04-08T15:28:34.430-0300] {logging_mixin.py:137} INFO - [2023-04-08T15:28:34.430-0300] {dag.py:3452} INFO - Setting next_dagrun for example_subdag_operator.section-2 to None, run_after=None
[2023-04-08T15:28:34.479-0300] {processor.py:175} INFO - Processing /home/kauanu/PycharmProjects/AirFLowEnade/venv/lib/python3.10/site-packages/airflow/example_dags/example_subdag_operator.py took 0.144 seconds
[2023-04-08T15:29:22.889-0300] {processor.py:153} INFO - Started process (PID=14553) to work on /home/kauanu/PycharmProjects/AirFLowEnade/venv/lib/python3.10/site-packages/airflow/example_dags/example_subdag_operator.py
[2023-04-08T15:29:22.905-0300] {processor.py:743} INFO - Processing file /home/kauanu/PycharmProjects/AirFLowEnade/venv/lib/python3.10/site-packages/airflow/example_dags/example_subdag_operator.py for tasks to queue
[2023-04-08T15:29:22.906-0300] {logging_mixin.py:137} INFO - [2023-04-08T15:29:22.905-0300] {dagbag.py:532} INFO - Filling up the DagBag from /home/kauanu/PycharmProjects/AirFLowEnade/venv/lib/python3.10/site-packages/airflow/example_dags/example_subdag_operator.py
[2023-04-08T15:29:22.926-0300] {processor.py:753} INFO - DAG(s) dict_keys(['example_subdag_operator.section-1', 'example_subdag_operator.section-2', 'example_subdag_operator']) retrieved from /home/kauanu/PycharmProjects/AirFLowEnade/venv/lib/python3.10/site-packages/airflow/example_dags/example_subdag_operator.py
[2023-04-08T15:29:22.939-0300] {logging_mixin.py:137} INFO - [2023-04-08T15:29:22.939-0300] {dag.py:2705} INFO - Sync 3 DAGs
[2023-04-08T15:29:22.953-0300] {logging_mixin.py:137} INFO - [2023-04-08T15:29:22.952-0300] {dag.py:3452} INFO - Setting next_dagrun for example_subdag_operator to 2022-01-01T00:00:00+00:00, run_after=2022-01-01T00:00:00+00:00
[2023-04-08T15:29:22.954-0300] {logging_mixin.py:137} INFO - [2023-04-08T15:29:22.954-0300] {dag.py:3452} INFO - Setting next_dagrun for example_subdag_operator.section-1 to None, run_after=None
[2023-04-08T15:29:22.955-0300] {logging_mixin.py:137} INFO - [2023-04-08T15:29:22.955-0300] {dag.py:3452} INFO - Setting next_dagrun for example_subdag_operator.section-2 to None, run_after=None
[2023-04-08T15:29:22.959-0300] {logging_mixin.py:137} INFO - [2023-04-08T15:29:22.959-0300] {dag.py:2705} INFO - Sync 2 DAGs
[2023-04-08T15:29:22.961-0300] {logging_mixin.py:137} INFO - [2023-04-08T15:29:22.961-0300] {dag.py:3452} INFO - Setting next_dagrun for example_subdag_operator.section-1 to None, run_after=None
[2023-04-08T15:29:22.961-0300] {logging_mixin.py:137} INFO - [2023-04-08T15:29:22.961-0300] {dag.py:3452} INFO - Setting next_dagrun for example_subdag_operator.section-2 to None, run_after=None
[2023-04-08T15:29:22.979-0300] {processor.py:175} INFO - Processing /home/kauanu/PycharmProjects/AirFLowEnade/venv/lib/python3.10/site-packages/airflow/example_dags/example_subdag_operator.py took 0.092 seconds
[2023-04-08T15:30:02.006-0300] {processor.py:153} INFO - Started process (PID=14724) to work on /home/kauanu/PycharmProjects/AirFLowEnade/venv/lib/python3.10/site-packages/airflow/example_dags/example_subdag_operator.py
[2023-04-08T15:30:02.007-0300] {processor.py:743} INFO - Processing file /home/kauanu/PycharmProjects/AirFLowEnade/venv/lib/python3.10/site-packages/airflow/example_dags/example_subdag_operator.py for tasks to queue
[2023-04-08T15:30:02.008-0300] {logging_mixin.py:137} INFO - [2023-04-08T15:30:02.008-0300] {dagbag.py:532} INFO - Filling up the DagBag from /home/kauanu/PycharmProjects/AirFLowEnade/venv/lib/python3.10/site-packages/airflow/example_dags/example_subdag_operator.py
[2023-04-08T15:30:02.049-0300] {processor.py:753} INFO - DAG(s) dict_keys(['example_subdag_operator.section-1', 'example_subdag_operator.section-2', 'example_subdag_operator']) retrieved from /home/kauanu/PycharmProjects/AirFLowEnade/venv/lib/python3.10/site-packages/airflow/example_dags/example_subdag_operator.py
[2023-04-08T15:30:02.077-0300] {logging_mixin.py:137} INFO - [2023-04-08T15:30:02.077-0300] {dag.py:2705} INFO - Sync 3 DAGs
[2023-04-08T15:30:02.120-0300] {logging_mixin.py:137} INFO - [2023-04-08T15:30:02.119-0300] {dag.py:3452} INFO - Setting next_dagrun for example_subdag_operator to 2022-01-01T00:00:00+00:00, run_after=2022-01-01T00:00:00+00:00
[2023-04-08T15:30:02.123-0300] {logging_mixin.py:137} INFO - [2023-04-08T15:30:02.123-0300] {dag.py:3452} INFO - Setting next_dagrun for example_subdag_operator.section-1 to None, run_after=None
[2023-04-08T15:30:02.124-0300] {logging_mixin.py:137} INFO - [2023-04-08T15:30:02.124-0300] {dag.py:3452} INFO - Setting next_dagrun for example_subdag_operator.section-2 to None, run_after=None
[2023-04-08T15:30:02.130-0300] {logging_mixin.py:137} INFO - [2023-04-08T15:30:02.130-0300] {dag.py:2705} INFO - Sync 2 DAGs
[2023-04-08T15:30:02.140-0300] {logging_mixin.py:137} INFO - [2023-04-08T15:30:02.140-0300] {dag.py:3452} INFO - Setting next_dagrun for example_subdag_operator.section-1 to None, run_after=None
[2023-04-08T15:30:02.140-0300] {logging_mixin.py:137} INFO - [2023-04-08T15:30:02.140-0300] {dag.py:3452} INFO - Setting next_dagrun for example_subdag_operator.section-2 to None, run_after=None
[2023-04-08T15:30:02.280-0300] {processor.py:175} INFO - Processing /home/kauanu/PycharmProjects/AirFLowEnade/venv/lib/python3.10/site-packages/airflow/example_dags/example_subdag_operator.py took 0.281 seconds
[2023-04-08T15:30:44.822-0300] {processor.py:153} INFO - Started process (PID=14930) to work on /home/kauanu/PycharmProjects/AirFLowEnade/venv/lib/python3.10/site-packages/airflow/example_dags/example_subdag_operator.py
[2023-04-08T15:30:44.823-0300] {processor.py:743} INFO - Processing file /home/kauanu/PycharmProjects/AirFLowEnade/venv/lib/python3.10/site-packages/airflow/example_dags/example_subdag_operator.py for tasks to queue
[2023-04-08T15:30:44.824-0300] {logging_mixin.py:137} INFO - [2023-04-08T15:30:44.824-0300] {dagbag.py:532} INFO - Filling up the DagBag from /home/kauanu/PycharmProjects/AirFLowEnade/venv/lib/python3.10/site-packages/airflow/example_dags/example_subdag_operator.py
[2023-04-08T15:30:44.850-0300] {processor.py:753} INFO - DAG(s) dict_keys(['example_subdag_operator.section-1', 'example_subdag_operator.section-2', 'example_subdag_operator']) retrieved from /home/kauanu/PycharmProjects/AirFLowEnade/venv/lib/python3.10/site-packages/airflow/example_dags/example_subdag_operator.py
[2023-04-08T15:30:44.866-0300] {logging_mixin.py:137} INFO - [2023-04-08T15:30:44.866-0300] {dag.py:2705} INFO - Sync 3 DAGs
[2023-04-08T15:30:44.881-0300] {logging_mixin.py:137} INFO - [2023-04-08T15:30:44.881-0300] {dag.py:3452} INFO - Setting next_dagrun for example_subdag_operator to 2022-01-01T00:00:00+00:00, run_after=2022-01-01T00:00:00+00:00
[2023-04-08T15:30:44.884-0300] {logging_mixin.py:137} INFO - [2023-04-08T15:30:44.884-0300] {dag.py:3452} INFO - Setting next_dagrun for example_subdag_operator.section-1 to None, run_after=None
[2023-04-08T15:30:44.885-0300] {logging_mixin.py:137} INFO - [2023-04-08T15:30:44.885-0300] {dag.py:3452} INFO - Setting next_dagrun for example_subdag_operator.section-2 to None, run_after=None
[2023-04-08T15:30:44.890-0300] {logging_mixin.py:137} INFO - [2023-04-08T15:30:44.889-0300] {dag.py:2705} INFO - Sync 2 DAGs
[2023-04-08T15:30:44.893-0300] {logging_mixin.py:137} INFO - [2023-04-08T15:30:44.893-0300] {dag.py:3452} INFO - Setting next_dagrun for example_subdag_operator.section-1 to None, run_after=None
[2023-04-08T15:30:44.893-0300] {logging_mixin.py:137} INFO - [2023-04-08T15:30:44.893-0300] {dag.py:3452} INFO - Setting next_dagrun for example_subdag_operator.section-2 to None, run_after=None
[2023-04-08T15:30:44.911-0300] {processor.py:175} INFO - Processing /home/kauanu/PycharmProjects/AirFLowEnade/venv/lib/python3.10/site-packages/airflow/example_dags/example_subdag_operator.py took 0.091 seconds
[2023-04-08T15:31:28.839-0300] {processor.py:153} INFO - Started process (PID=15143) to work on /home/kauanu/PycharmProjects/AirFLowEnade/venv/lib/python3.10/site-packages/airflow/example_dags/example_subdag_operator.py
[2023-04-08T15:31:28.840-0300] {processor.py:743} INFO - Processing file /home/kauanu/PycharmProjects/AirFLowEnade/venv/lib/python3.10/site-packages/airflow/example_dags/example_subdag_operator.py for tasks to queue
[2023-04-08T15:31:28.840-0300] {logging_mixin.py:137} INFO - [2023-04-08T15:31:28.840-0300] {dagbag.py:532} INFO - Filling up the DagBag from /home/kauanu/PycharmProjects/AirFLowEnade/venv/lib/python3.10/site-packages/airflow/example_dags/example_subdag_operator.py
[2023-04-08T15:31:28.861-0300] {processor.py:753} INFO - DAG(s) dict_keys(['example_subdag_operator.section-1', 'example_subdag_operator.section-2', 'example_subdag_operator']) retrieved from /home/kauanu/PycharmProjects/AirFLowEnade/venv/lib/python3.10/site-packages/airflow/example_dags/example_subdag_operator.py
[2023-04-08T15:31:28.875-0300] {logging_mixin.py:137} INFO - [2023-04-08T15:31:28.875-0300] {dag.py:2705} INFO - Sync 3 DAGs
[2023-04-08T15:31:28.888-0300] {logging_mixin.py:137} INFO - [2023-04-08T15:31:28.888-0300] {dag.py:3452} INFO - Setting next_dagrun for example_subdag_operator to 2022-01-01T00:00:00+00:00, run_after=2022-01-01T00:00:00+00:00
[2023-04-08T15:31:28.890-0300] {logging_mixin.py:137} INFO - [2023-04-08T15:31:28.890-0300] {dag.py:3452} INFO - Setting next_dagrun for example_subdag_operator.section-1 to None, run_after=None
[2023-04-08T15:31:28.891-0300] {logging_mixin.py:137} INFO - [2023-04-08T15:31:28.891-0300] {dag.py:3452} INFO - Setting next_dagrun for example_subdag_operator.section-2 to None, run_after=None
[2023-04-08T15:31:28.895-0300] {logging_mixin.py:137} INFO - [2023-04-08T15:31:28.895-0300] {dag.py:2705} INFO - Sync 2 DAGs
[2023-04-08T15:31:28.898-0300] {logging_mixin.py:137} INFO - [2023-04-08T15:31:28.898-0300] {dag.py:3452} INFO - Setting next_dagrun for example_subdag_operator.section-1 to None, run_after=None
[2023-04-08T15:31:28.898-0300] {logging_mixin.py:137} INFO - [2023-04-08T15:31:28.898-0300] {dag.py:3452} INFO - Setting next_dagrun for example_subdag_operator.section-2 to None, run_after=None
[2023-04-08T15:31:28.915-0300] {processor.py:175} INFO - Processing /home/kauanu/PycharmProjects/AirFLowEnade/venv/lib/python3.10/site-packages/airflow/example_dags/example_subdag_operator.py took 0.079 seconds
[2023-04-08T15:32:04.955-0300] {processor.py:153} INFO - Started process (PID=15288) to work on /home/kauanu/PycharmProjects/AirFLowEnade/venv/lib/python3.10/site-packages/airflow/example_dags/example_subdag_operator.py
[2023-04-08T15:32:04.956-0300] {processor.py:743} INFO - Processing file /home/kauanu/PycharmProjects/AirFLowEnade/venv/lib/python3.10/site-packages/airflow/example_dags/example_subdag_operator.py for tasks to queue
[2023-04-08T15:32:04.956-0300] {logging_mixin.py:137} INFO - [2023-04-08T15:32:04.956-0300] {dagbag.py:532} INFO - Filling up the DagBag from /home/kauanu/PycharmProjects/AirFLowEnade/venv/lib/python3.10/site-packages/airflow/example_dags/example_subdag_operator.py
[2023-04-08T15:32:04.975-0300] {processor.py:753} INFO - DAG(s) dict_keys(['example_subdag_operator.section-1', 'example_subdag_operator.section-2', 'example_subdag_operator']) retrieved from /home/kauanu/PycharmProjects/AirFLowEnade/venv/lib/python3.10/site-packages/airflow/example_dags/example_subdag_operator.py
[2023-04-08T15:32:04.988-0300] {logging_mixin.py:137} INFO - [2023-04-08T15:32:04.988-0300] {dag.py:2705} INFO - Sync 3 DAGs
[2023-04-08T15:32:05.001-0300] {logging_mixin.py:137} INFO - [2023-04-08T15:32:05.001-0300] {dag.py:3452} INFO - Setting next_dagrun for example_subdag_operator to 2022-01-01T00:00:00+00:00, run_after=2022-01-01T00:00:00+00:00
[2023-04-08T15:32:05.003-0300] {logging_mixin.py:137} INFO - [2023-04-08T15:32:05.002-0300] {dag.py:3452} INFO - Setting next_dagrun for example_subdag_operator.section-1 to None, run_after=None
[2023-04-08T15:32:05.003-0300] {logging_mixin.py:137} INFO - [2023-04-08T15:32:05.003-0300] {dag.py:3452} INFO - Setting next_dagrun for example_subdag_operator.section-2 to None, run_after=None
[2023-04-08T15:32:05.007-0300] {logging_mixin.py:137} INFO - [2023-04-08T15:32:05.007-0300] {dag.py:2705} INFO - Sync 2 DAGs
[2023-04-08T15:32:05.010-0300] {logging_mixin.py:137} INFO - [2023-04-08T15:32:05.010-0300] {dag.py:3452} INFO - Setting next_dagrun for example_subdag_operator.section-1 to None, run_after=None
[2023-04-08T15:32:05.010-0300] {logging_mixin.py:137} INFO - [2023-04-08T15:32:05.010-0300] {dag.py:3452} INFO - Setting next_dagrun for example_subdag_operator.section-2 to None, run_after=None
[2023-04-08T15:32:05.026-0300] {processor.py:175} INFO - Processing /home/kauanu/PycharmProjects/AirFLowEnade/venv/lib/python3.10/site-packages/airflow/example_dags/example_subdag_operator.py took 0.074 seconds
[2023-04-08T15:32:42.289-0300] {processor.py:153} INFO - Started process (PID=15475) to work on /home/kauanu/PycharmProjects/AirFLowEnade/venv/lib/python3.10/site-packages/airflow/example_dags/example_subdag_operator.py
[2023-04-08T15:32:42.291-0300] {processor.py:743} INFO - Processing file /home/kauanu/PycharmProjects/AirFLowEnade/venv/lib/python3.10/site-packages/airflow/example_dags/example_subdag_operator.py for tasks to queue
[2023-04-08T15:32:42.291-0300] {logging_mixin.py:137} INFO - [2023-04-08T15:32:42.291-0300] {dagbag.py:532} INFO - Filling up the DagBag from /home/kauanu/PycharmProjects/AirFLowEnade/venv/lib/python3.10/site-packages/airflow/example_dags/example_subdag_operator.py
[2023-04-08T15:32:42.311-0300] {processor.py:753} INFO - DAG(s) dict_keys(['example_subdag_operator.section-1', 'example_subdag_operator.section-2', 'example_subdag_operator']) retrieved from /home/kauanu/PycharmProjects/AirFLowEnade/venv/lib/python3.10/site-packages/airflow/example_dags/example_subdag_operator.py
[2023-04-08T15:32:42.324-0300] {logging_mixin.py:137} INFO - [2023-04-08T15:32:42.323-0300] {dag.py:2705} INFO - Sync 3 DAGs
[2023-04-08T15:32:42.337-0300] {logging_mixin.py:137} INFO - [2023-04-08T15:32:42.336-0300] {dag.py:3452} INFO - Setting next_dagrun for example_subdag_operator to 2022-01-01T00:00:00+00:00, run_after=2022-01-01T00:00:00+00:00
[2023-04-08T15:32:42.338-0300] {logging_mixin.py:137} INFO - [2023-04-08T15:32:42.338-0300] {dag.py:3452} INFO - Setting next_dagrun for example_subdag_operator.section-1 to None, run_after=None
[2023-04-08T15:32:42.339-0300] {logging_mixin.py:137} INFO - [2023-04-08T15:32:42.339-0300] {dag.py:3452} INFO - Setting next_dagrun for example_subdag_operator.section-2 to None, run_after=None
[2023-04-08T15:32:42.343-0300] {logging_mixin.py:137} INFO - [2023-04-08T15:32:42.343-0300] {dag.py:2705} INFO - Sync 2 DAGs
[2023-04-08T15:32:42.346-0300] {logging_mixin.py:137} INFO - [2023-04-08T15:32:42.345-0300] {dag.py:3452} INFO - Setting next_dagrun for example_subdag_operator.section-1 to None, run_after=None
[2023-04-08T15:32:42.346-0300] {logging_mixin.py:137} INFO - [2023-04-08T15:32:42.346-0300] {dag.py:3452} INFO - Setting next_dagrun for example_subdag_operator.section-2 to None, run_after=None
[2023-04-08T15:32:42.363-0300] {processor.py:175} INFO - Processing /home/kauanu/PycharmProjects/AirFLowEnade/venv/lib/python3.10/site-packages/airflow/example_dags/example_subdag_operator.py took 0.076 seconds
[2023-04-08T15:33:21.589-0300] {processor.py:153} INFO - Started process (PID=15675) to work on /home/kauanu/PycharmProjects/AirFLowEnade/venv/lib/python3.10/site-packages/airflow/example_dags/example_subdag_operator.py
[2023-04-08T15:33:21.590-0300] {processor.py:743} INFO - Processing file /home/kauanu/PycharmProjects/AirFLowEnade/venv/lib/python3.10/site-packages/airflow/example_dags/example_subdag_operator.py for tasks to queue
[2023-04-08T15:33:21.590-0300] {logging_mixin.py:137} INFO - [2023-04-08T15:33:21.590-0300] {dagbag.py:532} INFO - Filling up the DagBag from /home/kauanu/PycharmProjects/AirFLowEnade/venv/lib/python3.10/site-packages/airflow/example_dags/example_subdag_operator.py
[2023-04-08T15:33:21.610-0300] {processor.py:753} INFO - DAG(s) dict_keys(['example_subdag_operator.section-1', 'example_subdag_operator.section-2', 'example_subdag_operator']) retrieved from /home/kauanu/PycharmProjects/AirFLowEnade/venv/lib/python3.10/site-packages/airflow/example_dags/example_subdag_operator.py
[2023-04-08T15:33:21.625-0300] {logging_mixin.py:137} INFO - [2023-04-08T15:33:21.625-0300] {dag.py:2705} INFO - Sync 3 DAGs
[2023-04-08T15:33:21.639-0300] {logging_mixin.py:137} INFO - [2023-04-08T15:33:21.639-0300] {dag.py:3452} INFO - Setting next_dagrun for example_subdag_operator to 2022-01-01T00:00:00+00:00, run_after=2022-01-01T00:00:00+00:00
[2023-04-08T15:33:21.648-0300] {logging_mixin.py:137} INFO - [2023-04-08T15:33:21.648-0300] {dag.py:3452} INFO - Setting next_dagrun for example_subdag_operator.section-1 to None, run_after=None
[2023-04-08T15:33:21.650-0300] {logging_mixin.py:137} INFO - [2023-04-08T15:33:21.649-0300] {dag.py:3452} INFO - Setting next_dagrun for example_subdag_operator.section-2 to None, run_after=None
[2023-04-08T15:33:21.656-0300] {logging_mixin.py:137} INFO - [2023-04-08T15:33:21.655-0300] {dag.py:2705} INFO - Sync 2 DAGs
[2023-04-08T15:33:21.659-0300] {logging_mixin.py:137} INFO - [2023-04-08T15:33:21.659-0300] {dag.py:3452} INFO - Setting next_dagrun for example_subdag_operator.section-1 to None, run_after=None
[2023-04-08T15:33:21.659-0300] {logging_mixin.py:137} INFO - [2023-04-08T15:33:21.659-0300] {dag.py:3452} INFO - Setting next_dagrun for example_subdag_operator.section-2 to None, run_after=None
[2023-04-08T15:33:21.705-0300] {processor.py:175} INFO - Processing /home/kauanu/PycharmProjects/AirFLowEnade/venv/lib/python3.10/site-packages/airflow/example_dags/example_subdag_operator.py took 0.119 seconds
[2023-04-08T15:34:00.073-0300] {processor.py:153} INFO - Started process (PID=15864) to work on /home/kauanu/PycharmProjects/AirFLowEnade/venv/lib/python3.10/site-packages/airflow/example_dags/example_subdag_operator.py
[2023-04-08T15:34:00.074-0300] {processor.py:743} INFO - Processing file /home/kauanu/PycharmProjects/AirFLowEnade/venv/lib/python3.10/site-packages/airflow/example_dags/example_subdag_operator.py for tasks to queue
[2023-04-08T15:34:00.074-0300] {logging_mixin.py:137} INFO - [2023-04-08T15:34:00.074-0300] {dagbag.py:532} INFO - Filling up the DagBag from /home/kauanu/PycharmProjects/AirFLowEnade/venv/lib/python3.10/site-packages/airflow/example_dags/example_subdag_operator.py
[2023-04-08T15:34:00.094-0300] {processor.py:753} INFO - DAG(s) dict_keys(['example_subdag_operator.section-1', 'example_subdag_operator.section-2', 'example_subdag_operator']) retrieved from /home/kauanu/PycharmProjects/AirFLowEnade/venv/lib/python3.10/site-packages/airflow/example_dags/example_subdag_operator.py
[2023-04-08T15:34:00.107-0300] {logging_mixin.py:137} INFO - [2023-04-08T15:34:00.107-0300] {dag.py:2705} INFO - Sync 3 DAGs
[2023-04-08T15:34:00.121-0300] {logging_mixin.py:137} INFO - [2023-04-08T15:34:00.121-0300] {dag.py:3452} INFO - Setting next_dagrun for example_subdag_operator to 2022-01-01T00:00:00+00:00, run_after=2022-01-01T00:00:00+00:00
[2023-04-08T15:34:00.123-0300] {logging_mixin.py:137} INFO - [2023-04-08T15:34:00.123-0300] {dag.py:3452} INFO - Setting next_dagrun for example_subdag_operator.section-1 to None, run_after=None
[2023-04-08T15:34:00.123-0300] {logging_mixin.py:137} INFO - [2023-04-08T15:34:00.123-0300] {dag.py:3452} INFO - Setting next_dagrun for example_subdag_operator.section-2 to None, run_after=None
[2023-04-08T15:34:00.128-0300] {logging_mixin.py:137} INFO - [2023-04-08T15:34:00.128-0300] {dag.py:2705} INFO - Sync 2 DAGs
[2023-04-08T15:34:00.131-0300] {logging_mixin.py:137} INFO - [2023-04-08T15:34:00.130-0300] {dag.py:3452} INFO - Setting next_dagrun for example_subdag_operator.section-1 to None, run_after=None
[2023-04-08T15:34:00.131-0300] {logging_mixin.py:137} INFO - [2023-04-08T15:34:00.131-0300] {dag.py:3452} INFO - Setting next_dagrun for example_subdag_operator.section-2 to None, run_after=None
[2023-04-08T15:34:00.147-0300] {processor.py:175} INFO - Processing /home/kauanu/PycharmProjects/AirFLowEnade/venv/lib/python3.10/site-packages/airflow/example_dags/example_subdag_operator.py took 0.077 seconds
[2023-04-08T15:34:36.380-0300] {processor.py:153} INFO - Started process (PID=16019) to work on /home/kauanu/PycharmProjects/AirFLowEnade/venv/lib/python3.10/site-packages/airflow/example_dags/example_subdag_operator.py
[2023-04-08T15:34:36.398-0300] {processor.py:743} INFO - Processing file /home/kauanu/PycharmProjects/AirFLowEnade/venv/lib/python3.10/site-packages/airflow/example_dags/example_subdag_operator.py for tasks to queue
[2023-04-08T15:34:36.398-0300] {logging_mixin.py:137} INFO - [2023-04-08T15:34:36.398-0300] {dagbag.py:532} INFO - Filling up the DagBag from /home/kauanu/PycharmProjects/AirFLowEnade/venv/lib/python3.10/site-packages/airflow/example_dags/example_subdag_operator.py
[2023-04-08T15:34:36.417-0300] {processor.py:753} INFO - DAG(s) dict_keys(['example_subdag_operator.section-1', 'example_subdag_operator.section-2', 'example_subdag_operator']) retrieved from /home/kauanu/PycharmProjects/AirFLowEnade/venv/lib/python3.10/site-packages/airflow/example_dags/example_subdag_operator.py
[2023-04-08T15:34:36.431-0300] {logging_mixin.py:137} INFO - [2023-04-08T15:34:36.431-0300] {dag.py:2705} INFO - Sync 3 DAGs
[2023-04-08T15:34:36.445-0300] {logging_mixin.py:137} INFO - [2023-04-08T15:34:36.445-0300] {dag.py:3452} INFO - Setting next_dagrun for example_subdag_operator to 2022-01-01T00:00:00+00:00, run_after=2022-01-01T00:00:00+00:00
[2023-04-08T15:34:36.447-0300] {logging_mixin.py:137} INFO - [2023-04-08T15:34:36.447-0300] {dag.py:3452} INFO - Setting next_dagrun for example_subdag_operator.section-1 to None, run_after=None
[2023-04-08T15:34:36.448-0300] {logging_mixin.py:137} INFO - [2023-04-08T15:34:36.448-0300] {dag.py:3452} INFO - Setting next_dagrun for example_subdag_operator.section-2 to None, run_after=None
[2023-04-08T15:34:36.452-0300] {logging_mixin.py:137} INFO - [2023-04-08T15:34:36.452-0300] {dag.py:2705} INFO - Sync 2 DAGs
[2023-04-08T15:34:36.455-0300] {logging_mixin.py:137} INFO - [2023-04-08T15:34:36.455-0300] {dag.py:3452} INFO - Setting next_dagrun for example_subdag_operator.section-1 to None, run_after=None
[2023-04-08T15:34:36.455-0300] {logging_mixin.py:137} INFO - [2023-04-08T15:34:36.455-0300] {dag.py:3452} INFO - Setting next_dagrun for example_subdag_operator.section-2 to None, run_after=None
[2023-04-08T15:34:36.507-0300] {processor.py:175} INFO - Processing /home/kauanu/PycharmProjects/AirFLowEnade/venv/lib/python3.10/site-packages/airflow/example_dags/example_subdag_operator.py took 0.131 seconds
[2023-04-08T15:35:18.940-0300] {processor.py:153} INFO - Started process (PID=16224) to work on /home/kauanu/PycharmProjects/AirFLowEnade/venv/lib/python3.10/site-packages/airflow/example_dags/example_subdag_operator.py
[2023-04-08T15:35:18.970-0300] {processor.py:743} INFO - Processing file /home/kauanu/PycharmProjects/AirFLowEnade/venv/lib/python3.10/site-packages/airflow/example_dags/example_subdag_operator.py for tasks to queue
[2023-04-08T15:35:18.972-0300] {logging_mixin.py:137} INFO - [2023-04-08T15:35:18.971-0300] {dagbag.py:532} INFO - Filling up the DagBag from /home/kauanu/PycharmProjects/AirFLowEnade/venv/lib/python3.10/site-packages/airflow/example_dags/example_subdag_operator.py
[2023-04-08T15:35:18.994-0300] {processor.py:753} INFO - DAG(s) dict_keys(['example_subdag_operator.section-1', 'example_subdag_operator.section-2', 'example_subdag_operator']) retrieved from /home/kauanu/PycharmProjects/AirFLowEnade/venv/lib/python3.10/site-packages/airflow/example_dags/example_subdag_operator.py
[2023-04-08T15:35:19.009-0300] {logging_mixin.py:137} INFO - [2023-04-08T15:35:19.009-0300] {dag.py:2705} INFO - Sync 3 DAGs
[2023-04-08T15:35:19.022-0300] {logging_mixin.py:137} INFO - [2023-04-08T15:35:19.022-0300] {dag.py:3452} INFO - Setting next_dagrun for example_subdag_operator to 2022-01-01T00:00:00+00:00, run_after=2022-01-01T00:00:00+00:00
[2023-04-08T15:35:19.024-0300] {logging_mixin.py:137} INFO - [2023-04-08T15:35:19.024-0300] {dag.py:3452} INFO - Setting next_dagrun for example_subdag_operator.section-1 to None, run_after=None
[2023-04-08T15:35:19.025-0300] {logging_mixin.py:137} INFO - [2023-04-08T15:35:19.024-0300] {dag.py:3452} INFO - Setting next_dagrun for example_subdag_operator.section-2 to None, run_after=None
[2023-04-08T15:35:19.029-0300] {logging_mixin.py:137} INFO - [2023-04-08T15:35:19.029-0300] {dag.py:2705} INFO - Sync 2 DAGs
[2023-04-08T15:35:19.031-0300] {logging_mixin.py:137} INFO - [2023-04-08T15:35:19.031-0300] {dag.py:3452} INFO - Setting next_dagrun for example_subdag_operator.section-1 to None, run_after=None
[2023-04-08T15:35:19.032-0300] {logging_mixin.py:137} INFO - [2023-04-08T15:35:19.032-0300] {dag.py:3452} INFO - Setting next_dagrun for example_subdag_operator.section-2 to None, run_after=None
[2023-04-08T15:35:19.057-0300] {processor.py:175} INFO - Processing /home/kauanu/PycharmProjects/AirFLowEnade/venv/lib/python3.10/site-packages/airflow/example_dags/example_subdag_operator.py took 0.120 seconds
[2023-04-08T15:36:00.987-0300] {processor.py:153} INFO - Started process (PID=16436) to work on /home/kauanu/PycharmProjects/AirFLowEnade/venv/lib/python3.10/site-packages/airflow/example_dags/example_subdag_operator.py
[2023-04-08T15:36:01.046-0300] {processor.py:743} INFO - Processing file /home/kauanu/PycharmProjects/AirFLowEnade/venv/lib/python3.10/site-packages/airflow/example_dags/example_subdag_operator.py for tasks to queue
[2023-04-08T15:36:01.047-0300] {logging_mixin.py:137} INFO - [2023-04-08T15:36:01.047-0300] {dagbag.py:532} INFO - Filling up the DagBag from /home/kauanu/PycharmProjects/AirFLowEnade/venv/lib/python3.10/site-packages/airflow/example_dags/example_subdag_operator.py
[2023-04-08T15:36:01.081-0300] {processor.py:753} INFO - DAG(s) dict_keys(['example_subdag_operator.section-1', 'example_subdag_operator.section-2', 'example_subdag_operator']) retrieved from /home/kauanu/PycharmProjects/AirFLowEnade/venv/lib/python3.10/site-packages/airflow/example_dags/example_subdag_operator.py
[2023-04-08T15:36:01.094-0300] {logging_mixin.py:137} INFO - [2023-04-08T15:36:01.094-0300] {dag.py:2705} INFO - Sync 3 DAGs
[2023-04-08T15:36:01.109-0300] {logging_mixin.py:137} INFO - [2023-04-08T15:36:01.109-0300] {dag.py:3452} INFO - Setting next_dagrun for example_subdag_operator to 2022-01-01T00:00:00+00:00, run_after=2022-01-01T00:00:00+00:00
[2023-04-08T15:36:01.111-0300] {logging_mixin.py:137} INFO - [2023-04-08T15:36:01.111-0300] {dag.py:3452} INFO - Setting next_dagrun for example_subdag_operator.section-1 to None, run_after=None
[2023-04-08T15:36:01.112-0300] {logging_mixin.py:137} INFO - [2023-04-08T15:36:01.111-0300] {dag.py:3452} INFO - Setting next_dagrun for example_subdag_operator.section-2 to None, run_after=None
[2023-04-08T15:36:01.115-0300] {logging_mixin.py:137} INFO - [2023-04-08T15:36:01.115-0300] {dag.py:2705} INFO - Sync 2 DAGs
[2023-04-08T15:36:01.118-0300] {logging_mixin.py:137} INFO - [2023-04-08T15:36:01.118-0300] {dag.py:3452} INFO - Setting next_dagrun for example_subdag_operator.section-1 to None, run_after=None
[2023-04-08T15:36:01.118-0300] {logging_mixin.py:137} INFO - [2023-04-08T15:36:01.118-0300] {dag.py:3452} INFO - Setting next_dagrun for example_subdag_operator.section-2 to None, run_after=None
[2023-04-08T15:36:01.183-0300] {processor.py:175} INFO - Processing /home/kauanu/PycharmProjects/AirFLowEnade/venv/lib/python3.10/site-packages/airflow/example_dags/example_subdag_operator.py took 0.199 seconds
[2023-04-08T15:36:54.068-0300] {processor.py:153} INFO - Started process (PID=16663) to work on /home/kauanu/PycharmProjects/AirFLowEnade/venv/lib/python3.10/site-packages/airflow/example_dags/example_subdag_operator.py
[2023-04-08T15:36:54.079-0300] {processor.py:743} INFO - Processing file /home/kauanu/PycharmProjects/AirFLowEnade/venv/lib/python3.10/site-packages/airflow/example_dags/example_subdag_operator.py for tasks to queue
[2023-04-08T15:36:54.079-0300] {logging_mixin.py:137} INFO - [2023-04-08T15:36:54.079-0300] {dagbag.py:532} INFO - Filling up the DagBag from /home/kauanu/PycharmProjects/AirFLowEnade/venv/lib/python3.10/site-packages/airflow/example_dags/example_subdag_operator.py
[2023-04-08T15:36:54.111-0300] {processor.py:753} INFO - DAG(s) dict_keys(['example_subdag_operator.section-1', 'example_subdag_operator.section-2', 'example_subdag_operator']) retrieved from /home/kauanu/PycharmProjects/AirFLowEnade/venv/lib/python3.10/site-packages/airflow/example_dags/example_subdag_operator.py
[2023-04-08T15:36:54.126-0300] {logging_mixin.py:137} INFO - [2023-04-08T15:36:54.126-0300] {dag.py:2705} INFO - Sync 3 DAGs
[2023-04-08T15:36:54.147-0300] {logging_mixin.py:137} INFO - [2023-04-08T15:36:54.146-0300] {dag.py:3452} INFO - Setting next_dagrun for example_subdag_operator to 2022-01-01T00:00:00+00:00, run_after=2022-01-01T00:00:00+00:00
[2023-04-08T15:36:54.149-0300] {logging_mixin.py:137} INFO - [2023-04-08T15:36:54.149-0300] {dag.py:3452} INFO - Setting next_dagrun for example_subdag_operator.section-1 to None, run_after=None
[2023-04-08T15:36:54.150-0300] {logging_mixin.py:137} INFO - [2023-04-08T15:36:54.150-0300] {dag.py:3452} INFO - Setting next_dagrun for example_subdag_operator.section-2 to None, run_after=None
[2023-04-08T15:36:54.157-0300] {logging_mixin.py:137} INFO - [2023-04-08T15:36:54.156-0300] {dag.py:2705} INFO - Sync 2 DAGs
[2023-04-08T15:36:54.161-0300] {logging_mixin.py:137} INFO - [2023-04-08T15:36:54.160-0300] {dag.py:3452} INFO - Setting next_dagrun for example_subdag_operator.section-1 to None, run_after=None
[2023-04-08T15:36:54.161-0300] {logging_mixin.py:137} INFO - [2023-04-08T15:36:54.161-0300] {dag.py:3452} INFO - Setting next_dagrun for example_subdag_operator.section-2 to None, run_after=None
[2023-04-08T15:36:54.178-0300] {processor.py:175} INFO - Processing /home/kauanu/PycharmProjects/AirFLowEnade/venv/lib/python3.10/site-packages/airflow/example_dags/example_subdag_operator.py took 0.113 seconds
