[2023-04-08T15:25:58.824-0300] {processor.py:153} INFO - Started process (PID=13509) to work on /home/kauanu/PycharmProjects/AirFLowEnade/venv/lib/python3.10/site-packages/airflow/example_dags/example_branch_day_of_week_operator.py
[2023-04-08T15:25:58.826-0300] {processor.py:743} INFO - Processing file /home/kauanu/PycharmProjects/AirFLowEnade/venv/lib/python3.10/site-packages/airflow/example_dags/example_branch_day_of_week_operator.py for tasks to queue
[2023-04-08T15:25:58.828-0300] {logging_mixin.py:137} INFO - [2023-04-08T15:25:58.828-0300] {dagbag.py:532} INFO - Filling up the DagBag from /home/kauanu/PycharmProjects/AirFLowEnade/venv/lib/python3.10/site-packages/airflow/example_dags/example_branch_day_of_week_operator.py
[2023-04-08T15:25:58.858-0300] {processor.py:753} INFO - DAG(s) dict_keys(['example_weekday_branch_operator']) retrieved from /home/kauanu/PycharmProjects/AirFLowEnade/venv/lib/python3.10/site-packages/airflow/example_dags/example_branch_day_of_week_operator.py
[2023-04-08T15:25:58.980-0300] {logging_mixin.py:137} INFO - [2023-04-08T15:25:58.979-0300] {manager.py:504} INFO - Created Permission View: can delete on DAG:example_weekday_branch_operator
[2023-04-08T15:25:59.001-0300] {logging_mixin.py:137} INFO - [2023-04-08T15:25:59.001-0300] {manager.py:504} INFO - Created Permission View: can edit on DAG:example_weekday_branch_operator
[2023-04-08T15:25:59.016-0300] {logging_mixin.py:137} INFO - [2023-04-08T15:25:59.016-0300] {manager.py:504} INFO - Created Permission View: can read on DAG:example_weekday_branch_operator
[2023-04-08T15:25:59.017-0300] {logging_mixin.py:137} INFO - [2023-04-08T15:25:59.017-0300] {dag.py:2705} INFO - Sync 1 DAGs
[2023-04-08T15:25:59.023-0300] {logging_mixin.py:137} INFO - [2023-04-08T15:25:59.023-0300] {dag.py:2726} INFO - Creating ORM DAG for example_weekday_branch_operator
[2023-04-08T15:25:59.029-0300] {logging_mixin.py:137} INFO - [2023-04-08T15:25:59.029-0300] {dag.py:3452} INFO - Setting next_dagrun for example_weekday_branch_operator to 2023-04-07T00:00:00+00:00, run_after=2023-04-08T00:00:00+00:00
[2023-04-08T15:25:59.059-0300] {processor.py:175} INFO - Processing /home/kauanu/PycharmProjects/AirFLowEnade/venv/lib/python3.10/site-packages/airflow/example_dags/example_branch_day_of_week_operator.py took 0.240 seconds
[2023-04-08T15:26:49.493-0300] {processor.py:153} INFO - Started process (PID=13770) to work on /home/kauanu/PycharmProjects/AirFLowEnade/venv/lib/python3.10/site-packages/airflow/example_dags/example_branch_day_of_week_operator.py
[2023-04-08T15:26:49.494-0300] {processor.py:743} INFO - Processing file /home/kauanu/PycharmProjects/AirFLowEnade/venv/lib/python3.10/site-packages/airflow/example_dags/example_branch_day_of_week_operator.py for tasks to queue
[2023-04-08T15:26:49.495-0300] {logging_mixin.py:137} INFO - [2023-04-08T15:26:49.494-0300] {dagbag.py:532} INFO - Filling up the DagBag from /home/kauanu/PycharmProjects/AirFLowEnade/venv/lib/python3.10/site-packages/airflow/example_dags/example_branch_day_of_week_operator.py
[2023-04-08T15:26:49.510-0300] {processor.py:753} INFO - DAG(s) dict_keys(['example_weekday_branch_operator']) retrieved from /home/kauanu/PycharmProjects/AirFLowEnade/venv/lib/python3.10/site-packages/airflow/example_dags/example_branch_day_of_week_operator.py
[2023-04-08T15:26:49.529-0300] {logging_mixin.py:137} INFO - [2023-04-08T15:26:49.529-0300] {dag.py:2705} INFO - Sync 1 DAGs
[2023-04-08T15:26:49.547-0300] {logging_mixin.py:137} INFO - [2023-04-08T15:26:49.547-0300] {dag.py:3452} INFO - Setting next_dagrun for example_weekday_branch_operator to 2023-04-07T00:00:00+00:00, run_after=2023-04-08T00:00:00+00:00
[2023-04-08T15:26:49.589-0300] {processor.py:175} INFO - Processing /home/kauanu/PycharmProjects/AirFLowEnade/venv/lib/python3.10/site-packages/airflow/example_dags/example_branch_day_of_week_operator.py took 0.099 seconds
[2023-04-08T15:27:57.899-0300] {processor.py:153} INFO - Started process (PID=14074) to work on /home/kauanu/PycharmProjects/AirFLowEnade/venv/lib/python3.10/site-packages/airflow/example_dags/example_branch_day_of_week_operator.py
[2023-04-08T15:27:57.909-0300] {processor.py:743} INFO - Processing file /home/kauanu/PycharmProjects/AirFLowEnade/venv/lib/python3.10/site-packages/airflow/example_dags/example_branch_day_of_week_operator.py for tasks to queue
[2023-04-08T15:27:57.911-0300] {logging_mixin.py:137} INFO - [2023-04-08T15:27:57.910-0300] {dagbag.py:532} INFO - Filling up the DagBag from /home/kauanu/PycharmProjects/AirFLowEnade/venv/lib/python3.10/site-packages/airflow/example_dags/example_branch_day_of_week_operator.py
[2023-04-08T15:27:57.945-0300] {processor.py:753} INFO - DAG(s) dict_keys(['example_weekday_branch_operator']) retrieved from /home/kauanu/PycharmProjects/AirFLowEnade/venv/lib/python3.10/site-packages/airflow/example_dags/example_branch_day_of_week_operator.py
[2023-04-08T15:27:57.977-0300] {logging_mixin.py:137} INFO - [2023-04-08T15:27:57.976-0300] {dag.py:2705} INFO - Sync 1 DAGs
[2023-04-08T15:27:57.999-0300] {logging_mixin.py:137} INFO - [2023-04-08T15:27:57.999-0300] {dag.py:3452} INFO - Setting next_dagrun for example_weekday_branch_operator to 2023-04-07T00:00:00+00:00, run_after=2023-04-08T00:00:00+00:00
[2023-04-08T15:27:58.049-0300] {processor.py:175} INFO - Processing /home/kauanu/PycharmProjects/AirFLowEnade/venv/lib/python3.10/site-packages/airflow/example_dags/example_branch_day_of_week_operator.py took 0.160 seconds
[2023-04-08T15:28:46.582-0300] {processor.py:153} INFO - Started process (PID=14310) to work on /home/kauanu/PycharmProjects/AirFLowEnade/venv/lib/python3.10/site-packages/airflow/example_dags/example_branch_day_of_week_operator.py
[2023-04-08T15:28:46.611-0300] {processor.py:743} INFO - Processing file /home/kauanu/PycharmProjects/AirFLowEnade/venv/lib/python3.10/site-packages/airflow/example_dags/example_branch_day_of_week_operator.py for tasks to queue
[2023-04-08T15:28:46.612-0300] {logging_mixin.py:137} INFO - [2023-04-08T15:28:46.612-0300] {dagbag.py:532} INFO - Filling up the DagBag from /home/kauanu/PycharmProjects/AirFLowEnade/venv/lib/python3.10/site-packages/airflow/example_dags/example_branch_day_of_week_operator.py
[2023-04-08T15:28:46.636-0300] {processor.py:753} INFO - DAG(s) dict_keys(['example_weekday_branch_operator']) retrieved from /home/kauanu/PycharmProjects/AirFLowEnade/venv/lib/python3.10/site-packages/airflow/example_dags/example_branch_day_of_week_operator.py
[2023-04-08T15:28:46.670-0300] {logging_mixin.py:137} INFO - [2023-04-08T15:28:46.670-0300] {dag.py:2705} INFO - Sync 1 DAGs
[2023-04-08T15:28:46.688-0300] {logging_mixin.py:137} INFO - [2023-04-08T15:28:46.687-0300] {dag.py:3452} INFO - Setting next_dagrun for example_weekday_branch_operator to 2023-04-07T00:00:00+00:00, run_after=2023-04-08T00:00:00+00:00
[2023-04-08T15:28:46.779-0300] {processor.py:175} INFO - Processing /home/kauanu/PycharmProjects/AirFLowEnade/venv/lib/python3.10/site-packages/airflow/example_dags/example_branch_day_of_week_operator.py took 0.201 seconds
[2023-04-08T15:29:52.807-0300] {processor.py:153} INFO - Started process (PID=14676) to work on /home/kauanu/PycharmProjects/AirFLowEnade/venv/lib/python3.10/site-packages/airflow/example_dags/example_branch_day_of_week_operator.py
[2023-04-08T15:29:52.818-0300] {processor.py:743} INFO - Processing file /home/kauanu/PycharmProjects/AirFLowEnade/venv/lib/python3.10/site-packages/airflow/example_dags/example_branch_day_of_week_operator.py for tasks to queue
[2023-04-08T15:29:52.819-0300] {logging_mixin.py:137} INFO - [2023-04-08T15:29:52.819-0300] {dagbag.py:532} INFO - Filling up the DagBag from /home/kauanu/PycharmProjects/AirFLowEnade/venv/lib/python3.10/site-packages/airflow/example_dags/example_branch_day_of_week_operator.py
[2023-04-08T15:29:52.830-0300] {processor.py:753} INFO - DAG(s) dict_keys(['example_weekday_branch_operator']) retrieved from /home/kauanu/PycharmProjects/AirFLowEnade/venv/lib/python3.10/site-packages/airflow/example_dags/example_branch_day_of_week_operator.py
[2023-04-08T15:29:52.848-0300] {logging_mixin.py:137} INFO - [2023-04-08T15:29:52.848-0300] {dag.py:2705} INFO - Sync 1 DAGs
[2023-04-08T15:29:52.876-0300] {logging_mixin.py:137} INFO - [2023-04-08T15:29:52.876-0300] {dag.py:3452} INFO - Setting next_dagrun for example_weekday_branch_operator to 2023-04-07T00:00:00+00:00, run_after=2023-04-08T00:00:00+00:00
[2023-04-08T15:29:52.925-0300] {processor.py:175} INFO - Processing /home/kauanu/PycharmProjects/AirFLowEnade/venv/lib/python3.10/site-packages/airflow/example_dags/example_branch_day_of_week_operator.py took 0.122 seconds
[2023-04-08T15:30:35.921-0300] {processor.py:153} INFO - Started process (PID=14902) to work on /home/kauanu/PycharmProjects/AirFLowEnade/venv/lib/python3.10/site-packages/airflow/example_dags/example_branch_day_of_week_operator.py
[2023-04-08T15:30:35.931-0300] {processor.py:743} INFO - Processing file /home/kauanu/PycharmProjects/AirFLowEnade/venv/lib/python3.10/site-packages/airflow/example_dags/example_branch_day_of_week_operator.py for tasks to queue
[2023-04-08T15:30:35.932-0300] {logging_mixin.py:137} INFO - [2023-04-08T15:30:35.932-0300] {dagbag.py:532} INFO - Filling up the DagBag from /home/kauanu/PycharmProjects/AirFLowEnade/venv/lib/python3.10/site-packages/airflow/example_dags/example_branch_day_of_week_operator.py
[2023-04-08T15:30:35.944-0300] {processor.py:753} INFO - DAG(s) dict_keys(['example_weekday_branch_operator']) retrieved from /home/kauanu/PycharmProjects/AirFLowEnade/venv/lib/python3.10/site-packages/airflow/example_dags/example_branch_day_of_week_operator.py
[2023-04-08T15:30:35.960-0300] {logging_mixin.py:137} INFO - [2023-04-08T15:30:35.960-0300] {dag.py:2705} INFO - Sync 1 DAGs
[2023-04-08T15:30:35.975-0300] {logging_mixin.py:137} INFO - [2023-04-08T15:30:35.975-0300] {dag.py:3452} INFO - Setting next_dagrun for example_weekday_branch_operator to 2023-04-07T00:00:00+00:00, run_after=2023-04-08T00:00:00+00:00
[2023-04-08T15:30:36.002-0300] {processor.py:175} INFO - Processing /home/kauanu/PycharmProjects/AirFLowEnade/venv/lib/python3.10/site-packages/airflow/example_dags/example_branch_day_of_week_operator.py took 0.083 seconds
[2023-04-08T15:31:20.241-0300] {processor.py:153} INFO - Started process (PID=15099) to work on /home/kauanu/PycharmProjects/AirFLowEnade/venv/lib/python3.10/site-packages/airflow/example_dags/example_branch_day_of_week_operator.py
[2023-04-08T15:31:20.243-0300] {processor.py:743} INFO - Processing file /home/kauanu/PycharmProjects/AirFLowEnade/venv/lib/python3.10/site-packages/airflow/example_dags/example_branch_day_of_week_operator.py for tasks to queue
[2023-04-08T15:31:20.243-0300] {logging_mixin.py:137} INFO - [2023-04-08T15:31:20.243-0300] {dagbag.py:532} INFO - Filling up the DagBag from /home/kauanu/PycharmProjects/AirFLowEnade/venv/lib/python3.10/site-packages/airflow/example_dags/example_branch_day_of_week_operator.py
[2023-04-08T15:31:20.255-0300] {processor.py:753} INFO - DAG(s) dict_keys(['example_weekday_branch_operator']) retrieved from /home/kauanu/PycharmProjects/AirFLowEnade/venv/lib/python3.10/site-packages/airflow/example_dags/example_branch_day_of_week_operator.py
[2023-04-08T15:31:20.270-0300] {logging_mixin.py:137} INFO - [2023-04-08T15:31:20.269-0300] {dag.py:2705} INFO - Sync 1 DAGs
[2023-04-08T15:31:20.285-0300] {logging_mixin.py:137} INFO - [2023-04-08T15:31:20.285-0300] {dag.py:3452} INFO - Setting next_dagrun for example_weekday_branch_operator to 2023-04-07T00:00:00+00:00, run_after=2023-04-08T00:00:00+00:00
[2023-04-08T15:31:20.328-0300] {processor.py:175} INFO - Processing /home/kauanu/PycharmProjects/AirFLowEnade/venv/lib/python3.10/site-packages/airflow/example_dags/example_branch_day_of_week_operator.py took 0.089 seconds
[2023-04-08T15:32:07.810-0300] {processor.py:153} INFO - Started process (PID=15325) to work on /home/kauanu/PycharmProjects/AirFLowEnade/venv/lib/python3.10/site-packages/airflow/example_dags/example_branch_day_of_week_operator.py
[2023-04-08T15:32:07.823-0300] {processor.py:743} INFO - Processing file /home/kauanu/PycharmProjects/AirFLowEnade/venv/lib/python3.10/site-packages/airflow/example_dags/example_branch_day_of_week_operator.py for tasks to queue
[2023-04-08T15:32:07.823-0300] {logging_mixin.py:137} INFO - [2023-04-08T15:32:07.823-0300] {dagbag.py:532} INFO - Filling up the DagBag from /home/kauanu/PycharmProjects/AirFLowEnade/venv/lib/python3.10/site-packages/airflow/example_dags/example_branch_day_of_week_operator.py
[2023-04-08T15:32:07.837-0300] {processor.py:753} INFO - DAG(s) dict_keys(['example_weekday_branch_operator']) retrieved from /home/kauanu/PycharmProjects/AirFLowEnade/venv/lib/python3.10/site-packages/airflow/example_dags/example_branch_day_of_week_operator.py
[2023-04-08T15:32:07.852-0300] {logging_mixin.py:137} INFO - [2023-04-08T15:32:07.852-0300] {dag.py:2705} INFO - Sync 1 DAGs
[2023-04-08T15:32:07.868-0300] {logging_mixin.py:137} INFO - [2023-04-08T15:32:07.868-0300] {dag.py:3452} INFO - Setting next_dagrun for example_weekday_branch_operator to 2023-04-07T00:00:00+00:00, run_after=2023-04-08T00:00:00+00:00
[2023-04-08T15:32:07.890-0300] {processor.py:175} INFO - Processing /home/kauanu/PycharmProjects/AirFLowEnade/venv/lib/python3.10/site-packages/airflow/example_dags/example_branch_day_of_week_operator.py took 0.083 seconds
[2023-04-08T15:32:59.033-0300] {processor.py:153} INFO - Started process (PID=15584) to work on /home/kauanu/PycharmProjects/AirFLowEnade/venv/lib/python3.10/site-packages/airflow/example_dags/example_branch_day_of_week_operator.py
[2023-04-08T15:32:59.043-0300] {processor.py:743} INFO - Processing file /home/kauanu/PycharmProjects/AirFLowEnade/venv/lib/python3.10/site-packages/airflow/example_dags/example_branch_day_of_week_operator.py for tasks to queue
[2023-04-08T15:32:59.044-0300] {logging_mixin.py:137} INFO - [2023-04-08T15:32:59.044-0300] {dagbag.py:532} INFO - Filling up the DagBag from /home/kauanu/PycharmProjects/AirFLowEnade/venv/lib/python3.10/site-packages/airflow/example_dags/example_branch_day_of_week_operator.py
[2023-04-08T15:32:59.055-0300] {processor.py:753} INFO - DAG(s) dict_keys(['example_weekday_branch_operator']) retrieved from /home/kauanu/PycharmProjects/AirFLowEnade/venv/lib/python3.10/site-packages/airflow/example_dags/example_branch_day_of_week_operator.py
[2023-04-08T15:32:59.070-0300] {logging_mixin.py:137} INFO - [2023-04-08T15:32:59.070-0300] {dag.py:2705} INFO - Sync 1 DAGs
[2023-04-08T15:32:59.083-0300] {logging_mixin.py:137} INFO - [2023-04-08T15:32:59.083-0300] {dag.py:3452} INFO - Setting next_dagrun for example_weekday_branch_operator to 2023-04-07T00:00:00+00:00, run_after=2023-04-08T00:00:00+00:00
[2023-04-08T15:32:59.114-0300] {processor.py:175} INFO - Processing /home/kauanu/PycharmProjects/AirFLowEnade/venv/lib/python3.10/site-packages/airflow/example_dags/example_branch_day_of_week_operator.py took 0.084 seconds
[2023-04-08T15:33:39.694-0300] {processor.py:153} INFO - Started process (PID=15767) to work on /home/kauanu/PycharmProjects/AirFLowEnade/venv/lib/python3.10/site-packages/airflow/example_dags/example_branch_day_of_week_operator.py
[2023-04-08T15:33:39.710-0300] {processor.py:743} INFO - Processing file /home/kauanu/PycharmProjects/AirFLowEnade/venv/lib/python3.10/site-packages/airflow/example_dags/example_branch_day_of_week_operator.py for tasks to queue
[2023-04-08T15:33:39.711-0300] {logging_mixin.py:137} INFO - [2023-04-08T15:33:39.711-0300] {dagbag.py:532} INFO - Filling up the DagBag from /home/kauanu/PycharmProjects/AirFLowEnade/venv/lib/python3.10/site-packages/airflow/example_dags/example_branch_day_of_week_operator.py
[2023-04-08T15:33:39.723-0300] {processor.py:753} INFO - DAG(s) dict_keys(['example_weekday_branch_operator']) retrieved from /home/kauanu/PycharmProjects/AirFLowEnade/venv/lib/python3.10/site-packages/airflow/example_dags/example_branch_day_of_week_operator.py
[2023-04-08T15:33:39.738-0300] {logging_mixin.py:137} INFO - [2023-04-08T15:33:39.738-0300] {dag.py:2705} INFO - Sync 1 DAGs
[2023-04-08T15:33:39.752-0300] {logging_mixin.py:137} INFO - [2023-04-08T15:33:39.751-0300] {dag.py:3452} INFO - Setting next_dagrun for example_weekday_branch_operator to 2023-04-07T00:00:00+00:00, run_after=2023-04-08T00:00:00+00:00
[2023-04-08T15:33:39.797-0300] {processor.py:175} INFO - Processing /home/kauanu/PycharmProjects/AirFLowEnade/venv/lib/python3.10/site-packages/airflow/example_dags/example_branch_day_of_week_operator.py took 0.106 seconds
[2023-04-08T15:34:28.299-0300] {processor.py:153} INFO - Started process (PID=15990) to work on /home/kauanu/PycharmProjects/AirFLowEnade/venv/lib/python3.10/site-packages/airflow/example_dags/example_branch_day_of_week_operator.py
[2023-04-08T15:34:28.301-0300] {processor.py:743} INFO - Processing file /home/kauanu/PycharmProjects/AirFLowEnade/venv/lib/python3.10/site-packages/airflow/example_dags/example_branch_day_of_week_operator.py for tasks to queue
[2023-04-08T15:34:28.302-0300] {logging_mixin.py:137} INFO - [2023-04-08T15:34:28.302-0300] {dagbag.py:532} INFO - Filling up the DagBag from /home/kauanu/PycharmProjects/AirFLowEnade/venv/lib/python3.10/site-packages/airflow/example_dags/example_branch_day_of_week_operator.py
[2023-04-08T15:34:28.313-0300] {processor.py:753} INFO - DAG(s) dict_keys(['example_weekday_branch_operator']) retrieved from /home/kauanu/PycharmProjects/AirFLowEnade/venv/lib/python3.10/site-packages/airflow/example_dags/example_branch_day_of_week_operator.py
[2023-04-08T15:34:28.328-0300] {logging_mixin.py:137} INFO - [2023-04-08T15:34:28.328-0300] {dag.py:2705} INFO - Sync 1 DAGs
[2023-04-08T15:34:28.342-0300] {logging_mixin.py:137} INFO - [2023-04-08T15:34:28.342-0300] {dag.py:3452} INFO - Setting next_dagrun for example_weekday_branch_operator to 2023-04-07T00:00:00+00:00, run_after=2023-04-08T00:00:00+00:00
[2023-04-08T15:34:28.385-0300] {processor.py:175} INFO - Processing /home/kauanu/PycharmProjects/AirFLowEnade/venv/lib/python3.10/site-packages/airflow/example_dags/example_branch_day_of_week_operator.py took 0.089 seconds
[2023-04-08T15:35:24.014-0300] {processor.py:153} INFO - Started process (PID=16246) to work on /home/kauanu/PycharmProjects/AirFLowEnade/venv/lib/python3.10/site-packages/airflow/example_dags/example_branch_day_of_week_operator.py
[2023-04-08T15:35:24.021-0300] {processor.py:743} INFO - Processing file /home/kauanu/PycharmProjects/AirFLowEnade/venv/lib/python3.10/site-packages/airflow/example_dags/example_branch_day_of_week_operator.py for tasks to queue
[2023-04-08T15:35:24.022-0300] {logging_mixin.py:137} INFO - [2023-04-08T15:35:24.022-0300] {dagbag.py:532} INFO - Filling up the DagBag from /home/kauanu/PycharmProjects/AirFLowEnade/venv/lib/python3.10/site-packages/airflow/example_dags/example_branch_day_of_week_operator.py
[2023-04-08T15:35:24.041-0300] {processor.py:753} INFO - DAG(s) dict_keys(['example_weekday_branch_operator']) retrieved from /home/kauanu/PycharmProjects/AirFLowEnade/venv/lib/python3.10/site-packages/airflow/example_dags/example_branch_day_of_week_operator.py
[2023-04-08T15:35:24.062-0300] {logging_mixin.py:137} INFO - [2023-04-08T15:35:24.062-0300] {dag.py:2705} INFO - Sync 1 DAGs
[2023-04-08T15:35:24.081-0300] {logging_mixin.py:137} INFO - [2023-04-08T15:35:24.081-0300] {dag.py:3452} INFO - Setting next_dagrun for example_weekday_branch_operator to 2023-04-07T00:00:00+00:00, run_after=2023-04-08T00:00:00+00:00
[2023-04-08T15:35:24.106-0300] {processor.py:175} INFO - Processing /home/kauanu/PycharmProjects/AirFLowEnade/venv/lib/python3.10/site-packages/airflow/example_dags/example_branch_day_of_week_operator.py took 0.094 seconds
[2023-04-08T15:36:07.487-0300] {processor.py:153} INFO - Started process (PID=16442) to work on /home/kauanu/PycharmProjects/AirFLowEnade/venv/lib/python3.10/site-packages/airflow/example_dags/example_branch_day_of_week_operator.py
[2023-04-08T15:36:07.498-0300] {processor.py:743} INFO - Processing file /home/kauanu/PycharmProjects/AirFLowEnade/venv/lib/python3.10/site-packages/airflow/example_dags/example_branch_day_of_week_operator.py for tasks to queue
[2023-04-08T15:36:07.499-0300] {logging_mixin.py:137} INFO - [2023-04-08T15:36:07.499-0300] {dagbag.py:532} INFO - Filling up the DagBag from /home/kauanu/PycharmProjects/AirFLowEnade/venv/lib/python3.10/site-packages/airflow/example_dags/example_branch_day_of_week_operator.py
[2023-04-08T15:36:07.512-0300] {processor.py:753} INFO - DAG(s) dict_keys(['example_weekday_branch_operator']) retrieved from /home/kauanu/PycharmProjects/AirFLowEnade/venv/lib/python3.10/site-packages/airflow/example_dags/example_branch_day_of_week_operator.py
[2023-04-08T15:36:07.532-0300] {logging_mixin.py:137} INFO - [2023-04-08T15:36:07.531-0300] {dag.py:2705} INFO - Sync 1 DAGs
[2023-04-08T15:36:07.549-0300] {logging_mixin.py:137} INFO - [2023-04-08T15:36:07.548-0300] {dag.py:3452} INFO - Setting next_dagrun for example_weekday_branch_operator to 2023-04-07T00:00:00+00:00, run_after=2023-04-08T00:00:00+00:00
[2023-04-08T15:36:07.588-0300] {processor.py:175} INFO - Processing /home/kauanu/PycharmProjects/AirFLowEnade/venv/lib/python3.10/site-packages/airflow/example_dags/example_branch_day_of_week_operator.py took 0.104 seconds
