[2023-04-08T15:25:59.892-0300] {processor.py:153} INFO - Started process (PID=13511) to work on /home/kauanu/PycharmProjects/AirFLowEnade/venv/lib/python3.10/site-packages/airflow/example_dags/example_dag_decorator.py
[2023-04-08T15:25:59.893-0300] {processor.py:743} INFO - Processing file /home/kauanu/PycharmProjects/AirFLowEnade/venv/lib/python3.10/site-packages/airflow/example_dags/example_dag_decorator.py for tasks to queue
[2023-04-08T15:25:59.893-0300] {logging_mixin.py:137} INFO - [2023-04-08T15:25:59.893-0300] {dagbag.py:532} INFO - Filling up the DagBag from /home/kauanu/PycharmProjects/AirFLowEnade/venv/lib/python3.10/site-packages/airflow/example_dags/example_dag_decorator.py
[2023-04-08T15:25:59.924-0300] {logging_mixin.py:137} INFO - [2023-04-08T15:25:59.924-0300] {taskmixin.py:211} WARNING - Dependency <Task(_PythonDecoratedOperator): prepare_email>, send_email already registered for DAG: example_dag_decorator
[2023-04-08T15:25:59.924-0300] {logging_mixin.py:137} INFO - [2023-04-08T15:25:59.924-0300] {taskmixin.py:211} WARNING - Dependency <Task(EmailOperator): send_email>, prepare_email already registered for DAG: example_dag_decorator
[2023-04-08T15:25:59.934-0300] {processor.py:753} INFO - DAG(s) dict_keys(['example_dag_decorator']) retrieved from /home/kauanu/PycharmProjects/AirFLowEnade/venv/lib/python3.10/site-packages/airflow/example_dags/example_dag_decorator.py
[2023-04-08T15:26:00.071-0300] {logging_mixin.py:137} INFO - [2023-04-08T15:26:00.070-0300] {manager.py:504} INFO - Created Permission View: can delete on DAG:example_dag_decorator
[2023-04-08T15:26:00.130-0300] {logging_mixin.py:137} INFO - [2023-04-08T15:26:00.130-0300] {manager.py:504} INFO - Created Permission View: can edit on DAG:example_dag_decorator
[2023-04-08T15:26:00.157-0300] {logging_mixin.py:137} INFO - [2023-04-08T15:26:00.157-0300] {manager.py:504} INFO - Created Permission View: can read on DAG:example_dag_decorator
[2023-04-08T15:26:00.158-0300] {logging_mixin.py:137} INFO - [2023-04-08T15:26:00.158-0300] {dag.py:2705} INFO - Sync 1 DAGs
[2023-04-08T15:26:00.169-0300] {logging_mixin.py:137} INFO - [2023-04-08T15:26:00.169-0300] {dag.py:2726} INFO - Creating ORM DAG for example_dag_decorator
[2023-04-08T15:26:00.177-0300] {logging_mixin.py:137} INFO - [2023-04-08T15:26:00.177-0300] {dag.py:3452} INFO - Setting next_dagrun for example_dag_decorator to None, run_after=None
[2023-04-08T15:26:00.747-0300] {processor.py:175} INFO - Processing /home/kauanu/PycharmProjects/AirFLowEnade/venv/lib/python3.10/site-packages/airflow/example_dags/example_dag_decorator.py took 0.858 seconds
[2023-04-08T15:26:50.739-0300] {processor.py:153} INFO - Started process (PID=13771) to work on /home/kauanu/PycharmProjects/AirFLowEnade/venv/lib/python3.10/site-packages/airflow/example_dags/example_dag_decorator.py
[2023-04-08T15:26:50.741-0300] {processor.py:743} INFO - Processing file /home/kauanu/PycharmProjects/AirFLowEnade/venv/lib/python3.10/site-packages/airflow/example_dags/example_dag_decorator.py for tasks to queue
[2023-04-08T15:26:50.742-0300] {logging_mixin.py:137} INFO - [2023-04-08T15:26:50.742-0300] {dagbag.py:532} INFO - Filling up the DagBag from /home/kauanu/PycharmProjects/AirFLowEnade/venv/lib/python3.10/site-packages/airflow/example_dags/example_dag_decorator.py
[2023-04-08T15:26:50.818-0300] {logging_mixin.py:137} INFO - [2023-04-08T15:26:50.817-0300] {taskmixin.py:211} WARNING - Dependency <Task(_PythonDecoratedOperator): prepare_email>, send_email already registered for DAG: example_dag_decorator
[2023-04-08T15:26:50.818-0300] {logging_mixin.py:137} INFO - [2023-04-08T15:26:50.818-0300] {taskmixin.py:211} WARNING - Dependency <Task(EmailOperator): send_email>, prepare_email already registered for DAG: example_dag_decorator
[2023-04-08T15:26:50.848-0300] {processor.py:753} INFO - DAG(s) dict_keys(['example_dag_decorator']) retrieved from /home/kauanu/PycharmProjects/AirFLowEnade/venv/lib/python3.10/site-packages/airflow/example_dags/example_dag_decorator.py
[2023-04-08T15:26:50.975-0300] {logging_mixin.py:137} INFO - [2023-04-08T15:26:50.975-0300] {dag.py:2705} INFO - Sync 1 DAGs
[2023-04-08T15:26:51.028-0300] {logging_mixin.py:137} INFO - [2023-04-08T15:26:51.027-0300] {dag.py:3452} INFO - Setting next_dagrun for example_dag_decorator to None, run_after=None
[2023-04-08T15:26:51.085-0300] {processor.py:175} INFO - Processing /home/kauanu/PycharmProjects/AirFLowEnade/venv/lib/python3.10/site-packages/airflow/example_dags/example_dag_decorator.py took 0.350 seconds
[2023-04-08T15:27:59.089-0300] {processor.py:153} INFO - Started process (PID=14094) to work on /home/kauanu/PycharmProjects/AirFLowEnade/venv/lib/python3.10/site-packages/airflow/example_dags/example_dag_decorator.py
[2023-04-08T15:27:59.103-0300] {processor.py:743} INFO - Processing file /home/kauanu/PycharmProjects/AirFLowEnade/venv/lib/python3.10/site-packages/airflow/example_dags/example_dag_decorator.py for tasks to queue
[2023-04-08T15:27:59.104-0300] {logging_mixin.py:137} INFO - [2023-04-08T15:27:59.104-0300] {dagbag.py:532} INFO - Filling up the DagBag from /home/kauanu/PycharmProjects/AirFLowEnade/venv/lib/python3.10/site-packages/airflow/example_dags/example_dag_decorator.py
[2023-04-08T15:27:59.127-0300] {logging_mixin.py:137} INFO - [2023-04-08T15:27:59.127-0300] {taskmixin.py:211} WARNING - Dependency <Task(_PythonDecoratedOperator): prepare_email>, send_email already registered for DAG: example_dag_decorator
[2023-04-08T15:27:59.128-0300] {logging_mixin.py:137} INFO - [2023-04-08T15:27:59.128-0300] {taskmixin.py:211} WARNING - Dependency <Task(EmailOperator): send_email>, prepare_email already registered for DAG: example_dag_decorator
[2023-04-08T15:27:59.136-0300] {processor.py:753} INFO - DAG(s) dict_keys(['example_dag_decorator']) retrieved from /home/kauanu/PycharmProjects/AirFLowEnade/venv/lib/python3.10/site-packages/airflow/example_dags/example_dag_decorator.py
[2023-04-08T15:27:59.171-0300] {logging_mixin.py:137} INFO - [2023-04-08T15:27:59.170-0300] {dag.py:2705} INFO - Sync 1 DAGs
[2023-04-08T15:27:59.182-0300] {logging_mixin.py:137} INFO - [2023-04-08T15:27:59.182-0300] {dag.py:3452} INFO - Setting next_dagrun for example_dag_decorator to None, run_after=None
[2023-04-08T15:27:59.204-0300] {processor.py:175} INFO - Processing /home/kauanu/PycharmProjects/AirFLowEnade/venv/lib/python3.10/site-packages/airflow/example_dags/example_dag_decorator.py took 0.123 seconds
[2023-04-08T15:29:08.095-0300] {processor.py:153} INFO - Started process (PID=14464) to work on /home/kauanu/PycharmProjects/AirFLowEnade/venv/lib/python3.10/site-packages/airflow/example_dags/example_dag_decorator.py
[2023-04-08T15:29:08.120-0300] {processor.py:743} INFO - Processing file /home/kauanu/PycharmProjects/AirFLowEnade/venv/lib/python3.10/site-packages/airflow/example_dags/example_dag_decorator.py for tasks to queue
[2023-04-08T15:29:08.121-0300] {logging_mixin.py:137} INFO - [2023-04-08T15:29:08.120-0300] {dagbag.py:532} INFO - Filling up the DagBag from /home/kauanu/PycharmProjects/AirFLowEnade/venv/lib/python3.10/site-packages/airflow/example_dags/example_dag_decorator.py
[2023-04-08T15:29:08.157-0300] {logging_mixin.py:137} INFO - [2023-04-08T15:29:08.156-0300] {taskmixin.py:211} WARNING - Dependency <Task(_PythonDecoratedOperator): prepare_email>, send_email already registered for DAG: example_dag_decorator
[2023-04-08T15:29:08.157-0300] {logging_mixin.py:137} INFO - [2023-04-08T15:29:08.157-0300] {taskmixin.py:211} WARNING - Dependency <Task(EmailOperator): send_email>, prepare_email already registered for DAG: example_dag_decorator
[2023-04-08T15:29:08.183-0300] {processor.py:753} INFO - DAG(s) dict_keys(['example_dag_decorator']) retrieved from /home/kauanu/PycharmProjects/AirFLowEnade/venv/lib/python3.10/site-packages/airflow/example_dags/example_dag_decorator.py
[2023-04-08T15:29:08.287-0300] {logging_mixin.py:137} INFO - [2023-04-08T15:29:08.287-0300] {dag.py:2705} INFO - Sync 1 DAGs
[2023-04-08T15:29:08.317-0300] {logging_mixin.py:137} INFO - [2023-04-08T15:29:08.317-0300] {dag.py:3452} INFO - Setting next_dagrun for example_dag_decorator to None, run_after=None
[2023-04-08T15:29:08.411-0300] {processor.py:175} INFO - Processing /home/kauanu/PycharmProjects/AirFLowEnade/venv/lib/python3.10/site-packages/airflow/example_dags/example_dag_decorator.py took 0.336 seconds
[2023-04-08T15:29:54.043-0300] {processor.py:153} INFO - Started process (PID=14695) to work on /home/kauanu/PycharmProjects/AirFLowEnade/venv/lib/python3.10/site-packages/airflow/example_dags/example_dag_decorator.py
[2023-04-08T15:29:54.045-0300] {processor.py:743} INFO - Processing file /home/kauanu/PycharmProjects/AirFLowEnade/venv/lib/python3.10/site-packages/airflow/example_dags/example_dag_decorator.py for tasks to queue
[2023-04-08T15:29:54.046-0300] {logging_mixin.py:137} INFO - [2023-04-08T15:29:54.046-0300] {dagbag.py:532} INFO - Filling up the DagBag from /home/kauanu/PycharmProjects/AirFLowEnade/venv/lib/python3.10/site-packages/airflow/example_dags/example_dag_decorator.py
[2023-04-08T15:29:54.059-0300] {logging_mixin.py:137} INFO - [2023-04-08T15:29:54.059-0300] {taskmixin.py:211} WARNING - Dependency <Task(_PythonDecoratedOperator): prepare_email>, send_email already registered for DAG: example_dag_decorator
[2023-04-08T15:29:54.059-0300] {logging_mixin.py:137} INFO - [2023-04-08T15:29:54.059-0300] {taskmixin.py:211} WARNING - Dependency <Task(EmailOperator): send_email>, prepare_email already registered for DAG: example_dag_decorator
[2023-04-08T15:29:54.067-0300] {processor.py:753} INFO - DAG(s) dict_keys(['example_dag_decorator']) retrieved from /home/kauanu/PycharmProjects/AirFLowEnade/venv/lib/python3.10/site-packages/airflow/example_dags/example_dag_decorator.py
[2023-04-08T15:29:54.100-0300] {logging_mixin.py:137} INFO - [2023-04-08T15:29:54.100-0300] {dag.py:2705} INFO - Sync 1 DAGs
[2023-04-08T15:29:54.110-0300] {logging_mixin.py:137} INFO - [2023-04-08T15:29:54.110-0300] {dag.py:3452} INFO - Setting next_dagrun for example_dag_decorator to None, run_after=None
[2023-04-08T15:29:54.134-0300] {processor.py:175} INFO - Processing /home/kauanu/PycharmProjects/AirFLowEnade/venv/lib/python3.10/site-packages/airflow/example_dags/example_dag_decorator.py took 0.094 seconds
[2023-04-08T15:30:37.065-0300] {processor.py:153} INFO - Started process (PID=14903) to work on /home/kauanu/PycharmProjects/AirFLowEnade/venv/lib/python3.10/site-packages/airflow/example_dags/example_dag_decorator.py
[2023-04-08T15:30:37.066-0300] {processor.py:743} INFO - Processing file /home/kauanu/PycharmProjects/AirFLowEnade/venv/lib/python3.10/site-packages/airflow/example_dags/example_dag_decorator.py for tasks to queue
[2023-04-08T15:30:37.066-0300] {logging_mixin.py:137} INFO - [2023-04-08T15:30:37.066-0300] {dagbag.py:532} INFO - Filling up the DagBag from /home/kauanu/PycharmProjects/AirFLowEnade/venv/lib/python3.10/site-packages/airflow/example_dags/example_dag_decorator.py
[2023-04-08T15:30:37.079-0300] {logging_mixin.py:137} INFO - [2023-04-08T15:30:37.079-0300] {taskmixin.py:211} WARNING - Dependency <Task(_PythonDecoratedOperator): prepare_email>, send_email already registered for DAG: example_dag_decorator
[2023-04-08T15:30:37.080-0300] {logging_mixin.py:137} INFO - [2023-04-08T15:30:37.079-0300] {taskmixin.py:211} WARNING - Dependency <Task(EmailOperator): send_email>, prepare_email already registered for DAG: example_dag_decorator
[2023-04-08T15:30:37.088-0300] {processor.py:753} INFO - DAG(s) dict_keys(['example_dag_decorator']) retrieved from /home/kauanu/PycharmProjects/AirFLowEnade/venv/lib/python3.10/site-packages/airflow/example_dags/example_dag_decorator.py
[2023-04-08T15:30:37.144-0300] {logging_mixin.py:137} INFO - [2023-04-08T15:30:37.144-0300] {dag.py:2705} INFO - Sync 1 DAGs
[2023-04-08T15:30:37.170-0300] {logging_mixin.py:137} INFO - [2023-04-08T15:30:37.170-0300] {dag.py:3452} INFO - Setting next_dagrun for example_dag_decorator to None, run_after=None
[2023-04-08T15:30:37.206-0300] {processor.py:175} INFO - Processing /home/kauanu/PycharmProjects/AirFLowEnade/venv/lib/python3.10/site-packages/airflow/example_dags/example_dag_decorator.py took 0.143 seconds
[2023-04-08T15:31:21.382-0300] {processor.py:153} INFO - Started process (PID=15100) to work on /home/kauanu/PycharmProjects/AirFLowEnade/venv/lib/python3.10/site-packages/airflow/example_dags/example_dag_decorator.py
[2023-04-08T15:31:21.383-0300] {processor.py:743} INFO - Processing file /home/kauanu/PycharmProjects/AirFLowEnade/venv/lib/python3.10/site-packages/airflow/example_dags/example_dag_decorator.py for tasks to queue
[2023-04-08T15:31:21.384-0300] {logging_mixin.py:137} INFO - [2023-04-08T15:31:21.384-0300] {dagbag.py:532} INFO - Filling up the DagBag from /home/kauanu/PycharmProjects/AirFLowEnade/venv/lib/python3.10/site-packages/airflow/example_dags/example_dag_decorator.py
[2023-04-08T15:31:21.397-0300] {logging_mixin.py:137} INFO - [2023-04-08T15:31:21.397-0300] {taskmixin.py:211} WARNING - Dependency <Task(_PythonDecoratedOperator): prepare_email>, send_email already registered for DAG: example_dag_decorator
[2023-04-08T15:31:21.397-0300] {logging_mixin.py:137} INFO - [2023-04-08T15:31:21.397-0300] {taskmixin.py:211} WARNING - Dependency <Task(EmailOperator): send_email>, prepare_email already registered for DAG: example_dag_decorator
[2023-04-08T15:31:21.406-0300] {processor.py:753} INFO - DAG(s) dict_keys(['example_dag_decorator']) retrieved from /home/kauanu/PycharmProjects/AirFLowEnade/venv/lib/python3.10/site-packages/airflow/example_dags/example_dag_decorator.py
[2023-04-08T15:31:21.439-0300] {logging_mixin.py:137} INFO - [2023-04-08T15:31:21.439-0300] {dag.py:2705} INFO - Sync 1 DAGs
[2023-04-08T15:31:21.451-0300] {logging_mixin.py:137} INFO - [2023-04-08T15:31:21.451-0300] {dag.py:3452} INFO - Setting next_dagrun for example_dag_decorator to None, run_after=None
[2023-04-08T15:31:21.477-0300] {processor.py:175} INFO - Processing /home/kauanu/PycharmProjects/AirFLowEnade/venv/lib/python3.10/site-packages/airflow/example_dags/example_dag_decorator.py took 0.097 seconds
[2023-04-08T15:32:09.020-0300] {processor.py:153} INFO - Started process (PID=15326) to work on /home/kauanu/PycharmProjects/AirFLowEnade/venv/lib/python3.10/site-packages/airflow/example_dags/example_dag_decorator.py
[2023-04-08T15:32:09.026-0300] {processor.py:743} INFO - Processing file /home/kauanu/PycharmProjects/AirFLowEnade/venv/lib/python3.10/site-packages/airflow/example_dags/example_dag_decorator.py for tasks to queue
[2023-04-08T15:32:09.027-0300] {logging_mixin.py:137} INFO - [2023-04-08T15:32:09.026-0300] {dagbag.py:532} INFO - Filling up the DagBag from /home/kauanu/PycharmProjects/AirFLowEnade/venv/lib/python3.10/site-packages/airflow/example_dags/example_dag_decorator.py
[2023-04-08T15:32:09.040-0300] {logging_mixin.py:137} INFO - [2023-04-08T15:32:09.039-0300] {taskmixin.py:211} WARNING - Dependency <Task(_PythonDecoratedOperator): prepare_email>, send_email already registered for DAG: example_dag_decorator
[2023-04-08T15:32:09.040-0300] {logging_mixin.py:137} INFO - [2023-04-08T15:32:09.040-0300] {taskmixin.py:211} WARNING - Dependency <Task(EmailOperator): send_email>, prepare_email already registered for DAG: example_dag_decorator
[2023-04-08T15:32:09.048-0300] {processor.py:753} INFO - DAG(s) dict_keys(['example_dag_decorator']) retrieved from /home/kauanu/PycharmProjects/AirFLowEnade/venv/lib/python3.10/site-packages/airflow/example_dags/example_dag_decorator.py
[2023-04-08T15:32:09.087-0300] {logging_mixin.py:137} INFO - [2023-04-08T15:32:09.087-0300] {dag.py:2705} INFO - Sync 1 DAGs
[2023-04-08T15:32:09.099-0300] {logging_mixin.py:137} INFO - [2023-04-08T15:32:09.099-0300] {dag.py:3452} INFO - Setting next_dagrun for example_dag_decorator to None, run_after=None
[2023-04-08T15:32:09.126-0300] {processor.py:175} INFO - Processing /home/kauanu/PycharmProjects/AirFLowEnade/venv/lib/python3.10/site-packages/airflow/example_dags/example_dag_decorator.py took 0.109 seconds
[2023-04-08T15:32:59.605-0300] {processor.py:153} INFO - Started process (PID=15585) to work on /home/kauanu/PycharmProjects/AirFLowEnade/venv/lib/python3.10/site-packages/airflow/example_dags/example_dag_decorator.py
[2023-04-08T15:32:59.618-0300] {processor.py:743} INFO - Processing file /home/kauanu/PycharmProjects/AirFLowEnade/venv/lib/python3.10/site-packages/airflow/example_dags/example_dag_decorator.py for tasks to queue
[2023-04-08T15:32:59.619-0300] {logging_mixin.py:137} INFO - [2023-04-08T15:32:59.619-0300] {dagbag.py:532} INFO - Filling up the DagBag from /home/kauanu/PycharmProjects/AirFLowEnade/venv/lib/python3.10/site-packages/airflow/example_dags/example_dag_decorator.py
[2023-04-08T15:32:59.633-0300] {logging_mixin.py:137} INFO - [2023-04-08T15:32:59.633-0300] {taskmixin.py:211} WARNING - Dependency <Task(_PythonDecoratedOperator): prepare_email>, send_email already registered for DAG: example_dag_decorator
[2023-04-08T15:32:59.633-0300] {logging_mixin.py:137} INFO - [2023-04-08T15:32:59.633-0300] {taskmixin.py:211} WARNING - Dependency <Task(EmailOperator): send_email>, prepare_email already registered for DAG: example_dag_decorator
[2023-04-08T15:32:59.641-0300] {processor.py:753} INFO - DAG(s) dict_keys(['example_dag_decorator']) retrieved from /home/kauanu/PycharmProjects/AirFLowEnade/venv/lib/python3.10/site-packages/airflow/example_dags/example_dag_decorator.py
[2023-04-08T15:32:59.675-0300] {logging_mixin.py:137} INFO - [2023-04-08T15:32:59.675-0300] {dag.py:2705} INFO - Sync 1 DAGs
[2023-04-08T15:32:59.686-0300] {logging_mixin.py:137} INFO - [2023-04-08T15:32:59.686-0300] {dag.py:3452} INFO - Setting next_dagrun for example_dag_decorator to None, run_after=None
[2023-04-08T15:32:59.709-0300] {processor.py:175} INFO - Processing /home/kauanu/PycharmProjects/AirFLowEnade/venv/lib/python3.10/site-packages/airflow/example_dags/example_dag_decorator.py took 0.107 seconds
[2023-04-08T15:33:40.940-0300] {processor.py:153} INFO - Started process (PID=15768) to work on /home/kauanu/PycharmProjects/AirFLowEnade/venv/lib/python3.10/site-packages/airflow/example_dags/example_dag_decorator.py
[2023-04-08T15:33:40.951-0300] {processor.py:743} INFO - Processing file /home/kauanu/PycharmProjects/AirFLowEnade/venv/lib/python3.10/site-packages/airflow/example_dags/example_dag_decorator.py for tasks to queue
[2023-04-08T15:33:40.952-0300] {logging_mixin.py:137} INFO - [2023-04-08T15:33:40.952-0300] {dagbag.py:532} INFO - Filling up the DagBag from /home/kauanu/PycharmProjects/AirFLowEnade/venv/lib/python3.10/site-packages/airflow/example_dags/example_dag_decorator.py
[2023-04-08T15:33:40.966-0300] {logging_mixin.py:137} INFO - [2023-04-08T15:33:40.965-0300] {taskmixin.py:211} WARNING - Dependency <Task(_PythonDecoratedOperator): prepare_email>, send_email already registered for DAG: example_dag_decorator
[2023-04-08T15:33:40.966-0300] {logging_mixin.py:137} INFO - [2023-04-08T15:33:40.966-0300] {taskmixin.py:211} WARNING - Dependency <Task(EmailOperator): send_email>, prepare_email already registered for DAG: example_dag_decorator
[2023-04-08T15:33:40.974-0300] {processor.py:753} INFO - DAG(s) dict_keys(['example_dag_decorator']) retrieved from /home/kauanu/PycharmProjects/AirFLowEnade/venv/lib/python3.10/site-packages/airflow/example_dags/example_dag_decorator.py
[2023-04-08T15:33:41.017-0300] {logging_mixin.py:137} INFO - [2023-04-08T15:33:41.017-0300] {dag.py:2705} INFO - Sync 1 DAGs
[2023-04-08T15:33:41.031-0300] {logging_mixin.py:137} INFO - [2023-04-08T15:33:41.031-0300] {dag.py:3452} INFO - Setting next_dagrun for example_dag_decorator to None, run_after=None
[2023-04-08T15:33:41.068-0300] {processor.py:175} INFO - Processing /home/kauanu/PycharmProjects/AirFLowEnade/venv/lib/python3.10/site-packages/airflow/example_dags/example_dag_decorator.py took 0.130 seconds
[2023-04-08T15:34:29.364-0300] {processor.py:153} INFO - Started process (PID=16008) to work on /home/kauanu/PycharmProjects/AirFLowEnade/venv/lib/python3.10/site-packages/airflow/example_dags/example_dag_decorator.py
[2023-04-08T15:34:29.366-0300] {processor.py:743} INFO - Processing file /home/kauanu/PycharmProjects/AirFLowEnade/venv/lib/python3.10/site-packages/airflow/example_dags/example_dag_decorator.py for tasks to queue
[2023-04-08T15:34:29.367-0300] {logging_mixin.py:137} INFO - [2023-04-08T15:34:29.367-0300] {dagbag.py:532} INFO - Filling up the DagBag from /home/kauanu/PycharmProjects/AirFLowEnade/venv/lib/python3.10/site-packages/airflow/example_dags/example_dag_decorator.py
[2023-04-08T15:34:29.380-0300] {logging_mixin.py:137} INFO - [2023-04-08T15:34:29.380-0300] {taskmixin.py:211} WARNING - Dependency <Task(_PythonDecoratedOperator): prepare_email>, send_email already registered for DAG: example_dag_decorator
[2023-04-08T15:34:29.380-0300] {logging_mixin.py:137} INFO - [2023-04-08T15:34:29.380-0300] {taskmixin.py:211} WARNING - Dependency <Task(EmailOperator): send_email>, prepare_email already registered for DAG: example_dag_decorator
[2023-04-08T15:34:29.388-0300] {processor.py:753} INFO - DAG(s) dict_keys(['example_dag_decorator']) retrieved from /home/kauanu/PycharmProjects/AirFLowEnade/venv/lib/python3.10/site-packages/airflow/example_dags/example_dag_decorator.py
[2023-04-08T15:34:29.422-0300] {logging_mixin.py:137} INFO - [2023-04-08T15:34:29.422-0300] {dag.py:2705} INFO - Sync 1 DAGs
[2023-04-08T15:34:29.433-0300] {logging_mixin.py:137} INFO - [2023-04-08T15:34:29.433-0300] {dag.py:3452} INFO - Setting next_dagrun for example_dag_decorator to None, run_after=None
[2023-04-08T15:34:29.454-0300] {processor.py:175} INFO - Processing /home/kauanu/PycharmProjects/AirFLowEnade/venv/lib/python3.10/site-packages/airflow/example_dags/example_dag_decorator.py took 0.093 seconds
[2023-04-08T15:35:25.253-0300] {processor.py:153} INFO - Started process (PID=16247) to work on /home/kauanu/PycharmProjects/AirFLowEnade/venv/lib/python3.10/site-packages/airflow/example_dags/example_dag_decorator.py
[2023-04-08T15:35:25.264-0300] {processor.py:743} INFO - Processing file /home/kauanu/PycharmProjects/AirFLowEnade/venv/lib/python3.10/site-packages/airflow/example_dags/example_dag_decorator.py for tasks to queue
[2023-04-08T15:35:25.269-0300] {logging_mixin.py:137} INFO - [2023-04-08T15:35:25.268-0300] {dagbag.py:532} INFO - Filling up the DagBag from /home/kauanu/PycharmProjects/AirFLowEnade/venv/lib/python3.10/site-packages/airflow/example_dags/example_dag_decorator.py
[2023-04-08T15:35:25.293-0300] {logging_mixin.py:137} INFO - [2023-04-08T15:35:25.293-0300] {taskmixin.py:211} WARNING - Dependency <Task(_PythonDecoratedOperator): prepare_email>, send_email already registered for DAG: example_dag_decorator
[2023-04-08T15:35:25.293-0300] {logging_mixin.py:137} INFO - [2023-04-08T15:35:25.293-0300] {taskmixin.py:211} WARNING - Dependency <Task(EmailOperator): send_email>, prepare_email already registered for DAG: example_dag_decorator
[2023-04-08T15:35:25.309-0300] {processor.py:753} INFO - DAG(s) dict_keys(['example_dag_decorator']) retrieved from /home/kauanu/PycharmProjects/AirFLowEnade/venv/lib/python3.10/site-packages/airflow/example_dags/example_dag_decorator.py
[2023-04-08T15:35:25.364-0300] {logging_mixin.py:137} INFO - [2023-04-08T15:35:25.364-0300] {dag.py:2705} INFO - Sync 1 DAGs
[2023-04-08T15:35:25.381-0300] {logging_mixin.py:137} INFO - [2023-04-08T15:35:25.381-0300] {dag.py:3452} INFO - Setting next_dagrun for example_dag_decorator to None, run_after=None
[2023-04-08T15:35:25.415-0300] {processor.py:175} INFO - Processing /home/kauanu/PycharmProjects/AirFLowEnade/venv/lib/python3.10/site-packages/airflow/example_dags/example_dag_decorator.py took 0.166 seconds
[2023-04-08T15:36:08.746-0300] {processor.py:153} INFO - Started process (PID=16443) to work on /home/kauanu/PycharmProjects/AirFLowEnade/venv/lib/python3.10/site-packages/airflow/example_dags/example_dag_decorator.py
[2023-04-08T15:36:08.752-0300] {processor.py:743} INFO - Processing file /home/kauanu/PycharmProjects/AirFLowEnade/venv/lib/python3.10/site-packages/airflow/example_dags/example_dag_decorator.py for tasks to queue
[2023-04-08T15:36:08.753-0300] {logging_mixin.py:137} INFO - [2023-04-08T15:36:08.753-0300] {dagbag.py:532} INFO - Filling up the DagBag from /home/kauanu/PycharmProjects/AirFLowEnade/venv/lib/python3.10/site-packages/airflow/example_dags/example_dag_decorator.py
[2023-04-08T15:36:08.766-0300] {logging_mixin.py:137} INFO - [2023-04-08T15:36:08.766-0300] {taskmixin.py:211} WARNING - Dependency <Task(_PythonDecoratedOperator): prepare_email>, send_email already registered for DAG: example_dag_decorator
[2023-04-08T15:36:08.766-0300] {logging_mixin.py:137} INFO - [2023-04-08T15:36:08.766-0300] {taskmixin.py:211} WARNING - Dependency <Task(EmailOperator): send_email>, prepare_email already registered for DAG: example_dag_decorator
[2023-04-08T15:36:08.775-0300] {processor.py:753} INFO - DAG(s) dict_keys(['example_dag_decorator']) retrieved from /home/kauanu/PycharmProjects/AirFLowEnade/venv/lib/python3.10/site-packages/airflow/example_dags/example_dag_decorator.py
[2023-04-08T15:36:08.809-0300] {logging_mixin.py:137} INFO - [2023-04-08T15:36:08.809-0300] {dag.py:2705} INFO - Sync 1 DAGs
[2023-04-08T15:36:08.820-0300] {logging_mixin.py:137} INFO - [2023-04-08T15:36:08.820-0300] {dag.py:3452} INFO - Setting next_dagrun for example_dag_decorator to None, run_after=None
[2023-04-08T15:36:08.842-0300] {processor.py:175} INFO - Processing /home/kauanu/PycharmProjects/AirFLowEnade/venv/lib/python3.10/site-packages/airflow/example_dags/example_dag_decorator.py took 0.098 seconds
