[2023-04-08T15:25:30.968-0300] {processor.py:153} INFO - Started process (PID=13380) to work on /home/kauanu/PycharmProjects/AirFLowEnade/venv/lib/python3.10/site-packages/airflow/example_dags/example_sensor_decorator.py
[2023-04-08T15:25:30.969-0300] {processor.py:743} INFO - Processing file /home/kauanu/PycharmProjects/AirFLowEnade/venv/lib/python3.10/site-packages/airflow/example_dags/example_sensor_decorator.py for tasks to queue
[2023-04-08T15:25:30.975-0300] {logging_mixin.py:137} INFO - [2023-04-08T15:25:30.975-0300] {dagbag.py:532} INFO - Filling up the DagBag from /home/kauanu/PycharmProjects/AirFLowEnade/venv/lib/python3.10/site-packages/airflow/example_dags/example_sensor_decorator.py
[2023-04-08T15:25:31.016-0300] {processor.py:753} INFO - DAG(s) dict_keys(['example_sensor_decorator']) retrieved from /home/kauanu/PycharmProjects/AirFLowEnade/venv/lib/python3.10/site-packages/airflow/example_dags/example_sensor_decorator.py
[2023-04-08T15:25:31.221-0300] {logging_mixin.py:137} INFO - [2023-04-08T15:25:31.220-0300] {manager.py:504} INFO - Created Permission View: can delete on DAG:example_sensor_decorator
[2023-04-08T15:25:31.242-0300] {logging_mixin.py:137} INFO - [2023-04-08T15:25:31.241-0300] {manager.py:504} INFO - Created Permission View: can edit on DAG:example_sensor_decorator
[2023-04-08T15:25:31.278-0300] {logging_mixin.py:137} INFO - [2023-04-08T15:25:31.277-0300] {manager.py:504} INFO - Created Permission View: can read on DAG:example_sensor_decorator
[2023-04-08T15:25:31.278-0300] {logging_mixin.py:137} INFO - [2023-04-08T15:25:31.278-0300] {dag.py:2705} INFO - Sync 1 DAGs
[2023-04-08T15:25:31.318-0300] {logging_mixin.py:137} INFO - [2023-04-08T15:25:31.317-0300] {dag.py:2726} INFO - Creating ORM DAG for example_sensor_decorator
[2023-04-08T15:25:31.371-0300] {logging_mixin.py:137} INFO - [2023-04-08T15:25:31.371-0300] {dag.py:3452} INFO - Setting next_dagrun for example_sensor_decorator to None, run_after=None
[2023-04-08T15:25:31.456-0300] {processor.py:175} INFO - Processing /home/kauanu/PycharmProjects/AirFLowEnade/venv/lib/python3.10/site-packages/airflow/example_dags/example_sensor_decorator.py took 0.491 seconds
[2023-04-08T15:26:27.188-0300] {processor.py:153} INFO - Started process (PID=13666) to work on /home/kauanu/PycharmProjects/AirFLowEnade/venv/lib/python3.10/site-packages/airflow/example_dags/example_sensor_decorator.py
[2023-04-08T15:26:27.198-0300] {processor.py:743} INFO - Processing file /home/kauanu/PycharmProjects/AirFLowEnade/venv/lib/python3.10/site-packages/airflow/example_dags/example_sensor_decorator.py for tasks to queue
[2023-04-08T15:26:27.199-0300] {logging_mixin.py:137} INFO - [2023-04-08T15:26:27.199-0300] {dagbag.py:532} INFO - Filling up the DagBag from /home/kauanu/PycharmProjects/AirFLowEnade/venv/lib/python3.10/site-packages/airflow/example_dags/example_sensor_decorator.py
[2023-04-08T15:26:27.231-0300] {processor.py:753} INFO - DAG(s) dict_keys(['example_sensor_decorator']) retrieved from /home/kauanu/PycharmProjects/AirFLowEnade/venv/lib/python3.10/site-packages/airflow/example_dags/example_sensor_decorator.py
[2023-04-08T15:26:27.265-0300] {logging_mixin.py:137} INFO - [2023-04-08T15:26:27.265-0300] {dag.py:2705} INFO - Sync 1 DAGs
[2023-04-08T15:26:27.292-0300] {logging_mixin.py:137} INFO - [2023-04-08T15:26:27.292-0300] {dag.py:3452} INFO - Setting next_dagrun for example_sensor_decorator to None, run_after=None
[2023-04-08T15:26:27.356-0300] {processor.py:175} INFO - Processing /home/kauanu/PycharmProjects/AirFLowEnade/venv/lib/python3.10/site-packages/airflow/example_dags/example_sensor_decorator.py took 0.170 seconds
[2023-04-08T15:27:20.595-0300] {processor.py:153} INFO - Started process (PID=13907) to work on /home/kauanu/PycharmProjects/AirFLowEnade/venv/lib/python3.10/site-packages/airflow/example_dags/example_sensor_decorator.py
[2023-04-08T15:27:20.611-0300] {processor.py:743} INFO - Processing file /home/kauanu/PycharmProjects/AirFLowEnade/venv/lib/python3.10/site-packages/airflow/example_dags/example_sensor_decorator.py for tasks to queue
[2023-04-08T15:27:20.613-0300] {logging_mixin.py:137} INFO - [2023-04-08T15:27:20.612-0300] {dagbag.py:532} INFO - Filling up the DagBag from /home/kauanu/PycharmProjects/AirFLowEnade/venv/lib/python3.10/site-packages/airflow/example_dags/example_sensor_decorator.py
[2023-04-08T15:27:20.667-0300] {processor.py:753} INFO - DAG(s) dict_keys(['example_sensor_decorator']) retrieved from /home/kauanu/PycharmProjects/AirFLowEnade/venv/lib/python3.10/site-packages/airflow/example_dags/example_sensor_decorator.py
[2023-04-08T15:27:20.730-0300] {logging_mixin.py:137} INFO - [2023-04-08T15:27:20.730-0300] {dag.py:2705} INFO - Sync 1 DAGs
[2023-04-08T15:27:20.763-0300] {logging_mixin.py:137} INFO - [2023-04-08T15:27:20.760-0300] {dag.py:3452} INFO - Setting next_dagrun for example_sensor_decorator to None, run_after=None
[2023-04-08T15:27:20.975-0300] {processor.py:175} INFO - Processing /home/kauanu/PycharmProjects/AirFLowEnade/venv/lib/python3.10/site-packages/airflow/example_dags/example_sensor_decorator.py took 0.383 seconds
[2023-04-08T15:28:08.437-0300] {processor.py:153} INFO - Started process (PID=14119) to work on /home/kauanu/PycharmProjects/AirFLowEnade/venv/lib/python3.10/site-packages/airflow/example_dags/example_sensor_decorator.py
[2023-04-08T15:28:08.440-0300] {processor.py:743} INFO - Processing file /home/kauanu/PycharmProjects/AirFLowEnade/venv/lib/python3.10/site-packages/airflow/example_dags/example_sensor_decorator.py for tasks to queue
[2023-04-08T15:28:08.442-0300] {logging_mixin.py:137} INFO - [2023-04-08T15:28:08.442-0300] {dagbag.py:532} INFO - Filling up the DagBag from /home/kauanu/PycharmProjects/AirFLowEnade/venv/lib/python3.10/site-packages/airflow/example_dags/example_sensor_decorator.py
[2023-04-08T15:28:08.481-0300] {processor.py:753} INFO - DAG(s) dict_keys(['example_sensor_decorator']) retrieved from /home/kauanu/PycharmProjects/AirFLowEnade/venv/lib/python3.10/site-packages/airflow/example_dags/example_sensor_decorator.py
[2023-04-08T15:28:08.528-0300] {logging_mixin.py:137} INFO - [2023-04-08T15:28:08.527-0300] {dag.py:2705} INFO - Sync 1 DAGs
[2023-04-08T15:28:08.577-0300] {logging_mixin.py:137} INFO - [2023-04-08T15:28:08.577-0300] {dag.py:3452} INFO - Setting next_dagrun for example_sensor_decorator to None, run_after=None
[2023-04-08T15:28:08.620-0300] {processor.py:175} INFO - Processing /home/kauanu/PycharmProjects/AirFLowEnade/venv/lib/python3.10/site-packages/airflow/example_dags/example_sensor_decorator.py took 0.189 seconds
[2023-04-08T15:28:49.805-0300] {processor.py:153} INFO - Started process (PID=14338) to work on /home/kauanu/PycharmProjects/AirFLowEnade/venv/lib/python3.10/site-packages/airflow/example_dags/example_sensor_decorator.py
[2023-04-08T15:28:50.067-0300] {processor.py:743} INFO - Processing file /home/kauanu/PycharmProjects/AirFLowEnade/venv/lib/python3.10/site-packages/airflow/example_dags/example_sensor_decorator.py for tasks to queue
[2023-04-08T15:28:50.069-0300] {logging_mixin.py:137} INFO - [2023-04-08T15:28:50.069-0300] {dagbag.py:532} INFO - Filling up the DagBag from /home/kauanu/PycharmProjects/AirFLowEnade/venv/lib/python3.10/site-packages/airflow/example_dags/example_sensor_decorator.py
[2023-04-08T15:28:50.104-0300] {processor.py:753} INFO - DAG(s) dict_keys(['example_sensor_decorator']) retrieved from /home/kauanu/PycharmProjects/AirFLowEnade/venv/lib/python3.10/site-packages/airflow/example_dags/example_sensor_decorator.py
[2023-04-08T15:28:50.137-0300] {logging_mixin.py:137} INFO - [2023-04-08T15:28:50.137-0300] {dag.py:2705} INFO - Sync 1 DAGs
[2023-04-08T15:28:50.490-0300] {logging_mixin.py:137} INFO - [2023-04-08T15:28:50.490-0300] {dag.py:3452} INFO - Setting next_dagrun for example_sensor_decorator to None, run_after=None
[2023-04-08T15:28:51.358-0300] {processor.py:175} INFO - Processing /home/kauanu/PycharmProjects/AirFLowEnade/venv/lib/python3.10/site-packages/airflow/example_dags/example_sensor_decorator.py took 1.557 seconds
[2023-04-08T15:29:43.738-0300] {processor.py:153} INFO - Started process (PID=14651) to work on /home/kauanu/PycharmProjects/AirFLowEnade/venv/lib/python3.10/site-packages/airflow/example_dags/example_sensor_decorator.py
[2023-04-08T15:29:43.740-0300] {processor.py:743} INFO - Processing file /home/kauanu/PycharmProjects/AirFLowEnade/venv/lib/python3.10/site-packages/airflow/example_dags/example_sensor_decorator.py for tasks to queue
[2023-04-08T15:29:43.741-0300] {logging_mixin.py:137} INFO - [2023-04-08T15:29:43.740-0300] {dagbag.py:532} INFO - Filling up the DagBag from /home/kauanu/PycharmProjects/AirFLowEnade/venv/lib/python3.10/site-packages/airflow/example_dags/example_sensor_decorator.py
[2023-04-08T15:29:43.757-0300] {processor.py:753} INFO - DAG(s) dict_keys(['example_sensor_decorator']) retrieved from /home/kauanu/PycharmProjects/AirFLowEnade/venv/lib/python3.10/site-packages/airflow/example_dags/example_sensor_decorator.py
[2023-04-08T15:29:43.769-0300] {logging_mixin.py:137} INFO - [2023-04-08T15:29:43.769-0300] {dag.py:2705} INFO - Sync 1 DAGs
[2023-04-08T15:29:43.783-0300] {logging_mixin.py:137} INFO - [2023-04-08T15:29:43.783-0300] {dag.py:3452} INFO - Setting next_dagrun for example_sensor_decorator to None, run_after=None
[2023-04-08T15:29:43.806-0300] {processor.py:175} INFO - Processing /home/kauanu/PycharmProjects/AirFLowEnade/venv/lib/python3.10/site-packages/airflow/example_dags/example_sensor_decorator.py took 0.071 seconds
[2023-04-08T15:30:26.933-0300] {processor.py:153} INFO - Started process (PID=14854) to work on /home/kauanu/PycharmProjects/AirFLowEnade/venv/lib/python3.10/site-packages/airflow/example_dags/example_sensor_decorator.py
[2023-04-08T15:30:26.938-0300] {processor.py:743} INFO - Processing file /home/kauanu/PycharmProjects/AirFLowEnade/venv/lib/python3.10/site-packages/airflow/example_dags/example_sensor_decorator.py for tasks to queue
[2023-04-08T15:30:26.939-0300] {logging_mixin.py:137} INFO - [2023-04-08T15:30:26.939-0300] {dagbag.py:532} INFO - Filling up the DagBag from /home/kauanu/PycharmProjects/AirFLowEnade/venv/lib/python3.10/site-packages/airflow/example_dags/example_sensor_decorator.py
[2023-04-08T15:30:26.962-0300] {processor.py:753} INFO - DAG(s) dict_keys(['example_sensor_decorator']) retrieved from /home/kauanu/PycharmProjects/AirFLowEnade/venv/lib/python3.10/site-packages/airflow/example_dags/example_sensor_decorator.py
[2023-04-08T15:30:26.989-0300] {logging_mixin.py:137} INFO - [2023-04-08T15:30:26.988-0300] {dag.py:2705} INFO - Sync 1 DAGs
[2023-04-08T15:30:27.015-0300] {logging_mixin.py:137} INFO - [2023-04-08T15:30:27.013-0300] {dag.py:3452} INFO - Setting next_dagrun for example_sensor_decorator to None, run_after=None
[2023-04-08T15:30:27.070-0300] {processor.py:175} INFO - Processing /home/kauanu/PycharmProjects/AirFLowEnade/venv/lib/python3.10/site-packages/airflow/example_dags/example_sensor_decorator.py took 0.145 seconds
[2023-04-08T15:31:11.886-0300] {processor.py:153} INFO - Started process (PID=15053) to work on /home/kauanu/PycharmProjects/AirFLowEnade/venv/lib/python3.10/site-packages/airflow/example_dags/example_sensor_decorator.py
[2023-04-08T15:31:11.887-0300] {processor.py:743} INFO - Processing file /home/kauanu/PycharmProjects/AirFLowEnade/venv/lib/python3.10/site-packages/airflow/example_dags/example_sensor_decorator.py for tasks to queue
[2023-04-08T15:31:11.888-0300] {logging_mixin.py:137} INFO - [2023-04-08T15:31:11.888-0300] {dagbag.py:532} INFO - Filling up the DagBag from /home/kauanu/PycharmProjects/AirFLowEnade/venv/lib/python3.10/site-packages/airflow/example_dags/example_sensor_decorator.py
[2023-04-08T15:31:11.905-0300] {processor.py:753} INFO - DAG(s) dict_keys(['example_sensor_decorator']) retrieved from /home/kauanu/PycharmProjects/AirFLowEnade/venv/lib/python3.10/site-packages/airflow/example_dags/example_sensor_decorator.py
[2023-04-08T15:31:11.920-0300] {logging_mixin.py:137} INFO - [2023-04-08T15:31:11.919-0300] {dag.py:2705} INFO - Sync 1 DAGs
[2023-04-08T15:31:11.933-0300] {logging_mixin.py:137} INFO - [2023-04-08T15:31:11.933-0300] {dag.py:3452} INFO - Setting next_dagrun for example_sensor_decorator to None, run_after=None
[2023-04-08T15:31:11.963-0300] {processor.py:175} INFO - Processing /home/kauanu/PycharmProjects/AirFLowEnade/venv/lib/python3.10/site-packages/airflow/example_dags/example_sensor_decorator.py took 0.079 seconds
[2023-04-08T15:31:50.622-0300] {processor.py:153} INFO - Started process (PID=15238) to work on /home/kauanu/PycharmProjects/AirFLowEnade/venv/lib/python3.10/site-packages/airflow/example_dags/example_sensor_decorator.py
[2023-04-08T15:31:50.623-0300] {processor.py:743} INFO - Processing file /home/kauanu/PycharmProjects/AirFLowEnade/venv/lib/python3.10/site-packages/airflow/example_dags/example_sensor_decorator.py for tasks to queue
[2023-04-08T15:31:50.624-0300] {logging_mixin.py:137} INFO - [2023-04-08T15:31:50.624-0300] {dagbag.py:532} INFO - Filling up the DagBag from /home/kauanu/PycharmProjects/AirFLowEnade/venv/lib/python3.10/site-packages/airflow/example_dags/example_sensor_decorator.py
[2023-04-08T15:31:50.640-0300] {processor.py:753} INFO - DAG(s) dict_keys(['example_sensor_decorator']) retrieved from /home/kauanu/PycharmProjects/AirFLowEnade/venv/lib/python3.10/site-packages/airflow/example_dags/example_sensor_decorator.py
[2023-04-08T15:31:50.653-0300] {logging_mixin.py:137} INFO - [2023-04-08T15:31:50.653-0300] {dag.py:2705} INFO - Sync 1 DAGs
[2023-04-08T15:31:50.667-0300] {logging_mixin.py:137} INFO - [2023-04-08T15:31:50.667-0300] {dag.py:3452} INFO - Setting next_dagrun for example_sensor_decorator to None, run_after=None
[2023-04-08T15:31:50.688-0300] {processor.py:175} INFO - Processing /home/kauanu/PycharmProjects/AirFLowEnade/venv/lib/python3.10/site-packages/airflow/example_dags/example_sensor_decorator.py took 0.068 seconds
[2023-04-08T15:32:26.873-0300] {processor.py:153} INFO - Started process (PID=15401) to work on /home/kauanu/PycharmProjects/AirFLowEnade/venv/lib/python3.10/site-packages/airflow/example_dags/example_sensor_decorator.py
[2023-04-08T15:32:26.883-0300] {processor.py:743} INFO - Processing file /home/kauanu/PycharmProjects/AirFLowEnade/venv/lib/python3.10/site-packages/airflow/example_dags/example_sensor_decorator.py for tasks to queue
[2023-04-08T15:32:26.884-0300] {logging_mixin.py:137} INFO - [2023-04-08T15:32:26.884-0300] {dagbag.py:532} INFO - Filling up the DagBag from /home/kauanu/PycharmProjects/AirFLowEnade/venv/lib/python3.10/site-packages/airflow/example_dags/example_sensor_decorator.py
[2023-04-08T15:32:26.903-0300] {processor.py:753} INFO - DAG(s) dict_keys(['example_sensor_decorator']) retrieved from /home/kauanu/PycharmProjects/AirFLowEnade/venv/lib/python3.10/site-packages/airflow/example_dags/example_sensor_decorator.py
[2023-04-08T15:32:26.918-0300] {logging_mixin.py:137} INFO - [2023-04-08T15:32:26.918-0300] {dag.py:2705} INFO - Sync 1 DAGs
[2023-04-08T15:32:26.932-0300] {logging_mixin.py:137} INFO - [2023-04-08T15:32:26.932-0300] {dag.py:3452} INFO - Setting next_dagrun for example_sensor_decorator to None, run_after=None
[2023-04-08T15:32:26.954-0300] {processor.py:175} INFO - Processing /home/kauanu/PycharmProjects/AirFLowEnade/venv/lib/python3.10/site-packages/airflow/example_dags/example_sensor_decorator.py took 0.083 seconds
[2023-04-08T15:33:06.016-0300] {processor.py:153} INFO - Started process (PID=15591) to work on /home/kauanu/PycharmProjects/AirFLowEnade/venv/lib/python3.10/site-packages/airflow/example_dags/example_sensor_decorator.py
[2023-04-08T15:33:06.017-0300] {processor.py:743} INFO - Processing file /home/kauanu/PycharmProjects/AirFLowEnade/venv/lib/python3.10/site-packages/airflow/example_dags/example_sensor_decorator.py for tasks to queue
[2023-04-08T15:33:06.017-0300] {logging_mixin.py:137} INFO - [2023-04-08T15:33:06.017-0300] {dagbag.py:532} INFO - Filling up the DagBag from /home/kauanu/PycharmProjects/AirFLowEnade/venv/lib/python3.10/site-packages/airflow/example_dags/example_sensor_decorator.py
[2023-04-08T15:33:06.034-0300] {processor.py:753} INFO - DAG(s) dict_keys(['example_sensor_decorator']) retrieved from /home/kauanu/PycharmProjects/AirFLowEnade/venv/lib/python3.10/site-packages/airflow/example_dags/example_sensor_decorator.py
[2023-04-08T15:33:06.049-0300] {logging_mixin.py:137} INFO - [2023-04-08T15:33:06.049-0300] {dag.py:2705} INFO - Sync 1 DAGs
[2023-04-08T15:33:06.062-0300] {logging_mixin.py:137} INFO - [2023-04-08T15:33:06.062-0300] {dag.py:3452} INFO - Setting next_dagrun for example_sensor_decorator to None, run_after=None
[2023-04-08T15:33:06.093-0300] {processor.py:175} INFO - Processing /home/kauanu/PycharmProjects/AirFLowEnade/venv/lib/python3.10/site-packages/airflow/example_dags/example_sensor_decorator.py took 0.080 seconds
[2023-04-08T15:33:46.321-0300] {processor.py:153} INFO - Started process (PID=15777) to work on /home/kauanu/PycharmProjects/AirFLowEnade/venv/lib/python3.10/site-packages/airflow/example_dags/example_sensor_decorator.py
[2023-04-08T15:33:46.330-0300] {processor.py:743} INFO - Processing file /home/kauanu/PycharmProjects/AirFLowEnade/venv/lib/python3.10/site-packages/airflow/example_dags/example_sensor_decorator.py for tasks to queue
[2023-04-08T15:33:46.331-0300] {logging_mixin.py:137} INFO - [2023-04-08T15:33:46.331-0300] {dagbag.py:532} INFO - Filling up the DagBag from /home/kauanu/PycharmProjects/AirFLowEnade/venv/lib/python3.10/site-packages/airflow/example_dags/example_sensor_decorator.py
[2023-04-08T15:33:46.348-0300] {processor.py:753} INFO - DAG(s) dict_keys(['example_sensor_decorator']) retrieved from /home/kauanu/PycharmProjects/AirFLowEnade/venv/lib/python3.10/site-packages/airflow/example_dags/example_sensor_decorator.py
[2023-04-08T15:33:46.362-0300] {logging_mixin.py:137} INFO - [2023-04-08T15:33:46.361-0300] {dag.py:2705} INFO - Sync 1 DAGs
[2023-04-08T15:33:46.377-0300] {logging_mixin.py:137} INFO - [2023-04-08T15:33:46.377-0300] {dag.py:3452} INFO - Setting next_dagrun for example_sensor_decorator to None, run_after=None
[2023-04-08T15:33:46.398-0300] {processor.py:175} INFO - Processing /home/kauanu/PycharmProjects/AirFLowEnade/venv/lib/python3.10/site-packages/airflow/example_dags/example_sensor_decorator.py took 0.079 seconds
[2023-04-08T15:34:22.652-0300] {processor.py:153} INFO - Started process (PID=15964) to work on /home/kauanu/PycharmProjects/AirFLowEnade/venv/lib/python3.10/site-packages/airflow/example_dags/example_sensor_decorator.py
[2023-04-08T15:34:22.653-0300] {processor.py:743} INFO - Processing file /home/kauanu/PycharmProjects/AirFLowEnade/venv/lib/python3.10/site-packages/airflow/example_dags/example_sensor_decorator.py for tasks to queue
[2023-04-08T15:34:22.654-0300] {logging_mixin.py:137} INFO - [2023-04-08T15:34:22.654-0300] {dagbag.py:532} INFO - Filling up the DagBag from /home/kauanu/PycharmProjects/AirFLowEnade/venv/lib/python3.10/site-packages/airflow/example_dags/example_sensor_decorator.py
[2023-04-08T15:34:22.675-0300] {processor.py:753} INFO - DAG(s) dict_keys(['example_sensor_decorator']) retrieved from /home/kauanu/PycharmProjects/AirFLowEnade/venv/lib/python3.10/site-packages/airflow/example_dags/example_sensor_decorator.py
[2023-04-08T15:34:22.689-0300] {logging_mixin.py:137} INFO - [2023-04-08T15:34:22.688-0300] {dag.py:2705} INFO - Sync 1 DAGs
[2023-04-08T15:34:22.702-0300] {logging_mixin.py:137} INFO - [2023-04-08T15:34:22.702-0300] {dag.py:3452} INFO - Setting next_dagrun for example_sensor_decorator to None, run_after=None
[2023-04-08T15:34:22.723-0300] {processor.py:175} INFO - Processing /home/kauanu/PycharmProjects/AirFLowEnade/venv/lib/python3.10/site-packages/airflow/example_dags/example_sensor_decorator.py took 0.073 seconds
[2023-04-08T15:34:59.475-0300] {processor.py:153} INFO - Started process (PID=16152) to work on /home/kauanu/PycharmProjects/AirFLowEnade/venv/lib/python3.10/site-packages/airflow/example_dags/example_sensor_decorator.py
[2023-04-08T15:34:59.477-0300] {processor.py:743} INFO - Processing file /home/kauanu/PycharmProjects/AirFLowEnade/venv/lib/python3.10/site-packages/airflow/example_dags/example_sensor_decorator.py for tasks to queue
[2023-04-08T15:34:59.477-0300] {logging_mixin.py:137} INFO - [2023-04-08T15:34:59.477-0300] {dagbag.py:532} INFO - Filling up the DagBag from /home/kauanu/PycharmProjects/AirFLowEnade/venv/lib/python3.10/site-packages/airflow/example_dags/example_sensor_decorator.py
[2023-04-08T15:34:59.494-0300] {processor.py:753} INFO - DAG(s) dict_keys(['example_sensor_decorator']) retrieved from /home/kauanu/PycharmProjects/AirFLowEnade/venv/lib/python3.10/site-packages/airflow/example_dags/example_sensor_decorator.py
[2023-04-08T15:34:59.509-0300] {logging_mixin.py:137} INFO - [2023-04-08T15:34:59.509-0300] {dag.py:2705} INFO - Sync 1 DAGs
[2023-04-08T15:34:59.522-0300] {logging_mixin.py:137} INFO - [2023-04-08T15:34:59.522-0300] {dag.py:3452} INFO - Setting next_dagrun for example_sensor_decorator to None, run_after=None
[2023-04-08T15:34:59.567-0300] {processor.py:175} INFO - Processing /home/kauanu/PycharmProjects/AirFLowEnade/venv/lib/python3.10/site-packages/airflow/example_dags/example_sensor_decorator.py took 0.095 seconds
[2023-04-08T15:35:44.899-0300] {processor.py:153} INFO - Started process (PID=16343) to work on /home/kauanu/PycharmProjects/AirFLowEnade/venv/lib/python3.10/site-packages/airflow/example_dags/example_sensor_decorator.py
[2023-04-08T15:35:44.900-0300] {processor.py:743} INFO - Processing file /home/kauanu/PycharmProjects/AirFLowEnade/venv/lib/python3.10/site-packages/airflow/example_dags/example_sensor_decorator.py for tasks to queue
[2023-04-08T15:35:44.901-0300] {logging_mixin.py:137} INFO - [2023-04-08T15:35:44.901-0300] {dagbag.py:532} INFO - Filling up the DagBag from /home/kauanu/PycharmProjects/AirFLowEnade/venv/lib/python3.10/site-packages/airflow/example_dags/example_sensor_decorator.py
[2023-04-08T15:35:44.920-0300] {processor.py:753} INFO - DAG(s) dict_keys(['example_sensor_decorator']) retrieved from /home/kauanu/PycharmProjects/AirFLowEnade/venv/lib/python3.10/site-packages/airflow/example_dags/example_sensor_decorator.py
[2023-04-08T15:35:44.941-0300] {logging_mixin.py:137} INFO - [2023-04-08T15:35:44.940-0300] {dag.py:2705} INFO - Sync 1 DAGs
[2023-04-08T15:35:44.957-0300] {logging_mixin.py:137} INFO - [2023-04-08T15:35:44.957-0300] {dag.py:3452} INFO - Setting next_dagrun for example_sensor_decorator to None, run_after=None
[2023-04-08T15:35:44.998-0300] {processor.py:175} INFO - Processing /home/kauanu/PycharmProjects/AirFLowEnade/venv/lib/python3.10/site-packages/airflow/example_dags/example_sensor_decorator.py took 0.101 seconds
[2023-04-08T15:36:30.661-0300] {processor.py:153} INFO - Started process (PID=16570) to work on /home/kauanu/PycharmProjects/AirFLowEnade/venv/lib/python3.10/site-packages/airflow/example_dags/example_sensor_decorator.py
[2023-04-08T15:36:30.676-0300] {processor.py:743} INFO - Processing file /home/kauanu/PycharmProjects/AirFLowEnade/venv/lib/python3.10/site-packages/airflow/example_dags/example_sensor_decorator.py for tasks to queue
[2023-04-08T15:36:30.677-0300] {logging_mixin.py:137} INFO - [2023-04-08T15:36:30.676-0300] {dagbag.py:532} INFO - Filling up the DagBag from /home/kauanu/PycharmProjects/AirFLowEnade/venv/lib/python3.10/site-packages/airflow/example_dags/example_sensor_decorator.py
[2023-04-08T15:36:30.704-0300] {processor.py:753} INFO - DAG(s) dict_keys(['example_sensor_decorator']) retrieved from /home/kauanu/PycharmProjects/AirFLowEnade/venv/lib/python3.10/site-packages/airflow/example_dags/example_sensor_decorator.py
[2023-04-08T15:36:30.755-0300] {logging_mixin.py:137} INFO - [2023-04-08T15:36:30.747-0300] {dag.py:2705} INFO - Sync 1 DAGs
[2023-04-08T15:36:30.928-0300] {logging_mixin.py:137} INFO - [2023-04-08T15:36:30.928-0300] {dag.py:3452} INFO - Setting next_dagrun for example_sensor_decorator to None, run_after=None
[2023-04-08T15:36:31.215-0300] {processor.py:175} INFO - Processing /home/kauanu/PycharmProjects/AirFLowEnade/venv/lib/python3.10/site-packages/airflow/example_dags/example_sensor_decorator.py took 0.559 seconds
