[2023-04-08T15:26:03.011-0300] {processor.py:153} INFO - Started process (PID=13531) to work on /home/kauanu/PycharmProjects/AirFLowEnade/venv/lib/python3.10/site-packages/airflow/example_dags/example_bash_operator.py
[2023-04-08T15:26:03.012-0300] {processor.py:743} INFO - Processing file /home/kauanu/PycharmProjects/AirFLowEnade/venv/lib/python3.10/site-packages/airflow/example_dags/example_bash_operator.py for tasks to queue
[2023-04-08T15:26:03.013-0300] {logging_mixin.py:137} INFO - [2023-04-08T15:26:03.012-0300] {dagbag.py:532} INFO - Filling up the DagBag from /home/kauanu/PycharmProjects/AirFLowEnade/venv/lib/python3.10/site-packages/airflow/example_dags/example_bash_operator.py
[2023-04-08T15:26:03.033-0300] {processor.py:753} INFO - DAG(s) dict_keys(['example_bash_operator']) retrieved from /home/kauanu/PycharmProjects/AirFLowEnade/venv/lib/python3.10/site-packages/airflow/example_dags/example_bash_operator.py
[2023-04-08T15:26:03.194-0300] {logging_mixin.py:137} INFO - [2023-04-08T15:26:03.194-0300] {manager.py:504} INFO - Created Permission View: can delete on DAG:example_bash_operator
[2023-04-08T15:26:03.213-0300] {logging_mixin.py:137} INFO - [2023-04-08T15:26:03.213-0300] {manager.py:504} INFO - Created Permission View: can edit on DAG:example_bash_operator
[2023-04-08T15:26:03.270-0300] {logging_mixin.py:137} INFO - [2023-04-08T15:26:03.270-0300] {manager.py:504} INFO - Created Permission View: can read on DAG:example_bash_operator
[2023-04-08T15:26:03.270-0300] {logging_mixin.py:137} INFO - [2023-04-08T15:26:03.270-0300] {dag.py:2705} INFO - Sync 1 DAGs
[2023-04-08T15:26:03.278-0300] {logging_mixin.py:137} INFO - [2023-04-08T15:26:03.278-0300] {dag.py:2726} INFO - Creating ORM DAG for example_bash_operator
[2023-04-08T15:26:03.286-0300] {logging_mixin.py:137} INFO - [2023-04-08T15:26:03.286-0300] {dag.py:3452} INFO - Setting next_dagrun for example_bash_operator to 2023-04-07T00:00:00+00:00, run_after=2023-04-08T00:00:00+00:00
[2023-04-08T15:26:03.356-0300] {processor.py:175} INFO - Processing /home/kauanu/PycharmProjects/AirFLowEnade/venv/lib/python3.10/site-packages/airflow/example_dags/example_bash_operator.py took 0.348 seconds
[2023-04-08T15:26:53.499-0300] {processor.py:153} INFO - Started process (PID=13792) to work on /home/kauanu/PycharmProjects/AirFLowEnade/venv/lib/python3.10/site-packages/airflow/example_dags/example_bash_operator.py
[2023-04-08T15:26:53.500-0300] {processor.py:743} INFO - Processing file /home/kauanu/PycharmProjects/AirFLowEnade/venv/lib/python3.10/site-packages/airflow/example_dags/example_bash_operator.py for tasks to queue
[2023-04-08T15:26:53.501-0300] {logging_mixin.py:137} INFO - [2023-04-08T15:26:53.501-0300] {dagbag.py:532} INFO - Filling up the DagBag from /home/kauanu/PycharmProjects/AirFLowEnade/venv/lib/python3.10/site-packages/airflow/example_dags/example_bash_operator.py
[2023-04-08T15:26:53.522-0300] {processor.py:753} INFO - DAG(s) dict_keys(['example_bash_operator']) retrieved from /home/kauanu/PycharmProjects/AirFLowEnade/venv/lib/python3.10/site-packages/airflow/example_dags/example_bash_operator.py
[2023-04-08T15:26:53.554-0300] {logging_mixin.py:137} INFO - [2023-04-08T15:26:53.553-0300] {dag.py:2705} INFO - Sync 1 DAGs
[2023-04-08T15:26:53.577-0300] {logging_mixin.py:137} INFO - [2023-04-08T15:26:53.577-0300] {dag.py:3452} INFO - Setting next_dagrun for example_bash_operator to 2023-04-07T00:00:00+00:00, run_after=2023-04-08T00:00:00+00:00
[2023-04-08T15:26:53.680-0300] {processor.py:175} INFO - Processing /home/kauanu/PycharmProjects/AirFLowEnade/venv/lib/python3.10/site-packages/airflow/example_dags/example_bash_operator.py took 0.185 seconds
[2023-04-08T15:28:01.895-0300] {processor.py:153} INFO - Started process (PID=14096) to work on /home/kauanu/PycharmProjects/AirFLowEnade/venv/lib/python3.10/site-packages/airflow/example_dags/example_bash_operator.py
[2023-04-08T15:28:01.911-0300] {processor.py:743} INFO - Processing file /home/kauanu/PycharmProjects/AirFLowEnade/venv/lib/python3.10/site-packages/airflow/example_dags/example_bash_operator.py for tasks to queue
[2023-04-08T15:28:01.927-0300] {logging_mixin.py:137} INFO - [2023-04-08T15:28:01.926-0300] {dagbag.py:532} INFO - Filling up the DagBag from /home/kauanu/PycharmProjects/AirFLowEnade/venv/lib/python3.10/site-packages/airflow/example_dags/example_bash_operator.py
[2023-04-08T15:28:02.023-0300] {processor.py:753} INFO - DAG(s) dict_keys(['example_bash_operator']) retrieved from /home/kauanu/PycharmProjects/AirFLowEnade/venv/lib/python3.10/site-packages/airflow/example_dags/example_bash_operator.py
[2023-04-08T15:28:02.056-0300] {logging_mixin.py:137} INFO - [2023-04-08T15:28:02.056-0300] {dag.py:2705} INFO - Sync 1 DAGs
[2023-04-08T15:28:02.094-0300] {logging_mixin.py:137} INFO - [2023-04-08T15:28:02.094-0300] {dag.py:3452} INFO - Setting next_dagrun for example_bash_operator to 2023-04-07T00:00:00+00:00, run_after=2023-04-08T00:00:00+00:00
[2023-04-08T15:28:02.181-0300] {processor.py:175} INFO - Processing /home/kauanu/PycharmProjects/AirFLowEnade/venv/lib/python3.10/site-packages/airflow/example_dags/example_bash_operator.py took 0.313 seconds
[2023-04-08T15:29:10.976-0300] {processor.py:153} INFO - Started process (PID=14490) to work on /home/kauanu/PycharmProjects/AirFLowEnade/venv/lib/python3.10/site-packages/airflow/example_dags/example_bash_operator.py
[2023-04-08T15:29:11.004-0300] {processor.py:743} INFO - Processing file /home/kauanu/PycharmProjects/AirFLowEnade/venv/lib/python3.10/site-packages/airflow/example_dags/example_bash_operator.py for tasks to queue
[2023-04-08T15:29:11.005-0300] {logging_mixin.py:137} INFO - [2023-04-08T15:29:11.005-0300] {dagbag.py:532} INFO - Filling up the DagBag from /home/kauanu/PycharmProjects/AirFLowEnade/venv/lib/python3.10/site-packages/airflow/example_dags/example_bash_operator.py
[2023-04-08T15:29:11.036-0300] {processor.py:753} INFO - DAG(s) dict_keys(['example_bash_operator']) retrieved from /home/kauanu/PycharmProjects/AirFLowEnade/venv/lib/python3.10/site-packages/airflow/example_dags/example_bash_operator.py
[2023-04-08T15:29:11.062-0300] {logging_mixin.py:137} INFO - [2023-04-08T15:29:11.062-0300] {dag.py:2705} INFO - Sync 1 DAGs
[2023-04-08T15:29:11.078-0300] {logging_mixin.py:137} INFO - [2023-04-08T15:29:11.078-0300] {dag.py:3452} INFO - Setting next_dagrun for example_bash_operator to 2023-04-07T00:00:00+00:00, run_after=2023-04-08T00:00:00+00:00
[2023-04-08T15:29:11.699-0300] {processor.py:175} INFO - Processing /home/kauanu/PycharmProjects/AirFLowEnade/venv/lib/python3.10/site-packages/airflow/example_dags/example_bash_operator.py took 0.725 seconds
[2023-04-08T15:29:56.261-0300] {processor.py:153} INFO - Started process (PID=14713) to work on /home/kauanu/PycharmProjects/AirFLowEnade/venv/lib/python3.10/site-packages/airflow/example_dags/example_bash_operator.py
[2023-04-08T15:29:56.274-0300] {processor.py:743} INFO - Processing file /home/kauanu/PycharmProjects/AirFLowEnade/venv/lib/python3.10/site-packages/airflow/example_dags/example_bash_operator.py for tasks to queue
[2023-04-08T15:29:56.275-0300] {logging_mixin.py:137} INFO - [2023-04-08T15:29:56.275-0300] {dagbag.py:532} INFO - Filling up the DagBag from /home/kauanu/PycharmProjects/AirFLowEnade/venv/lib/python3.10/site-packages/airflow/example_dags/example_bash_operator.py
[2023-04-08T15:29:56.290-0300] {processor.py:753} INFO - DAG(s) dict_keys(['example_bash_operator']) retrieved from /home/kauanu/PycharmProjects/AirFLowEnade/venv/lib/python3.10/site-packages/airflow/example_dags/example_bash_operator.py
[2023-04-08T15:29:56.311-0300] {logging_mixin.py:137} INFO - [2023-04-08T15:29:56.311-0300] {dag.py:2705} INFO - Sync 1 DAGs
[2023-04-08T15:29:56.324-0300] {logging_mixin.py:137} INFO - [2023-04-08T15:29:56.324-0300] {dag.py:3452} INFO - Setting next_dagrun for example_bash_operator to 2023-04-07T00:00:00+00:00, run_after=2023-04-08T00:00:00+00:00
[2023-04-08T15:29:56.360-0300] {processor.py:175} INFO - Processing /home/kauanu/PycharmProjects/AirFLowEnade/venv/lib/python3.10/site-packages/airflow/example_dags/example_bash_operator.py took 0.102 seconds
[2023-04-08T15:30:50.036-0300] {processor.py:153} INFO - Started process (PID=14953) to work on /home/kauanu/PycharmProjects/AirFLowEnade/venv/lib/python3.10/site-packages/airflow/example_dags/example_bash_operator.py
[2023-04-08T15:30:50.050-0300] {processor.py:743} INFO - Processing file /home/kauanu/PycharmProjects/AirFLowEnade/venv/lib/python3.10/site-packages/airflow/example_dags/example_bash_operator.py for tasks to queue
[2023-04-08T15:30:50.051-0300] {logging_mixin.py:137} INFO - [2023-04-08T15:30:50.051-0300] {dagbag.py:532} INFO - Filling up the DagBag from /home/kauanu/PycharmProjects/AirFLowEnade/venv/lib/python3.10/site-packages/airflow/example_dags/example_bash_operator.py
[2023-04-08T15:30:50.068-0300] {processor.py:753} INFO - DAG(s) dict_keys(['example_bash_operator']) retrieved from /home/kauanu/PycharmProjects/AirFLowEnade/venv/lib/python3.10/site-packages/airflow/example_dags/example_bash_operator.py
[2023-04-08T15:30:50.091-0300] {logging_mixin.py:137} INFO - [2023-04-08T15:30:50.091-0300] {dag.py:2705} INFO - Sync 1 DAGs
[2023-04-08T15:30:50.106-0300] {logging_mixin.py:137} INFO - [2023-04-08T15:30:50.105-0300] {dag.py:3452} INFO - Setting next_dagrun for example_bash_operator to 2023-04-07T00:00:00+00:00, run_after=2023-04-08T00:00:00+00:00
[2023-04-08T15:30:50.140-0300] {processor.py:175} INFO - Processing /home/kauanu/PycharmProjects/AirFLowEnade/venv/lib/python3.10/site-packages/airflow/example_dags/example_bash_operator.py took 0.107 seconds
[2023-04-08T15:31:33.060-0300] {processor.py:153} INFO - Started process (PID=15148) to work on /home/kauanu/PycharmProjects/AirFLowEnade/venv/lib/python3.10/site-packages/airflow/example_dags/example_bash_operator.py
[2023-04-08T15:31:33.061-0300] {processor.py:743} INFO - Processing file /home/kauanu/PycharmProjects/AirFLowEnade/venv/lib/python3.10/site-packages/airflow/example_dags/example_bash_operator.py for tasks to queue
[2023-04-08T15:31:33.062-0300] {logging_mixin.py:137} INFO - [2023-04-08T15:31:33.062-0300] {dagbag.py:532} INFO - Filling up the DagBag from /home/kauanu/PycharmProjects/AirFLowEnade/venv/lib/python3.10/site-packages/airflow/example_dags/example_bash_operator.py
[2023-04-08T15:31:33.078-0300] {processor.py:753} INFO - DAG(s) dict_keys(['example_bash_operator']) retrieved from /home/kauanu/PycharmProjects/AirFLowEnade/venv/lib/python3.10/site-packages/airflow/example_dags/example_bash_operator.py
[2023-04-08T15:31:33.099-0300] {logging_mixin.py:137} INFO - [2023-04-08T15:31:33.099-0300] {dag.py:2705} INFO - Sync 1 DAGs
[2023-04-08T15:31:33.114-0300] {logging_mixin.py:137} INFO - [2023-04-08T15:31:33.114-0300] {dag.py:3452} INFO - Setting next_dagrun for example_bash_operator to 2023-04-07T00:00:00+00:00, run_after=2023-04-08T00:00:00+00:00
[2023-04-08T15:31:33.135-0300] {processor.py:175} INFO - Processing /home/kauanu/PycharmProjects/AirFLowEnade/venv/lib/python3.10/site-packages/airflow/example_dags/example_bash_operator.py took 0.077 seconds
[2023-04-08T15:32:20.570-0300] {processor.py:153} INFO - Started process (PID=15376) to work on /home/kauanu/PycharmProjects/AirFLowEnade/venv/lib/python3.10/site-packages/airflow/example_dags/example_bash_operator.py
[2023-04-08T15:32:20.572-0300] {processor.py:743} INFO - Processing file /home/kauanu/PycharmProjects/AirFLowEnade/venv/lib/python3.10/site-packages/airflow/example_dags/example_bash_operator.py for tasks to queue
[2023-04-08T15:32:20.572-0300] {logging_mixin.py:137} INFO - [2023-04-08T15:32:20.572-0300] {dagbag.py:532} INFO - Filling up the DagBag from /home/kauanu/PycharmProjects/AirFLowEnade/venv/lib/python3.10/site-packages/airflow/example_dags/example_bash_operator.py
[2023-04-08T15:32:20.594-0300] {processor.py:753} INFO - DAG(s) dict_keys(['example_bash_operator']) retrieved from /home/kauanu/PycharmProjects/AirFLowEnade/venv/lib/python3.10/site-packages/airflow/example_dags/example_bash_operator.py
[2023-04-08T15:32:20.620-0300] {logging_mixin.py:137} INFO - [2023-04-08T15:32:20.619-0300] {dag.py:2705} INFO - Sync 1 DAGs
[2023-04-08T15:32:20.638-0300] {logging_mixin.py:137} INFO - [2023-04-08T15:32:20.638-0300] {dag.py:3452} INFO - Setting next_dagrun for example_bash_operator to 2023-04-07T00:00:00+00:00, run_after=2023-04-08T00:00:00+00:00
[2023-04-08T15:32:20.685-0300] {processor.py:175} INFO - Processing /home/kauanu/PycharmProjects/AirFLowEnade/venv/lib/python3.10/site-packages/airflow/example_dags/example_bash_operator.py took 0.118 seconds
[2023-04-08T15:33:14.565-0300] {processor.py:153} INFO - Started process (PID=15634) to work on /home/kauanu/PycharmProjects/AirFLowEnade/venv/lib/python3.10/site-packages/airflow/example_dags/example_bash_operator.py
[2023-04-08T15:33:14.566-0300] {processor.py:743} INFO - Processing file /home/kauanu/PycharmProjects/AirFLowEnade/venv/lib/python3.10/site-packages/airflow/example_dags/example_bash_operator.py for tasks to queue
[2023-04-08T15:33:14.567-0300] {logging_mixin.py:137} INFO - [2023-04-08T15:33:14.567-0300] {dagbag.py:532} INFO - Filling up the DagBag from /home/kauanu/PycharmProjects/AirFLowEnade/venv/lib/python3.10/site-packages/airflow/example_dags/example_bash_operator.py
[2023-04-08T15:33:14.583-0300] {processor.py:753} INFO - DAG(s) dict_keys(['example_bash_operator']) retrieved from /home/kauanu/PycharmProjects/AirFLowEnade/venv/lib/python3.10/site-packages/airflow/example_dags/example_bash_operator.py
[2023-04-08T15:33:14.612-0300] {logging_mixin.py:137} INFO - [2023-04-08T15:33:14.611-0300] {dag.py:2705} INFO - Sync 1 DAGs
[2023-04-08T15:33:14.628-0300] {logging_mixin.py:137} INFO - [2023-04-08T15:33:14.628-0300] {dag.py:3452} INFO - Setting next_dagrun for example_bash_operator to 2023-04-07T00:00:00+00:00, run_after=2023-04-08T00:00:00+00:00
[2023-04-08T15:33:14.651-0300] {processor.py:175} INFO - Processing /home/kauanu/PycharmProjects/AirFLowEnade/venv/lib/python3.10/site-packages/airflow/example_dags/example_bash_operator.py took 0.088 seconds
[2023-04-08T15:34:05.859-0300] {processor.py:153} INFO - Started process (PID=15869) to work on /home/kauanu/PycharmProjects/AirFLowEnade/venv/lib/python3.10/site-packages/airflow/example_dags/example_bash_operator.py
[2023-04-08T15:34:05.867-0300] {processor.py:743} INFO - Processing file /home/kauanu/PycharmProjects/AirFLowEnade/venv/lib/python3.10/site-packages/airflow/example_dags/example_bash_operator.py for tasks to queue
[2023-04-08T15:34:05.867-0300] {logging_mixin.py:137} INFO - [2023-04-08T15:34:05.867-0300] {dagbag.py:532} INFO - Filling up the DagBag from /home/kauanu/PycharmProjects/AirFLowEnade/venv/lib/python3.10/site-packages/airflow/example_dags/example_bash_operator.py
[2023-04-08T15:34:05.884-0300] {processor.py:753} INFO - DAG(s) dict_keys(['example_bash_operator']) retrieved from /home/kauanu/PycharmProjects/AirFLowEnade/venv/lib/python3.10/site-packages/airflow/example_dags/example_bash_operator.py
[2023-04-08T15:34:05.904-0300] {logging_mixin.py:137} INFO - [2023-04-08T15:34:05.904-0300] {dag.py:2705} INFO - Sync 1 DAGs
[2023-04-08T15:34:05.918-0300] {logging_mixin.py:137} INFO - [2023-04-08T15:34:05.918-0300] {dag.py:3452} INFO - Setting next_dagrun for example_bash_operator to 2023-04-07T00:00:00+00:00, run_after=2023-04-08T00:00:00+00:00
[2023-04-08T15:34:05.951-0300] {processor.py:175} INFO - Processing /home/kauanu/PycharmProjects/AirFLowEnade/venv/lib/python3.10/site-packages/airflow/example_dags/example_bash_operator.py took 0.095 seconds
[2023-04-08T15:34:53.586-0300] {processor.py:153} INFO - Started process (PID=16110) to work on /home/kauanu/PycharmProjects/AirFLowEnade/venv/lib/python3.10/site-packages/airflow/example_dags/example_bash_operator.py
[2023-04-08T15:34:53.596-0300] {processor.py:743} INFO - Processing file /home/kauanu/PycharmProjects/AirFLowEnade/venv/lib/python3.10/site-packages/airflow/example_dags/example_bash_operator.py for tasks to queue
[2023-04-08T15:34:53.597-0300] {logging_mixin.py:137} INFO - [2023-04-08T15:34:53.596-0300] {dagbag.py:532} INFO - Filling up the DagBag from /home/kauanu/PycharmProjects/AirFLowEnade/venv/lib/python3.10/site-packages/airflow/example_dags/example_bash_operator.py
[2023-04-08T15:34:53.612-0300] {processor.py:753} INFO - DAG(s) dict_keys(['example_bash_operator']) retrieved from /home/kauanu/PycharmProjects/AirFLowEnade/venv/lib/python3.10/site-packages/airflow/example_dags/example_bash_operator.py
[2023-04-08T15:34:53.635-0300] {logging_mixin.py:137} INFO - [2023-04-08T15:34:53.634-0300] {dag.py:2705} INFO - Sync 1 DAGs
[2023-04-08T15:34:53.648-0300] {logging_mixin.py:137} INFO - [2023-04-08T15:34:53.648-0300] {dag.py:3452} INFO - Setting next_dagrun for example_bash_operator to 2023-04-07T00:00:00+00:00, run_after=2023-04-08T00:00:00+00:00
[2023-04-08T15:34:53.669-0300] {processor.py:175} INFO - Processing /home/kauanu/PycharmProjects/AirFLowEnade/venv/lib/python3.10/site-packages/airflow/example_dags/example_bash_operator.py took 0.086 seconds
[2023-04-08T15:35:37.426-0300] {processor.py:153} INFO - Started process (PID=16300) to work on /home/kauanu/PycharmProjects/AirFLowEnade/venv/lib/python3.10/site-packages/airflow/example_dags/example_bash_operator.py
[2023-04-08T15:35:37.427-0300] {processor.py:743} INFO - Processing file /home/kauanu/PycharmProjects/AirFLowEnade/venv/lib/python3.10/site-packages/airflow/example_dags/example_bash_operator.py for tasks to queue
[2023-04-08T15:35:37.428-0300] {logging_mixin.py:137} INFO - [2023-04-08T15:35:37.427-0300] {dagbag.py:532} INFO - Filling up the DagBag from /home/kauanu/PycharmProjects/AirFLowEnade/venv/lib/python3.10/site-packages/airflow/example_dags/example_bash_operator.py
[2023-04-08T15:35:37.450-0300] {processor.py:753} INFO - DAG(s) dict_keys(['example_bash_operator']) retrieved from /home/kauanu/PycharmProjects/AirFLowEnade/venv/lib/python3.10/site-packages/airflow/example_dags/example_bash_operator.py
[2023-04-08T15:35:37.475-0300] {logging_mixin.py:137} INFO - [2023-04-08T15:35:37.475-0300] {dag.py:2705} INFO - Sync 1 DAGs
[2023-04-08T15:35:37.492-0300] {logging_mixin.py:137} INFO - [2023-04-08T15:35:37.492-0300] {dag.py:3452} INFO - Setting next_dagrun for example_bash_operator to 2023-04-07T00:00:00+00:00, run_after=2023-04-08T00:00:00+00:00
[2023-04-08T15:35:37.515-0300] {processor.py:175} INFO - Processing /home/kauanu/PycharmProjects/AirFLowEnade/venv/lib/python3.10/site-packages/airflow/example_dags/example_bash_operator.py took 0.097 seconds
[2023-04-08T15:36:21.498-0300] {processor.py:153} INFO - Started process (PID=16528) to work on /home/kauanu/PycharmProjects/AirFLowEnade/venv/lib/python3.10/site-packages/airflow/example_dags/example_bash_operator.py
[2023-04-08T15:36:21.510-0300] {processor.py:743} INFO - Processing file /home/kauanu/PycharmProjects/AirFLowEnade/venv/lib/python3.10/site-packages/airflow/example_dags/example_bash_operator.py for tasks to queue
[2023-04-08T15:36:21.511-0300] {logging_mixin.py:137} INFO - [2023-04-08T15:36:21.510-0300] {dagbag.py:532} INFO - Filling up the DagBag from /home/kauanu/PycharmProjects/AirFLowEnade/venv/lib/python3.10/site-packages/airflow/example_dags/example_bash_operator.py
[2023-04-08T15:36:21.537-0300] {processor.py:753} INFO - DAG(s) dict_keys(['example_bash_operator']) retrieved from /home/kauanu/PycharmProjects/AirFLowEnade/venv/lib/python3.10/site-packages/airflow/example_dags/example_bash_operator.py
[2023-04-08T15:36:21.566-0300] {logging_mixin.py:137} INFO - [2023-04-08T15:36:21.566-0300] {dag.py:2705} INFO - Sync 1 DAGs
[2023-04-08T15:36:21.580-0300] {logging_mixin.py:137} INFO - [2023-04-08T15:36:21.580-0300] {dag.py:3452} INFO - Setting next_dagrun for example_bash_operator to 2023-04-07T00:00:00+00:00, run_after=2023-04-08T00:00:00+00:00
[2023-04-08T15:36:21.609-0300] {processor.py:175} INFO - Processing /home/kauanu/PycharmProjects/AirFLowEnade/venv/lib/python3.10/site-packages/airflow/example_dags/example_bash_operator.py took 0.117 seconds
