[2023-04-08T15:26:10.060-0300] {processor.py:153} INFO - Started process (PID=13557) to work on /home/kauanu/PycharmProjects/AirFLowEnade/venv/lib/python3.10/site-packages/airflow/example_dags/example_complex.py
[2023-04-08T15:26:10.061-0300] {processor.py:743} INFO - Processing file /home/kauanu/PycharmProjects/AirFLowEnade/venv/lib/python3.10/site-packages/airflow/example_dags/example_complex.py for tasks to queue
[2023-04-08T15:26:10.061-0300] {logging_mixin.py:137} INFO - [2023-04-08T15:26:10.061-0300] {dagbag.py:532} INFO - Filling up the DagBag from /home/kauanu/PycharmProjects/AirFLowEnade/venv/lib/python3.10/site-packages/airflow/example_dags/example_complex.py
[2023-04-08T15:26:10.069-0300] {logging_mixin.py:137} INFO - [2023-04-08T15:26:10.069-0300] {taskmixin.py:211} WARNING - Dependency <Task(BashOperator): create_entry_group>, delete_entry_group already registered for DAG: example_complex
[2023-04-08T15:26:10.069-0300] {logging_mixin.py:137} INFO - [2023-04-08T15:26:10.069-0300] {taskmixin.py:211} WARNING - Dependency <Task(BashOperator): delete_entry_group>, create_entry_group already registered for DAG: example_complex
[2023-04-08T15:26:10.070-0300] {logging_mixin.py:137} INFO - [2023-04-08T15:26:10.070-0300] {taskmixin.py:211} WARNING - Dependency <Task(BashOperator): create_entry_gcs>, delete_entry already registered for DAG: example_complex
[2023-04-08T15:26:10.070-0300] {logging_mixin.py:137} INFO - [2023-04-08T15:26:10.070-0300] {taskmixin.py:211} WARNING - Dependency <Task(BashOperator): delete_entry>, create_entry_gcs already registered for DAG: example_complex
[2023-04-08T15:26:10.070-0300] {logging_mixin.py:137} INFO - [2023-04-08T15:26:10.070-0300] {taskmixin.py:211} WARNING - Dependency <Task(BashOperator): create_tag>, delete_tag already registered for DAG: example_complex
[2023-04-08T15:26:10.070-0300] {logging_mixin.py:137} INFO - [2023-04-08T15:26:10.070-0300] {taskmixin.py:211} WARNING - Dependency <Task(BashOperator): delete_tag>, create_tag already registered for DAG: example_complex
[2023-04-08T15:26:10.075-0300] {processor.py:753} INFO - DAG(s) dict_keys(['example_complex']) retrieved from /home/kauanu/PycharmProjects/AirFLowEnade/venv/lib/python3.10/site-packages/airflow/example_dags/example_complex.py
[2023-04-08T15:26:10.179-0300] {logging_mixin.py:137} INFO - [2023-04-08T15:26:10.179-0300] {manager.py:504} INFO - Created Permission View: can delete on DAG:example_complex
[2023-04-08T15:26:10.195-0300] {logging_mixin.py:137} INFO - [2023-04-08T15:26:10.195-0300] {manager.py:504} INFO - Created Permission View: can edit on DAG:example_complex
[2023-04-08T15:26:10.210-0300] {logging_mixin.py:137} INFO - [2023-04-08T15:26:10.210-0300] {manager.py:504} INFO - Created Permission View: can read on DAG:example_complex
[2023-04-08T15:26:10.210-0300] {logging_mixin.py:137} INFO - [2023-04-08T15:26:10.210-0300] {dag.py:2705} INFO - Sync 1 DAGs
[2023-04-08T15:26:10.218-0300] {logging_mixin.py:137} INFO - [2023-04-08T15:26:10.218-0300] {dag.py:2726} INFO - Creating ORM DAG for example_complex
[2023-04-08T15:26:10.224-0300] {logging_mixin.py:137} INFO - [2023-04-08T15:26:10.224-0300] {dag.py:3452} INFO - Setting next_dagrun for example_complex to None, run_after=None
[2023-04-08T15:26:10.259-0300] {processor.py:175} INFO - Processing /home/kauanu/PycharmProjects/AirFLowEnade/venv/lib/python3.10/site-packages/airflow/example_dags/example_complex.py took 0.201 seconds
[2023-04-08T15:27:14.999-0300] {processor.py:153} INFO - Started process (PID=13882) to work on /home/kauanu/PycharmProjects/AirFLowEnade/venv/lib/python3.10/site-packages/airflow/example_dags/example_complex.py
[2023-04-08T15:27:15.016-0300] {processor.py:743} INFO - Processing file /home/kauanu/PycharmProjects/AirFLowEnade/venv/lib/python3.10/site-packages/airflow/example_dags/example_complex.py for tasks to queue
[2023-04-08T15:27:15.016-0300] {logging_mixin.py:137} INFO - [2023-04-08T15:27:15.016-0300] {dagbag.py:532} INFO - Filling up the DagBag from /home/kauanu/PycharmProjects/AirFLowEnade/venv/lib/python3.10/site-packages/airflow/example_dags/example_complex.py
[2023-04-08T15:27:15.024-0300] {logging_mixin.py:137} INFO - [2023-04-08T15:27:15.024-0300] {taskmixin.py:211} WARNING - Dependency <Task(BashOperator): create_entry_group>, delete_entry_group already registered for DAG: example_complex
[2023-04-08T15:27:15.025-0300] {logging_mixin.py:137} INFO - [2023-04-08T15:27:15.025-0300] {taskmixin.py:211} WARNING - Dependency <Task(BashOperator): delete_entry_group>, create_entry_group already registered for DAG: example_complex
[2023-04-08T15:27:15.025-0300] {logging_mixin.py:137} INFO - [2023-04-08T15:27:15.025-0300] {taskmixin.py:211} WARNING - Dependency <Task(BashOperator): create_entry_gcs>, delete_entry already registered for DAG: example_complex
[2023-04-08T15:27:15.025-0300] {logging_mixin.py:137} INFO - [2023-04-08T15:27:15.025-0300] {taskmixin.py:211} WARNING - Dependency <Task(BashOperator): delete_entry>, create_entry_gcs already registered for DAG: example_complex
[2023-04-08T15:27:15.026-0300] {logging_mixin.py:137} INFO - [2023-04-08T15:27:15.025-0300] {taskmixin.py:211} WARNING - Dependency <Task(BashOperator): create_tag>, delete_tag already registered for DAG: example_complex
[2023-04-08T15:27:15.026-0300] {logging_mixin.py:137} INFO - [2023-04-08T15:27:15.026-0300] {taskmixin.py:211} WARNING - Dependency <Task(BashOperator): delete_tag>, create_tag already registered for DAG: example_complex
[2023-04-08T15:27:15.034-0300] {processor.py:753} INFO - DAG(s) dict_keys(['example_complex']) retrieved from /home/kauanu/PycharmProjects/AirFLowEnade/venv/lib/python3.10/site-packages/airflow/example_dags/example_complex.py
[2023-04-08T15:27:15.062-0300] {logging_mixin.py:137} INFO - [2023-04-08T15:27:15.061-0300] {dag.py:2705} INFO - Sync 1 DAGs
[2023-04-08T15:27:15.081-0300] {logging_mixin.py:137} INFO - [2023-04-08T15:27:15.081-0300] {dag.py:3452} INFO - Setting next_dagrun for example_complex to None, run_after=None
[2023-04-08T15:27:15.410-0300] {processor.py:175} INFO - Processing /home/kauanu/PycharmProjects/AirFLowEnade/venv/lib/python3.10/site-packages/airflow/example_dags/example_complex.py took 0.414 seconds
[2023-04-08T15:28:25.324-0300] {processor.py:153} INFO - Started process (PID=14210) to work on /home/kauanu/PycharmProjects/AirFLowEnade/venv/lib/python3.10/site-packages/airflow/example_dags/example_complex.py
[2023-04-08T15:28:25.332-0300] {processor.py:743} INFO - Processing file /home/kauanu/PycharmProjects/AirFLowEnade/venv/lib/python3.10/site-packages/airflow/example_dags/example_complex.py for tasks to queue
[2023-04-08T15:28:25.333-0300] {logging_mixin.py:137} INFO - [2023-04-08T15:28:25.333-0300] {dagbag.py:532} INFO - Filling up the DagBag from /home/kauanu/PycharmProjects/AirFLowEnade/venv/lib/python3.10/site-packages/airflow/example_dags/example_complex.py
[2023-04-08T15:28:25.341-0300] {logging_mixin.py:137} INFO - [2023-04-08T15:28:25.341-0300] {taskmixin.py:211} WARNING - Dependency <Task(BashOperator): create_entry_group>, delete_entry_group already registered for DAG: example_complex
[2023-04-08T15:28:25.341-0300] {logging_mixin.py:137} INFO - [2023-04-08T15:28:25.341-0300] {taskmixin.py:211} WARNING - Dependency <Task(BashOperator): delete_entry_group>, create_entry_group already registered for DAG: example_complex
[2023-04-08T15:28:25.342-0300] {logging_mixin.py:137} INFO - [2023-04-08T15:28:25.341-0300] {taskmixin.py:211} WARNING - Dependency <Task(BashOperator): create_entry_gcs>, delete_entry already registered for DAG: example_complex
[2023-04-08T15:28:25.342-0300] {logging_mixin.py:137} INFO - [2023-04-08T15:28:25.342-0300] {taskmixin.py:211} WARNING - Dependency <Task(BashOperator): delete_entry>, create_entry_gcs already registered for DAG: example_complex
[2023-04-08T15:28:25.342-0300] {logging_mixin.py:137} INFO - [2023-04-08T15:28:25.342-0300] {taskmixin.py:211} WARNING - Dependency <Task(BashOperator): create_tag>, delete_tag already registered for DAG: example_complex
[2023-04-08T15:28:25.342-0300] {logging_mixin.py:137} INFO - [2023-04-08T15:28:25.342-0300] {taskmixin.py:211} WARNING - Dependency <Task(BashOperator): delete_tag>, create_tag already registered for DAG: example_complex
[2023-04-08T15:28:25.348-0300] {processor.py:753} INFO - DAG(s) dict_keys(['example_complex']) retrieved from /home/kauanu/PycharmProjects/AirFLowEnade/venv/lib/python3.10/site-packages/airflow/example_dags/example_complex.py
[2023-04-08T15:28:25.370-0300] {logging_mixin.py:137} INFO - [2023-04-08T15:28:25.370-0300] {dag.py:2705} INFO - Sync 1 DAGs
[2023-04-08T15:28:25.385-0300] {logging_mixin.py:137} INFO - [2023-04-08T15:28:25.385-0300] {dag.py:3452} INFO - Setting next_dagrun for example_complex to None, run_after=None
[2023-04-08T15:28:25.418-0300] {processor.py:175} INFO - Processing /home/kauanu/PycharmProjects/AirFLowEnade/venv/lib/python3.10/site-packages/airflow/example_dags/example_complex.py took 0.099 seconds
[2023-04-08T15:29:39.663-0300] {processor.py:153} INFO - Started process (PID=14627) to work on /home/kauanu/PycharmProjects/AirFLowEnade/venv/lib/python3.10/site-packages/airflow/example_dags/example_complex.py
[2023-04-08T15:29:39.677-0300] {processor.py:743} INFO - Processing file /home/kauanu/PycharmProjects/AirFLowEnade/venv/lib/python3.10/site-packages/airflow/example_dags/example_complex.py for tasks to queue
[2023-04-08T15:29:39.677-0300] {logging_mixin.py:137} INFO - [2023-04-08T15:29:39.677-0300] {dagbag.py:532} INFO - Filling up the DagBag from /home/kauanu/PycharmProjects/AirFLowEnade/venv/lib/python3.10/site-packages/airflow/example_dags/example_complex.py
[2023-04-08T15:29:39.686-0300] {logging_mixin.py:137} INFO - [2023-04-08T15:29:39.686-0300] {taskmixin.py:211} WARNING - Dependency <Task(BashOperator): create_entry_group>, delete_entry_group already registered for DAG: example_complex
[2023-04-08T15:29:39.686-0300] {logging_mixin.py:137} INFO - [2023-04-08T15:29:39.686-0300] {taskmixin.py:211} WARNING - Dependency <Task(BashOperator): delete_entry_group>, create_entry_group already registered for DAG: example_complex
[2023-04-08T15:29:39.686-0300] {logging_mixin.py:137} INFO - [2023-04-08T15:29:39.686-0300] {taskmixin.py:211} WARNING - Dependency <Task(BashOperator): create_entry_gcs>, delete_entry already registered for DAG: example_complex
[2023-04-08T15:29:39.686-0300] {logging_mixin.py:137} INFO - [2023-04-08T15:29:39.686-0300] {taskmixin.py:211} WARNING - Dependency <Task(BashOperator): delete_entry>, create_entry_gcs already registered for DAG: example_complex
[2023-04-08T15:29:39.686-0300] {logging_mixin.py:137} INFO - [2023-04-08T15:29:39.686-0300] {taskmixin.py:211} WARNING - Dependency <Task(BashOperator): create_tag>, delete_tag already registered for DAG: example_complex
[2023-04-08T15:29:39.686-0300] {logging_mixin.py:137} INFO - [2023-04-08T15:29:39.686-0300] {taskmixin.py:211} WARNING - Dependency <Task(BashOperator): delete_tag>, create_tag already registered for DAG: example_complex
[2023-04-08T15:29:39.691-0300] {processor.py:753} INFO - DAG(s) dict_keys(['example_complex']) retrieved from /home/kauanu/PycharmProjects/AirFLowEnade/venv/lib/python3.10/site-packages/airflow/example_dags/example_complex.py
[2023-04-08T15:29:39.711-0300] {logging_mixin.py:137} INFO - [2023-04-08T15:29:39.711-0300] {dag.py:2705} INFO - Sync 1 DAGs
[2023-04-08T15:29:39.725-0300] {logging_mixin.py:137} INFO - [2023-04-08T15:29:39.725-0300] {dag.py:3452} INFO - Setting next_dagrun for example_complex to None, run_after=None
[2023-04-08T15:29:39.749-0300] {processor.py:175} INFO - Processing /home/kauanu/PycharmProjects/AirFLowEnade/venv/lib/python3.10/site-packages/airflow/example_dags/example_complex.py took 0.088 seconds
[2023-04-08T15:30:22.390-0300] {processor.py:153} INFO - Started process (PID=14816) to work on /home/kauanu/PycharmProjects/AirFLowEnade/venv/lib/python3.10/site-packages/airflow/example_dags/example_complex.py
[2023-04-08T15:30:22.391-0300] {processor.py:743} INFO - Processing file /home/kauanu/PycharmProjects/AirFLowEnade/venv/lib/python3.10/site-packages/airflow/example_dags/example_complex.py for tasks to queue
[2023-04-08T15:30:22.392-0300] {logging_mixin.py:137} INFO - [2023-04-08T15:30:22.392-0300] {dagbag.py:532} INFO - Filling up the DagBag from /home/kauanu/PycharmProjects/AirFLowEnade/venv/lib/python3.10/site-packages/airflow/example_dags/example_complex.py
[2023-04-08T15:30:22.412-0300] {logging_mixin.py:137} INFO - [2023-04-08T15:30:22.411-0300] {taskmixin.py:211} WARNING - Dependency <Task(BashOperator): create_entry_group>, delete_entry_group already registered for DAG: example_complex
[2023-04-08T15:30:22.412-0300] {logging_mixin.py:137} INFO - [2023-04-08T15:30:22.412-0300] {taskmixin.py:211} WARNING - Dependency <Task(BashOperator): delete_entry_group>, create_entry_group already registered for DAG: example_complex
[2023-04-08T15:30:22.412-0300] {logging_mixin.py:137} INFO - [2023-04-08T15:30:22.412-0300] {taskmixin.py:211} WARNING - Dependency <Task(BashOperator): create_entry_gcs>, delete_entry already registered for DAG: example_complex
[2023-04-08T15:30:22.413-0300] {logging_mixin.py:137} INFO - [2023-04-08T15:30:22.413-0300] {taskmixin.py:211} WARNING - Dependency <Task(BashOperator): delete_entry>, create_entry_gcs already registered for DAG: example_complex
[2023-04-08T15:30:22.413-0300] {logging_mixin.py:137} INFO - [2023-04-08T15:30:22.413-0300] {taskmixin.py:211} WARNING - Dependency <Task(BashOperator): create_tag>, delete_tag already registered for DAG: example_complex
[2023-04-08T15:30:22.414-0300] {logging_mixin.py:137} INFO - [2023-04-08T15:30:22.414-0300] {taskmixin.py:211} WARNING - Dependency <Task(BashOperator): delete_tag>, create_tag already registered for DAG: example_complex
[2023-04-08T15:30:22.423-0300] {processor.py:753} INFO - DAG(s) dict_keys(['example_complex']) retrieved from /home/kauanu/PycharmProjects/AirFLowEnade/venv/lib/python3.10/site-packages/airflow/example_dags/example_complex.py
[2023-04-08T15:30:22.468-0300] {logging_mixin.py:137} INFO - [2023-04-08T15:30:22.468-0300] {dag.py:2705} INFO - Sync 1 DAGs
[2023-04-08T15:30:22.514-0300] {logging_mixin.py:137} INFO - [2023-04-08T15:30:22.512-0300] {dag.py:3452} INFO - Setting next_dagrun for example_complex to None, run_after=None
[2023-04-08T15:30:23.930-0300] {processor.py:175} INFO - Processing /home/kauanu/PycharmProjects/AirFLowEnade/venv/lib/python3.10/site-packages/airflow/example_dags/example_complex.py took 1.544 seconds
[2023-04-08T15:31:08.610-0300] {processor.py:153} INFO - Started process (PID=15049) to work on /home/kauanu/PycharmProjects/AirFLowEnade/venv/lib/python3.10/site-packages/airflow/example_dags/example_complex.py
[2023-04-08T15:31:08.612-0300] {processor.py:743} INFO - Processing file /home/kauanu/PycharmProjects/AirFLowEnade/venv/lib/python3.10/site-packages/airflow/example_dags/example_complex.py for tasks to queue
[2023-04-08T15:31:08.612-0300] {logging_mixin.py:137} INFO - [2023-04-08T15:31:08.612-0300] {dagbag.py:532} INFO - Filling up the DagBag from /home/kauanu/PycharmProjects/AirFLowEnade/venv/lib/python3.10/site-packages/airflow/example_dags/example_complex.py
[2023-04-08T15:31:08.623-0300] {logging_mixin.py:137} INFO - [2023-04-08T15:31:08.623-0300] {taskmixin.py:211} WARNING - Dependency <Task(BashOperator): create_entry_group>, delete_entry_group already registered for DAG: example_complex
[2023-04-08T15:31:08.623-0300] {logging_mixin.py:137} INFO - [2023-04-08T15:31:08.623-0300] {taskmixin.py:211} WARNING - Dependency <Task(BashOperator): delete_entry_group>, create_entry_group already registered for DAG: example_complex
[2023-04-08T15:31:08.623-0300] {logging_mixin.py:137} INFO - [2023-04-08T15:31:08.623-0300] {taskmixin.py:211} WARNING - Dependency <Task(BashOperator): create_entry_gcs>, delete_entry already registered for DAG: example_complex
[2023-04-08T15:31:08.623-0300] {logging_mixin.py:137} INFO - [2023-04-08T15:31:08.623-0300] {taskmixin.py:211} WARNING - Dependency <Task(BashOperator): delete_entry>, create_entry_gcs already registered for DAG: example_complex
[2023-04-08T15:31:08.623-0300] {logging_mixin.py:137} INFO - [2023-04-08T15:31:08.623-0300] {taskmixin.py:211} WARNING - Dependency <Task(BashOperator): create_tag>, delete_tag already registered for DAG: example_complex
[2023-04-08T15:31:08.624-0300] {logging_mixin.py:137} INFO - [2023-04-08T15:31:08.624-0300] {taskmixin.py:211} WARNING - Dependency <Task(BashOperator): delete_tag>, create_tag already registered for DAG: example_complex
[2023-04-08T15:31:08.629-0300] {processor.py:753} INFO - DAG(s) dict_keys(['example_complex']) retrieved from /home/kauanu/PycharmProjects/AirFLowEnade/venv/lib/python3.10/site-packages/airflow/example_dags/example_complex.py
[2023-04-08T15:31:08.651-0300] {logging_mixin.py:137} INFO - [2023-04-08T15:31:08.651-0300] {dag.py:2705} INFO - Sync 1 DAGs
[2023-04-08T15:31:08.664-0300] {logging_mixin.py:137} INFO - [2023-04-08T15:31:08.664-0300] {dag.py:3452} INFO - Setting next_dagrun for example_complex to None, run_after=None
[2023-04-08T15:31:08.732-0300] {processor.py:175} INFO - Processing /home/kauanu/PycharmProjects/AirFLowEnade/venv/lib/python3.10/site-packages/airflow/example_dags/example_complex.py took 0.125 seconds
[2023-04-08T15:31:59.790-0300] {processor.py:153} INFO - Started process (PID=15283) to work on /home/kauanu/PycharmProjects/AirFLowEnade/venv/lib/python3.10/site-packages/airflow/example_dags/example_complex.py
[2023-04-08T15:31:59.799-0300] {processor.py:743} INFO - Processing file /home/kauanu/PycharmProjects/AirFLowEnade/venv/lib/python3.10/site-packages/airflow/example_dags/example_complex.py for tasks to queue
[2023-04-08T15:31:59.800-0300] {logging_mixin.py:137} INFO - [2023-04-08T15:31:59.800-0300] {dagbag.py:532} INFO - Filling up the DagBag from /home/kauanu/PycharmProjects/AirFLowEnade/venv/lib/python3.10/site-packages/airflow/example_dags/example_complex.py
[2023-04-08T15:31:59.807-0300] {logging_mixin.py:137} INFO - [2023-04-08T15:31:59.807-0300] {taskmixin.py:211} WARNING - Dependency <Task(BashOperator): create_entry_group>, delete_entry_group already registered for DAG: example_complex
[2023-04-08T15:31:59.807-0300] {logging_mixin.py:137} INFO - [2023-04-08T15:31:59.807-0300] {taskmixin.py:211} WARNING - Dependency <Task(BashOperator): delete_entry_group>, create_entry_group already registered for DAG: example_complex
[2023-04-08T15:31:59.808-0300] {logging_mixin.py:137} INFO - [2023-04-08T15:31:59.808-0300] {taskmixin.py:211} WARNING - Dependency <Task(BashOperator): create_entry_gcs>, delete_entry already registered for DAG: example_complex
[2023-04-08T15:31:59.808-0300] {logging_mixin.py:137} INFO - [2023-04-08T15:31:59.808-0300] {taskmixin.py:211} WARNING - Dependency <Task(BashOperator): delete_entry>, create_entry_gcs already registered for DAG: example_complex
[2023-04-08T15:31:59.808-0300] {logging_mixin.py:137} INFO - [2023-04-08T15:31:59.808-0300] {taskmixin.py:211} WARNING - Dependency <Task(BashOperator): create_tag>, delete_tag already registered for DAG: example_complex
[2023-04-08T15:31:59.808-0300] {logging_mixin.py:137} INFO - [2023-04-08T15:31:59.808-0300] {taskmixin.py:211} WARNING - Dependency <Task(BashOperator): delete_tag>, create_tag already registered for DAG: example_complex
[2023-04-08T15:31:59.813-0300] {processor.py:753} INFO - DAG(s) dict_keys(['example_complex']) retrieved from /home/kauanu/PycharmProjects/AirFLowEnade/venv/lib/python3.10/site-packages/airflow/example_dags/example_complex.py
[2023-04-08T15:31:59.832-0300] {logging_mixin.py:137} INFO - [2023-04-08T15:31:59.832-0300] {dag.py:2705} INFO - Sync 1 DAGs
[2023-04-08T15:31:59.844-0300] {logging_mixin.py:137} INFO - [2023-04-08T15:31:59.844-0300] {dag.py:3452} INFO - Setting next_dagrun for example_complex to None, run_after=None
[2023-04-08T15:31:59.864-0300] {processor.py:175} INFO - Processing /home/kauanu/PycharmProjects/AirFLowEnade/venv/lib/python3.10/site-packages/airflow/example_dags/example_complex.py took 0.077 seconds
[2023-04-08T15:32:49.282-0300] {processor.py:153} INFO - Started process (PID=15522) to work on /home/kauanu/PycharmProjects/AirFLowEnade/venv/lib/python3.10/site-packages/airflow/example_dags/example_complex.py
[2023-04-08T15:32:49.283-0300] {processor.py:743} INFO - Processing file /home/kauanu/PycharmProjects/AirFLowEnade/venv/lib/python3.10/site-packages/airflow/example_dags/example_complex.py for tasks to queue
[2023-04-08T15:32:49.283-0300] {logging_mixin.py:137} INFO - [2023-04-08T15:32:49.283-0300] {dagbag.py:532} INFO - Filling up the DagBag from /home/kauanu/PycharmProjects/AirFLowEnade/venv/lib/python3.10/site-packages/airflow/example_dags/example_complex.py
[2023-04-08T15:32:49.292-0300] {logging_mixin.py:137} INFO - [2023-04-08T15:32:49.292-0300] {taskmixin.py:211} WARNING - Dependency <Task(BashOperator): create_entry_group>, delete_entry_group already registered for DAG: example_complex
[2023-04-08T15:32:49.292-0300] {logging_mixin.py:137} INFO - [2023-04-08T15:32:49.292-0300] {taskmixin.py:211} WARNING - Dependency <Task(BashOperator): delete_entry_group>, create_entry_group already registered for DAG: example_complex
[2023-04-08T15:32:49.292-0300] {logging_mixin.py:137} INFO - [2023-04-08T15:32:49.292-0300] {taskmixin.py:211} WARNING - Dependency <Task(BashOperator): create_entry_gcs>, delete_entry already registered for DAG: example_complex
[2023-04-08T15:32:49.292-0300] {logging_mixin.py:137} INFO - [2023-04-08T15:32:49.292-0300] {taskmixin.py:211} WARNING - Dependency <Task(BashOperator): delete_entry>, create_entry_gcs already registered for DAG: example_complex
[2023-04-08T15:32:49.292-0300] {logging_mixin.py:137} INFO - [2023-04-08T15:32:49.292-0300] {taskmixin.py:211} WARNING - Dependency <Task(BashOperator): create_tag>, delete_tag already registered for DAG: example_complex
[2023-04-08T15:32:49.293-0300] {logging_mixin.py:137} INFO - [2023-04-08T15:32:49.293-0300] {taskmixin.py:211} WARNING - Dependency <Task(BashOperator): delete_tag>, create_tag already registered for DAG: example_complex
[2023-04-08T15:32:49.298-0300] {processor.py:753} INFO - DAG(s) dict_keys(['example_complex']) retrieved from /home/kauanu/PycharmProjects/AirFLowEnade/venv/lib/python3.10/site-packages/airflow/example_dags/example_complex.py
[2023-04-08T15:32:49.318-0300] {logging_mixin.py:137} INFO - [2023-04-08T15:32:49.318-0300] {dag.py:2705} INFO - Sync 1 DAGs
[2023-04-08T15:32:49.343-0300] {logging_mixin.py:137} INFO - [2023-04-08T15:32:49.342-0300] {dag.py:3452} INFO - Setting next_dagrun for example_complex to None, run_after=None
[2023-04-08T15:32:49.371-0300] {processor.py:175} INFO - Processing /home/kauanu/PycharmProjects/AirFLowEnade/venv/lib/python3.10/site-packages/airflow/example_dags/example_complex.py took 0.092 seconds
[2023-04-08T15:33:42.800-0300] {processor.py:153} INFO - Started process (PID=15770) to work on /home/kauanu/PycharmProjects/AirFLowEnade/venv/lib/python3.10/site-packages/airflow/example_dags/example_complex.py
[2023-04-08T15:33:42.807-0300] {processor.py:743} INFO - Processing file /home/kauanu/PycharmProjects/AirFLowEnade/venv/lib/python3.10/site-packages/airflow/example_dags/example_complex.py for tasks to queue
[2023-04-08T15:33:42.808-0300] {logging_mixin.py:137} INFO - [2023-04-08T15:33:42.808-0300] {dagbag.py:532} INFO - Filling up the DagBag from /home/kauanu/PycharmProjects/AirFLowEnade/venv/lib/python3.10/site-packages/airflow/example_dags/example_complex.py
[2023-04-08T15:33:42.815-0300] {logging_mixin.py:137} INFO - [2023-04-08T15:33:42.815-0300] {taskmixin.py:211} WARNING - Dependency <Task(BashOperator): create_entry_group>, delete_entry_group already registered for DAG: example_complex
[2023-04-08T15:33:42.815-0300] {logging_mixin.py:137} INFO - [2023-04-08T15:33:42.815-0300] {taskmixin.py:211} WARNING - Dependency <Task(BashOperator): delete_entry_group>, create_entry_group already registered for DAG: example_complex
[2023-04-08T15:33:42.815-0300] {logging_mixin.py:137} INFO - [2023-04-08T15:33:42.815-0300] {taskmixin.py:211} WARNING - Dependency <Task(BashOperator): create_entry_gcs>, delete_entry already registered for DAG: example_complex
[2023-04-08T15:33:42.816-0300] {logging_mixin.py:137} INFO - [2023-04-08T15:33:42.816-0300] {taskmixin.py:211} WARNING - Dependency <Task(BashOperator): delete_entry>, create_entry_gcs already registered for DAG: example_complex
[2023-04-08T15:33:42.816-0300] {logging_mixin.py:137} INFO - [2023-04-08T15:33:42.816-0300] {taskmixin.py:211} WARNING - Dependency <Task(BashOperator): create_tag>, delete_tag already registered for DAG: example_complex
[2023-04-08T15:33:42.816-0300] {logging_mixin.py:137} INFO - [2023-04-08T15:33:42.816-0300] {taskmixin.py:211} WARNING - Dependency <Task(BashOperator): delete_tag>, create_tag already registered for DAG: example_complex
[2023-04-08T15:33:42.821-0300] {processor.py:753} INFO - DAG(s) dict_keys(['example_complex']) retrieved from /home/kauanu/PycharmProjects/AirFLowEnade/venv/lib/python3.10/site-packages/airflow/example_dags/example_complex.py
[2023-04-08T15:33:42.840-0300] {logging_mixin.py:137} INFO - [2023-04-08T15:33:42.840-0300] {dag.py:2705} INFO - Sync 1 DAGs
[2023-04-08T15:33:42.855-0300] {logging_mixin.py:137} INFO - [2023-04-08T15:33:42.855-0300] {dag.py:3452} INFO - Setting next_dagrun for example_complex to None, run_after=None
[2023-04-08T15:33:42.895-0300] {processor.py:175} INFO - Processing /home/kauanu/PycharmProjects/AirFLowEnade/venv/lib/python3.10/site-packages/airflow/example_dags/example_complex.py took 0.097 seconds
[2023-04-08T15:34:31.644-0300] {processor.py:153} INFO - Started process (PID=16010) to work on /home/kauanu/PycharmProjects/AirFLowEnade/venv/lib/python3.10/site-packages/airflow/example_dags/example_complex.py
[2023-04-08T15:34:31.654-0300] {processor.py:743} INFO - Processing file /home/kauanu/PycharmProjects/AirFLowEnade/venv/lib/python3.10/site-packages/airflow/example_dags/example_complex.py for tasks to queue
[2023-04-08T15:34:31.655-0300] {logging_mixin.py:137} INFO - [2023-04-08T15:34:31.655-0300] {dagbag.py:532} INFO - Filling up the DagBag from /home/kauanu/PycharmProjects/AirFLowEnade/venv/lib/python3.10/site-packages/airflow/example_dags/example_complex.py
[2023-04-08T15:34:31.668-0300] {logging_mixin.py:137} INFO - [2023-04-08T15:34:31.668-0300] {taskmixin.py:211} WARNING - Dependency <Task(BashOperator): create_entry_group>, delete_entry_group already registered for DAG: example_complex
[2023-04-08T15:34:31.668-0300] {logging_mixin.py:137} INFO - [2023-04-08T15:34:31.668-0300] {taskmixin.py:211} WARNING - Dependency <Task(BashOperator): delete_entry_group>, create_entry_group already registered for DAG: example_complex
[2023-04-08T15:34:31.668-0300] {logging_mixin.py:137} INFO - [2023-04-08T15:34:31.668-0300] {taskmixin.py:211} WARNING - Dependency <Task(BashOperator): create_entry_gcs>, delete_entry already registered for DAG: example_complex
[2023-04-08T15:34:31.669-0300] {logging_mixin.py:137} INFO - [2023-04-08T15:34:31.668-0300] {taskmixin.py:211} WARNING - Dependency <Task(BashOperator): delete_entry>, create_entry_gcs already registered for DAG: example_complex
[2023-04-08T15:34:31.669-0300] {logging_mixin.py:137} INFO - [2023-04-08T15:34:31.669-0300] {taskmixin.py:211} WARNING - Dependency <Task(BashOperator): create_tag>, delete_tag already registered for DAG: example_complex
[2023-04-08T15:34:31.669-0300] {logging_mixin.py:137} INFO - [2023-04-08T15:34:31.669-0300] {taskmixin.py:211} WARNING - Dependency <Task(BashOperator): delete_tag>, create_tag already registered for DAG: example_complex
[2023-04-08T15:34:31.673-0300] {processor.py:753} INFO - DAG(s) dict_keys(['example_complex']) retrieved from /home/kauanu/PycharmProjects/AirFLowEnade/venv/lib/python3.10/site-packages/airflow/example_dags/example_complex.py
[2023-04-08T15:34:31.693-0300] {logging_mixin.py:137} INFO - [2023-04-08T15:34:31.693-0300] {dag.py:2705} INFO - Sync 1 DAGs
[2023-04-08T15:34:31.707-0300] {logging_mixin.py:137} INFO - [2023-04-08T15:34:31.707-0300] {dag.py:3452} INFO - Setting next_dagrun for example_complex to None, run_after=None
[2023-04-08T15:34:31.751-0300] {processor.py:175} INFO - Processing /home/kauanu/PycharmProjects/AirFLowEnade/venv/lib/python3.10/site-packages/airflow/example_dags/example_complex.py took 0.109 seconds
[2023-04-08T15:35:26.843-0300] {processor.py:153} INFO - Started process (PID=16249) to work on /home/kauanu/PycharmProjects/AirFLowEnade/venv/lib/python3.10/site-packages/airflow/example_dags/example_complex.py
[2023-04-08T15:35:26.845-0300] {processor.py:743} INFO - Processing file /home/kauanu/PycharmProjects/AirFLowEnade/venv/lib/python3.10/site-packages/airflow/example_dags/example_complex.py for tasks to queue
[2023-04-08T15:35:26.846-0300] {logging_mixin.py:137} INFO - [2023-04-08T15:35:26.846-0300] {dagbag.py:532} INFO - Filling up the DagBag from /home/kauanu/PycharmProjects/AirFLowEnade/venv/lib/python3.10/site-packages/airflow/example_dags/example_complex.py
[2023-04-08T15:35:26.859-0300] {logging_mixin.py:137} INFO - [2023-04-08T15:35:26.859-0300] {taskmixin.py:211} WARNING - Dependency <Task(BashOperator): create_entry_group>, delete_entry_group already registered for DAG: example_complex
[2023-04-08T15:35:26.859-0300] {logging_mixin.py:137} INFO - [2023-04-08T15:35:26.859-0300] {taskmixin.py:211} WARNING - Dependency <Task(BashOperator): delete_entry_group>, create_entry_group already registered for DAG: example_complex
[2023-04-08T15:35:26.859-0300] {logging_mixin.py:137} INFO - [2023-04-08T15:35:26.859-0300] {taskmixin.py:211} WARNING - Dependency <Task(BashOperator): create_entry_gcs>, delete_entry already registered for DAG: example_complex
[2023-04-08T15:35:26.859-0300] {logging_mixin.py:137} INFO - [2023-04-08T15:35:26.859-0300] {taskmixin.py:211} WARNING - Dependency <Task(BashOperator): delete_entry>, create_entry_gcs already registered for DAG: example_complex
[2023-04-08T15:35:26.860-0300] {logging_mixin.py:137} INFO - [2023-04-08T15:35:26.860-0300] {taskmixin.py:211} WARNING - Dependency <Task(BashOperator): create_tag>, delete_tag already registered for DAG: example_complex
[2023-04-08T15:35:26.860-0300] {logging_mixin.py:137} INFO - [2023-04-08T15:35:26.860-0300] {taskmixin.py:211} WARNING - Dependency <Task(BashOperator): delete_tag>, create_tag already registered for DAG: example_complex
[2023-04-08T15:35:26.868-0300] {processor.py:753} INFO - DAG(s) dict_keys(['example_complex']) retrieved from /home/kauanu/PycharmProjects/AirFLowEnade/venv/lib/python3.10/site-packages/airflow/example_dags/example_complex.py
[2023-04-08T15:35:26.905-0300] {logging_mixin.py:137} INFO - [2023-04-08T15:35:26.905-0300] {dag.py:2705} INFO - Sync 1 DAGs
[2023-04-08T15:35:26.941-0300] {logging_mixin.py:137} INFO - [2023-04-08T15:35:26.941-0300] {dag.py:3452} INFO - Setting next_dagrun for example_complex to None, run_after=None
[2023-04-08T15:35:26.979-0300] {processor.py:175} INFO - Processing /home/kauanu/PycharmProjects/AirFLowEnade/venv/lib/python3.10/site-packages/airflow/example_dags/example_complex.py took 0.139 seconds
[2023-04-08T15:36:26.590-0300] {processor.py:153} INFO - Started process (PID=16532) to work on /home/kauanu/PycharmProjects/AirFLowEnade/venv/lib/python3.10/site-packages/airflow/example_dags/example_complex.py
[2023-04-08T15:36:26.605-0300] {processor.py:743} INFO - Processing file /home/kauanu/PycharmProjects/AirFLowEnade/venv/lib/python3.10/site-packages/airflow/example_dags/example_complex.py for tasks to queue
[2023-04-08T15:36:26.606-0300] {logging_mixin.py:137} INFO - [2023-04-08T15:36:26.606-0300] {dagbag.py:532} INFO - Filling up the DagBag from /home/kauanu/PycharmProjects/AirFLowEnade/venv/lib/python3.10/site-packages/airflow/example_dags/example_complex.py
[2023-04-08T15:36:26.619-0300] {logging_mixin.py:137} INFO - [2023-04-08T15:36:26.618-0300] {taskmixin.py:211} WARNING - Dependency <Task(BashOperator): create_entry_group>, delete_entry_group already registered for DAG: example_complex
[2023-04-08T15:36:26.619-0300] {logging_mixin.py:137} INFO - [2023-04-08T15:36:26.619-0300] {taskmixin.py:211} WARNING - Dependency <Task(BashOperator): delete_entry_group>, create_entry_group already registered for DAG: example_complex
[2023-04-08T15:36:26.619-0300] {logging_mixin.py:137} INFO - [2023-04-08T15:36:26.619-0300] {taskmixin.py:211} WARNING - Dependency <Task(BashOperator): create_entry_gcs>, delete_entry already registered for DAG: example_complex
[2023-04-08T15:36:26.619-0300] {logging_mixin.py:137} INFO - [2023-04-08T15:36:26.619-0300] {taskmixin.py:211} WARNING - Dependency <Task(BashOperator): delete_entry>, create_entry_gcs already registered for DAG: example_complex
[2023-04-08T15:36:26.619-0300] {logging_mixin.py:137} INFO - [2023-04-08T15:36:26.619-0300] {taskmixin.py:211} WARNING - Dependency <Task(BashOperator): create_tag>, delete_tag already registered for DAG: example_complex
[2023-04-08T15:36:26.619-0300] {logging_mixin.py:137} INFO - [2023-04-08T15:36:26.619-0300] {taskmixin.py:211} WARNING - Dependency <Task(BashOperator): delete_tag>, create_tag already registered for DAG: example_complex
[2023-04-08T15:36:26.625-0300] {processor.py:753} INFO - DAG(s) dict_keys(['example_complex']) retrieved from /home/kauanu/PycharmProjects/AirFLowEnade/venv/lib/python3.10/site-packages/airflow/example_dags/example_complex.py
[2023-04-08T15:36:26.651-0300] {logging_mixin.py:137} INFO - [2023-04-08T15:36:26.651-0300] {dag.py:2705} INFO - Sync 1 DAGs
[2023-04-08T15:36:26.670-0300] {logging_mixin.py:137} INFO - [2023-04-08T15:36:26.669-0300] {dag.py:3452} INFO - Setting next_dagrun for example_complex to None, run_after=None
[2023-04-08T15:36:26.700-0300] {processor.py:175} INFO - Processing /home/kauanu/PycharmProjects/AirFLowEnade/venv/lib/python3.10/site-packages/airflow/example_dags/example_complex.py took 0.113 seconds
