[2023-04-08T15:25:52.674-0300] {processor.py:153} INFO - Started process (PID=13484) to work on /home/kauanu/PycharmProjects/AirFLowEnade/venv/lib/python3.10/site-packages/airflow/example_dags/tutorial.py
[2023-04-08T15:25:52.674-0300] {processor.py:743} INFO - Processing file /home/kauanu/PycharmProjects/AirFLowEnade/venv/lib/python3.10/site-packages/airflow/example_dags/tutorial.py for tasks to queue
[2023-04-08T15:25:52.675-0300] {logging_mixin.py:137} INFO - [2023-04-08T15:25:52.675-0300] {dagbag.py:532} INFO - Filling up the DagBag from /home/kauanu/PycharmProjects/AirFLowEnade/venv/lib/python3.10/site-packages/airflow/example_dags/tutorial.py
[2023-04-08T15:25:52.686-0300] {processor.py:753} INFO - DAG(s) dict_keys(['tutorial']) retrieved from /home/kauanu/PycharmProjects/AirFLowEnade/venv/lib/python3.10/site-packages/airflow/example_dags/tutorial.py
[2023-04-08T15:25:52.797-0300] {logging_mixin.py:137} INFO - [2023-04-08T15:25:52.797-0300] {manager.py:504} INFO - Created Permission View: can delete on DAG:tutorial
[2023-04-08T15:25:52.816-0300] {logging_mixin.py:137} INFO - [2023-04-08T15:25:52.815-0300] {manager.py:504} INFO - Created Permission View: can edit on DAG:tutorial
[2023-04-08T15:25:52.833-0300] {logging_mixin.py:137} INFO - [2023-04-08T15:25:52.832-0300] {manager.py:504} INFO - Created Permission View: can read on DAG:tutorial
[2023-04-08T15:25:52.833-0300] {logging_mixin.py:137} INFO - [2023-04-08T15:25:52.833-0300] {dag.py:2705} INFO - Sync 1 DAGs
[2023-04-08T15:25:52.840-0300] {logging_mixin.py:137} INFO - [2023-04-08T15:25:52.839-0300] {dag.py:2726} INFO - Creating ORM DAG for tutorial
[2023-04-08T15:25:52.845-0300] {logging_mixin.py:137} INFO - [2023-04-08T15:25:52.845-0300] {dag.py:3452} INFO - Setting next_dagrun for tutorial to 2023-04-07T18:25:52.845406+00:00, run_after=2023-04-08T18:25:52.845406+00:00
[2023-04-08T15:25:52.875-0300] {processor.py:175} INFO - Processing /home/kauanu/PycharmProjects/AirFLowEnade/venv/lib/python3.10/site-packages/airflow/example_dags/tutorial.py took 0.204 seconds
[2023-04-08T15:26:43.046-0300] {processor.py:153} INFO - Started process (PID=13736) to work on /home/kauanu/PycharmProjects/AirFLowEnade/venv/lib/python3.10/site-packages/airflow/example_dags/tutorial.py
[2023-04-08T15:26:43.047-0300] {processor.py:743} INFO - Processing file /home/kauanu/PycharmProjects/AirFLowEnade/venv/lib/python3.10/site-packages/airflow/example_dags/tutorial.py for tasks to queue
[2023-04-08T15:26:43.048-0300] {logging_mixin.py:137} INFO - [2023-04-08T15:26:43.047-0300] {dagbag.py:532} INFO - Filling up the DagBag from /home/kauanu/PycharmProjects/AirFLowEnade/venv/lib/python3.10/site-packages/airflow/example_dags/tutorial.py
[2023-04-08T15:26:43.065-0300] {processor.py:753} INFO - DAG(s) dict_keys(['tutorial']) retrieved from /home/kauanu/PycharmProjects/AirFLowEnade/venv/lib/python3.10/site-packages/airflow/example_dags/tutorial.py
[2023-04-08T15:26:43.087-0300] {logging_mixin.py:137} INFO - [2023-04-08T15:26:43.087-0300] {dag.py:2705} INFO - Sync 1 DAGs
[2023-04-08T15:26:43.104-0300] {logging_mixin.py:137} INFO - [2023-04-08T15:26:43.104-0300] {dag.py:3452} INFO - Setting next_dagrun for tutorial to 2023-04-07T18:26:43.103854+00:00, run_after=2023-04-08T18:26:43.103854+00:00
[2023-04-08T15:26:43.143-0300] {processor.py:175} INFO - Processing /home/kauanu/PycharmProjects/AirFLowEnade/venv/lib/python3.10/site-packages/airflow/example_dags/tutorial.py took 0.103 seconds
[2023-04-08T15:27:37.782-0300] {processor.py:153} INFO - Started process (PID=13978) to work on /home/kauanu/PycharmProjects/AirFLowEnade/venv/lib/python3.10/site-packages/airflow/example_dags/tutorial.py
[2023-04-08T15:27:37.784-0300] {processor.py:743} INFO - Processing file /home/kauanu/PycharmProjects/AirFLowEnade/venv/lib/python3.10/site-packages/airflow/example_dags/tutorial.py for tasks to queue
[2023-04-08T15:27:37.785-0300] {logging_mixin.py:137} INFO - [2023-04-08T15:27:37.785-0300] {dagbag.py:532} INFO - Filling up the DagBag from /home/kauanu/PycharmProjects/AirFLowEnade/venv/lib/python3.10/site-packages/airflow/example_dags/tutorial.py
[2023-04-08T15:27:37.799-0300] {processor.py:753} INFO - DAG(s) dict_keys(['tutorial']) retrieved from /home/kauanu/PycharmProjects/AirFLowEnade/venv/lib/python3.10/site-packages/airflow/example_dags/tutorial.py
[2023-04-08T15:27:37.813-0300] {logging_mixin.py:137} INFO - [2023-04-08T15:27:37.813-0300] {dag.py:2705} INFO - Sync 1 DAGs
[2023-04-08T15:27:37.828-0300] {logging_mixin.py:137} INFO - [2023-04-08T15:27:37.827-0300] {dag.py:3452} INFO - Setting next_dagrun for tutorial to 2023-04-07T18:27:37.827753+00:00, run_after=2023-04-08T18:27:37.827753+00:00
[2023-04-08T15:27:37.851-0300] {processor.py:175} INFO - Processing /home/kauanu/PycharmProjects/AirFLowEnade/venv/lib/python3.10/site-packages/airflow/example_dags/tutorial.py took 0.071 seconds
[2023-04-08T15:28:40.248-0300] {processor.py:153} INFO - Started process (PID=14280) to work on /home/kauanu/PycharmProjects/AirFLowEnade/venv/lib/python3.10/site-packages/airflow/example_dags/tutorial.py
[2023-04-08T15:28:40.258-0300] {processor.py:743} INFO - Processing file /home/kauanu/PycharmProjects/AirFLowEnade/venv/lib/python3.10/site-packages/airflow/example_dags/tutorial.py for tasks to queue
[2023-04-08T15:28:40.258-0300] {logging_mixin.py:137} INFO - [2023-04-08T15:28:40.258-0300] {dagbag.py:532} INFO - Filling up the DagBag from /home/kauanu/PycharmProjects/AirFLowEnade/venv/lib/python3.10/site-packages/airflow/example_dags/tutorial.py
[2023-04-08T15:28:40.270-0300] {processor.py:753} INFO - DAG(s) dict_keys(['tutorial']) retrieved from /home/kauanu/PycharmProjects/AirFLowEnade/venv/lib/python3.10/site-packages/airflow/example_dags/tutorial.py
[2023-04-08T15:28:40.285-0300] {logging_mixin.py:137} INFO - [2023-04-08T15:28:40.285-0300] {dag.py:2705} INFO - Sync 1 DAGs
[2023-04-08T15:28:40.298-0300] {logging_mixin.py:137} INFO - [2023-04-08T15:28:40.298-0300] {dag.py:3452} INFO - Setting next_dagrun for tutorial to 2023-04-07T18:28:40.298346+00:00, run_after=2023-04-08T18:28:40.298346+00:00
[2023-04-08T15:28:40.320-0300] {processor.py:175} INFO - Processing /home/kauanu/PycharmProjects/AirFLowEnade/venv/lib/python3.10/site-packages/airflow/example_dags/tutorial.py took 0.074 seconds
[2023-04-08T15:29:32.147-0300] {processor.py:153} INFO - Started process (PID=14584) to work on /home/kauanu/PycharmProjects/AirFLowEnade/venv/lib/python3.10/site-packages/airflow/example_dags/tutorial.py
[2023-04-08T15:29:32.219-0300] {processor.py:743} INFO - Processing file /home/kauanu/PycharmProjects/AirFLowEnade/venv/lib/python3.10/site-packages/airflow/example_dags/tutorial.py for tasks to queue
[2023-04-08T15:29:32.221-0300] {logging_mixin.py:137} INFO - [2023-04-08T15:29:32.220-0300] {dagbag.py:532} INFO - Filling up the DagBag from /home/kauanu/PycharmProjects/AirFLowEnade/venv/lib/python3.10/site-packages/airflow/example_dags/tutorial.py
[2023-04-08T15:29:32.249-0300] {processor.py:753} INFO - DAG(s) dict_keys(['tutorial']) retrieved from /home/kauanu/PycharmProjects/AirFLowEnade/venv/lib/python3.10/site-packages/airflow/example_dags/tutorial.py
[2023-04-08T15:29:32.272-0300] {logging_mixin.py:137} INFO - [2023-04-08T15:29:32.271-0300] {dag.py:2705} INFO - Sync 1 DAGs
[2023-04-08T15:29:32.297-0300] {logging_mixin.py:137} INFO - [2023-04-08T15:29:32.297-0300] {dag.py:3452} INFO - Setting next_dagrun for tutorial to 2023-04-07T18:29:32.297280+00:00, run_after=2023-04-08T18:29:32.297280+00:00
[2023-04-08T15:29:32.349-0300] {processor.py:175} INFO - Processing /home/kauanu/PycharmProjects/AirFLowEnade/venv/lib/python3.10/site-packages/airflow/example_dags/tutorial.py took 0.204 seconds
[2023-04-08T15:30:15.410-0300] {processor.py:153} INFO - Started process (PID=14808) to work on /home/kauanu/PycharmProjects/AirFLowEnade/venv/lib/python3.10/site-packages/airflow/example_dags/tutorial.py
[2023-04-08T15:30:15.411-0300] {processor.py:743} INFO - Processing file /home/kauanu/PycharmProjects/AirFLowEnade/venv/lib/python3.10/site-packages/airflow/example_dags/tutorial.py for tasks to queue
[2023-04-08T15:30:15.412-0300] {logging_mixin.py:137} INFO - [2023-04-08T15:30:15.412-0300] {dagbag.py:532} INFO - Filling up the DagBag from /home/kauanu/PycharmProjects/AirFLowEnade/venv/lib/python3.10/site-packages/airflow/example_dags/tutorial.py
[2023-04-08T15:30:15.427-0300] {processor.py:753} INFO - DAG(s) dict_keys(['tutorial']) retrieved from /home/kauanu/PycharmProjects/AirFLowEnade/venv/lib/python3.10/site-packages/airflow/example_dags/tutorial.py
[2023-04-08T15:30:15.444-0300] {logging_mixin.py:137} INFO - [2023-04-08T15:30:15.444-0300] {dag.py:2705} INFO - Sync 1 DAGs
[2023-04-08T15:30:15.460-0300] {logging_mixin.py:137} INFO - [2023-04-08T15:30:15.460-0300] {dag.py:3452} INFO - Setting next_dagrun for tutorial to 2023-04-07T18:30:15.460102+00:00, run_after=2023-04-08T18:30:15.460102+00:00
[2023-04-08T15:30:15.483-0300] {processor.py:175} INFO - Processing /home/kauanu/PycharmProjects/AirFLowEnade/venv/lib/python3.10/site-packages/airflow/example_dags/tutorial.py took 0.075 seconds
[2023-04-08T15:31:00.468-0300] {processor.py:153} INFO - Started process (PID=14998) to work on /home/kauanu/PycharmProjects/AirFLowEnade/venv/lib/python3.10/site-packages/airflow/example_dags/tutorial.py
[2023-04-08T15:31:00.470-0300] {processor.py:743} INFO - Processing file /home/kauanu/PycharmProjects/AirFLowEnade/venv/lib/python3.10/site-packages/airflow/example_dags/tutorial.py for tasks to queue
[2023-04-08T15:31:00.471-0300] {logging_mixin.py:137} INFO - [2023-04-08T15:31:00.471-0300] {dagbag.py:532} INFO - Filling up the DagBag from /home/kauanu/PycharmProjects/AirFLowEnade/venv/lib/python3.10/site-packages/airflow/example_dags/tutorial.py
[2023-04-08T15:31:00.483-0300] {processor.py:753} INFO - DAG(s) dict_keys(['tutorial']) retrieved from /home/kauanu/PycharmProjects/AirFLowEnade/venv/lib/python3.10/site-packages/airflow/example_dags/tutorial.py
[2023-04-08T15:31:00.499-0300] {logging_mixin.py:137} INFO - [2023-04-08T15:31:00.499-0300] {dag.py:2705} INFO - Sync 1 DAGs
[2023-04-08T15:31:00.514-0300] {logging_mixin.py:137} INFO - [2023-04-08T15:31:00.514-0300] {dag.py:3452} INFO - Setting next_dagrun for tutorial to 2023-04-07T18:31:00.513978+00:00, run_after=2023-04-08T18:31:00.513978+00:00
[2023-04-08T15:31:00.535-0300] {processor.py:175} INFO - Processing /home/kauanu/PycharmProjects/AirFLowEnade/venv/lib/python3.10/site-packages/airflow/example_dags/tutorial.py took 0.070 seconds
[2023-04-08T15:31:43.179-0300] {processor.py:153} INFO - Started process (PID=15193) to work on /home/kauanu/PycharmProjects/AirFLowEnade/venv/lib/python3.10/site-packages/airflow/example_dags/tutorial.py
[2023-04-08T15:31:43.180-0300] {processor.py:743} INFO - Processing file /home/kauanu/PycharmProjects/AirFLowEnade/venv/lib/python3.10/site-packages/airflow/example_dags/tutorial.py for tasks to queue
[2023-04-08T15:31:43.181-0300] {logging_mixin.py:137} INFO - [2023-04-08T15:31:43.180-0300] {dagbag.py:532} INFO - Filling up the DagBag from /home/kauanu/PycharmProjects/AirFLowEnade/venv/lib/python3.10/site-packages/airflow/example_dags/tutorial.py
[2023-04-08T15:31:43.191-0300] {processor.py:753} INFO - DAG(s) dict_keys(['tutorial']) retrieved from /home/kauanu/PycharmProjects/AirFLowEnade/venv/lib/python3.10/site-packages/airflow/example_dags/tutorial.py
[2023-04-08T15:31:43.205-0300] {logging_mixin.py:137} INFO - [2023-04-08T15:31:43.205-0300] {dag.py:2705} INFO - Sync 1 DAGs
[2023-04-08T15:31:43.218-0300] {logging_mixin.py:137} INFO - [2023-04-08T15:31:43.218-0300] {dag.py:3452} INFO - Setting next_dagrun for tutorial to 2023-04-07T18:31:43.218393+00:00, run_after=2023-04-08T18:31:43.218393+00:00
[2023-04-08T15:31:43.239-0300] {processor.py:175} INFO - Processing /home/kauanu/PycharmProjects/AirFLowEnade/venv/lib/python3.10/site-packages/airflow/example_dags/tutorial.py took 0.063 seconds
[2023-04-08T15:32:32.017-0300] {processor.py:153} INFO - Started process (PID=15424) to work on /home/kauanu/PycharmProjects/AirFLowEnade/venv/lib/python3.10/site-packages/airflow/example_dags/tutorial.py
[2023-04-08T15:32:32.018-0300] {processor.py:743} INFO - Processing file /home/kauanu/PycharmProjects/AirFLowEnade/venv/lib/python3.10/site-packages/airflow/example_dags/tutorial.py for tasks to queue
[2023-04-08T15:32:32.019-0300] {logging_mixin.py:137} INFO - [2023-04-08T15:32:32.019-0300] {dagbag.py:532} INFO - Filling up the DagBag from /home/kauanu/PycharmProjects/AirFLowEnade/venv/lib/python3.10/site-packages/airflow/example_dags/tutorial.py
[2023-04-08T15:32:32.033-0300] {processor.py:753} INFO - DAG(s) dict_keys(['tutorial']) retrieved from /home/kauanu/PycharmProjects/AirFLowEnade/venv/lib/python3.10/site-packages/airflow/example_dags/tutorial.py
[2023-04-08T15:32:32.048-0300] {logging_mixin.py:137} INFO - [2023-04-08T15:32:32.048-0300] {dag.py:2705} INFO - Sync 1 DAGs
[2023-04-08T15:32:32.063-0300] {logging_mixin.py:137} INFO - [2023-04-08T15:32:32.063-0300] {dag.py:3452} INFO - Setting next_dagrun for tutorial to 2023-04-07T18:32:32.063399+00:00, run_after=2023-04-08T18:32:32.063399+00:00
[2023-04-08T15:32:32.084-0300] {processor.py:175} INFO - Processing /home/kauanu/PycharmProjects/AirFLowEnade/venv/lib/python3.10/site-packages/airflow/example_dags/tutorial.py took 0.069 seconds
[2023-04-08T15:33:11.278-0300] {processor.py:153} INFO - Started process (PID=15631) to work on /home/kauanu/PycharmProjects/AirFLowEnade/venv/lib/python3.10/site-packages/airflow/example_dags/tutorial.py
[2023-04-08T15:33:11.279-0300] {processor.py:743} INFO - Processing file /home/kauanu/PycharmProjects/AirFLowEnade/venv/lib/python3.10/site-packages/airflow/example_dags/tutorial.py for tasks to queue
[2023-04-08T15:33:11.280-0300] {logging_mixin.py:137} INFO - [2023-04-08T15:33:11.279-0300] {dagbag.py:532} INFO - Filling up the DagBag from /home/kauanu/PycharmProjects/AirFLowEnade/venv/lib/python3.10/site-packages/airflow/example_dags/tutorial.py
[2023-04-08T15:33:11.291-0300] {processor.py:753} INFO - DAG(s) dict_keys(['tutorial']) retrieved from /home/kauanu/PycharmProjects/AirFLowEnade/venv/lib/python3.10/site-packages/airflow/example_dags/tutorial.py
[2023-04-08T15:33:11.305-0300] {logging_mixin.py:137} INFO - [2023-04-08T15:33:11.305-0300] {dag.py:2705} INFO - Sync 1 DAGs
[2023-04-08T15:33:11.318-0300] {logging_mixin.py:137} INFO - [2023-04-08T15:33:11.318-0300] {dag.py:3452} INFO - Setting next_dagrun for tutorial to 2023-04-07T18:33:11.318273+00:00, run_after=2023-04-08T18:33:11.318273+00:00
[2023-04-08T15:33:11.385-0300] {processor.py:175} INFO - Processing /home/kauanu/PycharmProjects/AirFLowEnade/venv/lib/python3.10/site-packages/airflow/example_dags/tutorial.py took 0.109 seconds
[2023-04-08T15:33:49.933-0300] {processor.py:153} INFO - Started process (PID=15818) to work on /home/kauanu/PycharmProjects/AirFLowEnade/venv/lib/python3.10/site-packages/airflow/example_dags/tutorial.py
[2023-04-08T15:33:49.941-0300] {processor.py:743} INFO - Processing file /home/kauanu/PycharmProjects/AirFLowEnade/venv/lib/python3.10/site-packages/airflow/example_dags/tutorial.py for tasks to queue
[2023-04-08T15:33:49.942-0300] {logging_mixin.py:137} INFO - [2023-04-08T15:33:49.941-0300] {dagbag.py:532} INFO - Filling up the DagBag from /home/kauanu/PycharmProjects/AirFLowEnade/venv/lib/python3.10/site-packages/airflow/example_dags/tutorial.py
[2023-04-08T15:33:49.952-0300] {processor.py:753} INFO - DAG(s) dict_keys(['tutorial']) retrieved from /home/kauanu/PycharmProjects/AirFLowEnade/venv/lib/python3.10/site-packages/airflow/example_dags/tutorial.py
[2023-04-08T15:33:49.966-0300] {logging_mixin.py:137} INFO - [2023-04-08T15:33:49.966-0300] {dag.py:2705} INFO - Sync 1 DAGs
[2023-04-08T15:33:49.980-0300] {logging_mixin.py:137} INFO - [2023-04-08T15:33:49.980-0300] {dag.py:3452} INFO - Setting next_dagrun for tutorial to 2023-04-07T18:33:49.980467+00:00, run_after=2023-04-08T18:33:49.980467+00:00
[2023-04-08T15:33:50.002-0300] {processor.py:175} INFO - Processing /home/kauanu/PycharmProjects/AirFLowEnade/venv/lib/python3.10/site-packages/airflow/example_dags/tutorial.py took 0.071 seconds
[2023-04-08T15:34:27.839-0300] {processor.py:153} INFO - Started process (PID=15989) to work on /home/kauanu/PycharmProjects/AirFLowEnade/venv/lib/python3.10/site-packages/airflow/example_dags/tutorial.py
[2023-04-08T15:34:27.852-0300] {processor.py:743} INFO - Processing file /home/kauanu/PycharmProjects/AirFLowEnade/venv/lib/python3.10/site-packages/airflow/example_dags/tutorial.py for tasks to queue
[2023-04-08T15:34:27.853-0300] {logging_mixin.py:137} INFO - [2023-04-08T15:34:27.853-0300] {dagbag.py:532} INFO - Filling up the DagBag from /home/kauanu/PycharmProjects/AirFLowEnade/venv/lib/python3.10/site-packages/airflow/example_dags/tutorial.py
[2023-04-08T15:34:27.864-0300] {processor.py:753} INFO - DAG(s) dict_keys(['tutorial']) retrieved from /home/kauanu/PycharmProjects/AirFLowEnade/venv/lib/python3.10/site-packages/airflow/example_dags/tutorial.py
[2023-04-08T15:34:27.878-0300] {logging_mixin.py:137} INFO - [2023-04-08T15:34:27.878-0300] {dag.py:2705} INFO - Sync 1 DAGs
[2023-04-08T15:34:27.892-0300] {logging_mixin.py:137} INFO - [2023-04-08T15:34:27.892-0300] {dag.py:3452} INFO - Setting next_dagrun for tutorial to 2023-04-07T18:34:27.892336+00:00, run_after=2023-04-08T18:34:27.892336+00:00
[2023-04-08T15:34:27.914-0300] {processor.py:175} INFO - Processing /home/kauanu/PycharmProjects/AirFLowEnade/venv/lib/python3.10/site-packages/airflow/example_dags/tutorial.py took 0.078 seconds
[2023-04-08T15:35:20.462-0300] {processor.py:153} INFO - Started process (PID=16243) to work on /home/kauanu/PycharmProjects/AirFLowEnade/venv/lib/python3.10/site-packages/airflow/example_dags/tutorial.py
[2023-04-08T15:35:20.471-0300] {processor.py:743} INFO - Processing file /home/kauanu/PycharmProjects/AirFLowEnade/venv/lib/python3.10/site-packages/airflow/example_dags/tutorial.py for tasks to queue
[2023-04-08T15:35:20.471-0300] {logging_mixin.py:137} INFO - [2023-04-08T15:35:20.471-0300] {dagbag.py:532} INFO - Filling up the DagBag from /home/kauanu/PycharmProjects/AirFLowEnade/venv/lib/python3.10/site-packages/airflow/example_dags/tutorial.py
[2023-04-08T15:35:20.482-0300] {processor.py:753} INFO - DAG(s) dict_keys(['tutorial']) retrieved from /home/kauanu/PycharmProjects/AirFLowEnade/venv/lib/python3.10/site-packages/airflow/example_dags/tutorial.py
[2023-04-08T15:35:20.497-0300] {logging_mixin.py:137} INFO - [2023-04-08T15:35:20.497-0300] {dag.py:2705} INFO - Sync 1 DAGs
[2023-04-08T15:35:20.510-0300] {logging_mixin.py:137} INFO - [2023-04-08T15:35:20.510-0300] {dag.py:3452} INFO - Setting next_dagrun for tutorial to 2023-04-07T18:35:20.510079+00:00, run_after=2023-04-08T18:35:20.510079+00:00
[2023-04-08T15:35:20.531-0300] {processor.py:175} INFO - Processing /home/kauanu/PycharmProjects/AirFLowEnade/venv/lib/python3.10/site-packages/airflow/example_dags/tutorial.py took 0.071 seconds
[2023-04-08T15:36:04.651-0300] {processor.py:153} INFO - Started process (PID=16439) to work on /home/kauanu/PycharmProjects/AirFLowEnade/venv/lib/python3.10/site-packages/airflow/example_dags/tutorial.py
[2023-04-08T15:36:04.660-0300] {processor.py:743} INFO - Processing file /home/kauanu/PycharmProjects/AirFLowEnade/venv/lib/python3.10/site-packages/airflow/example_dags/tutorial.py for tasks to queue
[2023-04-08T15:36:04.661-0300] {logging_mixin.py:137} INFO - [2023-04-08T15:36:04.661-0300] {dagbag.py:532} INFO - Filling up the DagBag from /home/kauanu/PycharmProjects/AirFLowEnade/venv/lib/python3.10/site-packages/airflow/example_dags/tutorial.py
[2023-04-08T15:36:04.672-0300] {processor.py:753} INFO - DAG(s) dict_keys(['tutorial']) retrieved from /home/kauanu/PycharmProjects/AirFLowEnade/venv/lib/python3.10/site-packages/airflow/example_dags/tutorial.py
[2023-04-08T15:36:04.689-0300] {logging_mixin.py:137} INFO - [2023-04-08T15:36:04.688-0300] {dag.py:2705} INFO - Sync 1 DAGs
[2023-04-08T15:36:04.719-0300] {logging_mixin.py:137} INFO - [2023-04-08T15:36:04.719-0300] {dag.py:3452} INFO - Setting next_dagrun for tutorial to 2023-04-07T18:36:04.719037+00:00, run_after=2023-04-08T18:36:04.719037+00:00
[2023-04-08T15:36:04.810-0300] {processor.py:175} INFO - Processing /home/kauanu/PycharmProjects/AirFLowEnade/venv/lib/python3.10/site-packages/airflow/example_dags/tutorial.py took 0.161 seconds
