[2023-04-08T15:25:30.511-0300] {processor.py:153} INFO - Started process (PID=13379) to work on /home/kauanu/PycharmProjects/AirFLowEnade/venv/lib/python3.10/site-packages/airflow/example_dags/tutorial_taskflow_api.py
[2023-04-08T15:25:30.512-0300] {processor.py:743} INFO - Processing file /home/kauanu/PycharmProjects/AirFLowEnade/venv/lib/python3.10/site-packages/airflow/example_dags/tutorial_taskflow_api.py for tasks to queue
[2023-04-08T15:25:30.513-0300] {logging_mixin.py:137} INFO - [2023-04-08T15:25:30.512-0300] {dagbag.py:532} INFO - Filling up the DagBag from /home/kauanu/PycharmProjects/AirFLowEnade/venv/lib/python3.10/site-packages/airflow/example_dags/tutorial_taskflow_api.py
[2023-04-08T15:25:30.549-0300] {processor.py:753} INFO - DAG(s) dict_keys(['tutorial_taskflow_api']) retrieved from /home/kauanu/PycharmProjects/AirFLowEnade/venv/lib/python3.10/site-packages/airflow/example_dags/tutorial_taskflow_api.py
[2023-04-08T15:25:30.730-0300] {logging_mixin.py:137} INFO - [2023-04-08T15:25:30.728-0300] {manager.py:504} INFO - Created Permission View: can delete on DAG:tutorial_taskflow_api
[2023-04-08T15:25:30.748-0300] {logging_mixin.py:137} INFO - [2023-04-08T15:25:30.748-0300] {manager.py:504} INFO - Created Permission View: can edit on DAG:tutorial_taskflow_api
[2023-04-08T15:25:30.772-0300] {logging_mixin.py:137} INFO - [2023-04-08T15:25:30.771-0300] {manager.py:504} INFO - Created Permission View: can read on DAG:tutorial_taskflow_api
[2023-04-08T15:25:30.772-0300] {logging_mixin.py:137} INFO - [2023-04-08T15:25:30.772-0300] {dag.py:2705} INFO - Sync 1 DAGs
[2023-04-08T15:25:30.782-0300] {logging_mixin.py:137} INFO - [2023-04-08T15:25:30.782-0300] {dag.py:2726} INFO - Creating ORM DAG for tutorial_taskflow_api
[2023-04-08T15:25:30.805-0300] {logging_mixin.py:137} INFO - [2023-04-08T15:25:30.802-0300] {dag.py:3452} INFO - Setting next_dagrun for tutorial_taskflow_api to None, run_after=None
[2023-04-08T15:25:30.858-0300] {processor.py:175} INFO - Processing /home/kauanu/PycharmProjects/AirFLowEnade/venv/lib/python3.10/site-packages/airflow/example_dags/tutorial_taskflow_api.py took 0.357 seconds
[2023-04-08T15:26:26.421-0300] {processor.py:153} INFO - Started process (PID=13665) to work on /home/kauanu/PycharmProjects/AirFLowEnade/venv/lib/python3.10/site-packages/airflow/example_dags/tutorial_taskflow_api.py
[2023-04-08T15:26:26.430-0300] {processor.py:743} INFO - Processing file /home/kauanu/PycharmProjects/AirFLowEnade/venv/lib/python3.10/site-packages/airflow/example_dags/tutorial_taskflow_api.py for tasks to queue
[2023-04-08T15:26:26.432-0300] {logging_mixin.py:137} INFO - [2023-04-08T15:26:26.432-0300] {dagbag.py:532} INFO - Filling up the DagBag from /home/kauanu/PycharmProjects/AirFLowEnade/venv/lib/python3.10/site-packages/airflow/example_dags/tutorial_taskflow_api.py
[2023-04-08T15:26:26.474-0300] {processor.py:753} INFO - DAG(s) dict_keys(['tutorial_taskflow_api']) retrieved from /home/kauanu/PycharmProjects/AirFLowEnade/venv/lib/python3.10/site-packages/airflow/example_dags/tutorial_taskflow_api.py
[2023-04-08T15:26:26.530-0300] {logging_mixin.py:137} INFO - [2023-04-08T15:26:26.530-0300] {dag.py:2705} INFO - Sync 1 DAGs
[2023-04-08T15:26:26.561-0300] {logging_mixin.py:137} INFO - [2023-04-08T15:26:26.561-0300] {dag.py:3452} INFO - Setting next_dagrun for tutorial_taskflow_api to None, run_after=None
[2023-04-08T15:26:26.591-0300] {processor.py:175} INFO - Processing /home/kauanu/PycharmProjects/AirFLowEnade/venv/lib/python3.10/site-packages/airflow/example_dags/tutorial_taskflow_api.py took 0.173 seconds
[2023-04-08T15:27:18.933-0300] {processor.py:153} INFO - Started process (PID=13904) to work on /home/kauanu/PycharmProjects/AirFLowEnade/venv/lib/python3.10/site-packages/airflow/example_dags/tutorial_taskflow_api.py
[2023-04-08T15:27:18.969-0300] {processor.py:743} INFO - Processing file /home/kauanu/PycharmProjects/AirFLowEnade/venv/lib/python3.10/site-packages/airflow/example_dags/tutorial_taskflow_api.py for tasks to queue
[2023-04-08T15:27:18.969-0300] {logging_mixin.py:137} INFO - [2023-04-08T15:27:18.969-0300] {dagbag.py:532} INFO - Filling up the DagBag from /home/kauanu/PycharmProjects/AirFLowEnade/venv/lib/python3.10/site-packages/airflow/example_dags/tutorial_taskflow_api.py
[2023-04-08T15:27:19.000-0300] {processor.py:753} INFO - DAG(s) dict_keys(['tutorial_taskflow_api']) retrieved from /home/kauanu/PycharmProjects/AirFLowEnade/venv/lib/python3.10/site-packages/airflow/example_dags/tutorial_taskflow_api.py
[2023-04-08T15:27:19.046-0300] {logging_mixin.py:137} INFO - [2023-04-08T15:27:19.045-0300] {dag.py:2705} INFO - Sync 1 DAGs
[2023-04-08T15:27:19.557-0300] {logging_mixin.py:137} INFO - [2023-04-08T15:27:19.556-0300] {dag.py:3452} INFO - Setting next_dagrun for tutorial_taskflow_api to None, run_after=None
[2023-04-08T15:27:19.713-0300] {processor.py:175} INFO - Processing /home/kauanu/PycharmProjects/AirFLowEnade/venv/lib/python3.10/site-packages/airflow/example_dags/tutorial_taskflow_api.py took 0.784 seconds
[2023-04-08T15:28:07.150-0300] {processor.py:153} INFO - Started process (PID=14118) to work on /home/kauanu/PycharmProjects/AirFLowEnade/venv/lib/python3.10/site-packages/airflow/example_dags/tutorial_taskflow_api.py
[2023-04-08T15:28:07.166-0300] {processor.py:743} INFO - Processing file /home/kauanu/PycharmProjects/AirFLowEnade/venv/lib/python3.10/site-packages/airflow/example_dags/tutorial_taskflow_api.py for tasks to queue
[2023-04-08T15:28:07.168-0300] {logging_mixin.py:137} INFO - [2023-04-08T15:28:07.167-0300] {dagbag.py:532} INFO - Filling up the DagBag from /home/kauanu/PycharmProjects/AirFLowEnade/venv/lib/python3.10/site-packages/airflow/example_dags/tutorial_taskflow_api.py
[2023-04-08T15:28:07.200-0300] {processor.py:753} INFO - DAG(s) dict_keys(['tutorial_taskflow_api']) retrieved from /home/kauanu/PycharmProjects/AirFLowEnade/venv/lib/python3.10/site-packages/airflow/example_dags/tutorial_taskflow_api.py
[2023-04-08T15:28:07.230-0300] {logging_mixin.py:137} INFO - [2023-04-08T15:28:07.230-0300] {dag.py:2705} INFO - Sync 1 DAGs
[2023-04-08T15:28:07.253-0300] {logging_mixin.py:137} INFO - [2023-04-08T15:28:07.253-0300] {dag.py:3452} INFO - Setting next_dagrun for tutorial_taskflow_api to None, run_after=None
[2023-04-08T15:28:07.297-0300] {processor.py:175} INFO - Processing /home/kauanu/PycharmProjects/AirFLowEnade/venv/lib/python3.10/site-packages/airflow/example_dags/tutorial_taskflow_api.py took 0.152 seconds
[2023-04-08T15:28:47.924-0300] {processor.py:153} INFO - Started process (PID=14321) to work on /home/kauanu/PycharmProjects/AirFLowEnade/venv/lib/python3.10/site-packages/airflow/example_dags/tutorial_taskflow_api.py
[2023-04-08T15:28:47.926-0300] {processor.py:743} INFO - Processing file /home/kauanu/PycharmProjects/AirFLowEnade/venv/lib/python3.10/site-packages/airflow/example_dags/tutorial_taskflow_api.py for tasks to queue
[2023-04-08T15:28:47.926-0300] {logging_mixin.py:137} INFO - [2023-04-08T15:28:47.926-0300] {dagbag.py:532} INFO - Filling up the DagBag from /home/kauanu/PycharmProjects/AirFLowEnade/venv/lib/python3.10/site-packages/airflow/example_dags/tutorial_taskflow_api.py
[2023-04-08T15:28:47.966-0300] {processor.py:753} INFO - DAG(s) dict_keys(['tutorial_taskflow_api']) retrieved from /home/kauanu/PycharmProjects/AirFLowEnade/venv/lib/python3.10/site-packages/airflow/example_dags/tutorial_taskflow_api.py
[2023-04-08T15:28:47.995-0300] {logging_mixin.py:137} INFO - [2023-04-08T15:28:47.995-0300] {dag.py:2705} INFO - Sync 1 DAGs
[2023-04-08T15:28:48.017-0300] {logging_mixin.py:137} INFO - [2023-04-08T15:28:48.017-0300] {dag.py:3452} INFO - Setting next_dagrun for tutorial_taskflow_api to None, run_after=None
[2023-04-08T15:28:48.636-0300] {processor.py:175} INFO - Processing /home/kauanu/PycharmProjects/AirFLowEnade/venv/lib/python3.10/site-packages/airflow/example_dags/tutorial_taskflow_api.py took 0.718 seconds
[2023-04-08T15:29:42.496-0300] {processor.py:153} INFO - Started process (PID=14630) to work on /home/kauanu/PycharmProjects/AirFLowEnade/venv/lib/python3.10/site-packages/airflow/example_dags/tutorial_taskflow_api.py
[2023-04-08T15:29:42.507-0300] {processor.py:743} INFO - Processing file /home/kauanu/PycharmProjects/AirFLowEnade/venv/lib/python3.10/site-packages/airflow/example_dags/tutorial_taskflow_api.py for tasks to queue
[2023-04-08T15:29:42.508-0300] {logging_mixin.py:137} INFO - [2023-04-08T15:29:42.507-0300] {dagbag.py:532} INFO - Filling up the DagBag from /home/kauanu/PycharmProjects/AirFLowEnade/venv/lib/python3.10/site-packages/airflow/example_dags/tutorial_taskflow_api.py
[2023-04-08T15:29:42.535-0300] {processor.py:753} INFO - DAG(s) dict_keys(['tutorial_taskflow_api']) retrieved from /home/kauanu/PycharmProjects/AirFLowEnade/venv/lib/python3.10/site-packages/airflow/example_dags/tutorial_taskflow_api.py
[2023-04-08T15:29:42.561-0300] {logging_mixin.py:137} INFO - [2023-04-08T15:29:42.560-0300] {dag.py:2705} INFO - Sync 1 DAGs
[2023-04-08T15:29:42.586-0300] {logging_mixin.py:137} INFO - [2023-04-08T15:29:42.586-0300] {dag.py:3452} INFO - Setting next_dagrun for tutorial_taskflow_api to None, run_after=None
[2023-04-08T15:29:42.628-0300] {processor.py:175} INFO - Processing /home/kauanu/PycharmProjects/AirFLowEnade/venv/lib/python3.10/site-packages/airflow/example_dags/tutorial_taskflow_api.py took 0.136 seconds
[2023-04-08T15:30:25.156-0300] {processor.py:153} INFO - Started process (PID=14837) to work on /home/kauanu/PycharmProjects/AirFLowEnade/venv/lib/python3.10/site-packages/airflow/example_dags/tutorial_taskflow_api.py
[2023-04-08T15:30:25.164-0300] {processor.py:743} INFO - Processing file /home/kauanu/PycharmProjects/AirFLowEnade/venv/lib/python3.10/site-packages/airflow/example_dags/tutorial_taskflow_api.py for tasks to queue
[2023-04-08T15:30:25.164-0300] {logging_mixin.py:137} INFO - [2023-04-08T15:30:25.164-0300] {dagbag.py:532} INFO - Filling up the DagBag from /home/kauanu/PycharmProjects/AirFLowEnade/venv/lib/python3.10/site-packages/airflow/example_dags/tutorial_taskflow_api.py
[2023-04-08T15:30:25.182-0300] {processor.py:753} INFO - DAG(s) dict_keys(['tutorial_taskflow_api']) retrieved from /home/kauanu/PycharmProjects/AirFLowEnade/venv/lib/python3.10/site-packages/airflow/example_dags/tutorial_taskflow_api.py
[2023-04-08T15:30:25.205-0300] {logging_mixin.py:137} INFO - [2023-04-08T15:30:25.205-0300] {dag.py:2705} INFO - Sync 1 DAGs
[2023-04-08T15:30:25.235-0300] {logging_mixin.py:137} INFO - [2023-04-08T15:30:25.235-0300] {dag.py:3452} INFO - Setting next_dagrun for tutorial_taskflow_api to None, run_after=None
[2023-04-08T15:30:25.818-0300] {processor.py:175} INFO - Processing /home/kauanu/PycharmProjects/AirFLowEnade/venv/lib/python3.10/site-packages/airflow/example_dags/tutorial_taskflow_api.py took 0.664 seconds
[2023-04-08T15:31:10.982-0300] {processor.py:153} INFO - Started process (PID=15052) to work on /home/kauanu/PycharmProjects/AirFLowEnade/venv/lib/python3.10/site-packages/airflow/example_dags/tutorial_taskflow_api.py
[2023-04-08T15:31:10.983-0300] {processor.py:743} INFO - Processing file /home/kauanu/PycharmProjects/AirFLowEnade/venv/lib/python3.10/site-packages/airflow/example_dags/tutorial_taskflow_api.py for tasks to queue
[2023-04-08T15:31:10.984-0300] {logging_mixin.py:137} INFO - [2023-04-08T15:31:10.984-0300] {dagbag.py:532} INFO - Filling up the DagBag from /home/kauanu/PycharmProjects/AirFLowEnade/venv/lib/python3.10/site-packages/airflow/example_dags/tutorial_taskflow_api.py
[2023-04-08T15:31:11.001-0300] {processor.py:753} INFO - DAG(s) dict_keys(['tutorial_taskflow_api']) retrieved from /home/kauanu/PycharmProjects/AirFLowEnade/venv/lib/python3.10/site-packages/airflow/example_dags/tutorial_taskflow_api.py
[2023-04-08T15:31:11.016-0300] {logging_mixin.py:137} INFO - [2023-04-08T15:31:11.016-0300] {dag.py:2705} INFO - Sync 1 DAGs
[2023-04-08T15:31:11.030-0300] {logging_mixin.py:137} INFO - [2023-04-08T15:31:11.030-0300] {dag.py:3452} INFO - Setting next_dagrun for tutorial_taskflow_api to None, run_after=None
[2023-04-08T15:31:11.081-0300] {processor.py:175} INFO - Processing /home/kauanu/PycharmProjects/AirFLowEnade/venv/lib/python3.10/site-packages/airflow/example_dags/tutorial_taskflow_api.py took 0.101 seconds
[2023-04-08T15:31:49.485-0300] {processor.py:153} INFO - Started process (PID=15237) to work on /home/kauanu/PycharmProjects/AirFLowEnade/venv/lib/python3.10/site-packages/airflow/example_dags/tutorial_taskflow_api.py
[2023-04-08T15:31:49.486-0300] {processor.py:743} INFO - Processing file /home/kauanu/PycharmProjects/AirFLowEnade/venv/lib/python3.10/site-packages/airflow/example_dags/tutorial_taskflow_api.py for tasks to queue
[2023-04-08T15:31:49.486-0300] {logging_mixin.py:137} INFO - [2023-04-08T15:31:49.486-0300] {dagbag.py:532} INFO - Filling up the DagBag from /home/kauanu/PycharmProjects/AirFLowEnade/venv/lib/python3.10/site-packages/airflow/example_dags/tutorial_taskflow_api.py
[2023-04-08T15:31:49.503-0300] {processor.py:753} INFO - DAG(s) dict_keys(['tutorial_taskflow_api']) retrieved from /home/kauanu/PycharmProjects/AirFLowEnade/venv/lib/python3.10/site-packages/airflow/example_dags/tutorial_taskflow_api.py
[2023-04-08T15:31:49.518-0300] {logging_mixin.py:137} INFO - [2023-04-08T15:31:49.518-0300] {dag.py:2705} INFO - Sync 1 DAGs
[2023-04-08T15:31:49.530-0300] {logging_mixin.py:137} INFO - [2023-04-08T15:31:49.530-0300] {dag.py:3452} INFO - Setting next_dagrun for tutorial_taskflow_api to None, run_after=None
[2023-04-08T15:31:49.560-0300] {processor.py:175} INFO - Processing /home/kauanu/PycharmProjects/AirFLowEnade/venv/lib/python3.10/site-packages/airflow/example_dags/tutorial_taskflow_api.py took 0.078 seconds
[2023-04-08T15:32:25.632-0300] {processor.py:153} INFO - Started process (PID=15389) to work on /home/kauanu/PycharmProjects/AirFLowEnade/venv/lib/python3.10/site-packages/airflow/example_dags/tutorial_taskflow_api.py
[2023-04-08T15:32:25.650-0300] {processor.py:743} INFO - Processing file /home/kauanu/PycharmProjects/AirFLowEnade/venv/lib/python3.10/site-packages/airflow/example_dags/tutorial_taskflow_api.py for tasks to queue
[2023-04-08T15:32:25.651-0300] {logging_mixin.py:137} INFO - [2023-04-08T15:32:25.651-0300] {dagbag.py:532} INFO - Filling up the DagBag from /home/kauanu/PycharmProjects/AirFLowEnade/venv/lib/python3.10/site-packages/airflow/example_dags/tutorial_taskflow_api.py
[2023-04-08T15:32:25.672-0300] {processor.py:753} INFO - DAG(s) dict_keys(['tutorial_taskflow_api']) retrieved from /home/kauanu/PycharmProjects/AirFLowEnade/venv/lib/python3.10/site-packages/airflow/example_dags/tutorial_taskflow_api.py
[2023-04-08T15:32:25.693-0300] {logging_mixin.py:137} INFO - [2023-04-08T15:32:25.692-0300] {dag.py:2705} INFO - Sync 1 DAGs
[2023-04-08T15:32:25.710-0300] {logging_mixin.py:137} INFO - [2023-04-08T15:32:25.709-0300] {dag.py:3452} INFO - Setting next_dagrun for tutorial_taskflow_api to None, run_after=None
[2023-04-08T15:32:25.731-0300] {processor.py:175} INFO - Processing /home/kauanu/PycharmProjects/AirFLowEnade/venv/lib/python3.10/site-packages/airflow/example_dags/tutorial_taskflow_api.py took 0.103 seconds
[2023-04-08T15:33:04.864-0300] {processor.py:153} INFO - Started process (PID=15590) to work on /home/kauanu/PycharmProjects/AirFLowEnade/venv/lib/python3.10/site-packages/airflow/example_dags/tutorial_taskflow_api.py
[2023-04-08T15:33:04.866-0300] {processor.py:743} INFO - Processing file /home/kauanu/PycharmProjects/AirFLowEnade/venv/lib/python3.10/site-packages/airflow/example_dags/tutorial_taskflow_api.py for tasks to queue
[2023-04-08T15:33:04.866-0300] {logging_mixin.py:137} INFO - [2023-04-08T15:33:04.866-0300] {dagbag.py:532} INFO - Filling up the DagBag from /home/kauanu/PycharmProjects/AirFLowEnade/venv/lib/python3.10/site-packages/airflow/example_dags/tutorial_taskflow_api.py
[2023-04-08T15:33:04.882-0300] {processor.py:753} INFO - DAG(s) dict_keys(['tutorial_taskflow_api']) retrieved from /home/kauanu/PycharmProjects/AirFLowEnade/venv/lib/python3.10/site-packages/airflow/example_dags/tutorial_taskflow_api.py
[2023-04-08T15:33:04.896-0300] {logging_mixin.py:137} INFO - [2023-04-08T15:33:04.896-0300] {dag.py:2705} INFO - Sync 1 DAGs
[2023-04-08T15:33:04.908-0300] {logging_mixin.py:137} INFO - [2023-04-08T15:33:04.908-0300] {dag.py:3452} INFO - Setting next_dagrun for tutorial_taskflow_api to None, run_after=None
[2023-04-08T15:33:04.931-0300] {processor.py:175} INFO - Processing /home/kauanu/PycharmProjects/AirFLowEnade/venv/lib/python3.10/site-packages/airflow/example_dags/tutorial_taskflow_api.py took 0.069 seconds
[2023-04-08T15:33:45.186-0300] {processor.py:153} INFO - Started process (PID=15776) to work on /home/kauanu/PycharmProjects/AirFLowEnade/venv/lib/python3.10/site-packages/airflow/example_dags/tutorial_taskflow_api.py
[2023-04-08T15:33:45.200-0300] {processor.py:743} INFO - Processing file /home/kauanu/PycharmProjects/AirFLowEnade/venv/lib/python3.10/site-packages/airflow/example_dags/tutorial_taskflow_api.py for tasks to queue
[2023-04-08T15:33:45.201-0300] {logging_mixin.py:137} INFO - [2023-04-08T15:33:45.201-0300] {dagbag.py:532} INFO - Filling up the DagBag from /home/kauanu/PycharmProjects/AirFLowEnade/venv/lib/python3.10/site-packages/airflow/example_dags/tutorial_taskflow_api.py
[2023-04-08T15:33:45.217-0300] {processor.py:753} INFO - DAG(s) dict_keys(['tutorial_taskflow_api']) retrieved from /home/kauanu/PycharmProjects/AirFLowEnade/venv/lib/python3.10/site-packages/airflow/example_dags/tutorial_taskflow_api.py
[2023-04-08T15:33:45.230-0300] {logging_mixin.py:137} INFO - [2023-04-08T15:33:45.230-0300] {dag.py:2705} INFO - Sync 1 DAGs
[2023-04-08T15:33:45.244-0300] {logging_mixin.py:137} INFO - [2023-04-08T15:33:45.244-0300] {dag.py:3452} INFO - Setting next_dagrun for tutorial_taskflow_api to None, run_after=None
[2023-04-08T15:33:45.267-0300] {processor.py:175} INFO - Processing /home/kauanu/PycharmProjects/AirFLowEnade/venv/lib/python3.10/site-packages/airflow/example_dags/tutorial_taskflow_api.py took 0.083 seconds
[2023-04-08T15:34:21.511-0300] {processor.py:153} INFO - Started process (PID=15963) to work on /home/kauanu/PycharmProjects/AirFLowEnade/venv/lib/python3.10/site-packages/airflow/example_dags/tutorial_taskflow_api.py
[2023-04-08T15:34:21.513-0300] {processor.py:743} INFO - Processing file /home/kauanu/PycharmProjects/AirFLowEnade/venv/lib/python3.10/site-packages/airflow/example_dags/tutorial_taskflow_api.py for tasks to queue
[2023-04-08T15:34:21.513-0300] {logging_mixin.py:137} INFO - [2023-04-08T15:34:21.513-0300] {dagbag.py:532} INFO - Filling up the DagBag from /home/kauanu/PycharmProjects/AirFLowEnade/venv/lib/python3.10/site-packages/airflow/example_dags/tutorial_taskflow_api.py
[2023-04-08T15:34:21.529-0300] {processor.py:753} INFO - DAG(s) dict_keys(['tutorial_taskflow_api']) retrieved from /home/kauanu/PycharmProjects/AirFLowEnade/venv/lib/python3.10/site-packages/airflow/example_dags/tutorial_taskflow_api.py
[2023-04-08T15:34:21.544-0300] {logging_mixin.py:137} INFO - [2023-04-08T15:34:21.544-0300] {dag.py:2705} INFO - Sync 1 DAGs
[2023-04-08T15:34:21.559-0300] {logging_mixin.py:137} INFO - [2023-04-08T15:34:21.559-0300] {dag.py:3452} INFO - Setting next_dagrun for tutorial_taskflow_api to None, run_after=None
[2023-04-08T15:34:21.597-0300] {processor.py:175} INFO - Processing /home/kauanu/PycharmProjects/AirFLowEnade/venv/lib/python3.10/site-packages/airflow/example_dags/tutorial_taskflow_api.py took 0.089 seconds
[2023-04-08T15:34:58.903-0300] {processor.py:153} INFO - Started process (PID=16151) to work on /home/kauanu/PycharmProjects/AirFLowEnade/venv/lib/python3.10/site-packages/airflow/example_dags/tutorial_taskflow_api.py
[2023-04-08T15:34:58.904-0300] {processor.py:743} INFO - Processing file /home/kauanu/PycharmProjects/AirFLowEnade/venv/lib/python3.10/site-packages/airflow/example_dags/tutorial_taskflow_api.py for tasks to queue
[2023-04-08T15:34:58.905-0300] {logging_mixin.py:137} INFO - [2023-04-08T15:34:58.905-0300] {dagbag.py:532} INFO - Filling up the DagBag from /home/kauanu/PycharmProjects/AirFLowEnade/venv/lib/python3.10/site-packages/airflow/example_dags/tutorial_taskflow_api.py
[2023-04-08T15:34:58.921-0300] {processor.py:753} INFO - DAG(s) dict_keys(['tutorial_taskflow_api']) retrieved from /home/kauanu/PycharmProjects/AirFLowEnade/venv/lib/python3.10/site-packages/airflow/example_dags/tutorial_taskflow_api.py
[2023-04-08T15:34:58.937-0300] {logging_mixin.py:137} INFO - [2023-04-08T15:34:58.936-0300] {dag.py:2705} INFO - Sync 1 DAGs
[2023-04-08T15:34:58.956-0300] {logging_mixin.py:137} INFO - [2023-04-08T15:34:58.956-0300] {dag.py:3452} INFO - Setting next_dagrun for tutorial_taskflow_api to None, run_after=None
[2023-04-08T15:34:59.383-0300] {processor.py:175} INFO - Processing /home/kauanu/PycharmProjects/AirFLowEnade/venv/lib/python3.10/site-packages/airflow/example_dags/tutorial_taskflow_api.py took 0.482 seconds
[2023-04-08T15:35:43.704-0300] {processor.py:153} INFO - Started process (PID=16342) to work on /home/kauanu/PycharmProjects/AirFLowEnade/venv/lib/python3.10/site-packages/airflow/example_dags/tutorial_taskflow_api.py
[2023-04-08T15:35:43.705-0300] {processor.py:743} INFO - Processing file /home/kauanu/PycharmProjects/AirFLowEnade/venv/lib/python3.10/site-packages/airflow/example_dags/tutorial_taskflow_api.py for tasks to queue
[2023-04-08T15:35:43.705-0300] {logging_mixin.py:137} INFO - [2023-04-08T15:35:43.705-0300] {dagbag.py:532} INFO - Filling up the DagBag from /home/kauanu/PycharmProjects/AirFLowEnade/venv/lib/python3.10/site-packages/airflow/example_dags/tutorial_taskflow_api.py
[2023-04-08T15:35:43.721-0300] {processor.py:753} INFO - DAG(s) dict_keys(['tutorial_taskflow_api']) retrieved from /home/kauanu/PycharmProjects/AirFLowEnade/venv/lib/python3.10/site-packages/airflow/example_dags/tutorial_taskflow_api.py
[2023-04-08T15:35:43.737-0300] {logging_mixin.py:137} INFO - [2023-04-08T15:35:43.737-0300] {dag.py:2705} INFO - Sync 1 DAGs
[2023-04-08T15:35:43.750-0300] {logging_mixin.py:137} INFO - [2023-04-08T15:35:43.750-0300] {dag.py:3452} INFO - Setting next_dagrun for tutorial_taskflow_api to None, run_after=None
[2023-04-08T15:35:43.771-0300] {processor.py:175} INFO - Processing /home/kauanu/PycharmProjects/AirFLowEnade/venv/lib/python3.10/site-packages/airflow/example_dags/tutorial_taskflow_api.py took 0.070 seconds
[2023-04-08T15:36:29.372-0300] {processor.py:153} INFO - Started process (PID=16535) to work on /home/kauanu/PycharmProjects/AirFLowEnade/venv/lib/python3.10/site-packages/airflow/example_dags/tutorial_taskflow_api.py
[2023-04-08T15:36:29.389-0300] {processor.py:743} INFO - Processing file /home/kauanu/PycharmProjects/AirFLowEnade/venv/lib/python3.10/site-packages/airflow/example_dags/tutorial_taskflow_api.py for tasks to queue
[2023-04-08T15:36:29.389-0300] {logging_mixin.py:137} INFO - [2023-04-08T15:36:29.389-0300] {dagbag.py:532} INFO - Filling up the DagBag from /home/kauanu/PycharmProjects/AirFLowEnade/venv/lib/python3.10/site-packages/airflow/example_dags/tutorial_taskflow_api.py
[2023-04-08T15:36:29.409-0300] {processor.py:753} INFO - DAG(s) dict_keys(['tutorial_taskflow_api']) retrieved from /home/kauanu/PycharmProjects/AirFLowEnade/venv/lib/python3.10/site-packages/airflow/example_dags/tutorial_taskflow_api.py
[2023-04-08T15:36:29.428-0300] {logging_mixin.py:137} INFO - [2023-04-08T15:36:29.427-0300] {dag.py:2705} INFO - Sync 1 DAGs
[2023-04-08T15:36:29.445-0300] {logging_mixin.py:137} INFO - [2023-04-08T15:36:29.445-0300] {dag.py:3452} INFO - Setting next_dagrun for tutorial_taskflow_api to None, run_after=None
[2023-04-08T15:36:29.518-0300] {processor.py:175} INFO - Processing /home/kauanu/PycharmProjects/AirFLowEnade/venv/lib/python3.10/site-packages/airflow/example_dags/tutorial_taskflow_api.py took 0.149 seconds
