[2023-04-08T15:25:54.012-0300] {processor.py:153} INFO - Started process (PID=13485) to work on /home/kauanu/PycharmProjects/AirFLowEnade/venv/lib/python3.10/site-packages/airflow/example_dags/tutorial_dag.py
[2023-04-08T15:25:54.012-0300] {processor.py:743} INFO - Processing file /home/kauanu/PycharmProjects/AirFLowEnade/venv/lib/python3.10/site-packages/airflow/example_dags/tutorial_dag.py for tasks to queue
[2023-04-08T15:25:54.013-0300] {logging_mixin.py:137} INFO - [2023-04-08T15:25:54.013-0300] {dagbag.py:532} INFO - Filling up the DagBag from /home/kauanu/PycharmProjects/AirFLowEnade/venv/lib/python3.10/site-packages/airflow/example_dags/tutorial_dag.py
[2023-04-08T15:25:54.022-0300] {processor.py:753} INFO - DAG(s) dict_keys(['tutorial_dag']) retrieved from /home/kauanu/PycharmProjects/AirFLowEnade/venv/lib/python3.10/site-packages/airflow/example_dags/tutorial_dag.py
[2023-04-08T15:25:54.113-0300] {logging_mixin.py:137} INFO - [2023-04-08T15:25:54.112-0300] {manager.py:504} INFO - Created Permission View: can delete on DAG:tutorial_dag
[2023-04-08T15:25:54.129-0300] {logging_mixin.py:137} INFO - [2023-04-08T15:25:54.129-0300] {manager.py:504} INFO - Created Permission View: can edit on DAG:tutorial_dag
[2023-04-08T15:25:54.163-0300] {logging_mixin.py:137} INFO - [2023-04-08T15:25:54.163-0300] {manager.py:504} INFO - Created Permission View: can read on DAG:tutorial_dag
[2023-04-08T15:25:54.164-0300] {logging_mixin.py:137} INFO - [2023-04-08T15:25:54.163-0300] {dag.py:2705} INFO - Sync 1 DAGs
[2023-04-08T15:25:54.172-0300] {logging_mixin.py:137} INFO - [2023-04-08T15:25:54.172-0300] {dag.py:2726} INFO - Creating ORM DAG for tutorial_dag
[2023-04-08T15:25:54.177-0300] {logging_mixin.py:137} INFO - [2023-04-08T15:25:54.177-0300] {dag.py:3452} INFO - Setting next_dagrun for tutorial_dag to None, run_after=None
[2023-04-08T15:25:54.207-0300] {processor.py:175} INFO - Processing /home/kauanu/PycharmProjects/AirFLowEnade/venv/lib/python3.10/site-packages/airflow/example_dags/tutorial_dag.py took 0.198 seconds
[2023-04-08T15:26:44.317-0300] {processor.py:153} INFO - Started process (PID=13737) to work on /home/kauanu/PycharmProjects/AirFLowEnade/venv/lib/python3.10/site-packages/airflow/example_dags/tutorial_dag.py
[2023-04-08T15:26:44.320-0300] {processor.py:743} INFO - Processing file /home/kauanu/PycharmProjects/AirFLowEnade/venv/lib/python3.10/site-packages/airflow/example_dags/tutorial_dag.py for tasks to queue
[2023-04-08T15:26:44.320-0300] {logging_mixin.py:137} INFO - [2023-04-08T15:26:44.320-0300] {dagbag.py:532} INFO - Filling up the DagBag from /home/kauanu/PycharmProjects/AirFLowEnade/venv/lib/python3.10/site-packages/airflow/example_dags/tutorial_dag.py
[2023-04-08T15:26:44.337-0300] {processor.py:753} INFO - DAG(s) dict_keys(['tutorial_dag']) retrieved from /home/kauanu/PycharmProjects/AirFLowEnade/venv/lib/python3.10/site-packages/airflow/example_dags/tutorial_dag.py
[2023-04-08T15:26:44.360-0300] {logging_mixin.py:137} INFO - [2023-04-08T15:26:44.360-0300] {dag.py:2705} INFO - Sync 1 DAGs
[2023-04-08T15:26:44.405-0300] {logging_mixin.py:137} INFO - [2023-04-08T15:26:44.405-0300] {dag.py:3452} INFO - Setting next_dagrun for tutorial_dag to None, run_after=None
[2023-04-08T15:26:44.448-0300] {processor.py:175} INFO - Processing /home/kauanu/PycharmProjects/AirFLowEnade/venv/lib/python3.10/site-packages/airflow/example_dags/tutorial_dag.py took 0.133 seconds
[2023-04-08T15:27:38.925-0300] {processor.py:153} INFO - Started process (PID=13996) to work on /home/kauanu/PycharmProjects/AirFLowEnade/venv/lib/python3.10/site-packages/airflow/example_dags/tutorial_dag.py
[2023-04-08T15:27:38.927-0300] {processor.py:743} INFO - Processing file /home/kauanu/PycharmProjects/AirFLowEnade/venv/lib/python3.10/site-packages/airflow/example_dags/tutorial_dag.py for tasks to queue
[2023-04-08T15:27:38.927-0300] {logging_mixin.py:137} INFO - [2023-04-08T15:27:38.927-0300] {dagbag.py:532} INFO - Filling up the DagBag from /home/kauanu/PycharmProjects/AirFLowEnade/venv/lib/python3.10/site-packages/airflow/example_dags/tutorial_dag.py
[2023-04-08T15:27:38.939-0300] {processor.py:753} INFO - DAG(s) dict_keys(['tutorial_dag']) retrieved from /home/kauanu/PycharmProjects/AirFLowEnade/venv/lib/python3.10/site-packages/airflow/example_dags/tutorial_dag.py
[2023-04-08T15:27:38.956-0300] {logging_mixin.py:137} INFO - [2023-04-08T15:27:38.955-0300] {dag.py:2705} INFO - Sync 1 DAGs
[2023-04-08T15:27:38.971-0300] {logging_mixin.py:137} INFO - [2023-04-08T15:27:38.971-0300] {dag.py:3452} INFO - Setting next_dagrun for tutorial_dag to None, run_after=None
[2023-04-08T15:27:38.995-0300] {processor.py:175} INFO - Processing /home/kauanu/PycharmProjects/AirFLowEnade/venv/lib/python3.10/site-packages/airflow/example_dags/tutorial_dag.py took 0.074 seconds
[2023-04-08T15:28:41.403-0300] {processor.py:153} INFO - Started process (PID=14281) to work on /home/kauanu/PycharmProjects/AirFLowEnade/venv/lib/python3.10/site-packages/airflow/example_dags/tutorial_dag.py
[2023-04-08T15:28:41.405-0300] {processor.py:743} INFO - Processing file /home/kauanu/PycharmProjects/AirFLowEnade/venv/lib/python3.10/site-packages/airflow/example_dags/tutorial_dag.py for tasks to queue
[2023-04-08T15:28:41.406-0300] {logging_mixin.py:137} INFO - [2023-04-08T15:28:41.405-0300] {dagbag.py:532} INFO - Filling up the DagBag from /home/kauanu/PycharmProjects/AirFLowEnade/venv/lib/python3.10/site-packages/airflow/example_dags/tutorial_dag.py
[2023-04-08T15:28:41.419-0300] {processor.py:753} INFO - DAG(s) dict_keys(['tutorial_dag']) retrieved from /home/kauanu/PycharmProjects/AirFLowEnade/venv/lib/python3.10/site-packages/airflow/example_dags/tutorial_dag.py
[2023-04-08T15:28:41.436-0300] {logging_mixin.py:137} INFO - [2023-04-08T15:28:41.435-0300] {dag.py:2705} INFO - Sync 1 DAGs
[2023-04-08T15:28:41.450-0300] {logging_mixin.py:137} INFO - [2023-04-08T15:28:41.450-0300] {dag.py:3452} INFO - Setting next_dagrun for tutorial_dag to None, run_after=None
[2023-04-08T15:28:41.477-0300] {processor.py:175} INFO - Processing /home/kauanu/PycharmProjects/AirFLowEnade/venv/lib/python3.10/site-packages/airflow/example_dags/tutorial_dag.py took 0.078 seconds
[2023-04-08T15:29:33.588-0300] {processor.py:153} INFO - Started process (PID=14601) to work on /home/kauanu/PycharmProjects/AirFLowEnade/venv/lib/python3.10/site-packages/airflow/example_dags/tutorial_dag.py
[2023-04-08T15:29:33.600-0300] {processor.py:743} INFO - Processing file /home/kauanu/PycharmProjects/AirFLowEnade/venv/lib/python3.10/site-packages/airflow/example_dags/tutorial_dag.py for tasks to queue
[2023-04-08T15:29:33.603-0300] {logging_mixin.py:137} INFO - [2023-04-08T15:29:33.602-0300] {dagbag.py:532} INFO - Filling up the DagBag from /home/kauanu/PycharmProjects/AirFLowEnade/venv/lib/python3.10/site-packages/airflow/example_dags/tutorial_dag.py
[2023-04-08T15:29:33.635-0300] {processor.py:753} INFO - DAG(s) dict_keys(['tutorial_dag']) retrieved from /home/kauanu/PycharmProjects/AirFLowEnade/venv/lib/python3.10/site-packages/airflow/example_dags/tutorial_dag.py
[2023-04-08T15:29:33.718-0300] {logging_mixin.py:137} INFO - [2023-04-08T15:29:33.710-0300] {dag.py:2705} INFO - Sync 1 DAGs
[2023-04-08T15:29:33.796-0300] {logging_mixin.py:137} INFO - [2023-04-08T15:29:33.796-0300] {dag.py:3452} INFO - Setting next_dagrun for tutorial_dag to None, run_after=None
[2023-04-08T15:29:33.841-0300] {processor.py:175} INFO - Processing /home/kauanu/PycharmProjects/AirFLowEnade/venv/lib/python3.10/site-packages/airflow/example_dags/tutorial_dag.py took 0.261 seconds
[2023-04-08T15:30:16.036-0300] {processor.py:153} INFO - Started process (PID=14809) to work on /home/kauanu/PycharmProjects/AirFLowEnade/venv/lib/python3.10/site-packages/airflow/example_dags/tutorial_dag.py
[2023-04-08T15:30:16.037-0300] {processor.py:743} INFO - Processing file /home/kauanu/PycharmProjects/AirFLowEnade/venv/lib/python3.10/site-packages/airflow/example_dags/tutorial_dag.py for tasks to queue
[2023-04-08T15:30:16.038-0300] {logging_mixin.py:137} INFO - [2023-04-08T15:30:16.038-0300] {dagbag.py:532} INFO - Filling up the DagBag from /home/kauanu/PycharmProjects/AirFLowEnade/venv/lib/python3.10/site-packages/airflow/example_dags/tutorial_dag.py
[2023-04-08T15:30:16.048-0300] {processor.py:753} INFO - DAG(s) dict_keys(['tutorial_dag']) retrieved from /home/kauanu/PycharmProjects/AirFLowEnade/venv/lib/python3.10/site-packages/airflow/example_dags/tutorial_dag.py
[2023-04-08T15:30:16.074-0300] {logging_mixin.py:137} INFO - [2023-04-08T15:30:16.073-0300] {dag.py:2705} INFO - Sync 1 DAGs
[2023-04-08T15:30:16.109-0300] {logging_mixin.py:137} INFO - [2023-04-08T15:30:16.108-0300] {dag.py:3452} INFO - Setting next_dagrun for tutorial_dag to None, run_after=None
[2023-04-08T15:30:16.183-0300] {processor.py:175} INFO - Processing /home/kauanu/PycharmProjects/AirFLowEnade/venv/lib/python3.10/site-packages/airflow/example_dags/tutorial_dag.py took 0.150 seconds
[2023-04-08T15:31:01.633-0300] {processor.py:153} INFO - Started process (PID=14999) to work on /home/kauanu/PycharmProjects/AirFLowEnade/venv/lib/python3.10/site-packages/airflow/example_dags/tutorial_dag.py
[2023-04-08T15:31:01.635-0300] {processor.py:743} INFO - Processing file /home/kauanu/PycharmProjects/AirFLowEnade/venv/lib/python3.10/site-packages/airflow/example_dags/tutorial_dag.py for tasks to queue
[2023-04-08T15:31:01.635-0300] {logging_mixin.py:137} INFO - [2023-04-08T15:31:01.635-0300] {dagbag.py:532} INFO - Filling up the DagBag from /home/kauanu/PycharmProjects/AirFLowEnade/venv/lib/python3.10/site-packages/airflow/example_dags/tutorial_dag.py
[2023-04-08T15:31:01.645-0300] {processor.py:753} INFO - DAG(s) dict_keys(['tutorial_dag']) retrieved from /home/kauanu/PycharmProjects/AirFLowEnade/venv/lib/python3.10/site-packages/airflow/example_dags/tutorial_dag.py
[2023-04-08T15:31:01.661-0300] {logging_mixin.py:137} INFO - [2023-04-08T15:31:01.661-0300] {dag.py:2705} INFO - Sync 1 DAGs
[2023-04-08T15:31:01.676-0300] {logging_mixin.py:137} INFO - [2023-04-08T15:31:01.675-0300] {dag.py:3452} INFO - Setting next_dagrun for tutorial_dag to None, run_after=None
[2023-04-08T15:31:01.699-0300] {processor.py:175} INFO - Processing /home/kauanu/PycharmProjects/AirFLowEnade/venv/lib/python3.10/site-packages/airflow/example_dags/tutorial_dag.py took 0.068 seconds
[2023-04-08T15:31:44.375-0300] {processor.py:153} INFO - Started process (PID=15194) to work on /home/kauanu/PycharmProjects/AirFLowEnade/venv/lib/python3.10/site-packages/airflow/example_dags/tutorial_dag.py
[2023-04-08T15:31:44.376-0300] {processor.py:743} INFO - Processing file /home/kauanu/PycharmProjects/AirFLowEnade/venv/lib/python3.10/site-packages/airflow/example_dags/tutorial_dag.py for tasks to queue
[2023-04-08T15:31:44.377-0300] {logging_mixin.py:137} INFO - [2023-04-08T15:31:44.377-0300] {dagbag.py:532} INFO - Filling up the DagBag from /home/kauanu/PycharmProjects/AirFLowEnade/venv/lib/python3.10/site-packages/airflow/example_dags/tutorial_dag.py
[2023-04-08T15:31:44.387-0300] {processor.py:753} INFO - DAG(s) dict_keys(['tutorial_dag']) retrieved from /home/kauanu/PycharmProjects/AirFLowEnade/venv/lib/python3.10/site-packages/airflow/example_dags/tutorial_dag.py
[2023-04-08T15:31:44.402-0300] {logging_mixin.py:137} INFO - [2023-04-08T15:31:44.401-0300] {dag.py:2705} INFO - Sync 1 DAGs
[2023-04-08T15:31:44.414-0300] {logging_mixin.py:137} INFO - [2023-04-08T15:31:44.414-0300] {dag.py:3452} INFO - Setting next_dagrun for tutorial_dag to None, run_after=None
[2023-04-08T15:31:44.435-0300] {processor.py:175} INFO - Processing /home/kauanu/PycharmProjects/AirFLowEnade/venv/lib/python3.10/site-packages/airflow/example_dags/tutorial_dag.py took 0.062 seconds
[2023-04-08T15:32:32.439-0300] {processor.py:153} INFO - Started process (PID=15425) to work on /home/kauanu/PycharmProjects/AirFLowEnade/venv/lib/python3.10/site-packages/airflow/example_dags/tutorial_dag.py
[2023-04-08T15:32:32.440-0300] {processor.py:743} INFO - Processing file /home/kauanu/PycharmProjects/AirFLowEnade/venv/lib/python3.10/site-packages/airflow/example_dags/tutorial_dag.py for tasks to queue
[2023-04-08T15:32:32.441-0300] {logging_mixin.py:137} INFO - [2023-04-08T15:32:32.441-0300] {dagbag.py:532} INFO - Filling up the DagBag from /home/kauanu/PycharmProjects/AirFLowEnade/venv/lib/python3.10/site-packages/airflow/example_dags/tutorial_dag.py
[2023-04-08T15:32:32.453-0300] {processor.py:753} INFO - DAG(s) dict_keys(['tutorial_dag']) retrieved from /home/kauanu/PycharmProjects/AirFLowEnade/venv/lib/python3.10/site-packages/airflow/example_dags/tutorial_dag.py
[2023-04-08T15:32:32.470-0300] {logging_mixin.py:137} INFO - [2023-04-08T15:32:32.469-0300] {dag.py:2705} INFO - Sync 1 DAGs
[2023-04-08T15:32:32.485-0300] {logging_mixin.py:137} INFO - [2023-04-08T15:32:32.484-0300] {dag.py:3452} INFO - Setting next_dagrun for tutorial_dag to None, run_after=None
[2023-04-08T15:32:32.507-0300] {processor.py:175} INFO - Processing /home/kauanu/PycharmProjects/AirFLowEnade/venv/lib/python3.10/site-packages/airflow/example_dags/tutorial_dag.py took 0.070 seconds
[2023-04-08T15:33:12.275-0300] {processor.py:153} INFO - Started process (PID=15632) to work on /home/kauanu/PycharmProjects/AirFLowEnade/venv/lib/python3.10/site-packages/airflow/example_dags/tutorial_dag.py
[2023-04-08T15:33:12.276-0300] {processor.py:743} INFO - Processing file /home/kauanu/PycharmProjects/AirFLowEnade/venv/lib/python3.10/site-packages/airflow/example_dags/tutorial_dag.py for tasks to queue
[2023-04-08T15:33:12.277-0300] {logging_mixin.py:137} INFO - [2023-04-08T15:33:12.277-0300] {dagbag.py:532} INFO - Filling up the DagBag from /home/kauanu/PycharmProjects/AirFLowEnade/venv/lib/python3.10/site-packages/airflow/example_dags/tutorial_dag.py
[2023-04-08T15:33:12.287-0300] {processor.py:753} INFO - DAG(s) dict_keys(['tutorial_dag']) retrieved from /home/kauanu/PycharmProjects/AirFLowEnade/venv/lib/python3.10/site-packages/airflow/example_dags/tutorial_dag.py
[2023-04-08T15:33:12.305-0300] {logging_mixin.py:137} INFO - [2023-04-08T15:33:12.304-0300] {dag.py:2705} INFO - Sync 1 DAGs
[2023-04-08T15:33:12.317-0300] {logging_mixin.py:137} INFO - [2023-04-08T15:33:12.317-0300] {dag.py:3452} INFO - Setting next_dagrun for tutorial_dag to None, run_after=None
[2023-04-08T15:33:12.341-0300] {processor.py:175} INFO - Processing /home/kauanu/PycharmProjects/AirFLowEnade/venv/lib/python3.10/site-packages/airflow/example_dags/tutorial_dag.py took 0.068 seconds
[2023-04-08T15:33:51.065-0300] {processor.py:153} INFO - Started process (PID=15819) to work on /home/kauanu/PycharmProjects/AirFLowEnade/venv/lib/python3.10/site-packages/airflow/example_dags/tutorial_dag.py
[2023-04-08T15:33:51.068-0300] {processor.py:743} INFO - Processing file /home/kauanu/PycharmProjects/AirFLowEnade/venv/lib/python3.10/site-packages/airflow/example_dags/tutorial_dag.py for tasks to queue
[2023-04-08T15:33:51.068-0300] {logging_mixin.py:137} INFO - [2023-04-08T15:33:51.068-0300] {dagbag.py:532} INFO - Filling up the DagBag from /home/kauanu/PycharmProjects/AirFLowEnade/venv/lib/python3.10/site-packages/airflow/example_dags/tutorial_dag.py
[2023-04-08T15:33:51.080-0300] {processor.py:753} INFO - DAG(s) dict_keys(['tutorial_dag']) retrieved from /home/kauanu/PycharmProjects/AirFLowEnade/venv/lib/python3.10/site-packages/airflow/example_dags/tutorial_dag.py
[2023-04-08T15:33:51.094-0300] {logging_mixin.py:137} INFO - [2023-04-08T15:33:51.094-0300] {dag.py:2705} INFO - Sync 1 DAGs
[2023-04-08T15:33:51.108-0300] {logging_mixin.py:137} INFO - [2023-04-08T15:33:51.108-0300] {dag.py:3452} INFO - Setting next_dagrun for tutorial_dag to None, run_after=None
[2023-04-08T15:33:51.129-0300] {processor.py:175} INFO - Processing /home/kauanu/PycharmProjects/AirFLowEnade/venv/lib/python3.10/site-packages/airflow/example_dags/tutorial_dag.py took 0.067 seconds
[2023-04-08T15:34:39.506-0300] {processor.py:153} INFO - Started process (PID=16057) to work on /home/kauanu/PycharmProjects/AirFLowEnade/venv/lib/python3.10/site-packages/airflow/example_dags/tutorial_dag.py
[2023-04-08T15:34:39.507-0300] {processor.py:743} INFO - Processing file /home/kauanu/PycharmProjects/AirFLowEnade/venv/lib/python3.10/site-packages/airflow/example_dags/tutorial_dag.py for tasks to queue
[2023-04-08T15:34:39.507-0300] {logging_mixin.py:137} INFO - [2023-04-08T15:34:39.507-0300] {dagbag.py:532} INFO - Filling up the DagBag from /home/kauanu/PycharmProjects/AirFLowEnade/venv/lib/python3.10/site-packages/airflow/example_dags/tutorial_dag.py
[2023-04-08T15:34:39.517-0300] {processor.py:753} INFO - DAG(s) dict_keys(['tutorial_dag']) retrieved from /home/kauanu/PycharmProjects/AirFLowEnade/venv/lib/python3.10/site-packages/airflow/example_dags/tutorial_dag.py
[2023-04-08T15:34:39.532-0300] {logging_mixin.py:137} INFO - [2023-04-08T15:34:39.531-0300] {dag.py:2705} INFO - Sync 1 DAGs
[2023-04-08T15:34:39.546-0300] {logging_mixin.py:137} INFO - [2023-04-08T15:34:39.545-0300] {dag.py:3452} INFO - Setting next_dagrun for tutorial_dag to None, run_after=None
[2023-04-08T15:34:39.569-0300] {processor.py:175} INFO - Processing /home/kauanu/PycharmProjects/AirFLowEnade/venv/lib/python3.10/site-packages/airflow/example_dags/tutorial_dag.py took 0.065 seconds
[2023-04-08T15:35:21.611-0300] {processor.py:153} INFO - Started process (PID=16244) to work on /home/kauanu/PycharmProjects/AirFLowEnade/venv/lib/python3.10/site-packages/airflow/example_dags/tutorial_dag.py
[2023-04-08T15:35:21.614-0300] {processor.py:743} INFO - Processing file /home/kauanu/PycharmProjects/AirFLowEnade/venv/lib/python3.10/site-packages/airflow/example_dags/tutorial_dag.py for tasks to queue
[2023-04-08T15:35:21.614-0300] {logging_mixin.py:137} INFO - [2023-04-08T15:35:21.614-0300] {dagbag.py:532} INFO - Filling up the DagBag from /home/kauanu/PycharmProjects/AirFLowEnade/venv/lib/python3.10/site-packages/airflow/example_dags/tutorial_dag.py
[2023-04-08T15:35:21.624-0300] {processor.py:753} INFO - DAG(s) dict_keys(['tutorial_dag']) retrieved from /home/kauanu/PycharmProjects/AirFLowEnade/venv/lib/python3.10/site-packages/airflow/example_dags/tutorial_dag.py
[2023-04-08T15:35:21.639-0300] {logging_mixin.py:137} INFO - [2023-04-08T15:35:21.639-0300] {dag.py:2705} INFO - Sync 1 DAGs
[2023-04-08T15:35:21.652-0300] {logging_mixin.py:137} INFO - [2023-04-08T15:35:21.652-0300] {dag.py:3452} INFO - Setting next_dagrun for tutorial_dag to None, run_after=None
[2023-04-08T15:35:21.673-0300] {processor.py:175} INFO - Processing /home/kauanu/PycharmProjects/AirFLowEnade/venv/lib/python3.10/site-packages/airflow/example_dags/tutorial_dag.py took 0.064 seconds
[2023-04-08T15:36:05.219-0300] {processor.py:153} INFO - Started process (PID=16440) to work on /home/kauanu/PycharmProjects/AirFLowEnade/venv/lib/python3.10/site-packages/airflow/example_dags/tutorial_dag.py
[2023-04-08T15:36:05.221-0300] {processor.py:743} INFO - Processing file /home/kauanu/PycharmProjects/AirFLowEnade/venv/lib/python3.10/site-packages/airflow/example_dags/tutorial_dag.py for tasks to queue
[2023-04-08T15:36:05.222-0300] {logging_mixin.py:137} INFO - [2023-04-08T15:36:05.222-0300] {dagbag.py:532} INFO - Filling up the DagBag from /home/kauanu/PycharmProjects/AirFLowEnade/venv/lib/python3.10/site-packages/airflow/example_dags/tutorial_dag.py
[2023-04-08T15:36:05.237-0300] {processor.py:753} INFO - DAG(s) dict_keys(['tutorial_dag']) retrieved from /home/kauanu/PycharmProjects/AirFLowEnade/venv/lib/python3.10/site-packages/airflow/example_dags/tutorial_dag.py
[2023-04-08T15:36:05.255-0300] {logging_mixin.py:137} INFO - [2023-04-08T15:36:05.255-0300] {dag.py:2705} INFO - Sync 1 DAGs
[2023-04-08T15:36:05.271-0300] {logging_mixin.py:137} INFO - [2023-04-08T15:36:05.271-0300] {dag.py:3452} INFO - Setting next_dagrun for tutorial_dag to None, run_after=None
[2023-04-08T15:36:05.302-0300] {processor.py:175} INFO - Processing /home/kauanu/PycharmProjects/AirFLowEnade/venv/lib/python3.10/site-packages/airflow/example_dags/tutorial_dag.py took 0.085 seconds
