[2023-04-09T00:13:46.523-0300] {processor.py:153} INFO - Started process (PID=45536) to work on /home/kauanu/airflow/dags/Enade.py
[2023-04-09T00:13:46.524-0300] {processor.py:743} INFO - Processing file /home/kauanu/airflow/dags/Enade.py for tasks to queue
[2023-04-09T00:13:46.525-0300] {logging_mixin.py:137} INFO - [2023-04-09T00:13:46.525-0300] {dagbag.py:532} INFO - Filling up the DagBag from /home/kauanu/airflow/dags/Enade.py
[2023-04-09T00:13:46.765-0300] {processor.py:753} INFO - DAG(s) dict_keys(['enade_airflow']) retrieved from /home/kauanu/airflow/dags/Enade.py
[2023-04-09T00:13:55.779-0300] {logging_mixin.py:137} INFO - [2023-04-09T00:13:55.778-0300] {manager.py:504} INFO - Created Permission View: can read on DAG:enade_airflow
[2023-04-09T00:13:55.810-0300] {logging_mixin.py:137} INFO - [2023-04-09T00:13:55.809-0300] {manager.py:504} INFO - Created Permission View: can edit on DAG:enade_airflow
[2023-04-09T00:13:55.841-0300] {logging_mixin.py:137} INFO - [2023-04-09T00:13:55.840-0300] {manager.py:504} INFO - Created Permission View: can delete on DAG:enade_airflow
[2023-04-09T00:13:55.841-0300] {logging_mixin.py:137} INFO - [2023-04-09T00:13:55.841-0300] {dag.py:2705} INFO - Sync 1 DAGs
[2023-04-09T00:13:55.880-0300] {logging_mixin.py:137} INFO - [2023-04-09T00:13:55.880-0300] {dag.py:2726} INFO - Creating ORM DAG for enade_airflow
[2023-04-09T00:13:55.890-0300] {logging_mixin.py:137} INFO - [2023-04-09T00:13:55.890-0300] {dag.py:3452} INFO - Setting next_dagrun for enade_airflow to 2023-04-08T15:00:00+00:00, run_after=2023-04-08T15:10:00+00:00
[2023-04-09T00:13:55.934-0300] {processor.py:175} INFO - Processing /home/kauanu/airflow/dags/Enade.py took 9.414 seconds
[2023-04-09T00:14:33.919-0300] {processor.py:153} INFO - Started process (PID=45764) to work on /home/kauanu/airflow/dags/Enade.py
[2023-04-09T00:14:33.921-0300] {processor.py:743} INFO - Processing file /home/kauanu/airflow/dags/Enade.py for tasks to queue
[2023-04-09T00:14:33.922-0300] {logging_mixin.py:137} INFO - [2023-04-09T00:14:33.922-0300] {dagbag.py:532} INFO - Filling up the DagBag from /home/kauanu/airflow/dags/Enade.py
[2023-04-09T00:14:34.205-0300] {processor.py:753} INFO - DAG(s) dict_keys(['enade_airflow']) retrieved from /home/kauanu/airflow/dags/Enade.py
[2023-04-09T00:14:34.228-0300] {logging_mixin.py:137} INFO - [2023-04-09T00:14:34.228-0300] {dag.py:2705} INFO - Sync 1 DAGs
[2023-04-09T00:14:34.258-0300] {logging_mixin.py:137} INFO - [2023-04-09T00:14:34.258-0300] {dag.py:3452} INFO - Setting next_dagrun for enade_airflow to 2023-04-08T15:00:00+00:00, run_after=2023-04-08T15:10:00+00:00
[2023-04-09T00:14:34.418-0300] {processor.py:175} INFO - Processing /home/kauanu/airflow/dags/Enade.py took 0.504 seconds
[2023-04-09T00:15:25.828-0300] {processor.py:153} INFO - Started process (PID=45999) to work on /home/kauanu/airflow/dags/Enade.py
[2023-04-09T00:15:25.845-0300] {processor.py:743} INFO - Processing file /home/kauanu/airflow/dags/Enade.py for tasks to queue
[2023-04-09T00:15:25.845-0300] {logging_mixin.py:137} INFO - [2023-04-09T00:15:25.845-0300] {dagbag.py:532} INFO - Filling up the DagBag from /home/kauanu/airflow/dags/Enade.py
[2023-04-09T00:15:26.333-0300] {processor.py:753} INFO - DAG(s) dict_keys(['enade_airflow']) retrieved from /home/kauanu/airflow/dags/Enade.py
[2023-04-09T00:15:26.350-0300] {logging_mixin.py:137} INFO - [2023-04-09T00:15:26.350-0300] {dag.py:2705} INFO - Sync 1 DAGs
[2023-04-09T00:15:26.364-0300] {logging_mixin.py:137} INFO - [2023-04-09T00:15:26.364-0300] {dag.py:3452} INFO - Setting next_dagrun for enade_airflow to 2023-04-08T15:00:00+00:00, run_after=2023-04-08T15:10:00+00:00
[2023-04-09T00:15:26.432-0300] {processor.py:175} INFO - Processing /home/kauanu/airflow/dags/Enade.py took 0.606 seconds
[2023-04-09T00:15:42.358-0300] {processor.py:153} INFO - Started process (PID=46103) to work on /home/kauanu/airflow/dags/Enade.py
[2023-04-09T00:15:42.359-0300] {processor.py:743} INFO - Processing file /home/kauanu/airflow/dags/Enade.py for tasks to queue
[2023-04-09T00:15:42.360-0300] {logging_mixin.py:137} INFO - [2023-04-09T00:15:42.359-0300] {dagbag.py:532} INFO - Filling up the DagBag from /home/kauanu/airflow/dags/Enade.py
[2023-04-09T00:15:42.532-0300] {processor.py:753} INFO - DAG(s) dict_keys(['enade_airflow']) retrieved from /home/kauanu/airflow/dags/Enade.py
[2023-04-09T00:15:42.549-0300] {logging_mixin.py:137} INFO - [2023-04-09T00:15:42.548-0300] {dag.py:2705} INFO - Sync 1 DAGs
[2023-04-09T00:15:42.562-0300] {logging_mixin.py:137} INFO - [2023-04-09T00:15:42.562-0300] {dag.py:3452} INFO - Setting next_dagrun for enade_airflow to 2023-04-08T15:00:00+00:00, run_after=2023-04-08T15:10:00+00:00
[2023-04-09T00:15:43.926-0300] {processor.py:175} INFO - Processing /home/kauanu/airflow/dags/Enade.py took 1.570 seconds
[2023-04-09T00:16:03.779-0300] {processor.py:153} INFO - Started process (PID=46214) to work on /home/kauanu/airflow/dags/Enade.py
[2023-04-09T00:16:03.780-0300] {processor.py:743} INFO - Processing file /home/kauanu/airflow/dags/Enade.py for tasks to queue
[2023-04-09T00:16:03.780-0300] {logging_mixin.py:137} INFO - [2023-04-09T00:16:03.780-0300] {dagbag.py:532} INFO - Filling up the DagBag from /home/kauanu/airflow/dags/Enade.py
[2023-04-09T00:16:06.880-0300] {processor.py:753} INFO - DAG(s) dict_keys(['enade_airflow']) retrieved from /home/kauanu/airflow/dags/Enade.py
[2023-04-09T00:16:06.900-0300] {logging_mixin.py:137} INFO - [2023-04-09T00:16:06.900-0300] {dag.py:2705} INFO - Sync 1 DAGs
[2023-04-09T00:16:06.916-0300] {logging_mixin.py:137} INFO - [2023-04-09T00:16:06.916-0300] {dag.py:3452} INFO - Setting next_dagrun for enade_airflow to 2023-04-08T15:00:00+00:00, run_after=2023-04-08T15:10:00+00:00
[2023-04-09T00:16:07.065-0300] {processor.py:175} INFO - Processing /home/kauanu/airflow/dags/Enade.py took 3.295 seconds
[2023-04-09T00:16:34.038-0300] {processor.py:153} INFO - Started process (PID=46390) to work on /home/kauanu/airflow/dags/Enade.py
[2023-04-09T00:16:34.039-0300] {processor.py:743} INFO - Processing file /home/kauanu/airflow/dags/Enade.py for tasks to queue
[2023-04-09T00:16:34.039-0300] {logging_mixin.py:137} INFO - [2023-04-09T00:16:34.039-0300] {dagbag.py:532} INFO - Filling up the DagBag from /home/kauanu/airflow/dags/Enade.py
[2023-04-09T00:16:34.193-0300] {processor.py:753} INFO - DAG(s) dict_keys(['enade_airflow']) retrieved from /home/kauanu/airflow/dags/Enade.py
[2023-04-09T00:16:34.216-0300] {logging_mixin.py:137} INFO - [2023-04-09T00:16:34.216-0300] {dag.py:2705} INFO - Sync 1 DAGs
[2023-04-09T00:16:34.242-0300] {logging_mixin.py:137} INFO - [2023-04-09T00:16:34.241-0300] {dag.py:3452} INFO - Setting next_dagrun for enade_airflow to 2023-04-08T15:00:00+00:00, run_after=2023-04-08T15:10:00+00:00
[2023-04-09T00:16:34.605-0300] {processor.py:175} INFO - Processing /home/kauanu/airflow/dags/Enade.py took 0.570 seconds
[2023-04-09T00:17:08.650-0300] {processor.py:153} INFO - Started process (PID=46551) to work on /home/kauanu/airflow/dags/Enade.py
[2023-04-09T00:17:08.651-0300] {processor.py:743} INFO - Processing file /home/kauanu/airflow/dags/Enade.py for tasks to queue
[2023-04-09T00:17:08.652-0300] {logging_mixin.py:137} INFO - [2023-04-09T00:17:08.651-0300] {dagbag.py:532} INFO - Filling up the DagBag from /home/kauanu/airflow/dags/Enade.py
[2023-04-09T00:17:09.176-0300] {processor.py:753} INFO - DAG(s) dict_keys(['enade_airflow']) retrieved from /home/kauanu/airflow/dags/Enade.py
[2023-04-09T00:17:09.196-0300] {logging_mixin.py:137} INFO - [2023-04-09T00:17:09.195-0300] {dag.py:2705} INFO - Sync 1 DAGs
[2023-04-09T00:17:09.238-0300] {logging_mixin.py:137} INFO - [2023-04-09T00:17:09.238-0300] {dag.py:3452} INFO - Setting next_dagrun for enade_airflow to 2023-04-08T15:00:00+00:00, run_after=2023-04-08T15:10:00+00:00
[2023-04-09T00:17:12.515-0300] {processor.py:175} INFO - Processing /home/kauanu/airflow/dags/Enade.py took 3.868 seconds
[2023-04-09T00:18:29.270-0300] {processor.py:153} INFO - Started process (PID=46873) to work on /home/kauanu/airflow/dags/Enade.py
[2023-04-09T00:18:29.296-0300] {processor.py:743} INFO - Processing file /home/kauanu/airflow/dags/Enade.py for tasks to queue
[2023-04-09T00:18:29.298-0300] {logging_mixin.py:137} INFO - [2023-04-09T00:18:29.297-0300] {dagbag.py:532} INFO - Filling up the DagBag from /home/kauanu/airflow/dags/Enade.py
[2023-04-09T00:18:29.563-0300] {processor.py:753} INFO - DAG(s) dict_keys(['enade_airflow']) retrieved from /home/kauanu/airflow/dags/Enade.py
[2023-04-09T00:18:29.584-0300] {logging_mixin.py:137} INFO - [2023-04-09T00:18:29.583-0300] {dag.py:2705} INFO - Sync 1 DAGs
[2023-04-09T00:18:29.609-0300] {logging_mixin.py:137} INFO - [2023-04-09T00:18:29.609-0300] {dag.py:3452} INFO - Setting next_dagrun for enade_airflow to 2023-04-08T15:00:00+00:00, run_after=2023-04-08T15:10:00+00:00
[2023-04-09T00:18:30.690-0300] {processor.py:175} INFO - Processing /home/kauanu/airflow/dags/Enade.py took 1.423 seconds
[2023-04-09T00:19:15.007-0300] {processor.py:153} INFO - Started process (PID=47096) to work on /home/kauanu/airflow/dags/Enade.py
[2023-04-09T00:19:15.114-0300] {processor.py:743} INFO - Processing file /home/kauanu/airflow/dags/Enade.py for tasks to queue
[2023-04-09T00:19:15.116-0300] {logging_mixin.py:137} INFO - [2023-04-09T00:19:15.116-0300] {dagbag.py:532} INFO - Filling up the DagBag from /home/kauanu/airflow/dags/Enade.py
[2023-04-09T00:19:15.255-0300] {processor.py:753} INFO - DAG(s) dict_keys(['enade_airflow']) retrieved from /home/kauanu/airflow/dags/Enade.py
[2023-04-09T00:19:15.270-0300] {logging_mixin.py:137} INFO - [2023-04-09T00:19:15.270-0300] {dag.py:2705} INFO - Sync 1 DAGs
[2023-04-09T00:19:15.286-0300] {logging_mixin.py:137} INFO - [2023-04-09T00:19:15.286-0300] {dag.py:3452} INFO - Setting next_dagrun for enade_airflow to 2023-04-08T15:00:00+00:00, run_after=2023-04-08T15:10:00+00:00
[2023-04-09T00:19:15.829-0300] {processor.py:175} INFO - Processing /home/kauanu/airflow/dags/Enade.py took 0.824 seconds
[2023-04-09T00:40:07.512-0300] {processor.py:153} INFO - Started process (PID=52192) to work on /home/kauanu/airflow/dags/Enade.py
[2023-04-09T00:40:07.573-0300] {processor.py:743} INFO - Processing file /home/kauanu/airflow/dags/Enade.py for tasks to queue
[2023-04-09T00:40:07.576-0300] {logging_mixin.py:137} INFO - [2023-04-09T00:40:07.576-0300] {dagbag.py:532} INFO - Filling up the DagBag from /home/kauanu/airflow/dags/Enade.py
[2023-04-09T00:40:11.763-0300] {processor.py:753} INFO - DAG(s) dict_keys(['enade_airflow']) retrieved from /home/kauanu/airflow/dags/Enade.py
[2023-04-09T00:40:11.835-0300] {logging_mixin.py:137} INFO - [2023-04-09T00:40:11.835-0300] {dag.py:2705} INFO - Sync 1 DAGs
[2023-04-09T00:40:11.851-0300] {logging_mixin.py:137} INFO - [2023-04-09T00:40:11.851-0300] {dag.py:3452} INFO - Setting next_dagrun for enade_airflow to 2023-04-08T15:00:00+00:00, run_after=2023-04-08T15:10:00+00:00
[2023-04-09T00:40:12.024-0300] {processor.py:175} INFO - Processing /home/kauanu/airflow/dags/Enade.py took 4.516 seconds
[2023-04-09T00:43:15.451-0300] {processor.py:153} INFO - Started process (PID=52916) to work on /home/kauanu/airflow/dags/Enade.py
[2023-04-09T00:43:15.466-0300] {processor.py:743} INFO - Processing file /home/kauanu/airflow/dags/Enade.py for tasks to queue
[2023-04-09T00:43:15.467-0300] {logging_mixin.py:137} INFO - [2023-04-09T00:43:15.466-0300] {dagbag.py:532} INFO - Filling up the DagBag from /home/kauanu/airflow/dags/Enade.py
[2023-04-09T00:43:16.522-0300] {processor.py:753} INFO - DAG(s) dict_keys(['enade_airflow']) retrieved from /home/kauanu/airflow/dags/Enade.py
[2023-04-09T00:43:16.535-0300] {logging_mixin.py:137} INFO - [2023-04-09T00:43:16.535-0300] {dag.py:2705} INFO - Sync 1 DAGs
[2023-04-09T00:43:18.141-0300] {logging_mixin.py:137} INFO - [2023-04-09T00:43:18.141-0300] {dag.py:3452} INFO - Setting next_dagrun for enade_airflow to 2023-04-08T15:00:00+00:00, run_after=2023-04-08T15:10:00+00:00
[2023-04-09T00:43:18.660-0300] {processor.py:175} INFO - Processing /home/kauanu/airflow/dags/Enade.py took 3.212 seconds
[2023-04-09T00:45:30.064-0300] {processor.py:153} INFO - Started process (PID=53408) to work on /home/kauanu/airflow/dags/Enade.py
[2023-04-09T00:45:30.078-0300] {processor.py:743} INFO - Processing file /home/kauanu/airflow/dags/Enade.py for tasks to queue
[2023-04-09T00:45:30.079-0300] {logging_mixin.py:137} INFO - [2023-04-09T00:45:30.079-0300] {dagbag.py:532} INFO - Filling up the DagBag from /home/kauanu/airflow/dags/Enade.py
[2023-04-09T00:45:30.439-0300] {processor.py:753} INFO - DAG(s) dict_keys(['enade_airflow']) retrieved from /home/kauanu/airflow/dags/Enade.py
[2023-04-09T00:45:30.455-0300] {logging_mixin.py:137} INFO - [2023-04-09T00:45:30.454-0300] {dag.py:2705} INFO - Sync 1 DAGs
[2023-04-09T00:45:30.467-0300] {logging_mixin.py:137} INFO - [2023-04-09T00:45:30.466-0300] {dag.py:3452} INFO - Setting next_dagrun for enade_airflow to 2023-04-08T15:00:00+00:00, run_after=2023-04-08T15:10:00+00:00
[2023-04-09T00:45:30.785-0300] {processor.py:175} INFO - Processing /home/kauanu/airflow/dags/Enade.py took 0.725 seconds
[2023-04-09T12:54:46.733-0300] {processor.py:153} INFO - Started process (PID=53819) to work on /home/kauanu/airflow/dags/Enade.py
[2023-04-09T12:54:46.744-0300] {processor.py:743} INFO - Processing file /home/kauanu/airflow/dags/Enade.py for tasks to queue
[2023-04-09T12:54:46.745-0300] {logging_mixin.py:137} INFO - [2023-04-09T12:54:46.745-0300] {dagbag.py:532} INFO - Filling up the DagBag from /home/kauanu/airflow/dags/Enade.py
[2023-04-09T12:54:47.016-0300] {processor.py:753} INFO - DAG(s) dict_keys(['enade_airflow']) retrieved from /home/kauanu/airflow/dags/Enade.py
[2023-04-09T12:54:47.144-0300] {logging_mixin.py:137} INFO - [2023-04-09T12:54:47.144-0300] {dag.py:2705} INFO - Sync 1 DAGs
[2023-04-09T12:54:47.160-0300] {logging_mixin.py:137} INFO - [2023-04-09T12:54:47.160-0300] {dag.py:3452} INFO - Setting next_dagrun for enade_airflow to 2023-04-08T15:00:00+00:00, run_after=2023-04-08T15:10:00+00:00
[2023-04-09T12:54:53.549-0300] {processor.py:175} INFO - Processing /home/kauanu/airflow/dags/Enade.py took 6.819 seconds
[2023-04-09T12:56:58.629-0300] {processor.py:153} INFO - Started process (PID=54341) to work on /home/kauanu/airflow/dags/Enade.py
[2023-04-09T12:56:58.648-0300] {processor.py:743} INFO - Processing file /home/kauanu/airflow/dags/Enade.py for tasks to queue
[2023-04-09T12:56:58.649-0300] {logging_mixin.py:137} INFO - [2023-04-09T12:56:58.648-0300] {dagbag.py:532} INFO - Filling up the DagBag from /home/kauanu/airflow/dags/Enade.py
[2023-04-09T12:56:59.011-0300] {processor.py:753} INFO - DAG(s) dict_keys(['enade_airflow']) retrieved from /home/kauanu/airflow/dags/Enade.py
[2023-04-09T12:56:59.041-0300] {logging_mixin.py:137} INFO - [2023-04-09T12:56:59.041-0300] {dag.py:2705} INFO - Sync 1 DAGs
[2023-04-09T12:56:59.053-0300] {logging_mixin.py:137} INFO - [2023-04-09T12:56:59.053-0300] {dag.py:3452} INFO - Setting next_dagrun for enade_airflow to 2023-04-08T15:00:00+00:00, run_after=2023-04-08T15:10:00+00:00
[2023-04-09T12:56:59.447-0300] {processor.py:175} INFO - Processing /home/kauanu/airflow/dags/Enade.py took 0.821 seconds
[2023-04-09T12:57:48.156-0300] {processor.py:153} INFO - Started process (PID=54570) to work on /home/kauanu/airflow/dags/Enade.py
[2023-04-09T12:57:48.165-0300] {processor.py:743} INFO - Processing file /home/kauanu/airflow/dags/Enade.py for tasks to queue
[2023-04-09T12:57:48.165-0300] {logging_mixin.py:137} INFO - [2023-04-09T12:57:48.165-0300] {dagbag.py:532} INFO - Filling up the DagBag from /home/kauanu/airflow/dags/Enade.py
[2023-04-09T12:57:48.422-0300] {processor.py:753} INFO - DAG(s) dict_keys(['enade_airflow']) retrieved from /home/kauanu/airflow/dags/Enade.py
[2023-04-09T12:57:48.441-0300] {logging_mixin.py:137} INFO - [2023-04-09T12:57:48.441-0300] {dag.py:2705} INFO - Sync 1 DAGs
[2023-04-09T12:57:48.455-0300] {logging_mixin.py:137} INFO - [2023-04-09T12:57:48.454-0300] {dag.py:3452} INFO - Setting next_dagrun for enade_airflow to 2023-04-08T15:00:00+00:00, run_after=2023-04-08T15:10:00+00:00
[2023-04-09T12:57:48.902-0300] {processor.py:175} INFO - Processing /home/kauanu/airflow/dags/Enade.py took 0.750 seconds
[2023-04-09T12:58:55.594-0300] {processor.py:153} INFO - Started process (PID=54887) to work on /home/kauanu/airflow/dags/Enade.py
[2023-04-09T12:58:55.604-0300] {processor.py:743} INFO - Processing file /home/kauanu/airflow/dags/Enade.py for tasks to queue
[2023-04-09T12:58:55.605-0300] {logging_mixin.py:137} INFO - [2023-04-09T12:58:55.604-0300] {dagbag.py:532} INFO - Filling up the DagBag from /home/kauanu/airflow/dags/Enade.py
[2023-04-09T12:58:55.869-0300] {processor.py:753} INFO - DAG(s) dict_keys(['enade_airflow']) retrieved from /home/kauanu/airflow/dags/Enade.py
[2023-04-09T12:58:55.885-0300] {logging_mixin.py:137} INFO - [2023-04-09T12:58:55.885-0300] {dag.py:2705} INFO - Sync 1 DAGs
[2023-04-09T12:58:55.897-0300] {logging_mixin.py:137} INFO - [2023-04-09T12:58:55.897-0300] {dag.py:3452} INFO - Setting next_dagrun for enade_airflow to 2023-04-08T15:00:00+00:00, run_after=2023-04-08T15:10:00+00:00
[2023-04-09T12:58:56.201-0300] {processor.py:175} INFO - Processing /home/kauanu/airflow/dags/Enade.py took 0.610 seconds
[2023-04-09T12:59:51.002-0300] {processor.py:153} INFO - Started process (PID=55124) to work on /home/kauanu/airflow/dags/Enade.py
[2023-04-09T12:59:51.016-0300] {processor.py:743} INFO - Processing file /home/kauanu/airflow/dags/Enade.py for tasks to queue
[2023-04-09T12:59:51.016-0300] {logging_mixin.py:137} INFO - [2023-04-09T12:59:51.016-0300] {dagbag.py:532} INFO - Filling up the DagBag from /home/kauanu/airflow/dags/Enade.py
[2023-04-09T12:59:51.247-0300] {processor.py:753} INFO - DAG(s) dict_keys(['enade_airflow']) retrieved from /home/kauanu/airflow/dags/Enade.py
[2023-04-09T12:59:51.260-0300] {logging_mixin.py:137} INFO - [2023-04-09T12:59:51.260-0300] {dag.py:2705} INFO - Sync 1 DAGs
[2023-04-09T12:59:51.272-0300] {logging_mixin.py:137} INFO - [2023-04-09T12:59:51.271-0300] {dag.py:3452} INFO - Setting next_dagrun for enade_airflow to 2023-04-08T15:00:00+00:00, run_after=2023-04-08T15:10:00+00:00
[2023-04-09T12:59:51.321-0300] {processor.py:175} INFO - Processing /home/kauanu/airflow/dags/Enade.py took 0.322 seconds
[2023-04-09T13:00:51.730-0300] {processor.py:153} INFO - Started process (PID=55401) to work on /home/kauanu/airflow/dags/Enade.py
[2023-04-09T13:00:51.731-0300] {processor.py:743} INFO - Processing file /home/kauanu/airflow/dags/Enade.py for tasks to queue
[2023-04-09T13:00:51.732-0300] {logging_mixin.py:137} INFO - [2023-04-09T13:00:51.732-0300] {dagbag.py:532} INFO - Filling up the DagBag from /home/kauanu/airflow/dags/Enade.py
[2023-04-09T13:00:51.974-0300] {processor.py:753} INFO - DAG(s) dict_keys(['enade_airflow']) retrieved from /home/kauanu/airflow/dags/Enade.py
[2023-04-09T13:00:51.987-0300] {logging_mixin.py:137} INFO - [2023-04-09T13:00:51.987-0300] {dag.py:2705} INFO - Sync 1 DAGs
[2023-04-09T13:00:51.999-0300] {logging_mixin.py:137} INFO - [2023-04-09T13:00:51.999-0300] {dag.py:3452} INFO - Setting next_dagrun for enade_airflow to 2023-04-08T15:00:00+00:00, run_after=2023-04-08T15:10:00+00:00
[2023-04-09T13:00:55.689-0300] {processor.py:175} INFO - Processing /home/kauanu/airflow/dags/Enade.py took 3.962 seconds
[2023-04-09T13:02:18.195-0300] {processor.py:153} INFO - Started process (PID=55773) to work on /home/kauanu/airflow/dags/Enade.py
[2023-04-09T13:02:18.207-0300] {processor.py:743} INFO - Processing file /home/kauanu/airflow/dags/Enade.py for tasks to queue
[2023-04-09T13:02:18.208-0300] {logging_mixin.py:137} INFO - [2023-04-09T13:02:18.208-0300] {dagbag.py:532} INFO - Filling up the DagBag from /home/kauanu/airflow/dags/Enade.py
[2023-04-09T13:02:19.707-0300] {processor.py:753} INFO - DAG(s) dict_keys(['enade_airflow']) retrieved from /home/kauanu/airflow/dags/Enade.py
[2023-04-09T13:02:19.720-0300] {logging_mixin.py:137} INFO - [2023-04-09T13:02:19.720-0300] {dag.py:2705} INFO - Sync 1 DAGs
[2023-04-09T13:02:19.734-0300] {logging_mixin.py:137} INFO - [2023-04-09T13:02:19.734-0300] {dag.py:3452} INFO - Setting next_dagrun for enade_airflow to 2023-04-08T15:00:00+00:00, run_after=2023-04-08T15:10:00+00:00
[2023-04-09T13:02:19.778-0300] {processor.py:175} INFO - Processing /home/kauanu/airflow/dags/Enade.py took 1.586 seconds
[2023-04-09T13:03:26.026-0300] {processor.py:153} INFO - Started process (PID=56088) to work on /home/kauanu/airflow/dags/Enade.py
[2023-04-09T13:03:26.042-0300] {processor.py:743} INFO - Processing file /home/kauanu/airflow/dags/Enade.py for tasks to queue
[2023-04-09T13:03:26.043-0300] {logging_mixin.py:137} INFO - [2023-04-09T13:03:26.043-0300] {dagbag.py:532} INFO - Filling up the DagBag from /home/kauanu/airflow/dags/Enade.py
[2023-04-09T13:03:26.525-0300] {processor.py:753} INFO - DAG(s) dict_keys(['enade_airflow']) retrieved from /home/kauanu/airflow/dags/Enade.py
[2023-04-09T13:03:26.544-0300] {logging_mixin.py:137} INFO - [2023-04-09T13:03:26.544-0300] {dag.py:2705} INFO - Sync 1 DAGs
[2023-04-09T13:03:26.559-0300] {logging_mixin.py:137} INFO - [2023-04-09T13:03:26.559-0300] {dag.py:3452} INFO - Setting next_dagrun for enade_airflow to 2023-04-08T15:00:00+00:00, run_after=2023-04-08T15:10:00+00:00
[2023-04-09T13:03:28.738-0300] {processor.py:175} INFO - Processing /home/kauanu/airflow/dags/Enade.py took 2.715 seconds
[2023-04-09T13:04:26.290-0300] {processor.py:153} INFO - Started process (PID=56439) to work on /home/kauanu/airflow/dags/Enade.py
[2023-04-09T13:04:26.329-0300] {processor.py:743} INFO - Processing file /home/kauanu/airflow/dags/Enade.py for tasks to queue
[2023-04-09T13:04:26.331-0300] {logging_mixin.py:137} INFO - [2023-04-09T13:04:26.330-0300] {dagbag.py:532} INFO - Filling up the DagBag from /home/kauanu/airflow/dags/Enade.py
[2023-04-09T13:04:26.489-0300] {processor.py:753} INFO - DAG(s) dict_keys(['enade_airflow']) retrieved from /home/kauanu/airflow/dags/Enade.py
[2023-04-09T13:04:26.521-0300] {logging_mixin.py:137} INFO - [2023-04-09T13:04:26.520-0300] {dag.py:2705} INFO - Sync 1 DAGs
[2023-04-09T13:04:26.540-0300] {logging_mixin.py:137} INFO - [2023-04-09T13:04:26.539-0300] {dag.py:3452} INFO - Setting next_dagrun for enade_airflow to 2023-04-08T15:00:00+00:00, run_after=2023-04-08T15:10:00+00:00
[2023-04-09T13:04:27.955-0300] {processor.py:175} INFO - Processing /home/kauanu/airflow/dags/Enade.py took 1.671 seconds
[2023-04-09T13:05:19.299-0300] {processor.py:153} INFO - Started process (PID=56676) to work on /home/kauanu/airflow/dags/Enade.py
[2023-04-09T13:05:19.301-0300] {processor.py:743} INFO - Processing file /home/kauanu/airflow/dags/Enade.py for tasks to queue
[2023-04-09T13:05:19.302-0300] {logging_mixin.py:137} INFO - [2023-04-09T13:05:19.302-0300] {dagbag.py:532} INFO - Filling up the DagBag from /home/kauanu/airflow/dags/Enade.py
[2023-04-09T13:05:19.478-0300] {processor.py:753} INFO - DAG(s) dict_keys(['enade_airflow']) retrieved from /home/kauanu/airflow/dags/Enade.py
[2023-04-09T13:05:19.495-0300] {logging_mixin.py:137} INFO - [2023-04-09T13:05:19.495-0300] {dag.py:2705} INFO - Sync 1 DAGs
[2023-04-09T13:05:19.512-0300] {logging_mixin.py:137} INFO - [2023-04-09T13:05:19.512-0300] {dag.py:3452} INFO - Setting next_dagrun for enade_airflow to 2023-04-08T15:00:00+00:00, run_after=2023-04-08T15:10:00+00:00
[2023-04-09T13:05:19.552-0300] {processor.py:175} INFO - Processing /home/kauanu/airflow/dags/Enade.py took 0.257 seconds
[2023-04-09T13:06:11.406-0300] {processor.py:153} INFO - Started process (PID=56915) to work on /home/kauanu/airflow/dags/Enade.py
[2023-04-09T13:06:11.407-0300] {processor.py:743} INFO - Processing file /home/kauanu/airflow/dags/Enade.py for tasks to queue
[2023-04-09T13:06:11.408-0300] {logging_mixin.py:137} INFO - [2023-04-09T13:06:11.408-0300] {dagbag.py:532} INFO - Filling up the DagBag from /home/kauanu/airflow/dags/Enade.py
[2023-04-09T13:06:11.548-0300] {processor.py:753} INFO - DAG(s) dict_keys(['enade_airflow']) retrieved from /home/kauanu/airflow/dags/Enade.py
[2023-04-09T13:06:11.564-0300] {logging_mixin.py:137} INFO - [2023-04-09T13:06:11.564-0300] {dag.py:2705} INFO - Sync 1 DAGs
[2023-04-09T13:06:11.579-0300] {logging_mixin.py:137} INFO - [2023-04-09T13:06:11.579-0300] {dag.py:3452} INFO - Setting next_dagrun for enade_airflow to 2023-04-08T15:00:00+00:00, run_after=2023-04-08T15:10:00+00:00
[2023-04-09T13:06:11.646-0300] {processor.py:175} INFO - Processing /home/kauanu/airflow/dags/Enade.py took 0.242 seconds
[2023-04-09T13:07:01.980-0300] {processor.py:153} INFO - Started process (PID=57141) to work on /home/kauanu/airflow/dags/Enade.py
[2023-04-09T13:07:01.990-0300] {processor.py:743} INFO - Processing file /home/kauanu/airflow/dags/Enade.py for tasks to queue
[2023-04-09T13:07:01.991-0300] {logging_mixin.py:137} INFO - [2023-04-09T13:07:01.990-0300] {dagbag.py:532} INFO - Filling up the DagBag from /home/kauanu/airflow/dags/Enade.py
[2023-04-09T13:07:02.124-0300] {processor.py:753} INFO - DAG(s) dict_keys(['enade_airflow']) retrieved from /home/kauanu/airflow/dags/Enade.py
[2023-04-09T13:07:02.141-0300] {logging_mixin.py:137} INFO - [2023-04-09T13:07:02.140-0300] {dag.py:2705} INFO - Sync 1 DAGs
[2023-04-09T13:07:02.155-0300] {logging_mixin.py:137} INFO - [2023-04-09T13:07:02.155-0300] {dag.py:3452} INFO - Setting next_dagrun for enade_airflow to 2023-04-08T15:00:00+00:00, run_after=2023-04-08T15:10:00+00:00
[2023-04-09T13:07:02.174-0300] {processor.py:175} INFO - Processing /home/kauanu/airflow/dags/Enade.py took 0.197 seconds
[2023-04-09T13:07:47.995-0300] {processor.py:153} INFO - Started process (PID=57365) to work on /home/kauanu/airflow/dags/Enade.py
[2023-04-09T13:07:47.996-0300] {processor.py:743} INFO - Processing file /home/kauanu/airflow/dags/Enade.py for tasks to queue
[2023-04-09T13:07:47.997-0300] {logging_mixin.py:137} INFO - [2023-04-09T13:07:47.996-0300] {dagbag.py:532} INFO - Filling up the DagBag from /home/kauanu/airflow/dags/Enade.py
[2023-04-09T13:07:48.139-0300] {processor.py:753} INFO - DAG(s) dict_keys(['enade_airflow']) retrieved from /home/kauanu/airflow/dags/Enade.py
[2023-04-09T13:07:48.162-0300] {logging_mixin.py:137} INFO - [2023-04-09T13:07:48.158-0300] {dag.py:2705} INFO - Sync 1 DAGs
[2023-04-09T13:07:48.178-0300] {logging_mixin.py:137} INFO - [2023-04-09T13:07:48.178-0300] {dag.py:3452} INFO - Setting next_dagrun for enade_airflow to 2023-04-08T15:00:00+00:00, run_after=2023-04-08T15:10:00+00:00
[2023-04-09T13:07:48.245-0300] {processor.py:175} INFO - Processing /home/kauanu/airflow/dags/Enade.py took 0.254 seconds
