[2023-04-08T15:26:10.434-0300] {processor.py:153} INFO - Started process (PID=13558) to work on /home/kauanu/PycharmProjects/AirFLowEnade/venv/lib/python3.10/site-packages/airflow/example_dags/plugins/event_listener.py
[2023-04-08T15:26:10.434-0300] {processor.py:743} INFO - Processing file /home/kauanu/PycharmProjects/AirFLowEnade/venv/lib/python3.10/site-packages/airflow/example_dags/plugins/event_listener.py for tasks to queue
[2023-04-08T15:26:10.435-0300] {logging_mixin.py:137} INFO - [2023-04-08T15:26:10.435-0300] {dagbag.py:532} INFO - Filling up the DagBag from /home/kauanu/PycharmProjects/AirFLowEnade/venv/lib/python3.10/site-packages/airflow/example_dags/plugins/event_listener.py
[2023-04-08T15:26:10.436-0300] {processor.py:755} WARNING - No viable dags retrieved from /home/kauanu/PycharmProjects/AirFLowEnade/venv/lib/python3.10/site-packages/airflow/example_dags/plugins/event_listener.py
[2023-04-08T15:26:10.443-0300] {processor.py:175} INFO - Processing /home/kauanu/PycharmProjects/AirFLowEnade/venv/lib/python3.10/site-packages/airflow/example_dags/plugins/event_listener.py took 0.012 seconds
[2023-04-08T15:27:16.589-0300] {processor.py:153} INFO - Started process (PID=13883) to work on /home/kauanu/PycharmProjects/AirFLowEnade/venv/lib/python3.10/site-packages/airflow/example_dags/plugins/event_listener.py
[2023-04-08T15:27:16.812-0300] {processor.py:743} INFO - Processing file /home/kauanu/PycharmProjects/AirFLowEnade/venv/lib/python3.10/site-packages/airflow/example_dags/plugins/event_listener.py for tasks to queue
[2023-04-08T15:27:16.813-0300] {logging_mixin.py:137} INFO - [2023-04-08T15:27:16.813-0300] {dagbag.py:532} INFO - Filling up the DagBag from /home/kauanu/PycharmProjects/AirFLowEnade/venv/lib/python3.10/site-packages/airflow/example_dags/plugins/event_listener.py
[2023-04-08T15:27:16.815-0300] {processor.py:755} WARNING - No viable dags retrieved from /home/kauanu/PycharmProjects/AirFLowEnade/venv/lib/python3.10/site-packages/airflow/example_dags/plugins/event_listener.py
[2023-04-08T15:27:16.827-0300] {processor.py:175} INFO - Processing /home/kauanu/PycharmProjects/AirFLowEnade/venv/lib/python3.10/site-packages/airflow/example_dags/plugins/event_listener.py took 0.242 seconds
[2023-04-08T15:28:26.566-0300] {processor.py:153} INFO - Started process (PID=14213) to work on /home/kauanu/PycharmProjects/AirFLowEnade/venv/lib/python3.10/site-packages/airflow/example_dags/plugins/event_listener.py
[2023-04-08T15:28:26.568-0300] {processor.py:743} INFO - Processing file /home/kauanu/PycharmProjects/AirFLowEnade/venv/lib/python3.10/site-packages/airflow/example_dags/plugins/event_listener.py for tasks to queue
[2023-04-08T15:28:26.569-0300] {logging_mixin.py:137} INFO - [2023-04-08T15:28:26.569-0300] {dagbag.py:532} INFO - Filling up the DagBag from /home/kauanu/PycharmProjects/AirFLowEnade/venv/lib/python3.10/site-packages/airflow/example_dags/plugins/event_listener.py
[2023-04-08T15:28:26.571-0300] {processor.py:755} WARNING - No viable dags retrieved from /home/kauanu/PycharmProjects/AirFLowEnade/venv/lib/python3.10/site-packages/airflow/example_dags/plugins/event_listener.py
[2023-04-08T15:28:26.578-0300] {processor.py:175} INFO - Processing /home/kauanu/PycharmProjects/AirFLowEnade/venv/lib/python3.10/site-packages/airflow/example_dags/plugins/event_listener.py took 0.015 seconds
[2023-04-08T15:29:40.808-0300] {processor.py:153} INFO - Started process (PID=14628) to work on /home/kauanu/PycharmProjects/AirFLowEnade/venv/lib/python3.10/site-packages/airflow/example_dags/plugins/event_listener.py
[2023-04-08T15:29:40.826-0300] {processor.py:743} INFO - Processing file /home/kauanu/PycharmProjects/AirFLowEnade/venv/lib/python3.10/site-packages/airflow/example_dags/plugins/event_listener.py for tasks to queue
[2023-04-08T15:29:40.830-0300] {logging_mixin.py:137} INFO - [2023-04-08T15:29:40.829-0300] {dagbag.py:532} INFO - Filling up the DagBag from /home/kauanu/PycharmProjects/AirFLowEnade/venv/lib/python3.10/site-packages/airflow/example_dags/plugins/event_listener.py
[2023-04-08T15:29:40.834-0300] {processor.py:755} WARNING - No viable dags retrieved from /home/kauanu/PycharmProjects/AirFLowEnade/venv/lib/python3.10/site-packages/airflow/example_dags/plugins/event_listener.py
[2023-04-08T15:29:40.851-0300] {processor.py:175} INFO - Processing /home/kauanu/PycharmProjects/AirFLowEnade/venv/lib/python3.10/site-packages/airflow/example_dags/plugins/event_listener.py took 0.049 seconds
[2023-04-08T15:30:38.323-0300] {processor.py:153} INFO - Started process (PID=14904) to work on /home/kauanu/PycharmProjects/AirFLowEnade/venv/lib/python3.10/site-packages/airflow/example_dags/plugins/event_listener.py
[2023-04-08T15:30:38.331-0300] {processor.py:743} INFO - Processing file /home/kauanu/PycharmProjects/AirFLowEnade/venv/lib/python3.10/site-packages/airflow/example_dags/plugins/event_listener.py for tasks to queue
[2023-04-08T15:30:38.331-0300] {logging_mixin.py:137} INFO - [2023-04-08T15:30:38.331-0300] {dagbag.py:532} INFO - Filling up the DagBag from /home/kauanu/PycharmProjects/AirFLowEnade/venv/lib/python3.10/site-packages/airflow/example_dags/plugins/event_listener.py
[2023-04-08T15:30:38.332-0300] {processor.py:755} WARNING - No viable dags retrieved from /home/kauanu/PycharmProjects/AirFLowEnade/venv/lib/python3.10/site-packages/airflow/example_dags/plugins/event_listener.py
[2023-04-08T15:30:38.342-0300] {processor.py:175} INFO - Processing /home/kauanu/PycharmProjects/AirFLowEnade/venv/lib/python3.10/site-packages/airflow/example_dags/plugins/event_listener.py took 0.022 seconds
[2023-04-08T15:31:22.539-0300] {processor.py:153} INFO - Started process (PID=15101) to work on /home/kauanu/PycharmProjects/AirFLowEnade/venv/lib/python3.10/site-packages/airflow/example_dags/plugins/event_listener.py
[2023-04-08T15:31:22.540-0300] {processor.py:743} INFO - Processing file /home/kauanu/PycharmProjects/AirFLowEnade/venv/lib/python3.10/site-packages/airflow/example_dags/plugins/event_listener.py for tasks to queue
[2023-04-08T15:31:22.541-0300] {logging_mixin.py:137} INFO - [2023-04-08T15:31:22.541-0300] {dagbag.py:532} INFO - Filling up the DagBag from /home/kauanu/PycharmProjects/AirFLowEnade/venv/lib/python3.10/site-packages/airflow/example_dags/plugins/event_listener.py
[2023-04-08T15:31:22.542-0300] {processor.py:755} WARNING - No viable dags retrieved from /home/kauanu/PycharmProjects/AirFLowEnade/venv/lib/python3.10/site-packages/airflow/example_dags/plugins/event_listener.py
[2023-04-08T15:31:22.550-0300] {processor.py:175} INFO - Processing /home/kauanu/PycharmProjects/AirFLowEnade/venv/lib/python3.10/site-packages/airflow/example_dags/plugins/event_listener.py took 0.013 seconds
[2023-04-08T15:32:10.264-0300] {processor.py:153} INFO - Started process (PID=15327) to work on /home/kauanu/PycharmProjects/AirFLowEnade/venv/lib/python3.10/site-packages/airflow/example_dags/plugins/event_listener.py
[2023-04-08T15:32:10.276-0300] {processor.py:743} INFO - Processing file /home/kauanu/PycharmProjects/AirFLowEnade/venv/lib/python3.10/site-packages/airflow/example_dags/plugins/event_listener.py for tasks to queue
[2023-04-08T15:32:10.276-0300] {logging_mixin.py:137} INFO - [2023-04-08T15:32:10.276-0300] {dagbag.py:532} INFO - Filling up the DagBag from /home/kauanu/PycharmProjects/AirFLowEnade/venv/lib/python3.10/site-packages/airflow/example_dags/plugins/event_listener.py
[2023-04-08T15:32:10.278-0300] {processor.py:755} WARNING - No viable dags retrieved from /home/kauanu/PycharmProjects/AirFLowEnade/venv/lib/python3.10/site-packages/airflow/example_dags/plugins/event_listener.py
[2023-04-08T15:32:10.285-0300] {processor.py:175} INFO - Processing /home/kauanu/PycharmProjects/AirFLowEnade/venv/lib/python3.10/site-packages/airflow/example_dags/plugins/event_listener.py took 0.023 seconds
[2023-04-08T15:33:02.015-0300] {processor.py:153} INFO - Started process (PID=15587) to work on /home/kauanu/PycharmProjects/AirFLowEnade/venv/lib/python3.10/site-packages/airflow/example_dags/plugins/event_listener.py
[2023-04-08T15:33:02.023-0300] {processor.py:743} INFO - Processing file /home/kauanu/PycharmProjects/AirFLowEnade/venv/lib/python3.10/site-packages/airflow/example_dags/plugins/event_listener.py for tasks to queue
[2023-04-08T15:33:02.025-0300] {logging_mixin.py:137} INFO - [2023-04-08T15:33:02.024-0300] {dagbag.py:532} INFO - Filling up the DagBag from /home/kauanu/PycharmProjects/AirFLowEnade/venv/lib/python3.10/site-packages/airflow/example_dags/plugins/event_listener.py
[2023-04-08T15:33:02.027-0300] {processor.py:755} WARNING - No viable dags retrieved from /home/kauanu/PycharmProjects/AirFLowEnade/venv/lib/python3.10/site-packages/airflow/example_dags/plugins/event_listener.py
[2023-04-08T15:33:02.035-0300] {processor.py:175} INFO - Processing /home/kauanu/PycharmProjects/AirFLowEnade/venv/lib/python3.10/site-packages/airflow/example_dags/plugins/event_listener.py took 0.022 seconds
[2023-04-08T15:33:54.464-0300] {processor.py:153} INFO - Started process (PID=15822) to work on /home/kauanu/PycharmProjects/AirFLowEnade/venv/lib/python3.10/site-packages/airflow/example_dags/plugins/event_listener.py
[2023-04-08T15:33:54.474-0300] {processor.py:743} INFO - Processing file /home/kauanu/PycharmProjects/AirFLowEnade/venv/lib/python3.10/site-packages/airflow/example_dags/plugins/event_listener.py for tasks to queue
[2023-04-08T15:33:54.474-0300] {logging_mixin.py:137} INFO - [2023-04-08T15:33:54.474-0300] {dagbag.py:532} INFO - Filling up the DagBag from /home/kauanu/PycharmProjects/AirFLowEnade/venv/lib/python3.10/site-packages/airflow/example_dags/plugins/event_listener.py
[2023-04-08T15:33:54.476-0300] {processor.py:755} WARNING - No viable dags retrieved from /home/kauanu/PycharmProjects/AirFLowEnade/venv/lib/python3.10/site-packages/airflow/example_dags/plugins/event_listener.py
[2023-04-08T15:33:54.482-0300] {processor.py:175} INFO - Processing /home/kauanu/PycharmProjects/AirFLowEnade/venv/lib/python3.10/site-packages/airflow/example_dags/plugins/event_listener.py took 0.021 seconds
[2023-04-08T15:34:42.931-0300] {processor.py:153} INFO - Started process (PID=16060) to work on /home/kauanu/PycharmProjects/AirFLowEnade/venv/lib/python3.10/site-packages/airflow/example_dags/plugins/event_listener.py
[2023-04-08T15:34:42.946-0300] {processor.py:743} INFO - Processing file /home/kauanu/PycharmProjects/AirFLowEnade/venv/lib/python3.10/site-packages/airflow/example_dags/plugins/event_listener.py for tasks to queue
[2023-04-08T15:34:42.946-0300] {logging_mixin.py:137} INFO - [2023-04-08T15:34:42.946-0300] {dagbag.py:532} INFO - Filling up the DagBag from /home/kauanu/PycharmProjects/AirFLowEnade/venv/lib/python3.10/site-packages/airflow/example_dags/plugins/event_listener.py
[2023-04-08T15:34:42.948-0300] {processor.py:755} WARNING - No viable dags retrieved from /home/kauanu/PycharmProjects/AirFLowEnade/venv/lib/python3.10/site-packages/airflow/example_dags/plugins/event_listener.py
[2023-04-08T15:34:42.956-0300] {processor.py:175} INFO - Processing /home/kauanu/PycharmProjects/AirFLowEnade/venv/lib/python3.10/site-packages/airflow/example_dags/plugins/event_listener.py took 0.034 seconds
[2023-04-08T15:35:41.421-0300] {processor.py:153} INFO - Started process (PID=16340) to work on /home/kauanu/PycharmProjects/AirFLowEnade/venv/lib/python3.10/site-packages/airflow/example_dags/plugins/event_listener.py
[2023-04-08T15:35:41.434-0300] {processor.py:743} INFO - Processing file /home/kauanu/PycharmProjects/AirFLowEnade/venv/lib/python3.10/site-packages/airflow/example_dags/plugins/event_listener.py for tasks to queue
[2023-04-08T15:35:41.435-0300] {logging_mixin.py:137} INFO - [2023-04-08T15:35:41.435-0300] {dagbag.py:532} INFO - Filling up the DagBag from /home/kauanu/PycharmProjects/AirFLowEnade/venv/lib/python3.10/site-packages/airflow/example_dags/plugins/event_listener.py
[2023-04-08T15:35:41.437-0300] {processor.py:755} WARNING - No viable dags retrieved from /home/kauanu/PycharmProjects/AirFLowEnade/venv/lib/python3.10/site-packages/airflow/example_dags/plugins/event_listener.py
[2023-04-08T15:35:41.447-0300] {processor.py:175} INFO - Processing /home/kauanu/PycharmProjects/AirFLowEnade/venv/lib/python3.10/site-packages/airflow/example_dags/plugins/event_listener.py took 0.032 seconds
[2023-04-08T15:36:50.073-0300] {processor.py:153} INFO - Started process (PID=16622) to work on /home/kauanu/PycharmProjects/AirFLowEnade/venv/lib/python3.10/site-packages/airflow/example_dags/plugins/event_listener.py
[2023-04-08T15:36:50.089-0300] {processor.py:743} INFO - Processing file /home/kauanu/PycharmProjects/AirFLowEnade/venv/lib/python3.10/site-packages/airflow/example_dags/plugins/event_listener.py for tasks to queue
[2023-04-08T15:36:50.090-0300] {logging_mixin.py:137} INFO - [2023-04-08T15:36:50.089-0300] {dagbag.py:532} INFO - Filling up the DagBag from /home/kauanu/PycharmProjects/AirFLowEnade/venv/lib/python3.10/site-packages/airflow/example_dags/plugins/event_listener.py
[2023-04-08T15:36:50.101-0300] {processor.py:755} WARNING - No viable dags retrieved from /home/kauanu/PycharmProjects/AirFLowEnade/venv/lib/python3.10/site-packages/airflow/example_dags/plugins/event_listener.py
[2023-04-08T15:36:50.180-0300] {processor.py:175} INFO - Processing /home/kauanu/PycharmProjects/AirFLowEnade/venv/lib/python3.10/site-packages/airflow/example_dags/plugins/event_listener.py took 0.113 seconds
