[2023-04-08T15:25:12.858-0300] {processor.py:153} INFO - Started process (PID=13296) to work on /home/kauanu/PycharmProjects/AirFLowEnade/venv/lib/python3.10/site-packages/airflow/example_dags/plugins/workday.py
[2023-04-08T15:25:12.863-0300] {processor.py:743} INFO - Processing file /home/kauanu/PycharmProjects/AirFLowEnade/venv/lib/python3.10/site-packages/airflow/example_dags/plugins/workday.py for tasks to queue
[2023-04-08T15:25:12.865-0300] {logging_mixin.py:137} INFO - [2023-04-08T15:25:12.865-0300] {dagbag.py:532} INFO - Filling up the DagBag from /home/kauanu/PycharmProjects/AirFLowEnade/venv/lib/python3.10/site-packages/airflow/example_dags/plugins/workday.py
[2023-04-08T15:25:16.391-0300] {processor.py:755} WARNING - No viable dags retrieved from /home/kauanu/PycharmProjects/AirFLowEnade/venv/lib/python3.10/site-packages/airflow/example_dags/plugins/workday.py
[2023-04-08T15:25:16.402-0300] {processor.py:175} INFO - Processing /home/kauanu/PycharmProjects/AirFLowEnade/venv/lib/python3.10/site-packages/airflow/example_dags/plugins/workday.py took 3.561 seconds
[2023-04-08T15:26:13.479-0300] {processor.py:153} INFO - Started process (PID=13579) to work on /home/kauanu/PycharmProjects/AirFLowEnade/venv/lib/python3.10/site-packages/airflow/example_dags/plugins/workday.py
[2023-04-08T15:26:13.494-0300] {processor.py:743} INFO - Processing file /home/kauanu/PycharmProjects/AirFLowEnade/venv/lib/python3.10/site-packages/airflow/example_dags/plugins/workday.py for tasks to queue
[2023-04-08T15:26:13.495-0300] {logging_mixin.py:137} INFO - [2023-04-08T15:26:13.495-0300] {dagbag.py:532} INFO - Filling up the DagBag from /home/kauanu/PycharmProjects/AirFLowEnade/venv/lib/python3.10/site-packages/airflow/example_dags/plugins/workday.py
[2023-04-08T15:26:13.749-0300] {processor.py:755} WARNING - No viable dags retrieved from /home/kauanu/PycharmProjects/AirFLowEnade/venv/lib/python3.10/site-packages/airflow/example_dags/plugins/workday.py
[2023-04-08T15:26:13.760-0300] {processor.py:175} INFO - Processing /home/kauanu/PycharmProjects/AirFLowEnade/venv/lib/python3.10/site-packages/airflow/example_dags/plugins/workday.py took 0.291 seconds
[2023-04-08T15:26:57.208-0300] {processor.py:153} INFO - Started process (PID=13815) to work on /home/kauanu/PycharmProjects/AirFLowEnade/venv/lib/python3.10/site-packages/airflow/example_dags/plugins/workday.py
[2023-04-08T15:26:57.217-0300] {processor.py:743} INFO - Processing file /home/kauanu/PycharmProjects/AirFLowEnade/venv/lib/python3.10/site-packages/airflow/example_dags/plugins/workday.py for tasks to queue
[2023-04-08T15:26:57.218-0300] {logging_mixin.py:137} INFO - [2023-04-08T15:26:57.218-0300] {dagbag.py:532} INFO - Filling up the DagBag from /home/kauanu/PycharmProjects/AirFLowEnade/venv/lib/python3.10/site-packages/airflow/example_dags/plugins/workday.py
[2023-04-08T15:26:57.391-0300] {processor.py:755} WARNING - No viable dags retrieved from /home/kauanu/PycharmProjects/AirFLowEnade/venv/lib/python3.10/site-packages/airflow/example_dags/plugins/workday.py
[2023-04-08T15:26:57.407-0300] {processor.py:175} INFO - Processing /home/kauanu/PycharmProjects/AirFLowEnade/venv/lib/python3.10/site-packages/airflow/example_dags/plugins/workday.py took 0.201 seconds
[2023-04-08T15:27:45.089-0300] {processor.py:153} INFO - Started process (PID=14019) to work on /home/kauanu/PycharmProjects/AirFLowEnade/venv/lib/python3.10/site-packages/airflow/example_dags/plugins/workday.py
[2023-04-08T15:27:45.095-0300] {processor.py:743} INFO - Processing file /home/kauanu/PycharmProjects/AirFLowEnade/venv/lib/python3.10/site-packages/airflow/example_dags/plugins/workday.py for tasks to queue
[2023-04-08T15:27:45.111-0300] {logging_mixin.py:137} INFO - [2023-04-08T15:27:45.104-0300] {dagbag.py:532} INFO - Filling up the DagBag from /home/kauanu/PycharmProjects/AirFLowEnade/venv/lib/python3.10/site-packages/airflow/example_dags/plugins/workday.py
[2023-04-08T15:27:45.286-0300] {processor.py:755} WARNING - No viable dags retrieved from /home/kauanu/PycharmProjects/AirFLowEnade/venv/lib/python3.10/site-packages/airflow/example_dags/plugins/workday.py
[2023-04-08T15:27:45.293-0300] {processor.py:175} INFO - Processing /home/kauanu/PycharmProjects/AirFLowEnade/venv/lib/python3.10/site-packages/airflow/example_dags/plugins/workday.py took 0.218 seconds
[2023-04-08T15:28:29.330-0300] {processor.py:153} INFO - Started process (PID=14235) to work on /home/kauanu/PycharmProjects/AirFLowEnade/venv/lib/python3.10/site-packages/airflow/example_dags/plugins/workday.py
[2023-04-08T15:28:29.332-0300] {processor.py:743} INFO - Processing file /home/kauanu/PycharmProjects/AirFLowEnade/venv/lib/python3.10/site-packages/airflow/example_dags/plugins/workday.py for tasks to queue
[2023-04-08T15:28:29.333-0300] {logging_mixin.py:137} INFO - [2023-04-08T15:28:29.333-0300] {dagbag.py:532} INFO - Filling up the DagBag from /home/kauanu/PycharmProjects/AirFLowEnade/venv/lib/python3.10/site-packages/airflow/example_dags/plugins/workday.py
[2023-04-08T15:28:29.866-0300] {processor.py:755} WARNING - No viable dags retrieved from /home/kauanu/PycharmProjects/AirFLowEnade/venv/lib/python3.10/site-packages/airflow/example_dags/plugins/workday.py
[2023-04-08T15:28:29.873-0300] {processor.py:175} INFO - Processing /home/kauanu/PycharmProjects/AirFLowEnade/venv/lib/python3.10/site-packages/airflow/example_dags/plugins/workday.py took 0.545 seconds
[2023-04-08T15:29:17.786-0300] {processor.py:153} INFO - Started process (PID=14529) to work on /home/kauanu/PycharmProjects/AirFLowEnade/venv/lib/python3.10/site-packages/airflow/example_dags/plugins/workday.py
[2023-04-08T15:29:17.788-0300] {processor.py:743} INFO - Processing file /home/kauanu/PycharmProjects/AirFLowEnade/venv/lib/python3.10/site-packages/airflow/example_dags/plugins/workday.py for tasks to queue
[2023-04-08T15:29:17.789-0300] {logging_mixin.py:137} INFO - [2023-04-08T15:29:17.789-0300] {dagbag.py:532} INFO - Filling up the DagBag from /home/kauanu/PycharmProjects/AirFLowEnade/venv/lib/python3.10/site-packages/airflow/example_dags/plugins/workday.py
[2023-04-08T15:29:18.517-0300] {processor.py:755} WARNING - No viable dags retrieved from /home/kauanu/PycharmProjects/AirFLowEnade/venv/lib/python3.10/site-packages/airflow/example_dags/plugins/workday.py
[2023-04-08T15:29:18.523-0300] {processor.py:175} INFO - Processing /home/kauanu/PycharmProjects/AirFLowEnade/venv/lib/python3.10/site-packages/airflow/example_dags/plugins/workday.py took 0.739 seconds
[2023-04-08T15:29:57.994-0300] {processor.py:153} INFO - Started process (PID=14715) to work on /home/kauanu/PycharmProjects/AirFLowEnade/venv/lib/python3.10/site-packages/airflow/example_dags/plugins/workday.py
[2023-04-08T15:29:57.996-0300] {processor.py:743} INFO - Processing file /home/kauanu/PycharmProjects/AirFLowEnade/venv/lib/python3.10/site-packages/airflow/example_dags/plugins/workday.py for tasks to queue
[2023-04-08T15:29:57.996-0300] {logging_mixin.py:137} INFO - [2023-04-08T15:29:57.996-0300] {dagbag.py:532} INFO - Filling up the DagBag from /home/kauanu/PycharmProjects/AirFLowEnade/venv/lib/python3.10/site-packages/airflow/example_dags/plugins/workday.py
[2023-04-08T15:29:58.120-0300] {processor.py:755} WARNING - No viable dags retrieved from /home/kauanu/PycharmProjects/AirFLowEnade/venv/lib/python3.10/site-packages/airflow/example_dags/plugins/workday.py
[2023-04-08T15:29:58.127-0300] {processor.py:175} INFO - Processing /home/kauanu/PycharmProjects/AirFLowEnade/venv/lib/python3.10/site-packages/airflow/example_dags/plugins/workday.py took 0.135 seconds
[2023-04-08T15:30:40.819-0300] {processor.py:153} INFO - Started process (PID=14907) to work on /home/kauanu/PycharmProjects/AirFLowEnade/venv/lib/python3.10/site-packages/airflow/example_dags/plugins/workday.py
[2023-04-08T15:30:40.820-0300] {processor.py:743} INFO - Processing file /home/kauanu/PycharmProjects/AirFLowEnade/venv/lib/python3.10/site-packages/airflow/example_dags/plugins/workday.py for tasks to queue
[2023-04-08T15:30:40.821-0300] {logging_mixin.py:137} INFO - [2023-04-08T15:30:40.821-0300] {dagbag.py:532} INFO - Filling up the DagBag from /home/kauanu/PycharmProjects/AirFLowEnade/venv/lib/python3.10/site-packages/airflow/example_dags/plugins/workday.py
[2023-04-08T15:30:41.024-0300] {processor.py:755} WARNING - No viable dags retrieved from /home/kauanu/PycharmProjects/AirFLowEnade/venv/lib/python3.10/site-packages/airflow/example_dags/plugins/workday.py
[2023-04-08T15:30:41.031-0300] {processor.py:175} INFO - Processing /home/kauanu/PycharmProjects/AirFLowEnade/venv/lib/python3.10/site-packages/airflow/example_dags/plugins/workday.py took 0.215 seconds
[2023-04-08T15:31:24.839-0300] {processor.py:153} INFO - Started process (PID=15103) to work on /home/kauanu/PycharmProjects/AirFLowEnade/venv/lib/python3.10/site-packages/airflow/example_dags/plugins/workday.py
[2023-04-08T15:31:24.840-0300] {processor.py:743} INFO - Processing file /home/kauanu/PycharmProjects/AirFLowEnade/venv/lib/python3.10/site-packages/airflow/example_dags/plugins/workday.py for tasks to queue
[2023-04-08T15:31:24.841-0300] {logging_mixin.py:137} INFO - [2023-04-08T15:31:24.840-0300] {dagbag.py:532} INFO - Filling up the DagBag from /home/kauanu/PycharmProjects/AirFLowEnade/venv/lib/python3.10/site-packages/airflow/example_dags/plugins/workday.py
[2023-04-08T15:31:25.000-0300] {processor.py:755} WARNING - No viable dags retrieved from /home/kauanu/PycharmProjects/AirFLowEnade/venv/lib/python3.10/site-packages/airflow/example_dags/plugins/workday.py
[2023-04-08T15:31:25.008-0300] {processor.py:175} INFO - Processing /home/kauanu/PycharmProjects/AirFLowEnade/venv/lib/python3.10/site-packages/airflow/example_dags/plugins/workday.py took 0.171 seconds
[2023-04-08T15:32:00.926-0300] {processor.py:153} INFO - Started process (PID=15284) to work on /home/kauanu/PycharmProjects/AirFLowEnade/venv/lib/python3.10/site-packages/airflow/example_dags/plugins/workday.py
[2023-04-08T15:32:00.927-0300] {processor.py:743} INFO - Processing file /home/kauanu/PycharmProjects/AirFLowEnade/venv/lib/python3.10/site-packages/airflow/example_dags/plugins/workday.py for tasks to queue
[2023-04-08T15:32:00.928-0300] {logging_mixin.py:137} INFO - [2023-04-08T15:32:00.928-0300] {dagbag.py:532} INFO - Filling up the DagBag from /home/kauanu/PycharmProjects/AirFLowEnade/venv/lib/python3.10/site-packages/airflow/example_dags/plugins/workday.py
[2023-04-08T15:32:01.060-0300] {processor.py:755} WARNING - No viable dags retrieved from /home/kauanu/PycharmProjects/AirFLowEnade/venv/lib/python3.10/site-packages/airflow/example_dags/plugins/workday.py
[2023-04-08T15:32:01.068-0300] {processor.py:175} INFO - Processing /home/kauanu/PycharmProjects/AirFLowEnade/venv/lib/python3.10/site-packages/airflow/example_dags/plugins/workday.py took 0.145 seconds
[2023-04-08T15:32:37.592-0300] {processor.py:153} INFO - Started process (PID=15470) to work on /home/kauanu/PycharmProjects/AirFLowEnade/venv/lib/python3.10/site-packages/airflow/example_dags/plugins/workday.py
[2023-04-08T15:32:37.593-0300] {processor.py:743} INFO - Processing file /home/kauanu/PycharmProjects/AirFLowEnade/venv/lib/python3.10/site-packages/airflow/example_dags/plugins/workday.py for tasks to queue
[2023-04-08T15:32:37.593-0300] {logging_mixin.py:137} INFO - [2023-04-08T15:32:37.593-0300] {dagbag.py:532} INFO - Filling up the DagBag from /home/kauanu/PycharmProjects/AirFLowEnade/venv/lib/python3.10/site-packages/airflow/example_dags/plugins/workday.py
[2023-04-08T15:32:37.713-0300] {processor.py:755} WARNING - No viable dags retrieved from /home/kauanu/PycharmProjects/AirFLowEnade/venv/lib/python3.10/site-packages/airflow/example_dags/plugins/workday.py
[2023-04-08T15:32:37.720-0300] {processor.py:175} INFO - Processing /home/kauanu/PycharmProjects/AirFLowEnade/venv/lib/python3.10/site-packages/airflow/example_dags/plugins/workday.py took 0.131 seconds
[2023-04-08T15:33:17.852-0300] {processor.py:153} INFO - Started process (PID=15656) to work on /home/kauanu/PycharmProjects/AirFLowEnade/venv/lib/python3.10/site-packages/airflow/example_dags/plugins/workday.py
[2023-04-08T15:33:17.853-0300] {processor.py:743} INFO - Processing file /home/kauanu/PycharmProjects/AirFLowEnade/venv/lib/python3.10/site-packages/airflow/example_dags/plugins/workday.py for tasks to queue
[2023-04-08T15:33:17.853-0300] {logging_mixin.py:137} INFO - [2023-04-08T15:33:17.853-0300] {dagbag.py:532} INFO - Filling up the DagBag from /home/kauanu/PycharmProjects/AirFLowEnade/venv/lib/python3.10/site-packages/airflow/example_dags/plugins/workday.py
[2023-04-08T15:33:17.999-0300] {processor.py:755} WARNING - No viable dags retrieved from /home/kauanu/PycharmProjects/AirFLowEnade/venv/lib/python3.10/site-packages/airflow/example_dags/plugins/workday.py
[2023-04-08T15:33:18.006-0300] {processor.py:175} INFO - Processing /home/kauanu/PycharmProjects/AirFLowEnade/venv/lib/python3.10/site-packages/airflow/example_dags/plugins/workday.py took 0.157 seconds
[2023-04-08T15:33:56.759-0300] {processor.py:153} INFO - Started process (PID=15824) to work on /home/kauanu/PycharmProjects/AirFLowEnade/venv/lib/python3.10/site-packages/airflow/example_dags/plugins/workday.py
[2023-04-08T15:33:56.760-0300] {processor.py:743} INFO - Processing file /home/kauanu/PycharmProjects/AirFLowEnade/venv/lib/python3.10/site-packages/airflow/example_dags/plugins/workday.py for tasks to queue
[2023-04-08T15:33:56.761-0300] {logging_mixin.py:137} INFO - [2023-04-08T15:33:56.761-0300] {dagbag.py:532} INFO - Filling up the DagBag from /home/kauanu/PycharmProjects/AirFLowEnade/venv/lib/python3.10/site-packages/airflow/example_dags/plugins/workday.py
[2023-04-08T15:33:56.894-0300] {processor.py:755} WARNING - No viable dags retrieved from /home/kauanu/PycharmProjects/AirFLowEnade/venv/lib/python3.10/site-packages/airflow/example_dags/plugins/workday.py
[2023-04-08T15:33:56.901-0300] {processor.py:175} INFO - Processing /home/kauanu/PycharmProjects/AirFLowEnade/venv/lib/python3.10/site-packages/airflow/example_dags/plugins/workday.py took 0.145 seconds
[2023-04-08T15:34:32.897-0300] {processor.py:153} INFO - Started process (PID=16011) to work on /home/kauanu/PycharmProjects/AirFLowEnade/venv/lib/python3.10/site-packages/airflow/example_dags/plugins/workday.py
[2023-04-08T15:34:32.907-0300] {processor.py:743} INFO - Processing file /home/kauanu/PycharmProjects/AirFLowEnade/venv/lib/python3.10/site-packages/airflow/example_dags/plugins/workday.py for tasks to queue
[2023-04-08T15:34:32.907-0300] {logging_mixin.py:137} INFO - [2023-04-08T15:34:32.907-0300] {dagbag.py:532} INFO - Filling up the DagBag from /home/kauanu/PycharmProjects/AirFLowEnade/venv/lib/python3.10/site-packages/airflow/example_dags/plugins/workday.py
[2023-04-08T15:34:33.023-0300] {processor.py:755} WARNING - No viable dags retrieved from /home/kauanu/PycharmProjects/AirFLowEnade/venv/lib/python3.10/site-packages/airflow/example_dags/plugins/workday.py
[2023-04-08T15:34:33.030-0300] {processor.py:175} INFO - Processing /home/kauanu/PycharmProjects/AirFLowEnade/venv/lib/python3.10/site-packages/airflow/example_dags/plugins/workday.py took 0.136 seconds
[2023-04-08T15:35:11.868-0300] {processor.py:153} INFO - Started process (PID=16203) to work on /home/kauanu/PycharmProjects/AirFLowEnade/venv/lib/python3.10/site-packages/airflow/example_dags/plugins/workday.py
[2023-04-08T15:35:11.882-0300] {processor.py:743} INFO - Processing file /home/kauanu/PycharmProjects/AirFLowEnade/venv/lib/python3.10/site-packages/airflow/example_dags/plugins/workday.py for tasks to queue
[2023-04-08T15:35:11.883-0300] {logging_mixin.py:137} INFO - [2023-04-08T15:35:11.882-0300] {dagbag.py:532} INFO - Filling up the DagBag from /home/kauanu/PycharmProjects/AirFLowEnade/venv/lib/python3.10/site-packages/airflow/example_dags/plugins/workday.py
[2023-04-08T15:35:14.717-0300] {processor.py:755} WARNING - No viable dags retrieved from /home/kauanu/PycharmProjects/AirFLowEnade/venv/lib/python3.10/site-packages/airflow/example_dags/plugins/workday.py
[2023-04-08T15:35:14.724-0300] {processor.py:175} INFO - Processing /home/kauanu/PycharmProjects/AirFLowEnade/venv/lib/python3.10/site-packages/airflow/example_dags/plugins/workday.py took 2.858 seconds
[2023-04-08T15:35:56.525-0300] {processor.py:153} INFO - Started process (PID=16393) to work on /home/kauanu/PycharmProjects/AirFLowEnade/venv/lib/python3.10/site-packages/airflow/example_dags/plugins/workday.py
[2023-04-08T15:35:56.533-0300] {processor.py:743} INFO - Processing file /home/kauanu/PycharmProjects/AirFLowEnade/venv/lib/python3.10/site-packages/airflow/example_dags/plugins/workday.py for tasks to queue
[2023-04-08T15:35:56.535-0300] {logging_mixin.py:137} INFO - [2023-04-08T15:35:56.534-0300] {dagbag.py:532} INFO - Filling up the DagBag from /home/kauanu/PycharmProjects/AirFLowEnade/venv/lib/python3.10/site-packages/airflow/example_dags/plugins/workday.py
[2023-04-08T15:35:56.711-0300] {processor.py:755} WARNING - No viable dags retrieved from /home/kauanu/PycharmProjects/AirFLowEnade/venv/lib/python3.10/site-packages/airflow/example_dags/plugins/workday.py
[2023-04-08T15:35:56.722-0300] {processor.py:175} INFO - Processing /home/kauanu/PycharmProjects/AirFLowEnade/venv/lib/python3.10/site-packages/airflow/example_dags/plugins/workday.py took 0.200 seconds
[2023-04-08T15:36:27.818-0300] {processor.py:153} INFO - Started process (PID=16533) to work on /home/kauanu/PycharmProjects/AirFLowEnade/venv/lib/python3.10/site-packages/airflow/example_dags/plugins/workday.py
[2023-04-08T15:36:27.820-0300] {processor.py:743} INFO - Processing file /home/kauanu/PycharmProjects/AirFLowEnade/venv/lib/python3.10/site-packages/airflow/example_dags/plugins/workday.py for tasks to queue
[2023-04-08T15:36:27.821-0300] {logging_mixin.py:137} INFO - [2023-04-08T15:36:27.820-0300] {dagbag.py:532} INFO - Filling up the DagBag from /home/kauanu/PycharmProjects/AirFLowEnade/venv/lib/python3.10/site-packages/airflow/example_dags/plugins/workday.py
[2023-04-08T15:36:27.972-0300] {processor.py:755} WARNING - No viable dags retrieved from /home/kauanu/PycharmProjects/AirFLowEnade/venv/lib/python3.10/site-packages/airflow/example_dags/plugins/workday.py
[2023-04-08T15:36:27.982-0300] {processor.py:175} INFO - Processing /home/kauanu/PycharmProjects/AirFLowEnade/venv/lib/python3.10/site-packages/airflow/example_dags/plugins/workday.py took 0.169 seconds
